[0.009s] Invoking command in '/home/fidelis/NGCP-2024-/ws_ros2/build/px4_ros_com': AMENT_PREFIX_PATH=/home/fidelis/NGCP-2024-/ws_ros2/install/px4_msgs:${AMENT_PREFIX_PATH} CMAKE_PREFIX_PATH=/home/fidelis/NGCP-2024-/ws_ros2/install/px4_msgs:/opt/ros/humble LD_LIBRARY_PATH=/home/fidelis/NGCP-2024-/ws_ros2/install/px4_msgs/lib:${LD_LIBRARY_PATH} PYTHONPATH=/home/fidelis/NGCP-2024-/ws_ros2/install/px4_msgs/local/lib/python3.10/dist-packages:${PYTHONPATH} /usr/bin/cmake --build /home/fidelis/NGCP-2024-/ws_ros2/build/px4_ros_com -- -j16 -l16
[0.054s] [35m[1mConsolidate compiler generated dependencies of target offboard_control[0m
[0.065s] [ 50%] Built target sensor_combined_listener
[0.065s] [ 50%] Built target debug_vect_advertiser
[0.065s] [ 58%] Built target vehicle_gps_position_listener
[0.065s] [ 66%] Built target frame_transforms
[0.065s] [ 83%] Built target offboard_control_srv
[0.069s] [ 91%] [32mBuilding CXX object CMakeFiles/offboard_control.dir/src/examples/offboard/offboard_control.cpp.o[0m
[0.069s] [ 91%] Built target ament_cmake_python_symlink_px4_ros_com
[0.197s] running egg_info
[0.206s] writing px4_ros_com.egg-info/PKG-INFO
[0.207s] writing dependency_links to px4_ros_com.egg-info/dependency_links.txt
[0.207s] writing top-level names to px4_ros_com.egg-info/top_level.txt
[0.236s] reading manifest file 'px4_ros_com.egg-info/SOURCES.txt'
[0.236s] writing manifest file 'px4_ros_com.egg-info/SOURCES.txt'
[0.261s] [ 91%] Built target ament_cmake_python_build_px4_ros_com_egg
[5.043s] [01m[K/home/fidelis/NGCP-2024-/ws_ros2/src/px4_ros_com/src/examples/offboard/offboard_control.cpp:[m[K In member function ‘[01m[Kvoid OffboardPlane::run()[m[K’:
[5.043s] [01m[K/home/fidelis/NGCP-2024-/ws_ros2/src/px4_ros_com/src/examples/offboard/offboard_control.cpp:118:36:[m[K [01;31m[Kerror: [m[Kno matching function for call to ‘[01m[KOffboardPlane::publish_vehicle_command(const uint16_t&, int, int, int)[m[K’
[5.043s]   118 |       [01;31m[Kthis->publish_vehicle_command(VehicleCommand::VEHICLE_CMD_DO_SET_MODE, 1, 5, 3)[m[K;
[5.043s]       |       [01;31m[K~~~~~~~~~~~~~~~~~~~~~~~~~~~~~^~~~~~~~~~~~~~~~~~~~~~~~~~~~~~~~~~~~~~~~~~~~~~~~~~[m[K
[5.043s] [01m[K/home/fidelis/NGCP-2024-/ws_ros2/src/px4_ros_com/src/examples/offboard/offboard_control.cpp:68:8:[m[K [01;36m[Knote: [m[Kcandidate: ‘[01m[Kvoid OffboardPlane::publish_vehicle_command(uint16_t, float, float)[m[K’
[5.043s]    68 |   void [01;36m[Kpublish_vehicle_command[m[K(uint16_t command, float param1 = 0.0,float param2 = 0.0);
[5.043s]       |        [01;36m[K^~~~~~~~~~~~~~~~~~~~~~~[m[K
[5.043s] [01m[K/home/fidelis/NGCP-2024-/ws_ros2/src/px4_ros_com/src/examples/offboard/offboard_control.cpp:68:8:[m[K [01;36m[Knote: [m[K  candidate expects 3 arguments, 4 provided
[5.045s] gmake[2]: *** [CMakeFiles/offboard_control.dir/build.make:76: CMakeFiles/offboard_control.dir/src/examples/offboard/offboard_control.cpp.o] Error 1
[5.045s] gmake[1]: *** [CMakeFiles/Makefile2:254: CMakeFiles/offboard_control.dir/all] Error 2
[5.046s] gmake: *** [Makefile:146: all] Error 2
[5.048s] Invoked command in '/home/fidelis/NGCP-2024-/ws_ros2/build/px4_ros_com' returned '2': AMENT_PREFIX_PATH=/home/fidelis/NGCP-2024-/ws_ros2/install/px4_msgs:${AMENT_PREFIX_PATH} CMAKE_PREFIX_PATH=/home/fidelis/NGCP-2024-/ws_ros2/install/px4_msgs:/opt/ros/humble LD_LIBRARY_PATH=/home/fidelis/NGCP-2024-/ws_ros2/install/px4_msgs/lib:${LD_LIBRARY_PATH} PYTHONPATH=/home/fidelis/NGCP-2024-/ws_ros2/install/px4_msgs/local/lib/python3.10/dist-packages:${PYTHONPATH} /usr/bin/cmake --build /home/fidelis/NGCP-2024-/ws_ros2/build/px4_ros_com -- -j16 -l16
