[0.008s] Invoking command in '/home/fidelis/NGCP-2024-/ws_ros2/build/px4_ros_com': AMENT_PREFIX_PATH=/home/fidelis/NGCP-2024-/ws_ros2/install/px4_msgs:${AMENT_PREFIX_PATH} CMAKE_PREFIX_PATH=/home/fidelis/NGCP-2024-/ws_ros2/install/px4_msgs:/opt/ros/humble LD_LIBRARY_PATH=/home/fidelis/NGCP-2024-/ws_ros2/install/px4_msgs/lib:${LD_LIBRARY_PATH} PYTHONPATH=/home/fidelis/NGCP-2024-/ws_ros2/install/px4_msgs/local/lib/python3.10/dist-packages:${PYTHONPATH} /usr/bin/cmake /home/fidelis/NGCP-2024-/ws_ros2/src/px4_ros_com -DCMAKE_INSTALL_PREFIX=/home/fidelis/NGCP-2024-/ws_ros2/install/px4_ros_com
[0.020s] -- Found ament_cmake: 1.3.10 (/opt/ros/humble/share/ament_cmake/cmake)
[0.104s] -- Override CMake install command with custom implementation using symlinks instead of copying resources
[0.108s] -- Found builtin_interfaces: 1.2.1 (/opt/ros/humble/share/builtin_interfaces/cmake)
[0.123s] -- Found rosidl_generator_c: 3.1.5 (/opt/ros/humble/share/rosidl_generator_c/cmake)
[0.124s] -- Found rosidl_adapter: 3.1.5 (/opt/ros/humble/share/rosidl_adapter/cmake)
[0.127s] -- Found rosidl_generator_cpp: 3.1.5 (/opt/ros/humble/share/rosidl_generator_cpp/cmake)
[0.132s] -- Using all available rosidl_typesupport_c: rosidl_typesupport_fastrtps_c;rosidl_typesupport_introspection_c
[0.138s] -- Using all available rosidl_typesupport_cpp: rosidl_typesupport_fastrtps_cpp;rosidl_typesupport_introspection_cpp
[0.144s] -- Found eigen3_cmake_module: 0.1.1 (/opt/ros/humble/share/eigen3_cmake_module/cmake)
[0.145s] -- Found geometry_msgs: 4.2.4 (/opt/ros/humble/share/geometry_msgs/cmake)
[0.158s] -- Found px4_msgs: 2.0.1 (/home/fidelis/NGCP-2024-/ws_ros2/install/px4_msgs/share/px4_msgs/cmake)
[0.166s] -- Found rclcpp: 16.0.10 (/opt/ros/humble/share/rclcpp/cmake)
[0.183s] -- Found rmw_implementation_cmake: 6.1.2 (/opt/ros/humble/share/rmw_implementation_cmake/cmake)
[0.183s] -- Found rmw_fastrtps_cpp: 6.2.7 (/opt/ros/humble/share/rmw_fastrtps_cpp/cmake)
[0.270s] -- Using RMW implementation 'rmw_fastrtps_cpp' as default
[0.295s] -- Found sensor_msgs: 4.2.4 (/opt/ros/humble/share/sensor_msgs/cmake)
[0.305s] -- Found rclpy: 3.3.14 (/opt/ros/humble/share/rclpy/cmake)
[0.310s] -- Found ament_lint_auto: 0.12.11 (/opt/ros/humble/share/ament_lint_auto/cmake)
[0.363s] -- Added test 'copyright' to check source files copyright and LICENSE
[0.365s] -- Added test 'cppcheck' to perform static code analysis on C / C++ code
[0.366s] -- Configured cppcheck include dirs: /home/fidelis/NGCP-2024-/ws_ros2/src/px4_ros_com/include;$<BUILD_INTERFACE:/home/fidelis/NGCP-2024-/ws_ros2/src/px4_ros_com/include/px4_ros_com>
[0.366s] -- Configured cppcheck exclude dirs and/or files: 
[0.368s] -- Added test 'cpplint' to check C / C++ code against the Google style
[0.368s] -- Configured cpplint exclude dirs and/or files: 
[0.368s] -- Added test 'flake8' to check Python code syntax and style conventions
[0.369s] -- Added test 'lint_cmake' to check CMake code style
[0.369s] -- Added test 'pep257' to check Python code against some of the docstring style conventions in PEP 257
[0.372s] -- Added test 'uncrustify' to check C / C++ code style
[0.372s] -- Configured uncrustify additional arguments: 
[0.372s] -- Added test 'xmllint' to check XML markup files
[0.373s] -- Configuring done
[0.391s] -- Generating done
[0.393s] -- Build files have been written to: /home/fidelis/NGCP-2024-/ws_ros2/build/px4_ros_com
[0.401s] Invoked command in '/home/fidelis/NGCP-2024-/ws_ros2/build/px4_ros_com' returned '0': AMENT_PREFIX_PATH=/home/fidelis/NGCP-2024-/ws_ros2/install/px4_msgs:${AMENT_PREFIX_PATH} CMAKE_PREFIX_PATH=/home/fidelis/NGCP-2024-/ws_ros2/install/px4_msgs:/opt/ros/humble LD_LIBRARY_PATH=/home/fidelis/NGCP-2024-/ws_ros2/install/px4_msgs/lib:${LD_LIBRARY_PATH} PYTHONPATH=/home/fidelis/NGCP-2024-/ws_ros2/install/px4_msgs/local/lib/python3.10/dist-packages:${PYTHONPATH} /usr/bin/cmake /home/fidelis/NGCP-2024-/ws_ros2/src/px4_ros_com -DCMAKE_INSTALL_PREFIX=/home/fidelis/NGCP-2024-/ws_ros2/install/px4_ros_com
[0.403s] Invoking command in '/home/fidelis/NGCP-2024-/ws_ros2/build/px4_ros_com': AMENT_PREFIX_PATH=/home/fidelis/NGCP-2024-/ws_ros2/install/px4_msgs:${AMENT_PREFIX_PATH} CMAKE_PREFIX_PATH=/home/fidelis/NGCP-2024-/ws_ros2/install/px4_msgs:/opt/ros/humble LD_LIBRARY_PATH=/home/fidelis/NGCP-2024-/ws_ros2/install/px4_msgs/lib:${LD_LIBRARY_PATH} PYTHONPATH=/home/fidelis/NGCP-2024-/ws_ros2/install/px4_msgs/local/lib/python3.10/dist-packages:${PYTHONPATH} /usr/bin/cmake --build /home/fidelis/NGCP-2024-/ws_ros2/build/px4_ros_com -- -j16 -l16
[0.439s] [35m[1mConsolidate compiler generated dependencies of target frame_transforms[0m
[0.439s] [35m[1mConsolidate compiler generated dependencies of target sensor_combined_listener[0m
[0.439s] [35m[1mConsolidate compiler generated dependencies of target debug_vect_advertiser[0m
[0.439s] [35m[1mConsolidate compiler generated dependencies of target offboard_control_srv[0m
[0.439s] [35m[1mConsolidate compiler generated dependencies of target offboard_control[0m
[0.440s] [35m[1mConsolidate compiler generated dependencies of target vehicle_gps_position_listener[0m
[0.454s] [ 58%] Built target vehicle_gps_position_listener
[0.454s] [ 58%] [32mBuilding CXX object CMakeFiles/offboard_control.dir/src/examples/offboard/offboard_control.cpp.o[0m
[0.454s] [ 58%] Built target offboard_control_srv
[0.454s] [ 58%] Built target frame_transforms
[0.454s] [ 75%] Built target debug_vect_advertiser
[0.455s] [ 75%] Built target ament_cmake_python_symlink_px4_ros_com
[0.455s] [ 91%] Built target sensor_combined_listener
[0.588s] running egg_info
[0.597s] writing px4_ros_com.egg-info/PKG-INFO
[0.597s] writing dependency_links to px4_ros_com.egg-info/dependency_links.txt
[0.597s] writing top-level names to px4_ros_com.egg-info/top_level.txt
[0.623s] reading manifest file 'px4_ros_com.egg-info/SOURCES.txt'
[0.624s] writing manifest file 'px4_ros_com.egg-info/SOURCES.txt'
[0.649s] [ 91%] Built target ament_cmake_python_build_px4_ros_com_egg
[9.488s] [01m[K/home/fidelis/NGCP-2024-/ws_ros2/src/px4_ros_com/src/examples/offboard/offboard_control.cpp:[m[K In member function ‘[01m[Kvoid OffboardPlane::run()[m[K’:
[9.488s] [01m[K/home/fidelis/NGCP-2024-/ws_ros2/src/px4_ros_com/src/examples/offboard/offboard_control.cpp:85:49:[m[K [01;35m[Kwarning: [m[Kconversion from ‘[01m[Kunsigned int[m[K’ to ‘[01m[Kuint16_t[m[K’ {aka ‘[01m[Kshort unsigned int[m[K’} changes value from ‘[01m[K100000[m[K’ to ‘[01m[K34464[m[K’ [[01;35m[K-Woverflow[m[K]
[9.488s]    85 |   this->publish_vehicle_command([01;35m[KVehicleCommand::VEHICLE_CMD_SET_GPS_GLOBAL_ORIGIN[m[K, 0.0, 0.0);
[9.489s]       |                                 [01;35m[K~~~~~~~~~~~~~~~~^~~~~~~~~~~~~~~~~~~~~~~~~~~~~~~~~[m[K
[9.489s] [01m[K/home/fidelis/NGCP-2024-/ws_ros2/src/px4_ros_com/src/examples/offboard/offboard_control.cpp:118:31:[m[K [01;35m[Kwarning: [m[Kcomparison of integer expressions of different signedness: ‘[01m[Kint[m[K’ and ‘[01m[Kstd::vector<std::vector<float> >::size_type[m[K’ {aka ‘[01m[Klong unsigned int[m[K’} [[01;35m[K-Wsign-compare[m[K]
[9.489s]   118 |       if ([01;35m[Kwaypoint_index_ + 1 == local_waypoints_.size()[m[K) {
[9.489s]       |           [01;35m[K~~~~~~~~~~~~~~~~~~~~^~~~~~~~~~~~~~~~~~~~~~~~~~[m[K
[9.501s] [100%] [32m[1mLinking CXX executable offboard_control[0m
[9.917s] [100%] Built target offboard_control
[9.927s] Invoked command in '/home/fidelis/NGCP-2024-/ws_ros2/build/px4_ros_com' returned '0': AMENT_PREFIX_PATH=/home/fidelis/NGCP-2024-/ws_ros2/install/px4_msgs:${AMENT_PREFIX_PATH} CMAKE_PREFIX_PATH=/home/fidelis/NGCP-2024-/ws_ros2/install/px4_msgs:/opt/ros/humble LD_LIBRARY_PATH=/home/fidelis/NGCP-2024-/ws_ros2/install/px4_msgs/lib:${LD_LIBRARY_PATH} PYTHONPATH=/home/fidelis/NGCP-2024-/ws_ros2/install/px4_msgs/local/lib/python3.10/dist-packages:${PYTHONPATH} /usr/bin/cmake --build /home/fidelis/NGCP-2024-/ws_ros2/build/px4_ros_com -- -j16 -l16
[9.968s] Invoking command in '/home/fidelis/NGCP-2024-/ws_ros2/build/px4_ros_com': AMENT_PREFIX_PATH=/home/fidelis/NGCP-2024-/ws_ros2/install/px4_msgs:${AMENT_PREFIX_PATH} CMAKE_PREFIX_PATH=/home/fidelis/NGCP-2024-/ws_ros2/install/px4_msgs:/opt/ros/humble LD_LIBRARY_PATH=/home/fidelis/NGCP-2024-/ws_ros2/install/px4_msgs/lib:${LD_LIBRARY_PATH} PYTHONPATH=/home/fidelis/NGCP-2024-/ws_ros2/install/px4_msgs/local/lib/python3.10/dist-packages:${PYTHONPATH} /usr/bin/cmake --install /home/fidelis/NGCP-2024-/ws_ros2/build/px4_ros_com
[9.975s] -- Install configuration: ""
[9.975s] -- Execute custom install script
[9.975s] -- Up-to-date symlink: /home/fidelis/NGCP-2024-/ws_ros2/install/px4_ros_com/lib/px4_ros_com/sensor_combined_listener
[9.975s] -- Up-to-date symlink: /home/fidelis/NGCP-2024-/ws_ros2/install/px4_ros_com/lib/px4_ros_com/vehicle_gps_position_listener
[9.975s] -- Up-to-date symlink: /home/fidelis/NGCP-2024-/ws_ros2/install/px4_ros_com/lib/px4_ros_com/debug_vect_advertiser
[9.976s] -- Up-to-date symlink: /home/fidelis/NGCP-2024-/ws_ros2/install/px4_ros_com/lib/px4_ros_com/offboard_control
[9.976s] -- Up-to-date symlink: /home/fidelis/NGCP-2024-/ws_ros2/install/px4_ros_com/lib/px4_ros_com/offboard_control_srv
[9.976s] -- Up-to-date symlink: /home/fidelis/NGCP-2024-/ws_ros2/install/px4_ros_com/share/px4_ros_com/environment/library_path.sh
[9.976s] -- Up-to-date symlink: /home/fidelis/NGCP-2024-/ws_ros2/install/px4_ros_com/share/px4_ros_com/environment/library_path.dsv
[9.976s] -- Up-to-date symlink: /home/fidelis/NGCP-2024-/ws_ros2/install/px4_ros_com/include/px4_ros_com/frame_transforms.h
[9.976s] -- Up-to-date symlink: /home/fidelis/NGCP-2024-/ws_ros2/install/px4_ros_com/share/px4_ros_com//launch/offboard_control_launch.yaml
[9.976s] -- Up-to-date symlink: /home/fidelis/NGCP-2024-/ws_ros2/install/px4_ros_com/share/px4_ros_com//launch/sensor_combined_listener.launch.py
[9.976s] -- Up-to-date symlink: /home/fidelis/NGCP-2024-/ws_ros2/install/px4_ros_com/share/px4_ros_com//test/__init__.py
[9.977s] -- Up-to-date symlink: /home/fidelis/NGCP-2024-/ws_ros2/install/px4_ros_com/share/px4_ros_com//test/pipeline_io_test.py
[9.977s] -- Up-to-date symlink: /home/fidelis/NGCP-2024-/ws_ros2/install/px4_ros_com/share/px4_ros_com//test/test_input.py
[9.977s] -- Up-to-date symlink: /home/fidelis/NGCP-2024-/ws_ros2/install/px4_ros_com/share/px4_ros_com//test/test_output.py
[9.977s] -- Up-to-date symlink: /home/fidelis/NGCP-2024-/ws_ros2/install/px4_ros_com/share/px4_ros_com/environment/pythonpath.sh
[9.977s] -- Up-to-date symlink: /home/fidelis/NGCP-2024-/ws_ros2/install/px4_ros_com/share/px4_ros_com/environment/pythonpath.dsv
[9.977s] -- Up-to-date symlink: /home/fidelis/NGCP-2024-/ws_ros2/install/px4_ros_com/local/lib/python3.10/dist-packages/px4_ros_com-0.1.0-py3.10.egg-info/PKG-INFO
[9.977s] -- Up-to-date symlink: /home/fidelis/NGCP-2024-/ws_ros2/install/px4_ros_com/local/lib/python3.10/dist-packages/px4_ros_com-0.1.0-py3.10.egg-info/SOURCES.txt
[9.977s] -- Up-to-date symlink: /home/fidelis/NGCP-2024-/ws_ros2/install/px4_ros_com/local/lib/python3.10/dist-packages/px4_ros_com-0.1.0-py3.10.egg-info/dependency_links.txt
[9.977s] -- Up-to-date symlink: /home/fidelis/NGCP-2024-/ws_ros2/install/px4_ros_com/local/lib/python3.10/dist-packages/px4_ros_com-0.1.0-py3.10.egg-info/top_level.txt
[9.978s] -- Up-to-date symlink: /home/fidelis/NGCP-2024-/ws_ros2/install/px4_ros_com/local/lib/python3.10/dist-packages/px4_ros_com/__init__.py
[9.978s] -- Up-to-date symlink: /home/fidelis/NGCP-2024-/ws_ros2/install/px4_ros_com/local/lib/python3.10/dist-packages/px4_ros_com/module_to_import.py
[9.978s] -- Up-to-date symlink: /home/fidelis/NGCP-2024-/ws_ros2/install/px4_ros_com/lib/px4_ros_com/offboard_control.py
[9.978s] -- Up-to-date symlink: /home/fidelis/NGCP-2024-/ws_ros2/install/px4_ros_com/share/ament_index/resource_index/package_run_dependencies/px4_ros_com
[9.978s] -- Up-to-date symlink: /home/fidelis/NGCP-2024-/ws_ros2/install/px4_ros_com/share/ament_index/resource_index/parent_prefix_path/px4_ros_com
[9.978s] -- Up-to-date symlink: /home/fidelis/NGCP-2024-/ws_ros2/install/px4_ros_com/share/px4_ros_com/environment/ament_prefix_path.sh
[9.978s] -- Up-to-date symlink: /home/fidelis/NGCP-2024-/ws_ros2/install/px4_ros_com/share/px4_ros_com/environment/ament_prefix_path.dsv
[9.978s] -- Up-to-date symlink: /home/fidelis/NGCP-2024-/ws_ros2/install/px4_ros_com/share/px4_ros_com/environment/path.sh
[9.978s] -- Up-to-date symlink: /home/fidelis/NGCP-2024-/ws_ros2/install/px4_ros_com/share/px4_ros_com/environment/path.dsv
[9.978s] -- Up-to-date symlink: /home/fidelis/NGCP-2024-/ws_ros2/install/px4_ros_com/share/px4_ros_com/local_setup.bash
[9.979s] -- Up-to-date symlink: /home/fidelis/NGCP-2024-/ws_ros2/install/px4_ros_com/share/px4_ros_com/local_setup.sh
[9.979s] -- Up-to-date symlink: /home/fidelis/NGCP-2024-/ws_ros2/install/px4_ros_com/share/px4_ros_com/local_setup.zsh
[9.979s] -- Up-to-date symlink: /home/fidelis/NGCP-2024-/ws_ros2/install/px4_ros_com/share/px4_ros_com/local_setup.dsv
[9.979s] -- Symlinking: /home/fidelis/NGCP-2024-/ws_ros2/install/px4_ros_com/share/px4_ros_com/package.dsv
[9.987s] -- Up-to-date symlink: /home/fidelis/NGCP-2024-/ws_ros2/install/px4_ros_com/share/ament_index/resource_index/packages/px4_ros_com
[9.988s] -- Up-to-date symlink: /home/fidelis/NGCP-2024-/ws_ros2/install/px4_ros_com/share/px4_ros_com/cmake/ament_cmake_export_dependencies-extras.cmake
[9.988s] -- Up-to-date symlink: /home/fidelis/NGCP-2024-/ws_ros2/install/px4_ros_com/share/px4_ros_com/cmake/ament_cmake_export_targets-extras.cmake
[9.988s] -- Up-to-date symlink: /home/fidelis/NGCP-2024-/ws_ros2/install/px4_ros_com/share/px4_ros_com/cmake/ament_cmake_export_include_directories-extras.cmake
[9.988s] -- Up-to-date symlink: /home/fidelis/NGCP-2024-/ws_ros2/install/px4_ros_com/share/px4_ros_com/cmake/ament_cmake_export_libraries-extras.cmake
[9.988s] -- Up-to-date symlink: /home/fidelis/NGCP-2024-/ws_ros2/install/px4_ros_com/share/px4_ros_com/cmake/px4_ros_comConfig.cmake
[9.988s] -- Up-to-date symlink: /home/fidelis/NGCP-2024-/ws_ros2/install/px4_ros_com/share/px4_ros_com/cmake/px4_ros_comConfig-version.cmake
[9.988s] -- Up-to-date symlink: /home/fidelis/NGCP-2024-/ws_ros2/install/px4_ros_com/share/px4_ros_com/package.xml
[9.988s] -- Up-to-date: /home/fidelis/NGCP-2024-/ws_ros2/install/px4_ros_com/lib/libframe_transforms.so
[10.010s] Listing '/home/fidelis/NGCP-2024-/ws_ros2/install/px4_ros_com/local/lib/python3.10/dist-packages/px4_ros_com'...
[10.014s] -- Up-to-date: /home/fidelis/NGCP-2024-/ws_ros2/install/px4_ros_com/share/px4_ros_com/cmake/export_frame_transformsExport.cmake
[10.014s] -- Up-to-date: /home/fidelis/NGCP-2024-/ws_ros2/install/px4_ros_com/share/px4_ros_com/cmake/export_frame_transformsExport-noconfig.cmake
[10.016s] Invoked command in '/home/fidelis/NGCP-2024-/ws_ros2/build/px4_ros_com' returned '0': AMENT_PREFIX_PATH=/home/fidelis/NGCP-2024-/ws_ros2/install/px4_msgs:${AMENT_PREFIX_PATH} CMAKE_PREFIX_PATH=/home/fidelis/NGCP-2024-/ws_ros2/install/px4_msgs:/opt/ros/humble LD_LIBRARY_PATH=/home/fidelis/NGCP-2024-/ws_ros2/install/px4_msgs/lib:${LD_LIBRARY_PATH} PYTHONPATH=/home/fidelis/NGCP-2024-/ws_ros2/install/px4_msgs/local/lib/python3.10/dist-packages:${PYTHONPATH} /usr/bin/cmake --install /home/fidelis/NGCP-2024-/ws_ros2/build/px4_ros_com
