[35m[1mConsolidate compiler generated dependencies of target offboard_control[0m
[ 57%] Built target frame_transforms
[ 57%] Built target read_telemetry
[ 57%] Built target sensor_combined_listener
[ 57%] Built target debug_vect_advertiser
[ 71%] Built target offboard_control_srv
[ 85%] Built target vehicle_gps_position_listener
[ 85%] Built target ament_cmake_python_symlink_px4_ros_com
[ 92%] [32mBuilding CXX object CMakeFiles/offboard_control.dir/src/examples/offboard/offboard_control.cpp.o[0m
running egg_info
writing px4_ros_com.egg-info/PKG-INFO
writing dependency_links to px4_ros_com.egg-info/dependency_links.txt
writing top-level names to px4_ros_com.egg-info/top_level.txt
reading manifest file 'px4_ros_com.egg-info/SOURCES.txt'
writing manifest file 'px4_ros_com.egg-info/SOURCES.txt'
[ 92%] Built target ament_cmake_python_build_px4_ros_com_egg
[01m[K/home/fidelis/NGCP-2024-/ws_ros2/src/px4_ros_com/src/examples/offboard/offboard_control.cpp:68:48:[m[K [01;31m[Kerror: [m[Kcould not convert ‘[01m[KOFFBOARD_LOITER_TIME[m[K’ from ‘[01m[Kconst int[m[K’ to ‘[01m[Kconst seconds[m[K’ {aka ‘[01m[Kconst std::chrono::duration<long int>[m[K’}
   68 |   const std::chrono::seconds loiter_duration = [01;31m[KOFFBOARD_LOITER_TIME[m[K;
      |                                                [01;31m[K^~~~~~~~~~~~~~~~~~~~[m[K
      |                                                [01;31m[K|[m[K
      |                                                [01;31m[Kconst int[m[K
gmake[2]: *** [CMakeFiles/offboard_control.dir/build.make:76: CMakeFiles/offboard_control.dir/src/examples/offboard/offboard_control.cpp.o] Error 1
gmake[1]: *** [CMakeFiles/Makefile2:256: CMakeFiles/offboard_control.dir/all] Error 2
gmake: *** [Makefile:146: all] Error 2
