[01m[K/home/fidelis/NGCP-2024-/ws_ros2/src/px4_ros_com/src/examples/offboard/offboard_control.cpp:[m[K In constructor ‘[01m[KOffboardPlane::OffboardPlane(const std::vector<std::vector<float> >&)[m[K’:
[01m[K/home/fidelis/NGCP-2024-/ws_ros2/src/px4_ros_com/src/examples/offboard/offboard_control.cpp:31:116:[m[K [01;31m[Kerror: [m[Kcannot convert ‘[01m[Kconst std::vector<std::vector<float> >[m[K’ to ‘[01m[Kstd::vector<std::vector<float> >*[m[K’ in initialization
   31 |   OffboardPlane(const std::vector<std::vector<float>>& local_setpoints) : Node("offboard_plane"), local_setpoints_([01;31m[Klocal_setpoints[m[K) {
      |                                                                                                                    [01;31m[K^~~~~~~~~~~~~~~[m[K
      |                                                                                                                    [01;31m[K|[m[K
      |                                                                                                                    [01;31m[Kconst std::vector<std::vector<float> >[m[K
[01m[K/home/fidelis/NGCP-2024-/ws_ros2/src/px4_ros_com/src/examples/offboard/offboard_control.cpp:[m[K In member function ‘[01m[Kvoid OffboardPlane::run()[m[K’:
[01m[K/home/fidelis/NGCP-2024-/ws_ros2/src/px4_ros_com/src/examples/offboard/offboard_control.cpp:101:50:[m[K [01;31m[Kerror: [m[Kcannot convert ‘[01m[K__gnu_cxx::__alloc_traits<std::allocator<std::vector<float> >, std::vector<float> >::value_type[m[K’ {aka ‘[01m[Kstd::vector<float>[m[K’} to ‘[01m[Kfloat[m[K’ in initialization
  101 |     float x = local_setpoints_[waypoint_index_][0[01;31m[K][m[K;
      |                                                  [01;31m[K^[m[K
[01m[K/home/fidelis/NGCP-2024-/ws_ros2/src/px4_ros_com/src/examples/offboard/offboard_control.cpp:102:50:[m[K [01;31m[Kerror: [m[Kcannot convert ‘[01m[K__gnu_cxx::__alloc_traits<std::allocator<std::vector<float> >, std::vector<float> >::value_type[m[K’ {aka ‘[01m[Kstd::vector<float>[m[K’} to ‘[01m[Kfloat[m[K’ in initialization
  102 |     float y = local_setpoints_[waypoint_index_][1[01;31m[K][m[K;
      |                                                  [01;31m[K^[m[K
[01m[K/home/fidelis/NGCP-2024-/ws_ros2/src/px4_ros_com/src/examples/offboard/offboard_control.cpp:103:50:[m[K [01;31m[Kerror: [m[Kcannot convert ‘[01m[K__gnu_cxx::__alloc_traits<std::allocator<std::vector<float> >, std::vector<float> >::value_type[m[K’ {aka ‘[01m[Kstd::vector<float>[m[K’} to ‘[01m[Kfloat[m[K’ in initialization
  103 |     float z = local_setpoints_[waypoint_index_][2[01;31m[K][m[K;
      |                                                  [01;31m[K^[m[K
[01m[K/home/fidelis/NGCP-2024-/ws_ros2/src/px4_ros_com/src/examples/offboard/offboard_control.cpp:127:52:[m[K [01;31m[Kerror: [m[Krequest for member ‘[01m[Ksize[m[K’ in ‘[01m[K((OffboardPlane*)this)->OffboardPlane::local_setpoints_[m[K’, which is of pointer type ‘[01m[Kstd::vector<std::vector<float> >*[m[K’ (maybe you meant to use ‘[01m[K->[m[K’ ?)
  127 |         if(waypoint_index_ + 1 == local_setpoints_.[01;31m[Ksize[m[K()) {
      |                                                    [01;31m[K^~~~[m[K
gmake[2]: *** [CMakeFiles/offboard_control.dir/build.make:76: CMakeFiles/offboard_control.dir/src/examples/offboard/offboard_control.cpp.o] Error 1
gmake[1]: *** [CMakeFiles/Makefile2:254: CMakeFiles/offboard_control.dir/all] Error 2
gmake: *** [Makefile:146: all] Error 2
