[0.009s] Invoking command in '/home/fidelis/NGCP-2024-/ws_ros2/build/px4_ros_com': AMENT_PREFIX_PATH=/home/fidelis/NGCP-2024-/ws_ros2/install/px4_msgs:${AMENT_PREFIX_PATH} CMAKE_PREFIX_PATH=/home/fidelis/NGCP-2024-/ws_ros2/install/px4_msgs:/opt/ros/humble LD_LIBRARY_PATH=/home/fidelis/NGCP-2024-/ws_ros2/install/px4_msgs/lib:${LD_LIBRARY_PATH} PYTHONPATH=/home/fidelis/NGCP-2024-/ws_ros2/install/px4_msgs/local/lib/python3.10/dist-packages:${PYTHONPATH} /usr/bin/cmake --build /home/fidelis/NGCP-2024-/ws_ros2/build/px4_ros_com -- -j16 -l16
[0.063s] [35m[1mConsolidate compiler generated dependencies of target offboard_control[0m
[0.085s] [  8%] Built target ament_cmake_python_symlink_px4_ros_com
[0.085s] [ 41%] Built target sensor_combined_listener
[0.085s] [ 50%] Built target debug_vect_advertiser
[0.085s] [ 50%] Built target frame_transforms
[0.088s] [ 75%] [32mBuilding CXX object CMakeFiles/offboard_control.dir/src/examples/offboard/offboard_control.cpp.o[0m
[0.088s] [ 75%] Built target vehicle_gps_position_listener
[0.089s] [ 91%] Built target offboard_control_srv
[0.282s] running egg_info
[0.294s] writing px4_ros_com.egg-info/PKG-INFO
[0.295s] writing dependency_links to px4_ros_com.egg-info/dependency_links.txt
[0.295s] writing top-level names to px4_ros_com.egg-info/top_level.txt
[0.332s] reading manifest file 'px4_ros_com.egg-info/SOURCES.txt'
[0.333s] writing manifest file 'px4_ros_com.egg-info/SOURCES.txt'
[0.374s] [ 91%] Built target ament_cmake_python_build_px4_ros_com_egg
[6.822s] [01m[K/home/fidelis/NGCP-2024-/ws_ros2/src/px4_ros_com/src/examples/offboard/offboard_control.cpp:[m[K In constructor ‘[01m[KOffboardPlane::OffboardPlane(const std::vector<std::vector<float> >&)[m[K’:
[6.822s] [01m[K/home/fidelis/NGCP-2024-/ws_ros2/src/px4_ros_com/src/examples/offboard/offboard_control.cpp:31:116:[m[K [01;31m[Kerror: [m[Kcannot convert ‘[01m[Kconst std::vector<std::vector<float> >[m[K’ to ‘[01m[Kstd::vector<std::vector<float> >*[m[K’ in initialization
[6.822s]    31 |   OffboardPlane(const std::vector<std::vector<float>>& local_setpoints) : Node("offboard_plane"), local_setpoints_([01;31m[Klocal_setpoints[m[K) {
[6.822s]       |                                                                                                                    [01;31m[K^~~~~~~~~~~~~~~[m[K
[6.822s]       |                                                                                                                    [01;31m[K|[m[K
[6.822s]       |                                                                                                                    [01;31m[Kconst std::vector<std::vector<float> >[m[K
[6.822s] [01m[K/home/fidelis/NGCP-2024-/ws_ros2/src/px4_ros_com/src/examples/offboard/offboard_control.cpp:[m[K In member function ‘[01m[Kvoid OffboardPlane::run()[m[K’:
[6.822s] [01m[K/home/fidelis/NGCP-2024-/ws_ros2/src/px4_ros_com/src/examples/offboard/offboard_control.cpp:101:50:[m[K [01;31m[Kerror: [m[Kcannot convert ‘[01m[K__gnu_cxx::__alloc_traits<std::allocator<std::vector<float> >, std::vector<float> >::value_type[m[K’ {aka ‘[01m[Kstd::vector<float>[m[K’} to ‘[01m[Kfloat[m[K’ in initialization
[6.822s]   101 |     float x = local_setpoints_[waypoint_index_][0[01;31m[K][m[K;
[6.822s]       |                                                  [01;31m[K^[m[K
[6.823s] [01m[K/home/fidelis/NGCP-2024-/ws_ros2/src/px4_ros_com/src/examples/offboard/offboard_control.cpp:102:50:[m[K [01;31m[Kerror: [m[Kcannot convert ‘[01m[K__gnu_cxx::__alloc_traits<std::allocator<std::vector<float> >, std::vector<float> >::value_type[m[K’ {aka ‘[01m[Kstd::vector<float>[m[K’} to ‘[01m[Kfloat[m[K’ in initialization
[6.823s]   102 |     float y = local_setpoints_[waypoint_index_][1[01;31m[K][m[K;
[6.823s]       |                                                  [01;31m[K^[m[K
[6.823s] [01m[K/home/fidelis/NGCP-2024-/ws_ros2/src/px4_ros_com/src/examples/offboard/offboard_control.cpp:103:50:[m[K [01;31m[Kerror: [m[Kcannot convert ‘[01m[K__gnu_cxx::__alloc_traits<std::allocator<std::vector<float> >, std::vector<float> >::value_type[m[K’ {aka ‘[01m[Kstd::vector<float>[m[K’} to ‘[01m[Kfloat[m[K’ in initialization
[6.823s]   103 |     float z = local_setpoints_[waypoint_index_][2[01;31m[K][m[K;
[6.823s]       |                                                  [01;31m[K^[m[K
[6.823s] [01m[K/home/fidelis/NGCP-2024-/ws_ros2/src/px4_ros_com/src/examples/offboard/offboard_control.cpp:127:52:[m[K [01;31m[Kerror: [m[Krequest for member ‘[01m[Ksize[m[K’ in ‘[01m[K((OffboardPlane*)this)->OffboardPlane::local_setpoints_[m[K’, which is of pointer type ‘[01m[Kstd::vector<std::vector<float> >*[m[K’ (maybe you meant to use ‘[01m[K->[m[K’ ?)
[6.823s]   127 |         if(waypoint_index_ + 1 == local_setpoints_.[01;31m[Ksize[m[K()) {
[6.823s]       |                                                    [01;31m[K^~~~[m[K
[6.823s] gmake[2]: *** [CMakeFiles/offboard_control.dir/build.make:76: CMakeFiles/offboard_control.dir/src/examples/offboard/offboard_control.cpp.o] Error 1
[6.823s] gmake[1]: *** [CMakeFiles/Makefile2:254: CMakeFiles/offboard_control.dir/all] Error 2
[6.824s] gmake: *** [Makefile:146: all] Error 2
[6.827s] Invoked command in '/home/fidelis/NGCP-2024-/ws_ros2/build/px4_ros_com' returned '2': AMENT_PREFIX_PATH=/home/fidelis/NGCP-2024-/ws_ros2/install/px4_msgs:${AMENT_PREFIX_PATH} CMAKE_PREFIX_PATH=/home/fidelis/NGCP-2024-/ws_ros2/install/px4_msgs:/opt/ros/humble LD_LIBRARY_PATH=/home/fidelis/NGCP-2024-/ws_ros2/install/px4_msgs/lib:${LD_LIBRARY_PATH} PYTHONPATH=/home/fidelis/NGCP-2024-/ws_ros2/install/px4_msgs/local/lib/python3.10/dist-packages:${PYTHONPATH} /usr/bin/cmake --build /home/fidelis/NGCP-2024-/ws_ros2/build/px4_ros_com -- -j16 -l16
