[0.070s] DEBUG:colcon:Command line arguments: ['/usr/bin/colcon', 'build']
[0.070s] DEBUG:colcon:Parsed command line arguments: Namespace(log_base=None, log_level=None, verb_name='build', build_base='build', install_base='install', merge_install=False, symlink_install=False, test_result_base=None, continue_on_error=False, executor='parallel', parallel_workers=16, event_handlers=None, ignore_user_meta=False, metas=['./colcon.meta'], base_paths=['.'], packages_ignore=None, packages_ignore_regex=None, paths=None, packages_up_to=None, packages_up_to_regex=None, packages_above=None, packages_above_and_dependencies=None, packages_above_depth=None, packages_select_by_dep=None, packages_skip_by_dep=None, packages_skip_up_to=None, packages_select_build_failed=False, packages_skip_build_finished=False, packages_select_test_failures=False, packages_skip_test_passed=False, packages_select=None, packages_skip=None, packages_select_regex=None, packages_skip_regex=None, packages_start=None, packages_end=None, allow_overriding=[], cmake_args=None, cmake_target=None, cmake_target_skip_unavailable=False, cmake_clean_cache=False, cmake_clean_first=False, cmake_force_configure=False, ament_cmake_args=None, catkin_cmake_args=None, catkin_skip_building_tests=False, mixin_files=None, mixin=None, verb_parser=<colcon_mixin.mixin.mixin_argument.MixinArgumentDecorator object at 0x7e6987c5ab60>, verb_extension=<colcon_core.verb.build.BuildVerb object at 0x7e6987c59f00>, main=<bound method BuildVerb.main of <colcon_core.verb.build.BuildVerb object at 0x7e6987c59f00>>, mixin_verb=('build',))
[0.094s] Level 1:colcon.colcon_core.package_discovery:discover_packages(colcon_meta) check parameters
[0.094s] Level 1:colcon.colcon_core.package_discovery:discover_packages(recursive) check parameters
[0.094s] Level 1:colcon.colcon_core.package_discovery:discover_packages(ignore) check parameters
[0.094s] Level 1:colcon.colcon_core.package_discovery:discover_packages(path) check parameters
[0.094s] Level 1:colcon.colcon_core.package_discovery:discover_packages(colcon_meta) discover
[0.094s] Level 1:colcon.colcon_core.package_discovery:discover_packages(recursive) discover
[0.094s] INFO:colcon.colcon_core.package_discovery:Crawling recursively for packages in '/home/fidelis/NGCP-2024-/ws_ros2'
[0.094s] Level 1:colcon.colcon_core.package_identification:_identify(.) by extensions ['ignore', 'ignore_ament_install']
[0.095s] Level 1:colcon.colcon_core.package_identification:_identify(.) by extension 'ignore'
[0.095s] Level 1:colcon.colcon_core.package_identification:_identify(.) by extension 'ignore_ament_install'
[0.095s] Level 1:colcon.colcon_core.package_identification:_identify(.) by extensions ['colcon_pkg']
[0.095s] Level 1:colcon.colcon_core.package_identification:_identify(.) by extension 'colcon_pkg'
[0.095s] Level 1:colcon.colcon_core.package_identification:_identify(.) by extensions ['colcon_meta']
[0.095s] Level 1:colcon.colcon_core.package_identification:_identify(.) by extension 'colcon_meta'
[0.095s] Level 1:colcon.colcon_core.package_identification:_identify(.) by extensions ['ros']
[0.095s] Level 1:colcon.colcon_core.package_identification:_identify(.) by extension 'ros'
[0.104s] Level 1:colcon.colcon_core.package_identification:_identify(.) by extensions ['cmake', 'python']
[0.104s] Level 1:colcon.colcon_core.package_identification:_identify(.) by extension 'cmake'
[0.104s] Level 1:colcon.colcon_core.package_identification:_identify(.) by extension 'python'
[0.104s] Level 1:colcon.colcon_core.package_identification:_identify(.) by extensions ['python_setup_py']
[0.104s] Level 1:colcon.colcon_core.package_identification:_identify(.) by extension 'python_setup_py'
[0.104s] Level 1:colcon.colcon_core.package_identification:_identify(build) by extensions ['ignore', 'ignore_ament_install']
[0.104s] Level 1:colcon.colcon_core.package_identification:_identify(build) by extension 'ignore'
[0.104s] Level 1:colcon.colcon_core.package_identification:_identify(build) ignored
[0.104s] Level 1:colcon.colcon_core.package_identification:_identify(install) by extensions ['ignore', 'ignore_ament_install']
[0.104s] Level 1:colcon.colcon_core.package_identification:_identify(install) by extension 'ignore'
[0.104s] Level 1:colcon.colcon_core.package_identification:_identify(install) ignored
[0.105s] Level 1:colcon.colcon_core.package_identification:_identify(log) by extensions ['ignore', 'ignore_ament_install']
[0.105s] Level 1:colcon.colcon_core.package_identification:_identify(log) by extension 'ignore'
[0.105s] Level 1:colcon.colcon_core.package_identification:_identify(log) ignored
[0.105s] Level 1:colcon.colcon_core.package_identification:_identify(src) by extensions ['ignore', 'ignore_ament_install']
[0.105s] Level 1:colcon.colcon_core.package_identification:_identify(src) by extension 'ignore'
[0.105s] Level 1:colcon.colcon_core.package_identification:_identify(src) by extension 'ignore_ament_install'
[0.105s] Level 1:colcon.colcon_core.package_identification:_identify(src) by extensions ['colcon_pkg']
[0.105s] Level 1:colcon.colcon_core.package_identification:_identify(src) by extension 'colcon_pkg'
[0.105s] Level 1:colcon.colcon_core.package_identification:_identify(src) by extensions ['colcon_meta']
[0.105s] Level 1:colcon.colcon_core.package_identification:_identify(src) by extension 'colcon_meta'
[0.105s] Level 1:colcon.colcon_core.package_identification:_identify(src) by extensions ['ros']
[0.105s] Level 1:colcon.colcon_core.package_identification:_identify(src) by extension 'ros'
[0.105s] Level 1:colcon.colcon_core.package_identification:_identify(src) by extensions ['cmake', 'python']
[0.105s] Level 1:colcon.colcon_core.package_identification:_identify(src) by extension 'cmake'
[0.105s] Level 1:colcon.colcon_core.package_identification:_identify(src) by extension 'python'
[0.105s] Level 1:colcon.colcon_core.package_identification:_identify(src) by extensions ['python_setup_py']
[0.105s] Level 1:colcon.colcon_core.package_identification:_identify(src) by extension 'python_setup_py'
[0.105s] Level 1:colcon.colcon_core.package_identification:_identify(src/build) by extensions ['ignore', 'ignore_ament_install']
[0.105s] Level 1:colcon.colcon_core.package_identification:_identify(src/build) by extension 'ignore'
[0.105s] Level 1:colcon.colcon_core.package_identification:_identify(src/build) ignored
[0.105s] Level 1:colcon.colcon_core.package_identification:_identify(src/install) by extensions ['ignore', 'ignore_ament_install']
[0.105s] Level 1:colcon.colcon_core.package_identification:_identify(src/install) by extension 'ignore'
[0.105s] Level 1:colcon.colcon_core.package_identification:_identify(src/install) ignored
[0.105s] Level 1:colcon.colcon_core.package_identification:_identify(src/log) by extensions ['ignore', 'ignore_ament_install']
[0.105s] Level 1:colcon.colcon_core.package_identification:_identify(src/log) by extension 'ignore'
[0.105s] Level 1:colcon.colcon_core.package_identification:_identify(src/log) ignored
[0.105s] Level 1:colcon.colcon_core.package_identification:_identify(src/px4_msgs) by extensions ['ignore', 'ignore_ament_install']
[0.105s] Level 1:colcon.colcon_core.package_identification:_identify(src/px4_msgs) by extension 'ignore'
[0.105s] Level 1:colcon.colcon_core.package_identification:_identify(src/px4_msgs) by extension 'ignore_ament_install'
[0.105s] Level 1:colcon.colcon_core.package_identification:_identify(src/px4_msgs) by extensions ['colcon_pkg']
[0.105s] Level 1:colcon.colcon_core.package_identification:_identify(src/px4_msgs) by extension 'colcon_pkg'
[0.105s] Level 1:colcon.colcon_core.package_identification:_identify(src/px4_msgs) by extensions ['colcon_meta']
[0.105s] Level 1:colcon.colcon_core.package_identification:_identify(src/px4_msgs) by extension 'colcon_meta'
[0.105s] Level 1:colcon.colcon_core.package_identification:_identify(src/px4_msgs) by extensions ['ros']
[0.105s] Level 1:colcon.colcon_core.package_identification:_identify(src/px4_msgs) by extension 'ros'
[0.107s] DEBUG:colcon.colcon_core.package_identification:Package 'src/px4_msgs' with type 'ros.ament_cmake' and name 'px4_msgs'
[0.107s] Level 1:colcon.colcon_core.package_identification:_identify(src/px4_ros_com) by extensions ['ignore', 'ignore_ament_install']
[0.107s] Level 1:colcon.colcon_core.package_identification:_identify(src/px4_ros_com) by extension 'ignore'
[0.107s] Level 1:colcon.colcon_core.package_identification:_identify(src/px4_ros_com) by extension 'ignore_ament_install'
[0.107s] Level 1:colcon.colcon_core.package_identification:_identify(src/px4_ros_com) by extensions ['colcon_pkg']
[0.107s] Level 1:colcon.colcon_core.package_identification:_identify(src/px4_ros_com) by extension 'colcon_pkg'
[0.107s] Level 1:colcon.colcon_core.package_identification:_identify(src/px4_ros_com) by extensions ['colcon_meta']
[0.107s] Level 1:colcon.colcon_core.package_identification:_identify(src/px4_ros_com) by extension 'colcon_meta'
[0.107s] Level 1:colcon.colcon_core.package_identification:_identify(src/px4_ros_com) by extensions ['ros']
[0.107s] Level 1:colcon.colcon_core.package_identification:_identify(src/px4_ros_com) by extension 'ros'
[0.108s] DEBUG:colcon.colcon_core.package_identification:Package 'src/px4_ros_com' with type 'ros.ament_cmake' and name 'px4_ros_com'
[0.108s] Level 1:colcon.colcon_core.package_discovery:discover_packages(recursive) using defaults
[0.108s] Level 1:colcon.colcon_core.package_discovery:discover_packages(ignore) discover
[0.108s] Level 1:colcon.colcon_core.package_discovery:discover_packages(ignore) using defaults
[0.108s] Level 1:colcon.colcon_core.package_discovery:discover_packages(path) discover
[0.108s] Level 1:colcon.colcon_core.package_discovery:discover_packages(path) using defaults
[0.122s] Level 1:colcon.colcon_core.package_discovery:discover_packages(prefix_path) check parameters
[0.122s] Level 1:colcon.colcon_core.package_discovery:discover_packages(prefix_path) discover
[0.124s] DEBUG:colcon.colcon_installed_package_information.package_discovery:Found 270 installed packages in /opt/ros/humble
[0.125s] Level 1:colcon.colcon_core.package_discovery:discover_packages(prefix_path) using defaults
[0.147s] Level 5:colcon.colcon_core.verb:set package 'px4_msgs' build argument 'cmake_args' from command line to 'None'
[0.147s] Level 5:colcon.colcon_core.verb:set package 'px4_msgs' build argument 'cmake_target' from command line to 'None'
[0.147s] Level 5:colcon.colcon_core.verb:set package 'px4_msgs' build argument 'cmake_target_skip_unavailable' from command line to 'False'
[0.147s] Level 5:colcon.colcon_core.verb:set package 'px4_msgs' build argument 'cmake_clean_cache' from command line to 'False'
[0.147s] Level 5:colcon.colcon_core.verb:set package 'px4_msgs' build argument 'cmake_clean_first' from command line to 'False'
[0.147s] Level 5:colcon.colcon_core.verb:set package 'px4_msgs' build argument 'cmake_force_configure' from command line to 'False'
[0.147s] Level 5:colcon.colcon_core.verb:set package 'px4_msgs' build argument 'ament_cmake_args' from command line to 'None'
[0.147s] Level 5:colcon.colcon_core.verb:set package 'px4_msgs' build argument 'catkin_cmake_args' from command line to 'None'
[0.147s] Level 5:colcon.colcon_core.verb:set package 'px4_msgs' build argument 'catkin_skip_building_tests' from command line to 'False'
[0.147s] DEBUG:colcon.colcon_core.verb:Building package 'px4_msgs' with the following arguments: {'ament_cmake_args': None, 'build_base': '/home/fidelis/NGCP-2024-/ws_ros2/build/px4_msgs', 'catkin_cmake_args': None, 'catkin_skip_building_tests': False, 'cmake_args': None, 'cmake_clean_cache': False, 'cmake_clean_first': False, 'cmake_force_configure': False, 'cmake_target': None, 'cmake_target_skip_unavailable': False, 'install_base': '/home/fidelis/NGCP-2024-/ws_ros2/install/px4_msgs', 'merge_install': False, 'path': '/home/fidelis/NGCP-2024-/ws_ros2/src/px4_msgs', 'symlink_install': False, 'test_result_base': None}
[0.147s] Level 5:colcon.colcon_core.verb:set package 'px4_ros_com' build argument 'cmake_args' from command line to 'None'
[0.147s] Level 5:colcon.colcon_core.verb:set package 'px4_ros_com' build argument 'cmake_target' from command line to 'None'
[0.147s] Level 5:colcon.colcon_core.verb:set package 'px4_ros_com' build argument 'cmake_target_skip_unavailable' from command line to 'False'
[0.147s] Level 5:colcon.colcon_core.verb:set package 'px4_ros_com' build argument 'cmake_clean_cache' from command line to 'False'
[0.148s] Level 5:colcon.colcon_core.verb:set package 'px4_ros_com' build argument 'cmake_clean_first' from command line to 'False'
[0.148s] Level 5:colcon.colcon_core.verb:set package 'px4_ros_com' build argument 'cmake_force_configure' from command line to 'False'
[0.148s] Level 5:colcon.colcon_core.verb:set package 'px4_ros_com' build argument 'ament_cmake_args' from command line to 'None'
[0.148s] Level 5:colcon.colcon_core.verb:set package 'px4_ros_com' build argument 'catkin_cmake_args' from command line to 'None'
[0.148s] Level 5:colcon.colcon_core.verb:set package 'px4_ros_com' build argument 'catkin_skip_building_tests' from command line to 'False'
[0.148s] DEBUG:colcon.colcon_core.verb:Building package 'px4_ros_com' with the following arguments: {'ament_cmake_args': None, 'build_base': '/home/fidelis/NGCP-2024-/ws_ros2/build/px4_ros_com', 'catkin_cmake_args': None, 'catkin_skip_building_tests': False, 'cmake_args': None, 'cmake_clean_cache': False, 'cmake_clean_first': False, 'cmake_force_configure': False, 'cmake_target': None, 'cmake_target_skip_unavailable': False, 'install_base': '/home/fidelis/NGCP-2024-/ws_ros2/install/px4_ros_com', 'merge_install': False, 'path': '/home/fidelis/NGCP-2024-/ws_ros2/src/px4_ros_com', 'symlink_install': False, 'test_result_base': None}
[0.148s] INFO:colcon.colcon_core.executor:Executing jobs using 'parallel' executor
[0.149s] DEBUG:colcon.colcon_parallel_executor.executor.parallel:run_until_complete
[0.149s] INFO:colcon.colcon_ros.task.ament_cmake.build:Building ROS package in '/home/fidelis/NGCP-2024-/ws_ros2/src/px4_msgs' with build type 'ament_cmake'
[0.149s] INFO:colcon.colcon_cmake.task.cmake.build:Building CMake package in '/home/fidelis/NGCP-2024-/ws_ros2/src/px4_msgs'
[0.150s] INFO:colcon.colcon_core.plugin_system:Skipping extension 'colcon_core.shell.bat': Not used on non-Windows systems
[0.150s] INFO:colcon.colcon_core.shell:Skip shell extension 'powershell' for command environment: Not usable outside of PowerShell
[0.150s] DEBUG:colcon.colcon_core.shell:Skip shell extension 'dsv' for command environment
[0.160s] DEBUG:colcon.colcon_core.event_handler.log_command:Invoking command in '/home/fidelis/NGCP-2024-/ws_ros2/build/px4_msgs': CMAKE_PREFIX_PATH=/opt/ros/humble /usr/bin/cmake --build /home/fidelis/NGCP-2024-/ws_ros2/build/px4_msgs -- -j16 -l16
[0.827s] DEBUG:colcon.colcon_core.event_handler.log_command:Invoked command in '/home/fidelis/NGCP-2024-/ws_ros2/build/px4_msgs' returned '0': CMAKE_PREFIX_PATH=/opt/ros/humble /usr/bin/cmake --build /home/fidelis/NGCP-2024-/ws_ros2/build/px4_msgs -- -j16 -l16
[5.387s] DEBUG:colcon.colcon_core.event_handler.log_command:Invoking command in '/home/fidelis/NGCP-2024-/ws_ros2/build/px4_msgs': CMAKE_PREFIX_PATH=/opt/ros/humble /usr/bin/cmake --install /home/fidelis/NGCP-2024-/ws_ros2/build/px4_msgs
[5.808s] Level 1:colcon.colcon_core.environment:create_environment_scripts_only(px4_msgs)
[5.808s] DEBUG:colcon.colcon_core.event_handler.log_command:Invoked command in '/home/fidelis/NGCP-2024-/ws_ros2/build/px4_msgs' returned '0': CMAKE_PREFIX_PATH=/opt/ros/humble /usr/bin/cmake --install /home/fidelis/NGCP-2024-/ws_ros2/build/px4_msgs
[5.810s] Level 1:colcon.colcon_core.environment:checking '/home/fidelis/NGCP-2024-/ws_ros2/install/px4_msgs' for CMake module files
[5.810s] Level 1:colcon.colcon_core.environment:checking '/home/fidelis/NGCP-2024-/ws_ros2/install/px4_msgs' for CMake config files
[5.835s] Level 1:colcon.colcon_core.shell:create_environment_hook('px4_msgs', 'cmake_prefix_path')
[5.836s] INFO:colcon.colcon_core.shell:Creating environment hook '/home/fidelis/NGCP-2024-/ws_ros2/install/px4_msgs/share/px4_msgs/hook/cmake_prefix_path.ps1'
[5.836s] INFO:colcon.colcon_core.shell:Creating environment descriptor '/home/fidelis/NGCP-2024-/ws_ros2/install/px4_msgs/share/px4_msgs/hook/cmake_prefix_path.dsv'
[5.836s] INFO:colcon.colcon_core.shell:Creating environment hook '/home/fidelis/NGCP-2024-/ws_ros2/install/px4_msgs/share/px4_msgs/hook/cmake_prefix_path.sh'
[5.837s] Level 1:colcon.colcon_core.environment:checking '/home/fidelis/NGCP-2024-/ws_ros2/install/px4_msgs/lib'
[5.837s] Level 1:colcon.colcon_core.shell:create_environment_hook('px4_msgs', 'ld_library_path_lib')
[5.837s] INFO:colcon.colcon_core.shell:Creating environment hook '/home/fidelis/NGCP-2024-/ws_ros2/install/px4_msgs/share/px4_msgs/hook/ld_library_path_lib.ps1'
[5.837s] INFO:colcon.colcon_core.shell:Creating environment descriptor '/home/fidelis/NGCP-2024-/ws_ros2/install/px4_msgs/share/px4_msgs/hook/ld_library_path_lib.dsv'
[5.837s] INFO:colcon.colcon_core.shell:Creating environment hook '/home/fidelis/NGCP-2024-/ws_ros2/install/px4_msgs/share/px4_msgs/hook/ld_library_path_lib.sh'
[5.838s] Level 1:colcon.colcon_core.environment:checking '/home/fidelis/NGCP-2024-/ws_ros2/install/px4_msgs/bin'
[5.838s] Level 1:colcon.colcon_core.environment:checking '/home/fidelis/NGCP-2024-/ws_ros2/install/px4_msgs/lib/pkgconfig/px4_msgs.pc'
[5.838s] Level 1:colcon.colcon_core.environment:checking '/home/fidelis/NGCP-2024-/ws_ros2/install/px4_msgs/lib/python3.10/site-packages'
[5.838s] Level 1:colcon.colcon_core.environment:checking '/home/fidelis/NGCP-2024-/ws_ros2/install/px4_msgs/bin'
[5.838s] INFO:colcon.colcon_core.shell:Creating package script '/home/fidelis/NGCP-2024-/ws_ros2/install/px4_msgs/share/px4_msgs/package.ps1'
[5.838s] INFO:colcon.colcon_core.shell:Creating package descriptor '/home/fidelis/NGCP-2024-/ws_ros2/install/px4_msgs/share/px4_msgs/package.dsv'
[5.839s] INFO:colcon.colcon_core.shell:Creating package script '/home/fidelis/NGCP-2024-/ws_ros2/install/px4_msgs/share/px4_msgs/package.sh'
[5.839s] INFO:colcon.colcon_core.shell:Creating package script '/home/fidelis/NGCP-2024-/ws_ros2/install/px4_msgs/share/px4_msgs/package.bash'
[5.839s] INFO:colcon.colcon_core.shell:Creating package script '/home/fidelis/NGCP-2024-/ws_ros2/install/px4_msgs/share/px4_msgs/package.zsh'
[5.840s] Level 1:colcon.colcon_core.environment:create_file_with_runtime_dependencies(/home/fidelis/NGCP-2024-/ws_ros2/install/px4_msgs/share/colcon-core/packages/px4_msgs)
[10.570s] Level 1:colcon.colcon_core.environment:create_environment_scripts_only(px4_msgs)
[10.571s] Level 1:colcon.colcon_core.environment:checking '/home/fidelis/NGCP-2024-/ws_ros2/install/px4_msgs' for CMake module files
[10.572s] Level 1:colcon.colcon_core.environment:checking '/home/fidelis/NGCP-2024-/ws_ros2/install/px4_msgs' for CMake config files
[10.597s] Level 1:colcon.colcon_core.shell:create_environment_hook('px4_msgs', 'cmake_prefix_path')
[10.597s] INFO:colcon.colcon_core.shell:Creating environment hook '/home/fidelis/NGCP-2024-/ws_ros2/install/px4_msgs/share/px4_msgs/hook/cmake_prefix_path.ps1'
[10.598s] INFO:colcon.colcon_core.shell:Creating environment descriptor '/home/fidelis/NGCP-2024-/ws_ros2/install/px4_msgs/share/px4_msgs/hook/cmake_prefix_path.dsv'
[10.598s] INFO:colcon.colcon_core.shell:Creating environment hook '/home/fidelis/NGCP-2024-/ws_ros2/install/px4_msgs/share/px4_msgs/hook/cmake_prefix_path.sh'
[10.598s] Level 1:colcon.colcon_core.environment:checking '/home/fidelis/NGCP-2024-/ws_ros2/install/px4_msgs/lib'
[10.598s] Level 1:colcon.colcon_core.shell:create_environment_hook('px4_msgs', 'ld_library_path_lib')
[10.598s] INFO:colcon.colcon_core.shell:Creating environment hook '/home/fidelis/NGCP-2024-/ws_ros2/install/px4_msgs/share/px4_msgs/hook/ld_library_path_lib.ps1'
[10.599s] INFO:colcon.colcon_core.shell:Creating environment descriptor '/home/fidelis/NGCP-2024-/ws_ros2/install/px4_msgs/share/px4_msgs/hook/ld_library_path_lib.dsv'
[10.599s] INFO:colcon.colcon_core.shell:Creating environment hook '/home/fidelis/NGCP-2024-/ws_ros2/install/px4_msgs/share/px4_msgs/hook/ld_library_path_lib.sh'
[10.599s] Level 1:colcon.colcon_core.environment:checking '/home/fidelis/NGCP-2024-/ws_ros2/install/px4_msgs/bin'
[10.599s] Level 1:colcon.colcon_core.environment:checking '/home/fidelis/NGCP-2024-/ws_ros2/install/px4_msgs/lib/pkgconfig/px4_msgs.pc'
[10.599s] Level 1:colcon.colcon_core.environment:checking '/home/fidelis/NGCP-2024-/ws_ros2/install/px4_msgs/lib/python3.10/site-packages'
[10.599s] Level 1:colcon.colcon_core.environment:checking '/home/fidelis/NGCP-2024-/ws_ros2/install/px4_msgs/bin'
[10.599s] INFO:colcon.colcon_core.shell:Creating package script '/home/fidelis/NGCP-2024-/ws_ros2/install/px4_msgs/share/px4_msgs/package.ps1'
[10.600s] INFO:colcon.colcon_core.shell:Creating package descriptor '/home/fidelis/NGCP-2024-/ws_ros2/install/px4_msgs/share/px4_msgs/package.dsv'
[10.600s] INFO:colcon.colcon_core.shell:Creating package script '/home/fidelis/NGCP-2024-/ws_ros2/install/px4_msgs/share/px4_msgs/package.sh'
[10.600s] INFO:colcon.colcon_core.shell:Creating package script '/home/fidelis/NGCP-2024-/ws_ros2/install/px4_msgs/share/px4_msgs/package.bash'
[10.601s] INFO:colcon.colcon_core.shell:Creating package script '/home/fidelis/NGCP-2024-/ws_ros2/install/px4_msgs/share/px4_msgs/package.zsh'
[10.601s] Level 1:colcon.colcon_core.environment:create_file_with_runtime_dependencies(/home/fidelis/NGCP-2024-/ws_ros2/install/px4_msgs/share/colcon-core/packages/px4_msgs)
[10.601s] INFO:colcon.colcon_ros.task.ament_cmake.build:Building ROS package in '/home/fidelis/NGCP-2024-/ws_ros2/src/px4_ros_com' with build type 'ament_cmake'
[10.601s] INFO:colcon.colcon_cmake.task.cmake.build:Building CMake package in '/home/fidelis/NGCP-2024-/ws_ros2/src/px4_ros_com'
[10.601s] INFO:colcon.colcon_core.shell:Skip shell extension 'powershell' for command environment: Not usable outside of PowerShell
[10.601s] DEBUG:colcon.colcon_core.shell:Skip shell extension 'dsv' for command environment
[10.612s] DEBUG:colcon.colcon_core.event_handler.log_command:Invoking command in '/home/fidelis/NGCP-2024-/ws_ros2/build/px4_ros_com': AMENT_PREFIX_PATH=/home/fidelis/NGCP-2024-/ws_ros2/install/px4_msgs:${AMENT_PREFIX_PATH} CMAKE_PREFIX_PATH=/home/fidelis/NGCP-2024-/ws_ros2/install/px4_msgs:/opt/ros/humble LD_LIBRARY_PATH=/home/fidelis/NGCP-2024-/ws_ros2/install/px4_msgs/lib:${LD_LIBRARY_PATH} PYTHONPATH=/home/fidelis/NGCP-2024-/ws_ros2/install/px4_msgs/local/lib/python3.10/dist-packages:${PYTHONPATH} /usr/bin/cmake --build /home/fidelis/NGCP-2024-/ws_ros2/build/px4_ros_com -- -j16 -l16
[21.087s] DEBUG:colcon.colcon_core.event_handler.log_command:Invoked command in '/home/fidelis/NGCP-2024-/ws_ros2/build/px4_ros_com' returned '0': AMENT_PREFIX_PATH=/home/fidelis/NGCP-2024-/ws_ros2/install/px4_msgs:${AMENT_PREFIX_PATH} CMAKE_PREFIX_PATH=/home/fidelis/NGCP-2024-/ws_ros2/install/px4_msgs:/opt/ros/humble LD_LIBRARY_PATH=/home/fidelis/NGCP-2024-/ws_ros2/install/px4_msgs/lib:${LD_LIBRARY_PATH} PYTHONPATH=/home/fidelis/NGCP-2024-/ws_ros2/install/px4_msgs/local/lib/python3.10/dist-packages:${PYTHONPATH} /usr/bin/cmake --build /home/fidelis/NGCP-2024-/ws_ros2/build/px4_ros_com -- -j16 -l16
[21.130s] DEBUG:colcon.colcon_core.event_handler.log_command:Invoking command in '/home/fidelis/NGCP-2024-/ws_ros2/build/px4_ros_com': AMENT_PREFIX_PATH=/home/fidelis/NGCP-2024-/ws_ros2/install/px4_msgs:${AMENT_PREFIX_PATH} CMAKE_PREFIX_PATH=/home/fidelis/NGCP-2024-/ws_ros2/install/px4_msgs:/opt/ros/humble LD_LIBRARY_PATH=/home/fidelis/NGCP-2024-/ws_ros2/install/px4_msgs/lib:${LD_LIBRARY_PATH} PYTHONPATH=/home/fidelis/NGCP-2024-/ws_ros2/install/px4_msgs/local/lib/python3.10/dist-packages:${PYTHONPATH} /usr/bin/cmake --install /home/fidelis/NGCP-2024-/ws_ros2/build/px4_ros_com
[21.187s] Level 1:colcon.colcon_core.environment:create_environment_scripts_only(px4_ros_com)
[21.187s] Level 1:colcon.colcon_core.environment:checking '/home/fidelis/NGCP-2024-/ws_ros2/install/px4_ros_com' for CMake module files
[21.188s] DEBUG:colcon.colcon_core.event_handler.log_command:Invoked command in '/home/fidelis/NGCP-2024-/ws_ros2/build/px4_ros_com' returned '0': AMENT_PREFIX_PATH=/home/fidelis/NGCP-2024-/ws_ros2/install/px4_msgs:${AMENT_PREFIX_PATH} CMAKE_PREFIX_PATH=/home/fidelis/NGCP-2024-/ws_ros2/install/px4_msgs:/opt/ros/humble LD_LIBRARY_PATH=/home/fidelis/NGCP-2024-/ws_ros2/install/px4_msgs/lib:${LD_LIBRARY_PATH} PYTHONPATH=/home/fidelis/NGCP-2024-/ws_ros2/install/px4_msgs/local/lib/python3.10/dist-packages:${PYTHONPATH} /usr/bin/cmake --install /home/fidelis/NGCP-2024-/ws_ros2/build/px4_ros_com
[21.188s] Level 1:colcon.colcon_core.environment:checking '/home/fidelis/NGCP-2024-/ws_ros2/install/px4_ros_com' for CMake config files
[21.189s] Level 1:colcon.colcon_core.shell:create_environment_hook('px4_ros_com', 'cmake_prefix_path')
[21.189s] INFO:colcon.colcon_core.shell:Creating environment hook '/home/fidelis/NGCP-2024-/ws_ros2/install/px4_ros_com/share/px4_ros_com/hook/cmake_prefix_path.ps1'
[21.189s] INFO:colcon.colcon_core.shell:Creating environment descriptor '/home/fidelis/NGCP-2024-/ws_ros2/install/px4_ros_com/share/px4_ros_com/hook/cmake_prefix_path.dsv'
[21.190s] INFO:colcon.colcon_core.shell:Creating environment hook '/home/fidelis/NGCP-2024-/ws_ros2/install/px4_ros_com/share/px4_ros_com/hook/cmake_prefix_path.sh'
[21.190s] Level 1:colcon.colcon_core.environment:checking '/home/fidelis/NGCP-2024-/ws_ros2/install/px4_ros_com/lib'
[21.190s] Level 1:colcon.colcon_core.shell:create_environment_hook('px4_ros_com', 'ld_library_path_lib')
[21.190s] INFO:colcon.colcon_core.shell:Creating environment hook '/home/fidelis/NGCP-2024-/ws_ros2/install/px4_ros_com/share/px4_ros_com/hook/ld_library_path_lib.ps1'
[21.191s] INFO:colcon.colcon_core.shell:Creating environment descriptor '/home/fidelis/NGCP-2024-/ws_ros2/install/px4_ros_com/share/px4_ros_com/hook/ld_library_path_lib.dsv'
[21.191s] INFO:colcon.colcon_core.shell:Creating environment hook '/home/fidelis/NGCP-2024-/ws_ros2/install/px4_ros_com/share/px4_ros_com/hook/ld_library_path_lib.sh'
[21.192s] Level 1:colcon.colcon_core.environment:checking '/home/fidelis/NGCP-2024-/ws_ros2/install/px4_ros_com/bin'
[21.192s] Level 1:colcon.colcon_core.environment:checking '/home/fidelis/NGCP-2024-/ws_ros2/install/px4_ros_com/lib/pkgconfig/px4_ros_com.pc'
[21.192s] Level 1:colcon.colcon_core.environment:checking '/home/fidelis/NGCP-2024-/ws_ros2/install/px4_ros_com/lib/python3.10/site-packages'
[21.192s] Level 1:colcon.colcon_core.environment:checking '/home/fidelis/NGCP-2024-/ws_ros2/install/px4_ros_com/bin'
[21.192s] INFO:colcon.colcon_core.shell:Creating package script '/home/fidelis/NGCP-2024-/ws_ros2/install/px4_ros_com/share/px4_ros_com/package.ps1'
[21.193s] INFO:colcon.colcon_core.shell:Creating package descriptor '/home/fidelis/NGCP-2024-/ws_ros2/install/px4_ros_com/share/px4_ros_com/package.dsv'
[21.193s] INFO:colcon.colcon_core.shell:Creating package script '/home/fidelis/NGCP-2024-/ws_ros2/install/px4_ros_com/share/px4_ros_com/package.sh'
[21.193s] INFO:colcon.colcon_core.shell:Creating package script '/home/fidelis/NGCP-2024-/ws_ros2/install/px4_ros_com/share/px4_ros_com/package.bash'
[21.194s] INFO:colcon.colcon_core.shell:Creating package script '/home/fidelis/NGCP-2024-/ws_ros2/install/px4_ros_com/share/px4_ros_com/package.zsh'
[21.194s] Level 1:colcon.colcon_core.environment:create_file_with_runtime_dependencies(/home/fidelis/NGCP-2024-/ws_ros2/install/px4_ros_com/share/colcon-core/packages/px4_ros_com)
[21.237s] Level 1:colcon.colcon_core.environment:create_environment_scripts_only(px4_ros_com)
[21.238s] Level 1:colcon.colcon_core.environment:checking '/home/fidelis/NGCP-2024-/ws_ros2/install/px4_ros_com' for CMake module files
[21.238s] Level 1:colcon.colcon_core.environment:checking '/home/fidelis/NGCP-2024-/ws_ros2/install/px4_ros_com' for CMake config files
[21.239s] Level 1:colcon.colcon_core.shell:create_environment_hook('px4_ros_com', 'cmake_prefix_path')
[21.239s] INFO:colcon.colcon_core.shell:Creating environment hook '/home/fidelis/NGCP-2024-/ws_ros2/install/px4_ros_com/share/px4_ros_com/hook/cmake_prefix_path.ps1'
[21.240s] INFO:colcon.colcon_core.shell:Creating environment descriptor '/home/fidelis/NGCP-2024-/ws_ros2/install/px4_ros_com/share/px4_ros_com/hook/cmake_prefix_path.dsv'
[21.240s] INFO:colcon.colcon_core.shell:Creating environment hook '/home/fidelis/NGCP-2024-/ws_ros2/install/px4_ros_com/share/px4_ros_com/hook/cmake_prefix_path.sh'
[21.240s] Level 1:colcon.colcon_core.environment:checking '/home/fidelis/NGCP-2024-/ws_ros2/install/px4_ros_com/lib'
[21.240s] Level 1:colcon.colcon_core.shell:create_environment_hook('px4_ros_com', 'ld_library_path_lib')
[21.241s] INFO:colcon.colcon_core.shell:Creating environment hook '/home/fidelis/NGCP-2024-/ws_ros2/install/px4_ros_com/share/px4_ros_com/hook/ld_library_path_lib.ps1'
[21.241s] INFO:colcon.colcon_core.shell:Creating environment descriptor '/home/fidelis/NGCP-2024-/ws_ros2/install/px4_ros_com/share/px4_ros_com/hook/ld_library_path_lib.dsv'
[21.241s] INFO:colcon.colcon_core.shell:Creating environment hook '/home/fidelis/NGCP-2024-/ws_ros2/install/px4_ros_com/share/px4_ros_com/hook/ld_library_path_lib.sh'
[21.241s] Level 1:colcon.colcon_core.environment:checking '/home/fidelis/NGCP-2024-/ws_ros2/install/px4_ros_com/bin'
[21.241s] Level 1:colcon.colcon_core.environment:checking '/home/fidelis/NGCP-2024-/ws_ros2/install/px4_ros_com/lib/pkgconfig/px4_ros_com.pc'
[21.241s] Level 1:colcon.colcon_core.environment:checking '/home/fidelis/NGCP-2024-/ws_ros2/install/px4_ros_com/lib/python3.10/site-packages'
[21.241s] Level 1:colcon.colcon_core.environment:checking '/home/fidelis/NGCP-2024-/ws_ros2/install/px4_ros_com/bin'
[21.242s] INFO:colcon.colcon_core.shell:Creating package script '/home/fidelis/NGCP-2024-/ws_ros2/install/px4_ros_com/share/px4_ros_com/package.ps1'
[21.242s] INFO:colcon.colcon_core.shell:Creating package descriptor '/home/fidelis/NGCP-2024-/ws_ros2/install/px4_ros_com/share/px4_ros_com/package.dsv'
[21.242s] INFO:colcon.colcon_core.shell:Creating package script '/home/fidelis/NGCP-2024-/ws_ros2/install/px4_ros_com/share/px4_ros_com/package.sh'
[21.243s] INFO:colcon.colcon_core.shell:Creating package script '/home/fidelis/NGCP-2024-/ws_ros2/install/px4_ros_com/share/px4_ros_com/package.bash'
[21.243s] INFO:colcon.colcon_core.shell:Creating package script '/home/fidelis/NGCP-2024-/ws_ros2/install/px4_ros_com/share/px4_ros_com/package.zsh'
[21.243s] Level 1:colcon.colcon_core.environment:create_file_with_runtime_dependencies(/home/fidelis/NGCP-2024-/ws_ros2/install/px4_ros_com/share/colcon-core/packages/px4_ros_com)
[21.243s] DEBUG:colcon.colcon_parallel_executor.executor.parallel:closing loop
[21.244s] DEBUG:colcon.colcon_parallel_executor.executor.parallel:loop closed
[21.244s] DEBUG:colcon.colcon_parallel_executor.executor.parallel:run_until_complete finished with '0'
[21.244s] DEBUG:colcon.colcon_core.event_reactor:joining thread
[21.250s] INFO:colcon.colcon_core.plugin_system:Skipping extension 'colcon_notification.desktop_notification.terminal_notifier': Not used on non-Darwin systems
[21.250s] INFO:colcon.colcon_core.plugin_system:Skipping extension 'colcon_notification.desktop_notification.win32': Not used on non-Windows systems
[21.250s] INFO:colcon.colcon_notification.desktop_notification:Sending desktop notification using 'notify2'
[21.260s] DEBUG:colcon.colcon_core.event_reactor:joined thread
[21.261s] INFO:colcon.colcon_core.shell:Creating prefix script '/home/fidelis/NGCP-2024-/ws_ros2/install/local_setup.ps1'
[21.262s] INFO:colcon.colcon_core.shell:Creating prefix util module '/home/fidelis/NGCP-2024-/ws_ros2/install/_local_setup_util_ps1.py'
[21.263s] INFO:colcon.colcon_core.shell:Creating prefix chain script '/home/fidelis/NGCP-2024-/ws_ros2/install/setup.ps1'
[21.264s] INFO:colcon.colcon_core.shell:Creating prefix script '/home/fidelis/NGCP-2024-/ws_ros2/install/local_setup.sh'
[21.264s] INFO:colcon.colcon_core.shell:Creating prefix util module '/home/fidelis/NGCP-2024-/ws_ros2/install/_local_setup_util_sh.py'
[21.265s] INFO:colcon.colcon_core.shell:Creating prefix chain script '/home/fidelis/NGCP-2024-/ws_ros2/install/setup.sh'
[21.266s] INFO:colcon.colcon_core.shell:Creating prefix script '/home/fidelis/NGCP-2024-/ws_ros2/install/local_setup.bash'
[21.266s] INFO:colcon.colcon_core.shell:Creating prefix chain script '/home/fidelis/NGCP-2024-/ws_ros2/install/setup.bash'
[21.267s] INFO:colcon.colcon_core.shell:Creating prefix script '/home/fidelis/NGCP-2024-/ws_ros2/install/local_setup.zsh'
[21.268s] INFO:colcon.colcon_core.shell:Creating prefix chain script '/home/fidelis/NGCP-2024-/ws_ros2/install/setup.zsh'
