[0.009s] Invoking command in '/home/fidelis/NGCP-2024-/ws_ros2/build/px4_ros_com': AMENT_PREFIX_PATH=/home/fidelis/NGCP-2024-/ws_ros2/install/px4_msgs:${AMENT_PREFIX_PATH} CMAKE_PREFIX_PATH=/home/fidelis/NGCP-2024-/ws_ros2/install/px4_msgs:/opt/ros/humble LD_LIBRARY_PATH=/home/fidelis/NGCP-2024-/ws_ros2/install/px4_msgs/lib:${LD_LIBRARY_PATH} PYTHONPATH=/home/fidelis/NGCP-2024-/ws_ros2/install/px4_msgs/local/lib/python3.10/dist-packages:${PYTHONPATH} /usr/bin/cmake --build /home/fidelis/NGCP-2024-/ws_ros2/build/px4_ros_com -- -j16 -l16
[0.051s] [35m[1mConsolidate compiler generated dependencies of target offboard_control[0m
[0.062s] [ 66%] Built target debug_vect_advertiser
[0.062s] [ 66%] Built target vehicle_gps_position_listener
[0.062s] [ 66%] Built target sensor_combined_listener
[0.062s] [ 75%] Built target offboard_control_srv
[0.062s] [ 83%] Built target frame_transforms
[0.066s] [ 91%] Built target ament_cmake_python_symlink_px4_ros_com
[0.066s] [ 91%] [32mBuilding CXX object CMakeFiles/offboard_control.dir/src/examples/offboard/offboard_control.cpp.o[0m
[0.197s] running egg_info
[0.208s] writing px4_ros_com.egg-info/PKG-INFO
[0.208s] writing dependency_links to px4_ros_com.egg-info/dependency_links.txt
[0.208s] writing top-level names to px4_ros_com.egg-info/top_level.txt
[0.239s] reading manifest file 'px4_ros_com.egg-info/SOURCES.txt'
[0.239s] writing manifest file 'px4_ros_com.egg-info/SOURCES.txt'
[0.267s] [ 91%] Built target ament_cmake_python_build_px4_ros_com_egg
[2.881s] [01m[K/home/fidelis/NGCP-2024-/ws_ros2/src/px4_ros_com/src/examples/offboard/offboard_control.cpp:[m[K In constructor ‘[01m[KOffboardControl::OffboardControl()[m[K’:
[2.881s] [01m[K/home/fidelis/NGCP-2024-/ws_ros2/src/px4_ros_com/src/examples/offboard/offboard_control.cpp:61:131:[m[K [01;31m[Kerror: [m[K‘[01m[KOffboardPlane[m[K’ has not been declared
[2.881s]    61 |     vehicle_odometry_subscriber = this->create_subscription<VehicleOdometry>("/fmu/out/vehicle_odometry", qos_profile, std::bind(&[01;31m[KOffboardPlane[m[K::vehicle_odometry_callback, this, std::placeholders::_1));
[2.881s]       |                                                                                                                                   [01;31m[K^~~~~~~~~~~~~[m[K
[2.883s] gmake[2]: *** [CMakeFiles/offboard_control.dir/build.make:76: CMakeFiles/offboard_control.dir/src/examples/offboard/offboard_control.cpp.o] Error 1
[2.884s] gmake[1]: *** [CMakeFiles/Makefile2:254: CMakeFiles/offboard_control.dir/all] Error 2
[2.884s] gmake: *** [Makefile:146: all] Error 2
[2.887s] Invoked command in '/home/fidelis/NGCP-2024-/ws_ros2/build/px4_ros_com' returned '2': AMENT_PREFIX_PATH=/home/fidelis/NGCP-2024-/ws_ros2/install/px4_msgs:${AMENT_PREFIX_PATH} CMAKE_PREFIX_PATH=/home/fidelis/NGCP-2024-/ws_ros2/install/px4_msgs:/opt/ros/humble LD_LIBRARY_PATH=/home/fidelis/NGCP-2024-/ws_ros2/install/px4_msgs/lib:${LD_LIBRARY_PATH} PYTHONPATH=/home/fidelis/NGCP-2024-/ws_ros2/install/px4_msgs/local/lib/python3.10/dist-packages:${PYTHONPATH} /usr/bin/cmake --build /home/fidelis/NGCP-2024-/ws_ros2/build/px4_ros_com -- -j16 -l16
