[0.007s] Invoking command in '/home/fidelis/ws_offboard_control/build/px4_ros_com': AMENT_PREFIX_PATH=/home/fidelis/ws_offboard_control/install/px4_msgs:${AMENT_PREFIX_PATH} CMAKE_PREFIX_PATH=/home/fidelis/ws_offboard_control/install/px4_msgs:/opt/ros/humble LD_LIBRARY_PATH=/home/fidelis/ws_offboard_control/install/px4_msgs/lib:${LD_LIBRARY_PATH} PYTHONPATH=/home/fidelis/ws_offboard_control/install/px4_msgs/local/lib/python3.10/dist-packages:${PYTHONPATH} /usr/bin/cmake --build /home/fidelis/ws_offboard_control/build/px4_ros_com -- -j16 -l16
[0.045s] [35m[1mConsolidate compiler generated dependencies of target offboard_control[0m
[0.054s] [ 33%] Built target sensor_combined_listener
[0.054s] [ 58%] Built target frame_transforms
[0.055s] [ 66%] Built target offboard_control_srv
[0.055s] [ 75%] Built target debug_vect_advertiser
[0.055s] [ 83%] Built target vehicle_gps_position_listener
[0.060s] [ 91%] Built target ament_cmake_python_copy_px4_ros_com
[0.060s] [ 91%] [32mBuilding CXX object CMakeFiles/offboard_control.dir/src/examples/offboard/offboard_control.cpp.o[0m
[0.190s] running egg_info
[0.199s] writing px4_ros_com.egg-info/PKG-INFO
[0.199s] writing dependency_links to px4_ros_com.egg-info/dependency_links.txt
[0.199s] writing top-level names to px4_ros_com.egg-info/top_level.txt
[0.226s] reading manifest file 'px4_ros_com.egg-info/SOURCES.txt'
[0.227s] writing manifest file 'px4_ros_com.egg-info/SOURCES.txt'
[0.251s] [ 91%] Built target ament_cmake_python_build_px4_ros_com_egg
[9.627s] [01m[K/home/fidelis/ws_offboard_control/src/px4_ros_com/src/examples/offboard/offboard_control.cpp:[m[K In member function ‘[01m[Kvoid OffboardPlane::run()[m[K’:
[9.627s] [01m[K/home/fidelis/ws_offboard_control/src/px4_ros_com/src/examples/offboard/offboard_control.cpp:85:49:[m[K [01;35m[Kwarning: [m[Kconversion from ‘[01m[Kunsigned int[m[K’ to ‘[01m[Kuint16_t[m[K’ {aka ‘[01m[Kshort unsigned int[m[K’} changes value from ‘[01m[K100000[m[K’ to ‘[01m[K34464[m[K’ [[01;35m[K-Woverflow[m[K]
[9.627s]    85 |   this->publish_vehicle_command([01;35m[KVehicleCommand::VEHICLE_CMD_SET_GPS_GLOBAL_ORIGIN[m[K, 0.0, 0.0);
[9.627s]       |                                 [01;35m[K~~~~~~~~~~~~~~~~^~~~~~~~~~~~~~~~~~~~~~~~~~~~~~~~~[m[K
[9.627s] [01m[K/home/fidelis/ws_offboard_control/src/px4_ros_com/src/examples/offboard/offboard_control.cpp:116:31:[m[K [01;35m[Kwarning: [m[Kcomparison of integer expressions of different signedness: ‘[01m[Kint[m[K’ and ‘[01m[Kstd::vector<std::vector<float> >::size_type[m[K’ {aka ‘[01m[Klong unsigned int[m[K’} [[01;35m[K-Wsign-compare[m[K]
[9.627s]   116 |       if ([01;35m[Kwaypoint_index_ + 1 == local_waypoints_.size()[m[K) {
[9.627s]       |           [01;35m[K~~~~~~~~~~~~~~~~~~~~^~~~~~~~~~~~~~~~~~~~~~~~~~[m[K
[9.639s] [100%] [32m[1mLinking CXX executable offboard_control[0m
[10.086s] [100%] Built target offboard_control
[10.096s] Invoked command in '/home/fidelis/ws_offboard_control/build/px4_ros_com' returned '0': AMENT_PREFIX_PATH=/home/fidelis/ws_offboard_control/install/px4_msgs:${AMENT_PREFIX_PATH} CMAKE_PREFIX_PATH=/home/fidelis/ws_offboard_control/install/px4_msgs:/opt/ros/humble LD_LIBRARY_PATH=/home/fidelis/ws_offboard_control/install/px4_msgs/lib:${LD_LIBRARY_PATH} PYTHONPATH=/home/fidelis/ws_offboard_control/install/px4_msgs/local/lib/python3.10/dist-packages:${PYTHONPATH} /usr/bin/cmake --build /home/fidelis/ws_offboard_control/build/px4_ros_com -- -j16 -l16
[10.136s] Invoking command in '/home/fidelis/ws_offboard_control/build/px4_ros_com': AMENT_PREFIX_PATH=/home/fidelis/ws_offboard_control/install/px4_msgs:${AMENT_PREFIX_PATH} CMAKE_PREFIX_PATH=/home/fidelis/ws_offboard_control/install/px4_msgs:/opt/ros/humble LD_LIBRARY_PATH=/home/fidelis/ws_offboard_control/install/px4_msgs/lib:${LD_LIBRARY_PATH} PYTHONPATH=/home/fidelis/ws_offboard_control/install/px4_msgs/local/lib/python3.10/dist-packages:${PYTHONPATH} /usr/bin/cmake --install /home/fidelis/ws_offboard_control/build/px4_ros_com
[10.143s] -- Install configuration: ""
[10.143s] -- Up-to-date: /home/fidelis/ws_offboard_control/install/px4_ros_com/lib/px4_ros_com/sensor_combined_listener
[10.143s] -- Up-to-date: /home/fidelis/ws_offboard_control/install/px4_ros_com/lib/px4_ros_com/vehicle_gps_position_listener
[10.143s] -- Up-to-date: /home/fidelis/ws_offboard_control/install/px4_ros_com/lib/px4_ros_com/debug_vect_advertiser
[10.143s] -- Installing: /home/fidelis/ws_offboard_control/install/px4_ros_com/lib/px4_ros_com/offboard_control
[10.151s] -- Set runtime path of "/home/fidelis/ws_offboard_control/install/px4_ros_com/lib/px4_ros_com/offboard_control" to ""
[10.152s] -- Up-to-date: /home/fidelis/ws_offboard_control/install/px4_ros_com/lib/px4_ros_com/offboard_control_srv
[10.152s] -- Up-to-date: /home/fidelis/ws_offboard_control/install/px4_ros_com/share/px4_ros_com/environment/library_path.sh
[10.152s] -- Up-to-date: /home/fidelis/ws_offboard_control/install/px4_ros_com/share/px4_ros_com/environment/library_path.dsv
[10.152s] -- Up-to-date: /home/fidelis/ws_offboard_control/install/px4_ros_com/include/px4_ros_com
[10.152s] -- Up-to-date: /home/fidelis/ws_offboard_control/install/px4_ros_com/include/px4_ros_com/frame_transforms.h
[10.152s] -- Up-to-date: /home/fidelis/ws_offboard_control/install/px4_ros_com/lib/libframe_transforms.so
[10.152s] -- Up-to-date: /home/fidelis/ws_offboard_control/install/px4_ros_com/share/px4_ros_com//launch
[10.152s] -- Up-to-date: /home/fidelis/ws_offboard_control/install/px4_ros_com/share/px4_ros_com//launch/offboard_control_launch.yaml
[10.152s] -- Up-to-date: /home/fidelis/ws_offboard_control/install/px4_ros_com/share/px4_ros_com//launch/sensor_combined_listener.launch.py
[10.153s] -- Up-to-date: /home/fidelis/ws_offboard_control/install/px4_ros_com/share/px4_ros_com//test
[10.153s] -- Up-to-date: /home/fidelis/ws_offboard_control/install/px4_ros_com/share/px4_ros_com//test/test_output.py
[10.153s] -- Up-to-date: /home/fidelis/ws_offboard_control/install/px4_ros_com/share/px4_ros_com//test/pipeline_io_test.py
[10.153s] -- Up-to-date: /home/fidelis/ws_offboard_control/install/px4_ros_com/share/px4_ros_com//test/test_input.py
[10.153s] -- Up-to-date: /home/fidelis/ws_offboard_control/install/px4_ros_com/share/px4_ros_com//test/__init__.py
[10.153s] -- Up-to-date: /home/fidelis/ws_offboard_control/install/px4_ros_com/share/px4_ros_com/environment/pythonpath.sh
[10.153s] -- Up-to-date: /home/fidelis/ws_offboard_control/install/px4_ros_com/share/px4_ros_com/environment/pythonpath.dsv
[10.153s] -- Up-to-date: /home/fidelis/ws_offboard_control/install/px4_ros_com/local/lib/python3.10/dist-packages/px4_ros_com-0.1.0-py3.10.egg-info
[10.153s] -- Installing: /home/fidelis/ws_offboard_control/install/px4_ros_com/local/lib/python3.10/dist-packages/px4_ros_com-0.1.0-py3.10.egg-info/PKG-INFO
[10.153s] -- Installing: /home/fidelis/ws_offboard_control/install/px4_ros_com/local/lib/python3.10/dist-packages/px4_ros_com-0.1.0-py3.10.egg-info/dependency_links.txt
[10.153s] -- Installing: /home/fidelis/ws_offboard_control/install/px4_ros_com/local/lib/python3.10/dist-packages/px4_ros_com-0.1.0-py3.10.egg-info/top_level.txt
[10.153s] -- Installing: /home/fidelis/ws_offboard_control/install/px4_ros_com/local/lib/python3.10/dist-packages/px4_ros_com-0.1.0-py3.10.egg-info/SOURCES.txt
[10.153s] -- Up-to-date: /home/fidelis/ws_offboard_control/install/px4_ros_com/local/lib/python3.10/dist-packages/px4_ros_com
[10.153s] -- Up-to-date: /home/fidelis/ws_offboard_control/install/px4_ros_com/local/lib/python3.10/dist-packages/px4_ros_com/module_to_import.py
[10.153s] -- Up-to-date: /home/fidelis/ws_offboard_control/install/px4_ros_com/local/lib/python3.10/dist-packages/px4_ros_com/__init__.py
[10.174s] Listing '/home/fidelis/ws_offboard_control/install/px4_ros_com/local/lib/python3.10/dist-packages/px4_ros_com'...
[10.179s] -- Up-to-date: /home/fidelis/ws_offboard_control/install/px4_ros_com/lib/px4_ros_com/offboard_control.py
[10.179s] -- Up-to-date: /home/fidelis/ws_offboard_control/install/px4_ros_com/share/ament_index/resource_index/package_run_dependencies/px4_ros_com
[10.179s] -- Up-to-date: /home/fidelis/ws_offboard_control/install/px4_ros_com/share/ament_index/resource_index/parent_prefix_path/px4_ros_com
[10.179s] -- Up-to-date: /home/fidelis/ws_offboard_control/install/px4_ros_com/share/px4_ros_com/environment/ament_prefix_path.sh
[10.179s] -- Up-to-date: /home/fidelis/ws_offboard_control/install/px4_ros_com/share/px4_ros_com/environment/ament_prefix_path.dsv
[10.179s] -- Up-to-date: /home/fidelis/ws_offboard_control/install/px4_ros_com/share/px4_ros_com/environment/path.sh
[10.179s] -- Up-to-date: /home/fidelis/ws_offboard_control/install/px4_ros_com/share/px4_ros_com/environment/path.dsv
[10.179s] -- Up-to-date: /home/fidelis/ws_offboard_control/install/px4_ros_com/share/px4_ros_com/local_setup.bash
[10.179s] -- Up-to-date: /home/fidelis/ws_offboard_control/install/px4_ros_com/share/px4_ros_com/local_setup.sh
[10.179s] -- Up-to-date: /home/fidelis/ws_offboard_control/install/px4_ros_com/share/px4_ros_com/local_setup.zsh
[10.179s] -- Up-to-date: /home/fidelis/ws_offboard_control/install/px4_ros_com/share/px4_ros_com/local_setup.dsv
[10.179s] -- Installing: /home/fidelis/ws_offboard_control/install/px4_ros_com/share/px4_ros_com/package.dsv
[10.179s] -- Up-to-date: /home/fidelis/ws_offboard_control/install/px4_ros_com/share/ament_index/resource_index/packages/px4_ros_com
[10.179s] -- Up-to-date: /home/fidelis/ws_offboard_control/install/px4_ros_com/share/px4_ros_com/cmake/export_frame_transformsExport.cmake
[10.180s] -- Up-to-date: /home/fidelis/ws_offboard_control/install/px4_ros_com/share/px4_ros_com/cmake/export_frame_transformsExport-noconfig.cmake
[10.180s] -- Up-to-date: /home/fidelis/ws_offboard_control/install/px4_ros_com/share/px4_ros_com/cmake/ament_cmake_export_dependencies-extras.cmake
[10.180s] -- Up-to-date: /home/fidelis/ws_offboard_control/install/px4_ros_com/share/px4_ros_com/cmake/ament_cmake_export_targets-extras.cmake
[10.180s] -- Up-to-date: /home/fidelis/ws_offboard_control/install/px4_ros_com/share/px4_ros_com/cmake/ament_cmake_export_include_directories-extras.cmake
[10.180s] -- Up-to-date: /home/fidelis/ws_offboard_control/install/px4_ros_com/share/px4_ros_com/cmake/ament_cmake_export_libraries-extras.cmake
[10.180s] -- Up-to-date: /home/fidelis/ws_offboard_control/install/px4_ros_com/share/px4_ros_com/cmake/px4_ros_comConfig.cmake
[10.180s] -- Up-to-date: /home/fidelis/ws_offboard_control/install/px4_ros_com/share/px4_ros_com/cmake/px4_ros_comConfig-version.cmake
[10.180s] -- Up-to-date: /home/fidelis/ws_offboard_control/install/px4_ros_com/share/px4_ros_com/package.xml
[10.182s] Invoked command in '/home/fidelis/ws_offboard_control/build/px4_ros_com' returned '0': AMENT_PREFIX_PATH=/home/fidelis/ws_offboard_control/install/px4_msgs:${AMENT_PREFIX_PATH} CMAKE_PREFIX_PATH=/home/fidelis/ws_offboard_control/install/px4_msgs:/opt/ros/humble LD_LIBRARY_PATH=/home/fidelis/ws_offboard_control/install/px4_msgs/lib:${LD_LIBRARY_PATH} PYTHONPATH=/home/fidelis/ws_offboard_control/install/px4_msgs/local/lib/python3.10/dist-packages:${PYTHONPATH} /usr/bin/cmake --install /home/fidelis/ws_offboard_control/build/px4_ros_com
