[0.088s] DEBUG:colcon:Command line arguments: ['/usr/bin/colcon', 'build']
[0.088s] DEBUG:colcon:Parsed command line arguments: Namespace(log_base=None, log_level=None, verb_name='build', build_base='build', install_base='install', merge_install=False, symlink_install=False, test_result_base=None, continue_on_error=False, executor='parallel', parallel_workers=16, event_handlers=None, ignore_user_meta=False, metas=['./colcon.meta'], base_paths=['.'], packages_ignore=None, packages_ignore_regex=None, paths=None, packages_up_to=None, packages_up_to_regex=None, packages_above=None, packages_above_and_dependencies=None, packages_above_depth=None, packages_select_by_dep=None, packages_skip_by_dep=None, packages_skip_up_to=None, packages_select_build_failed=False, packages_skip_build_finished=False, packages_select_test_failures=False, packages_skip_test_passed=False, packages_select=None, packages_skip=None, packages_select_regex=None, packages_skip_regex=None, packages_start=None, packages_end=None, allow_overriding=[], cmake_args=None, cmake_target=None, cmake_target_skip_unavailable=False, cmake_clean_cache=False, cmake_clean_first=False, cmake_force_configure=False, ament_cmake_args=None, catkin_cmake_args=None, catkin_skip_building_tests=False, mixin_files=None, mixin=None, verb_parser=<colcon_mixin.mixin.mixin_argument.MixinArgumentDecorator object at 0x75a894a46c50>, verb_extension=<colcon_core.verb.build.BuildVerb object at 0x75a894a45ff0>, main=<bound method BuildVerb.main of <colcon_core.verb.build.BuildVerb object at 0x75a894a45ff0>>, mixin_verb=('build',))
[0.123s] Level 1:colcon.colcon_core.package_discovery:discover_packages(colcon_meta) check parameters
[0.123s] Level 1:colcon.colcon_core.package_discovery:discover_packages(recursive) check parameters
[0.123s] Level 1:colcon.colcon_core.package_discovery:discover_packages(ignore) check parameters
[0.124s] Level 1:colcon.colcon_core.package_discovery:discover_packages(path) check parameters
[0.124s] Level 1:colcon.colcon_core.package_discovery:discover_packages(colcon_meta) discover
[0.124s] Level 1:colcon.colcon_core.package_discovery:discover_packages(recursive) discover
[0.124s] INFO:colcon.colcon_core.package_discovery:Crawling recursively for packages in '/home/fidelis/ws_offboard_control'
[0.124s] Level 1:colcon.colcon_core.package_identification:_identify(.) by extensions ['ignore', 'ignore_ament_install']
[0.124s] Level 1:colcon.colcon_core.package_identification:_identify(.) by extension 'ignore'
[0.124s] Level 1:colcon.colcon_core.package_identification:_identify(.) by extension 'ignore_ament_install'
[0.124s] Level 1:colcon.colcon_core.package_identification:_identify(.) by extensions ['colcon_pkg']
[0.124s] Level 1:colcon.colcon_core.package_identification:_identify(.) by extension 'colcon_pkg'
[0.124s] Level 1:colcon.colcon_core.package_identification:_identify(.) by extensions ['colcon_meta']
[0.124s] Level 1:colcon.colcon_core.package_identification:_identify(.) by extension 'colcon_meta'
[0.124s] Level 1:colcon.colcon_core.package_identification:_identify(.) by extensions ['ros']
[0.124s] Level 1:colcon.colcon_core.package_identification:_identify(.) by extension 'ros'
[0.138s] Level 1:colcon.colcon_core.package_identification:_identify(.) by extensions ['cmake', 'python']
[0.138s] Level 1:colcon.colcon_core.package_identification:_identify(.) by extension 'cmake'
[0.138s] Level 1:colcon.colcon_core.package_identification:_identify(.) by extension 'python'
[0.138s] Level 1:colcon.colcon_core.package_identification:_identify(.) by extensions ['python_setup_py']
[0.138s] Level 1:colcon.colcon_core.package_identification:_identify(.) by extension 'python_setup_py'
[0.138s] Level 1:colcon.colcon_core.package_identification:_identify(build) by extensions ['ignore', 'ignore_ament_install']
[0.138s] Level 1:colcon.colcon_core.package_identification:_identify(build) by extension 'ignore'
[0.138s] Level 1:colcon.colcon_core.package_identification:_identify(build) ignored
[0.138s] Level 1:colcon.colcon_core.package_identification:_identify(install) by extensions ['ignore', 'ignore_ament_install']
[0.138s] Level 1:colcon.colcon_core.package_identification:_identify(install) by extension 'ignore'
[0.138s] Level 1:colcon.colcon_core.package_identification:_identify(install) ignored
[0.138s] Level 1:colcon.colcon_core.package_identification:_identify(log) by extensions ['ignore', 'ignore_ament_install']
[0.138s] Level 1:colcon.colcon_core.package_identification:_identify(log) by extension 'ignore'
[0.138s] Level 1:colcon.colcon_core.package_identification:_identify(log) ignored
[0.138s] Level 1:colcon.colcon_core.package_identification:_identify(src) by extensions ['ignore', 'ignore_ament_install']
[0.138s] Level 1:colcon.colcon_core.package_identification:_identify(src) by extension 'ignore'
[0.138s] Level 1:colcon.colcon_core.package_identification:_identify(src) by extension 'ignore_ament_install'
[0.139s] Level 1:colcon.colcon_core.package_identification:_identify(src) by extensions ['colcon_pkg']
[0.139s] Level 1:colcon.colcon_core.package_identification:_identify(src) by extension 'colcon_pkg'
[0.139s] Level 1:colcon.colcon_core.package_identification:_identify(src) by extensions ['colcon_meta']
[0.139s] Level 1:colcon.colcon_core.package_identification:_identify(src) by extension 'colcon_meta'
[0.139s] Level 1:colcon.colcon_core.package_identification:_identify(src) by extensions ['ros']
[0.139s] Level 1:colcon.colcon_core.package_identification:_identify(src) by extension 'ros'
[0.139s] Level 1:colcon.colcon_core.package_identification:_identify(src) by extensions ['cmake', 'python']
[0.139s] Level 1:colcon.colcon_core.package_identification:_identify(src) by extension 'cmake'
[0.139s] Level 1:colcon.colcon_core.package_identification:_identify(src) by extension 'python'
[0.139s] Level 1:colcon.colcon_core.package_identification:_identify(src) by extensions ['python_setup_py']
[0.139s] Level 1:colcon.colcon_core.package_identification:_identify(src) by extension 'python_setup_py'
[0.139s] Level 1:colcon.colcon_core.package_identification:_identify(src/px4_msgs) by extensions ['ignore', 'ignore_ament_install']
[0.139s] Level 1:colcon.colcon_core.package_identification:_identify(src/px4_msgs) by extension 'ignore'
[0.139s] Level 1:colcon.colcon_core.package_identification:_identify(src/px4_msgs) by extension 'ignore_ament_install'
[0.139s] Level 1:colcon.colcon_core.package_identification:_identify(src/px4_msgs) by extensions ['colcon_pkg']
[0.139s] Level 1:colcon.colcon_core.package_identification:_identify(src/px4_msgs) by extension 'colcon_pkg'
[0.139s] Level 1:colcon.colcon_core.package_identification:_identify(src/px4_msgs) by extensions ['colcon_meta']
[0.139s] Level 1:colcon.colcon_core.package_identification:_identify(src/px4_msgs) by extension 'colcon_meta'
[0.139s] Level 1:colcon.colcon_core.package_identification:_identify(src/px4_msgs) by extensions ['ros']
[0.139s] Level 1:colcon.colcon_core.package_identification:_identify(src/px4_msgs) by extension 'ros'
[0.141s] DEBUG:colcon.colcon_core.package_identification:Package 'src/px4_msgs' with type 'ros.ament_cmake' and name 'px4_msgs'
[0.141s] Level 1:colcon.colcon_core.package_identification:_identify(src/px4_ros_com) by extensions ['ignore', 'ignore_ament_install']
[0.141s] Level 1:colcon.colcon_core.package_identification:_identify(src/px4_ros_com) by extension 'ignore'
[0.141s] Level 1:colcon.colcon_core.package_identification:_identify(src/px4_ros_com) by extension 'ignore_ament_install'
[0.141s] Level 1:colcon.colcon_core.package_identification:_identify(src/px4_ros_com) by extensions ['colcon_pkg']
[0.141s] Level 1:colcon.colcon_core.package_identification:_identify(src/px4_ros_com) by extension 'colcon_pkg'
[0.141s] Level 1:colcon.colcon_core.package_identification:_identify(src/px4_ros_com) by extensions ['colcon_meta']
[0.141s] Level 1:colcon.colcon_core.package_identification:_identify(src/px4_ros_com) by extension 'colcon_meta'
[0.141s] Level 1:colcon.colcon_core.package_identification:_identify(src/px4_ros_com) by extensions ['ros']
[0.141s] Level 1:colcon.colcon_core.package_identification:_identify(src/px4_ros_com) by extension 'ros'
[0.142s] DEBUG:colcon.colcon_core.package_identification:Package 'src/px4_ros_com' with type 'ros.ament_cmake' and name 'px4_ros_com'
[0.143s] Level 1:colcon.colcon_core.package_discovery:discover_packages(recursive) using defaults
[0.143s] Level 1:colcon.colcon_core.package_discovery:discover_packages(ignore) discover
[0.143s] Level 1:colcon.colcon_core.package_discovery:discover_packages(ignore) using defaults
[0.143s] Level 1:colcon.colcon_core.package_discovery:discover_packages(path) discover
[0.143s] Level 1:colcon.colcon_core.package_discovery:discover_packages(path) using defaults
[0.160s] Level 1:colcon.colcon_core.package_discovery:discover_packages(prefix_path) check parameters
[0.160s] Level 1:colcon.colcon_core.package_discovery:discover_packages(prefix_path) discover
[0.162s] DEBUG:colcon.colcon_installed_package_information.package_discovery:Found 270 installed packages in /opt/ros/humble
[0.163s] Level 1:colcon.colcon_core.package_discovery:discover_packages(prefix_path) using defaults
[0.191s] Level 5:colcon.colcon_core.verb:set package 'px4_msgs' build argument 'cmake_args' from command line to 'None'
[0.191s] Level 5:colcon.colcon_core.verb:set package 'px4_msgs' build argument 'cmake_target' from command line to 'None'
[0.191s] Level 5:colcon.colcon_core.verb:set package 'px4_msgs' build argument 'cmake_target_skip_unavailable' from command line to 'False'
[0.191s] Level 5:colcon.colcon_core.verb:set package 'px4_msgs' build argument 'cmake_clean_cache' from command line to 'False'
[0.191s] Level 5:colcon.colcon_core.verb:set package 'px4_msgs' build argument 'cmake_clean_first' from command line to 'False'
[0.191s] Level 5:colcon.colcon_core.verb:set package 'px4_msgs' build argument 'cmake_force_configure' from command line to 'False'
[0.191s] Level 5:colcon.colcon_core.verb:set package 'px4_msgs' build argument 'ament_cmake_args' from command line to 'None'
[0.191s] Level 5:colcon.colcon_core.verb:set package 'px4_msgs' build argument 'catkin_cmake_args' from command line to 'None'
[0.191s] Level 5:colcon.colcon_core.verb:set package 'px4_msgs' build argument 'catkin_skip_building_tests' from command line to 'False'
[0.191s] DEBUG:colcon.colcon_core.verb:Building package 'px4_msgs' with the following arguments: {'ament_cmake_args': None, 'build_base': '/home/fidelis/ws_offboard_control/build/px4_msgs', 'catkin_cmake_args': None, 'catkin_skip_building_tests': False, 'cmake_args': None, 'cmake_clean_cache': False, 'cmake_clean_first': False, 'cmake_force_configure': False, 'cmake_target': None, 'cmake_target_skip_unavailable': False, 'install_base': '/home/fidelis/ws_offboard_control/install/px4_msgs', 'merge_install': False, 'path': '/home/fidelis/ws_offboard_control/src/px4_msgs', 'symlink_install': False, 'test_result_base': None}
[0.192s] Level 5:colcon.colcon_core.verb:set package 'px4_ros_com' build argument 'cmake_args' from command line to 'None'
[0.192s] Level 5:colcon.colcon_core.verb:set package 'px4_ros_com' build argument 'cmake_target' from command line to 'None'
[0.192s] Level 5:colcon.colcon_core.verb:set package 'px4_ros_com' build argument 'cmake_target_skip_unavailable' from command line to 'False'
[0.192s] Level 5:colcon.colcon_core.verb:set package 'px4_ros_com' build argument 'cmake_clean_cache' from command line to 'False'
[0.192s] Level 5:colcon.colcon_core.verb:set package 'px4_ros_com' build argument 'cmake_clean_first' from command line to 'False'
[0.192s] Level 5:colcon.colcon_core.verb:set package 'px4_ros_com' build argument 'cmake_force_configure' from command line to 'False'
[0.192s] Level 5:colcon.colcon_core.verb:set package 'px4_ros_com' build argument 'ament_cmake_args' from command line to 'None'
[0.192s] Level 5:colcon.colcon_core.verb:set package 'px4_ros_com' build argument 'catkin_cmake_args' from command line to 'None'
[0.192s] Level 5:colcon.colcon_core.verb:set package 'px4_ros_com' build argument 'catkin_skip_building_tests' from command line to 'False'
[0.192s] DEBUG:colcon.colcon_core.verb:Building package 'px4_ros_com' with the following arguments: {'ament_cmake_args': None, 'build_base': '/home/fidelis/ws_offboard_control/build/px4_ros_com', 'catkin_cmake_args': None, 'catkin_skip_building_tests': False, 'cmake_args': None, 'cmake_clean_cache': False, 'cmake_clean_first': False, 'cmake_force_configure': False, 'cmake_target': None, 'cmake_target_skip_unavailable': False, 'install_base': '/home/fidelis/ws_offboard_control/install/px4_ros_com', 'merge_install': False, 'path': '/home/fidelis/ws_offboard_control/src/px4_ros_com', 'symlink_install': False, 'test_result_base': None}
[0.192s] INFO:colcon.colcon_core.executor:Executing jobs using 'parallel' executor
[0.193s] DEBUG:colcon.colcon_parallel_executor.executor.parallel:run_until_complete
[0.194s] INFO:colcon.colcon_ros.task.ament_cmake.build:Building ROS package in '/home/fidelis/ws_offboard_control/src/px4_msgs' with build type 'ament_cmake'
[0.194s] INFO:colcon.colcon_cmake.task.cmake.build:Building CMake package in '/home/fidelis/ws_offboard_control/src/px4_msgs'
[0.196s] INFO:colcon.colcon_core.plugin_system:Skipping extension 'colcon_core.shell.bat': Not used on non-Windows systems
[0.196s] INFO:colcon.colcon_core.shell:Skip shell extension 'powershell' for command environment: Not usable outside of PowerShell
[0.196s] DEBUG:colcon.colcon_core.shell:Skip shell extension 'dsv' for command environment
[0.207s] DEBUG:colcon.colcon_core.event_handler.log_command:Invoking command in '/home/fidelis/ws_offboard_control/build/px4_msgs': CMAKE_PREFIX_PATH=/opt/ros/humble /usr/bin/cmake --build /home/fidelis/ws_offboard_control/build/px4_msgs -- -j16 -l16
[1.126s] DEBUG:colcon.colcon_core.event_handler.log_command:Invoked command in '/home/fidelis/ws_offboard_control/build/px4_msgs' returned '0': CMAKE_PREFIX_PATH=/opt/ros/humble /usr/bin/cmake --build /home/fidelis/ws_offboard_control/build/px4_msgs -- -j16 -l16
[8.605s] DEBUG:colcon.colcon_core.event_handler.log_command:Invoking command in '/home/fidelis/ws_offboard_control/build/px4_msgs': CMAKE_PREFIX_PATH=/opt/ros/humble /usr/bin/cmake --install /home/fidelis/ws_offboard_control/build/px4_msgs
[8.998s] Level 1:colcon.colcon_core.environment:create_environment_scripts_only(px4_msgs)
[8.999s] DEBUG:colcon.colcon_core.event_handler.log_command:Invoked command in '/home/fidelis/ws_offboard_control/build/px4_msgs' returned '0': CMAKE_PREFIX_PATH=/opt/ros/humble /usr/bin/cmake --install /home/fidelis/ws_offboard_control/build/px4_msgs
[9.001s] Level 1:colcon.colcon_core.environment:checking '/home/fidelis/ws_offboard_control/install/px4_msgs' for CMake module files
[9.001s] Level 1:colcon.colcon_core.environment:checking '/home/fidelis/ws_offboard_control/install/px4_msgs' for CMake config files
[9.006s] Level 1:colcon.colcon_core.shell:create_environment_hook('px4_msgs', 'cmake_prefix_path')
[9.006s] INFO:colcon.colcon_core.shell:Creating environment hook '/home/fidelis/ws_offboard_control/install/px4_msgs/share/px4_msgs/hook/cmake_prefix_path.ps1'
[9.006s] INFO:colcon.colcon_core.shell:Creating environment descriptor '/home/fidelis/ws_offboard_control/install/px4_msgs/share/px4_msgs/hook/cmake_prefix_path.dsv'
[9.007s] INFO:colcon.colcon_core.shell:Creating environment hook '/home/fidelis/ws_offboard_control/install/px4_msgs/share/px4_msgs/hook/cmake_prefix_path.sh'
[9.008s] Level 1:colcon.colcon_core.environment:checking '/home/fidelis/ws_offboard_control/install/px4_msgs/lib'
[9.008s] Level 1:colcon.colcon_core.shell:create_environment_hook('px4_msgs', 'ld_library_path_lib')
[9.008s] INFO:colcon.colcon_core.shell:Creating environment hook '/home/fidelis/ws_offboard_control/install/px4_msgs/share/px4_msgs/hook/ld_library_path_lib.ps1'
[9.008s] INFO:colcon.colcon_core.shell:Creating environment descriptor '/home/fidelis/ws_offboard_control/install/px4_msgs/share/px4_msgs/hook/ld_library_path_lib.dsv'
[9.008s] INFO:colcon.colcon_core.shell:Creating environment hook '/home/fidelis/ws_offboard_control/install/px4_msgs/share/px4_msgs/hook/ld_library_path_lib.sh'
[9.009s] Level 1:colcon.colcon_core.environment:checking '/home/fidelis/ws_offboard_control/install/px4_msgs/bin'
[9.009s] Level 1:colcon.colcon_core.environment:checking '/home/fidelis/ws_offboard_control/install/px4_msgs/lib/pkgconfig/px4_msgs.pc'
[9.009s] Level 1:colcon.colcon_core.environment:checking '/home/fidelis/ws_offboard_control/install/px4_msgs/lib/python3.10/site-packages'
[9.009s] Level 1:colcon.colcon_core.environment:checking '/home/fidelis/ws_offboard_control/install/px4_msgs/bin'
[9.009s] INFO:colcon.colcon_core.shell:Creating package script '/home/fidelis/ws_offboard_control/install/px4_msgs/share/px4_msgs/package.ps1'
[9.010s] INFO:colcon.colcon_core.shell:Creating package descriptor '/home/fidelis/ws_offboard_control/install/px4_msgs/share/px4_msgs/package.dsv'
[9.010s] INFO:colcon.colcon_core.shell:Creating package script '/home/fidelis/ws_offboard_control/install/px4_msgs/share/px4_msgs/package.sh'
[9.011s] INFO:colcon.colcon_core.shell:Creating package script '/home/fidelis/ws_offboard_control/install/px4_msgs/share/px4_msgs/package.bash'
[9.011s] INFO:colcon.colcon_core.shell:Creating package script '/home/fidelis/ws_offboard_control/install/px4_msgs/share/px4_msgs/package.zsh'
[9.012s] Level 1:colcon.colcon_core.environment:create_file_with_runtime_dependencies(/home/fidelis/ws_offboard_control/install/px4_msgs/share/colcon-core/packages/px4_msgs)
[15.876s] Level 1:colcon.colcon_core.environment:create_environment_scripts_only(px4_msgs)
[15.876s] Level 1:colcon.colcon_core.environment:checking '/home/fidelis/ws_offboard_control/install/px4_msgs' for CMake module files
[15.878s] Level 1:colcon.colcon_core.environment:checking '/home/fidelis/ws_offboard_control/install/px4_msgs' for CMake config files
[15.882s] Level 1:colcon.colcon_core.shell:create_environment_hook('px4_msgs', 'cmake_prefix_path')
[15.882s] INFO:colcon.colcon_core.shell:Creating environment hook '/home/fidelis/ws_offboard_control/install/px4_msgs/share/px4_msgs/hook/cmake_prefix_path.ps1'
[15.883s] INFO:colcon.colcon_core.shell:Creating environment descriptor '/home/fidelis/ws_offboard_control/install/px4_msgs/share/px4_msgs/hook/cmake_prefix_path.dsv'
[15.883s] INFO:colcon.colcon_core.shell:Creating environment hook '/home/fidelis/ws_offboard_control/install/px4_msgs/share/px4_msgs/hook/cmake_prefix_path.sh'
[15.883s] Level 1:colcon.colcon_core.environment:checking '/home/fidelis/ws_offboard_control/install/px4_msgs/lib'
[15.884s] Level 1:colcon.colcon_core.shell:create_environment_hook('px4_msgs', 'ld_library_path_lib')
[15.884s] INFO:colcon.colcon_core.shell:Creating environment hook '/home/fidelis/ws_offboard_control/install/px4_msgs/share/px4_msgs/hook/ld_library_path_lib.ps1'
[15.884s] INFO:colcon.colcon_core.shell:Creating environment descriptor '/home/fidelis/ws_offboard_control/install/px4_msgs/share/px4_msgs/hook/ld_library_path_lib.dsv'
[15.884s] INFO:colcon.colcon_core.shell:Creating environment hook '/home/fidelis/ws_offboard_control/install/px4_msgs/share/px4_msgs/hook/ld_library_path_lib.sh'
[15.885s] Level 1:colcon.colcon_core.environment:checking '/home/fidelis/ws_offboard_control/install/px4_msgs/bin'
[15.885s] Level 1:colcon.colcon_core.environment:checking '/home/fidelis/ws_offboard_control/install/px4_msgs/lib/pkgconfig/px4_msgs.pc'
[15.885s] Level 1:colcon.colcon_core.environment:checking '/home/fidelis/ws_offboard_control/install/px4_msgs/lib/python3.10/site-packages'
[15.885s] Level 1:colcon.colcon_core.environment:checking '/home/fidelis/ws_offboard_control/install/px4_msgs/bin'
[15.885s] INFO:colcon.colcon_core.shell:Creating package script '/home/fidelis/ws_offboard_control/install/px4_msgs/share/px4_msgs/package.ps1'
[15.886s] INFO:colcon.colcon_core.shell:Creating package descriptor '/home/fidelis/ws_offboard_control/install/px4_msgs/share/px4_msgs/package.dsv'
[15.886s] INFO:colcon.colcon_core.shell:Creating package script '/home/fidelis/ws_offboard_control/install/px4_msgs/share/px4_msgs/package.sh'
[15.886s] INFO:colcon.colcon_core.shell:Creating package script '/home/fidelis/ws_offboard_control/install/px4_msgs/share/px4_msgs/package.bash'
[15.886s] INFO:colcon.colcon_core.shell:Creating package script '/home/fidelis/ws_offboard_control/install/px4_msgs/share/px4_msgs/package.zsh'
[15.887s] Level 1:colcon.colcon_core.environment:create_file_with_runtime_dependencies(/home/fidelis/ws_offboard_control/install/px4_msgs/share/colcon-core/packages/px4_msgs)
[15.887s] INFO:colcon.colcon_ros.task.ament_cmake.build:Building ROS package in '/home/fidelis/ws_offboard_control/src/px4_ros_com' with build type 'ament_cmake'
[15.887s] INFO:colcon.colcon_cmake.task.cmake.build:Building CMake package in '/home/fidelis/ws_offboard_control/src/px4_ros_com'
[15.887s] INFO:colcon.colcon_core.shell:Skip shell extension 'powershell' for command environment: Not usable outside of PowerShell
[15.887s] DEBUG:colcon.colcon_core.shell:Skip shell extension 'dsv' for command environment
[15.901s] DEBUG:colcon.colcon_core.event_handler.log_command:Invoking command in '/home/fidelis/ws_offboard_control/build/px4_ros_com': AMENT_PREFIX_PATH=/home/fidelis/ws_offboard_control/install/px4_msgs:${AMENT_PREFIX_PATH} CMAKE_PREFIX_PATH=/home/fidelis/ws_offboard_control/install/px4_msgs:/opt/ros/humble LD_LIBRARY_PATH=/home/fidelis/ws_offboard_control/install/px4_msgs/lib:${LD_LIBRARY_PATH} PYTHONPATH=/home/fidelis/ws_offboard_control/install/px4_msgs/local/lib/python3.10/dist-packages:${PYTHONPATH} /usr/bin/cmake --build /home/fidelis/ws_offboard_control/build/px4_ros_com -- -j16 -l16
[16.213s] DEBUG:colcon.colcon_core.event_handler.log_command:Invoked command in '/home/fidelis/ws_offboard_control/build/px4_ros_com' returned '0': AMENT_PREFIX_PATH=/home/fidelis/ws_offboard_control/install/px4_msgs:${AMENT_PREFIX_PATH} CMAKE_PREFIX_PATH=/home/fidelis/ws_offboard_control/install/px4_msgs:/opt/ros/humble LD_LIBRARY_PATH=/home/fidelis/ws_offboard_control/install/px4_msgs/lib:${LD_LIBRARY_PATH} PYTHONPATH=/home/fidelis/ws_offboard_control/install/px4_msgs/local/lib/python3.10/dist-packages:${PYTHONPATH} /usr/bin/cmake --build /home/fidelis/ws_offboard_control/build/px4_ros_com -- -j16 -l16
[16.274s] DEBUG:colcon.colcon_core.event_handler.log_command:Invoking command in '/home/fidelis/ws_offboard_control/build/px4_ros_com': AMENT_PREFIX_PATH=/home/fidelis/ws_offboard_control/install/px4_msgs:${AMENT_PREFIX_PATH} CMAKE_PREFIX_PATH=/home/fidelis/ws_offboard_control/install/px4_msgs:/opt/ros/humble LD_LIBRARY_PATH=/home/fidelis/ws_offboard_control/install/px4_msgs/lib:${LD_LIBRARY_PATH} PYTHONPATH=/home/fidelis/ws_offboard_control/install/px4_msgs/local/lib/python3.10/dist-packages:${PYTHONPATH} /usr/bin/cmake --install /home/fidelis/ws_offboard_control/build/px4_ros_com
[16.321s] Level 1:colcon.colcon_core.environment:create_environment_scripts_only(px4_ros_com)
[16.321s] Level 1:colcon.colcon_core.environment:checking '/home/fidelis/ws_offboard_control/install/px4_ros_com' for CMake module files
[16.322s] DEBUG:colcon.colcon_core.event_handler.log_command:Invoked command in '/home/fidelis/ws_offboard_control/build/px4_ros_com' returned '0': AMENT_PREFIX_PATH=/home/fidelis/ws_offboard_control/install/px4_msgs:${AMENT_PREFIX_PATH} CMAKE_PREFIX_PATH=/home/fidelis/ws_offboard_control/install/px4_msgs:/opt/ros/humble LD_LIBRARY_PATH=/home/fidelis/ws_offboard_control/install/px4_msgs/lib:${LD_LIBRARY_PATH} PYTHONPATH=/home/fidelis/ws_offboard_control/install/px4_msgs/local/lib/python3.10/dist-packages:${PYTHONPATH} /usr/bin/cmake --install /home/fidelis/ws_offboard_control/build/px4_ros_com
[16.322s] Level 1:colcon.colcon_core.environment:checking '/home/fidelis/ws_offboard_control/install/px4_ros_com' for CMake config files
[16.323s] Level 1:colcon.colcon_core.shell:create_environment_hook('px4_ros_com', 'cmake_prefix_path')
[16.323s] INFO:colcon.colcon_core.shell:Creating environment hook '/home/fidelis/ws_offboard_control/install/px4_ros_com/share/px4_ros_com/hook/cmake_prefix_path.ps1'
[16.323s] INFO:colcon.colcon_core.shell:Creating environment descriptor '/home/fidelis/ws_offboard_control/install/px4_ros_com/share/px4_ros_com/hook/cmake_prefix_path.dsv'
[16.323s] INFO:colcon.colcon_core.shell:Creating environment hook '/home/fidelis/ws_offboard_control/install/px4_ros_com/share/px4_ros_com/hook/cmake_prefix_path.sh'
[16.324s] Level 1:colcon.colcon_core.environment:checking '/home/fidelis/ws_offboard_control/install/px4_ros_com/lib'
[16.324s] Level 1:colcon.colcon_core.shell:create_environment_hook('px4_ros_com', 'ld_library_path_lib')
[16.324s] INFO:colcon.colcon_core.shell:Creating environment hook '/home/fidelis/ws_offboard_control/install/px4_ros_com/share/px4_ros_com/hook/ld_library_path_lib.ps1'
[16.324s] INFO:colcon.colcon_core.shell:Creating environment descriptor '/home/fidelis/ws_offboard_control/install/px4_ros_com/share/px4_ros_com/hook/ld_library_path_lib.dsv'
[16.325s] INFO:colcon.colcon_core.shell:Creating environment hook '/home/fidelis/ws_offboard_control/install/px4_ros_com/share/px4_ros_com/hook/ld_library_path_lib.sh'
[16.325s] Level 1:colcon.colcon_core.environment:checking '/home/fidelis/ws_offboard_control/install/px4_ros_com/bin'
[16.325s] Level 1:colcon.colcon_core.environment:checking '/home/fidelis/ws_offboard_control/install/px4_ros_com/lib/pkgconfig/px4_ros_com.pc'
[16.325s] Level 1:colcon.colcon_core.environment:checking '/home/fidelis/ws_offboard_control/install/px4_ros_com/lib/python3.10/site-packages'
[16.325s] Level 1:colcon.colcon_core.environment:checking '/home/fidelis/ws_offboard_control/install/px4_ros_com/bin'
[16.326s] INFO:colcon.colcon_core.shell:Creating package script '/home/fidelis/ws_offboard_control/install/px4_ros_com/share/px4_ros_com/package.ps1'
[16.326s] INFO:colcon.colcon_core.shell:Creating package descriptor '/home/fidelis/ws_offboard_control/install/px4_ros_com/share/px4_ros_com/package.dsv'
[16.326s] INFO:colcon.colcon_core.shell:Creating package script '/home/fidelis/ws_offboard_control/install/px4_ros_com/share/px4_ros_com/package.sh'
[16.327s] INFO:colcon.colcon_core.shell:Creating package script '/home/fidelis/ws_offboard_control/install/px4_ros_com/share/px4_ros_com/package.bash'
[16.327s] INFO:colcon.colcon_core.shell:Creating package script '/home/fidelis/ws_offboard_control/install/px4_ros_com/share/px4_ros_com/package.zsh'
[16.327s] Level 1:colcon.colcon_core.environment:create_file_with_runtime_dependencies(/home/fidelis/ws_offboard_control/install/px4_ros_com/share/colcon-core/packages/px4_ros_com)
[16.391s] Level 1:colcon.colcon_core.environment:create_environment_scripts_only(px4_ros_com)
[16.392s] Level 1:colcon.colcon_core.environment:checking '/home/fidelis/ws_offboard_control/install/px4_ros_com' for CMake module files
[16.392s] Level 1:colcon.colcon_core.environment:checking '/home/fidelis/ws_offboard_control/install/px4_ros_com' for CMake config files
[16.393s] Level 1:colcon.colcon_core.shell:create_environment_hook('px4_ros_com', 'cmake_prefix_path')
[16.393s] INFO:colcon.colcon_core.shell:Creating environment hook '/home/fidelis/ws_offboard_control/install/px4_ros_com/share/px4_ros_com/hook/cmake_prefix_path.ps1'
[16.393s] INFO:colcon.colcon_core.shell:Creating environment descriptor '/home/fidelis/ws_offboard_control/install/px4_ros_com/share/px4_ros_com/hook/cmake_prefix_path.dsv'
[16.393s] INFO:colcon.colcon_core.shell:Creating environment hook '/home/fidelis/ws_offboard_control/install/px4_ros_com/share/px4_ros_com/hook/cmake_prefix_path.sh'
[16.394s] Level 1:colcon.colcon_core.environment:checking '/home/fidelis/ws_offboard_control/install/px4_ros_com/lib'
[16.394s] Level 1:colcon.colcon_core.shell:create_environment_hook('px4_ros_com', 'ld_library_path_lib')
[16.394s] INFO:colcon.colcon_core.shell:Creating environment hook '/home/fidelis/ws_offboard_control/install/px4_ros_com/share/px4_ros_com/hook/ld_library_path_lib.ps1'
[16.394s] INFO:colcon.colcon_core.shell:Creating environment descriptor '/home/fidelis/ws_offboard_control/install/px4_ros_com/share/px4_ros_com/hook/ld_library_path_lib.dsv'
[16.395s] INFO:colcon.colcon_core.shell:Creating environment hook '/home/fidelis/ws_offboard_control/install/px4_ros_com/share/px4_ros_com/hook/ld_library_path_lib.sh'
[16.395s] Level 1:colcon.colcon_core.environment:checking '/home/fidelis/ws_offboard_control/install/px4_ros_com/bin'
[16.395s] Level 1:colcon.colcon_core.environment:checking '/home/fidelis/ws_offboard_control/install/px4_ros_com/lib/pkgconfig/px4_ros_com.pc'
[16.395s] Level 1:colcon.colcon_core.environment:checking '/home/fidelis/ws_offboard_control/install/px4_ros_com/lib/python3.10/site-packages'
[16.395s] Level 1:colcon.colcon_core.environment:checking '/home/fidelis/ws_offboard_control/install/px4_ros_com/bin'
[16.396s] INFO:colcon.colcon_core.shell:Creating package script '/home/fidelis/ws_offboard_control/install/px4_ros_com/share/px4_ros_com/package.ps1'
[16.396s] INFO:colcon.colcon_core.shell:Creating package descriptor '/home/fidelis/ws_offboard_control/install/px4_ros_com/share/px4_ros_com/package.dsv'
[16.396s] INFO:colcon.colcon_core.shell:Creating package script '/home/fidelis/ws_offboard_control/install/px4_ros_com/share/px4_ros_com/package.sh'
[16.397s] INFO:colcon.colcon_core.shell:Creating package script '/home/fidelis/ws_offboard_control/install/px4_ros_com/share/px4_ros_com/package.bash'
[16.397s] INFO:colcon.colcon_core.shell:Creating package script '/home/fidelis/ws_offboard_control/install/px4_ros_com/share/px4_ros_com/package.zsh'
[16.397s] Level 1:colcon.colcon_core.environment:create_file_with_runtime_dependencies(/home/fidelis/ws_offboard_control/install/px4_ros_com/share/colcon-core/packages/px4_ros_com)
[16.397s] DEBUG:colcon.colcon_parallel_executor.executor.parallel:closing loop
[16.398s] DEBUG:colcon.colcon_parallel_executor.executor.parallel:loop closed
[16.398s] DEBUG:colcon.colcon_parallel_executor.executor.parallel:run_until_complete finished with '0'
[16.398s] DEBUG:colcon.colcon_core.event_reactor:joining thread
[16.403s] INFO:colcon.colcon_core.plugin_system:Skipping extension 'colcon_notification.desktop_notification.terminal_notifier': Not used on non-Darwin systems
[16.403s] INFO:colcon.colcon_core.plugin_system:Skipping extension 'colcon_notification.desktop_notification.win32': Not used on non-Windows systems
[16.403s] INFO:colcon.colcon_notification.desktop_notification:Sending desktop notification using 'notify2'
[16.416s] DEBUG:colcon.colcon_core.event_reactor:joined thread
[16.417s] INFO:colcon.colcon_core.shell:Creating prefix script '/home/fidelis/ws_offboard_control/install/local_setup.ps1'
[16.418s] INFO:colcon.colcon_core.shell:Creating prefix util module '/home/fidelis/ws_offboard_control/install/_local_setup_util_ps1.py'
[16.419s] INFO:colcon.colcon_core.shell:Creating prefix chain script '/home/fidelis/ws_offboard_control/install/setup.ps1'
[16.419s] INFO:colcon.colcon_core.shell:Creating prefix script '/home/fidelis/ws_offboard_control/install/local_setup.sh'
[16.420s] INFO:colcon.colcon_core.shell:Creating prefix util module '/home/fidelis/ws_offboard_control/install/_local_setup_util_sh.py'
[16.420s] INFO:colcon.colcon_core.shell:Creating prefix chain script '/home/fidelis/ws_offboard_control/install/setup.sh'
[16.421s] INFO:colcon.colcon_core.shell:Creating prefix script '/home/fidelis/ws_offboard_control/install/local_setup.bash'
[16.421s] INFO:colcon.colcon_core.shell:Creating prefix chain script '/home/fidelis/ws_offboard_control/install/setup.bash'
[16.422s] INFO:colcon.colcon_core.shell:Creating prefix script '/home/fidelis/ws_offboard_control/install/local_setup.zsh'
[16.422s] INFO:colcon.colcon_core.shell:Creating prefix chain script '/home/fidelis/ws_offboard_control/install/setup.zsh'
