[0.085s] DEBUG:colcon:Command line arguments: ['/usr/bin/colcon', 'build']
[0.085s] DEBUG:colcon:Parsed command line arguments: Namespace(log_base=None, log_level=None, verb_name='build', build_base='build', install_base='install', merge_install=False, symlink_install=False, test_result_base=None, continue_on_error=False, executor='parallel', parallel_workers=16, event_handlers=None, ignore_user_meta=False, metas=['./colcon.meta'], base_paths=['.'], packages_ignore=None, packages_ignore_regex=None, paths=None, packages_up_to=None, packages_up_to_regex=None, packages_above=None, packages_above_and_dependencies=None, packages_above_depth=None, packages_select_by_dep=None, packages_skip_by_dep=None, packages_skip_up_to=None, packages_select_build_failed=False, packages_skip_build_finished=False, packages_select_test_failures=False, packages_skip_test_passed=False, packages_select=None, packages_skip=None, packages_select_regex=None, packages_skip_regex=None, packages_start=None, packages_end=None, allow_overriding=[], cmake_args=None, cmake_target=None, cmake_target_skip_unavailable=False, cmake_clean_cache=False, cmake_clean_first=False, cmake_force_configure=False, ament_cmake_args=None, catkin_cmake_args=None, catkin_skip_building_tests=False, mixin_files=None, mixin=None, verb_parser=<colcon_mixin.mixin.mixin_argument.MixinArgumentDecorator object at 0x785f74a26770>, verb_extension=<colcon_core.verb.build.BuildVerb object at 0x785f74a25b10>, main=<bound method BuildVerb.main of <colcon_core.verb.build.BuildVerb object at 0x785f74a25b10>>, mixin_verb=('build',))
[0.115s] Level 1:colcon.colcon_core.package_discovery:discover_packages(colcon_meta) check parameters
[0.115s] Level 1:colcon.colcon_core.package_discovery:discover_packages(recursive) check parameters
[0.115s] Level 1:colcon.colcon_core.package_discovery:discover_packages(ignore) check parameters
[0.115s] Level 1:colcon.colcon_core.package_discovery:discover_packages(path) check parameters
[0.115s] Level 1:colcon.colcon_core.package_discovery:discover_packages(colcon_meta) discover
[0.115s] Level 1:colcon.colcon_core.package_discovery:discover_packages(recursive) discover
[0.115s] INFO:colcon.colcon_core.package_discovery:Crawling recursively for packages in '/home/fidelis/ws_offboard_control'
[0.115s] Level 1:colcon.colcon_core.package_identification:_identify(.) by extensions ['ignore', 'ignore_ament_install']
[0.115s] Level 1:colcon.colcon_core.package_identification:_identify(.) by extension 'ignore'
[0.115s] Level 1:colcon.colcon_core.package_identification:_identify(.) by extension 'ignore_ament_install'
[0.115s] Level 1:colcon.colcon_core.package_identification:_identify(.) by extensions ['colcon_pkg']
[0.115s] Level 1:colcon.colcon_core.package_identification:_identify(.) by extension 'colcon_pkg'
[0.115s] Level 1:colcon.colcon_core.package_identification:_identify(.) by extensions ['colcon_meta']
[0.115s] Level 1:colcon.colcon_core.package_identification:_identify(.) by extension 'colcon_meta'
[0.115s] Level 1:colcon.colcon_core.package_identification:_identify(.) by extensions ['ros']
[0.115s] Level 1:colcon.colcon_core.package_identification:_identify(.) by extension 'ros'
[0.128s] Level 1:colcon.colcon_core.package_identification:_identify(.) by extensions ['cmake', 'python']
[0.128s] Level 1:colcon.colcon_core.package_identification:_identify(.) by extension 'cmake'
[0.128s] Level 1:colcon.colcon_core.package_identification:_identify(.) by extension 'python'
[0.128s] Level 1:colcon.colcon_core.package_identification:_identify(.) by extensions ['python_setup_py']
[0.128s] Level 1:colcon.colcon_core.package_identification:_identify(.) by extension 'python_setup_py'
[0.128s] Level 1:colcon.colcon_core.package_identification:_identify(build) by extensions ['ignore', 'ignore_ament_install']
[0.128s] Level 1:colcon.colcon_core.package_identification:_identify(build) by extension 'ignore'
[0.128s] Level 1:colcon.colcon_core.package_identification:_identify(build) ignored
[0.128s] Level 1:colcon.colcon_core.package_identification:_identify(install) by extensions ['ignore', 'ignore_ament_install']
[0.128s] Level 1:colcon.colcon_core.package_identification:_identify(install) by extension 'ignore'
[0.128s] Level 1:colcon.colcon_core.package_identification:_identify(install) ignored
[0.129s] Level 1:colcon.colcon_core.package_identification:_identify(log) by extensions ['ignore', 'ignore_ament_install']
[0.129s] Level 1:colcon.colcon_core.package_identification:_identify(log) by extension 'ignore'
[0.129s] Level 1:colcon.colcon_core.package_identification:_identify(log) ignored
[0.129s] Level 1:colcon.colcon_core.package_identification:_identify(src) by extensions ['ignore', 'ignore_ament_install']
[0.129s] Level 1:colcon.colcon_core.package_identification:_identify(src) by extension 'ignore'
[0.129s] Level 1:colcon.colcon_core.package_identification:_identify(src) by extension 'ignore_ament_install'
[0.129s] Level 1:colcon.colcon_core.package_identification:_identify(src) by extensions ['colcon_pkg']
[0.129s] Level 1:colcon.colcon_core.package_identification:_identify(src) by extension 'colcon_pkg'
[0.129s] Level 1:colcon.colcon_core.package_identification:_identify(src) by extensions ['colcon_meta']
[0.129s] Level 1:colcon.colcon_core.package_identification:_identify(src) by extension 'colcon_meta'
[0.129s] Level 1:colcon.colcon_core.package_identification:_identify(src) by extensions ['ros']
[0.129s] Level 1:colcon.colcon_core.package_identification:_identify(src) by extension 'ros'
[0.129s] Level 1:colcon.colcon_core.package_identification:_identify(src) by extensions ['cmake', 'python']
[0.129s] Level 1:colcon.colcon_core.package_identification:_identify(src) by extension 'cmake'
[0.129s] Level 1:colcon.colcon_core.package_identification:_identify(src) by extension 'python'
[0.129s] Level 1:colcon.colcon_core.package_identification:_identify(src) by extensions ['python_setup_py']
[0.129s] Level 1:colcon.colcon_core.package_identification:_identify(src) by extension 'python_setup_py'
[0.129s] Level 1:colcon.colcon_core.package_identification:_identify(src/build) by extensions ['ignore', 'ignore_ament_install']
[0.129s] Level 1:colcon.colcon_core.package_identification:_identify(src/build) by extension 'ignore'
[0.129s] Level 1:colcon.colcon_core.package_identification:_identify(src/build) ignored
[0.129s] Level 1:colcon.colcon_core.package_identification:_identify(src/install) by extensions ['ignore', 'ignore_ament_install']
[0.129s] Level 1:colcon.colcon_core.package_identification:_identify(src/install) by extension 'ignore'
[0.129s] Level 1:colcon.colcon_core.package_identification:_identify(src/install) ignored
[0.129s] Level 1:colcon.colcon_core.package_identification:_identify(src/log) by extensions ['ignore', 'ignore_ament_install']
[0.130s] Level 1:colcon.colcon_core.package_identification:_identify(src/log) by extension 'ignore'
[0.130s] Level 1:colcon.colcon_core.package_identification:_identify(src/log) ignored
[0.130s] Level 1:colcon.colcon_core.package_identification:_identify(src/px4_msgs) by extensions ['ignore', 'ignore_ament_install']
[0.130s] Level 1:colcon.colcon_core.package_identification:_identify(src/px4_msgs) by extension 'ignore'
[0.130s] Level 1:colcon.colcon_core.package_identification:_identify(src/px4_msgs) by extension 'ignore_ament_install'
[0.130s] Level 1:colcon.colcon_core.package_identification:_identify(src/px4_msgs) by extensions ['colcon_pkg']
[0.130s] Level 1:colcon.colcon_core.package_identification:_identify(src/px4_msgs) by extension 'colcon_pkg'
[0.130s] Level 1:colcon.colcon_core.package_identification:_identify(src/px4_msgs) by extensions ['colcon_meta']
[0.130s] Level 1:colcon.colcon_core.package_identification:_identify(src/px4_msgs) by extension 'colcon_meta'
[0.130s] Level 1:colcon.colcon_core.package_identification:_identify(src/px4_msgs) by extensions ['ros']
[0.130s] Level 1:colcon.colcon_core.package_identification:_identify(src/px4_msgs) by extension 'ros'
[0.132s] DEBUG:colcon.colcon_core.package_identification:Package 'src/px4_msgs' with type 'ros.ament_cmake' and name 'px4_msgs'
[0.132s] Level 1:colcon.colcon_core.package_identification:_identify(src/px4_ros_com) by extensions ['ignore', 'ignore_ament_install']
[0.132s] Level 1:colcon.colcon_core.package_identification:_identify(src/px4_ros_com) by extension 'ignore'
[0.132s] Level 1:colcon.colcon_core.package_identification:_identify(src/px4_ros_com) by extension 'ignore_ament_install'
[0.132s] Level 1:colcon.colcon_core.package_identification:_identify(src/px4_ros_com) by extensions ['colcon_pkg']
[0.132s] Level 1:colcon.colcon_core.package_identification:_identify(src/px4_ros_com) by extension 'colcon_pkg'
[0.132s] Level 1:colcon.colcon_core.package_identification:_identify(src/px4_ros_com) by extensions ['colcon_meta']
[0.132s] Level 1:colcon.colcon_core.package_identification:_identify(src/px4_ros_com) by extension 'colcon_meta'
[0.132s] Level 1:colcon.colcon_core.package_identification:_identify(src/px4_ros_com) by extensions ['ros']
[0.132s] Level 1:colcon.colcon_core.package_identification:_identify(src/px4_ros_com) by extension 'ros'
[0.133s] DEBUG:colcon.colcon_core.package_identification:Package 'src/px4_ros_com' with type 'ros.ament_cmake' and name 'px4_ros_com'
[0.133s] Level 1:colcon.colcon_core.package_discovery:discover_packages(recursive) using defaults
[0.133s] Level 1:colcon.colcon_core.package_discovery:discover_packages(ignore) discover
[0.133s] Level 1:colcon.colcon_core.package_discovery:discover_packages(ignore) using defaults
[0.133s] Level 1:colcon.colcon_core.package_discovery:discover_packages(path) discover
[0.133s] Level 1:colcon.colcon_core.package_discovery:discover_packages(path) using defaults
[0.150s] Level 1:colcon.colcon_core.package_discovery:discover_packages(prefix_path) check parameters
[0.150s] Level 1:colcon.colcon_core.package_discovery:discover_packages(prefix_path) discover
[0.152s] DEBUG:colcon.colcon_installed_package_information.package_discovery:Found 270 installed packages in /opt/ros/humble
[0.153s] Level 1:colcon.colcon_core.package_discovery:discover_packages(prefix_path) using defaults
[0.189s] Level 5:colcon.colcon_core.verb:set package 'px4_msgs' build argument 'cmake_args' from command line to 'None'
[0.189s] Level 5:colcon.colcon_core.verb:set package 'px4_msgs' build argument 'cmake_target' from command line to 'None'
[0.189s] Level 5:colcon.colcon_core.verb:set package 'px4_msgs' build argument 'cmake_target_skip_unavailable' from command line to 'False'
[0.189s] Level 5:colcon.colcon_core.verb:set package 'px4_msgs' build argument 'cmake_clean_cache' from command line to 'False'
[0.189s] Level 5:colcon.colcon_core.verb:set package 'px4_msgs' build argument 'cmake_clean_first' from command line to 'False'
[0.189s] Level 5:colcon.colcon_core.verb:set package 'px4_msgs' build argument 'cmake_force_configure' from command line to 'False'
[0.189s] Level 5:colcon.colcon_core.verb:set package 'px4_msgs' build argument 'ament_cmake_args' from command line to 'None'
[0.189s] Level 5:colcon.colcon_core.verb:set package 'px4_msgs' build argument 'catkin_cmake_args' from command line to 'None'
[0.189s] Level 5:colcon.colcon_core.verb:set package 'px4_msgs' build argument 'catkin_skip_building_tests' from command line to 'False'
[0.189s] DEBUG:colcon.colcon_core.verb:Building package 'px4_msgs' with the following arguments: {'ament_cmake_args': None, 'build_base': '/home/fidelis/ws_offboard_control/build/px4_msgs', 'catkin_cmake_args': None, 'catkin_skip_building_tests': False, 'cmake_args': None, 'cmake_clean_cache': False, 'cmake_clean_first': False, 'cmake_force_configure': False, 'cmake_target': None, 'cmake_target_skip_unavailable': False, 'install_base': '/home/fidelis/ws_offboard_control/install/px4_msgs', 'merge_install': False, 'path': '/home/fidelis/ws_offboard_control/src/px4_msgs', 'symlink_install': False, 'test_result_base': None}
[0.189s] Level 5:colcon.colcon_core.verb:set package 'px4_ros_com' build argument 'cmake_args' from command line to 'None'
[0.189s] Level 5:colcon.colcon_core.verb:set package 'px4_ros_com' build argument 'cmake_target' from command line to 'None'
[0.189s] Level 5:colcon.colcon_core.verb:set package 'px4_ros_com' build argument 'cmake_target_skip_unavailable' from command line to 'False'
[0.189s] Level 5:colcon.colcon_core.verb:set package 'px4_ros_com' build argument 'cmake_clean_cache' from command line to 'False'
[0.189s] Level 5:colcon.colcon_core.verb:set package 'px4_ros_com' build argument 'cmake_clean_first' from command line to 'False'
[0.190s] Level 5:colcon.colcon_core.verb:set package 'px4_ros_com' build argument 'cmake_force_configure' from command line to 'False'
[0.190s] Level 5:colcon.colcon_core.verb:set package 'px4_ros_com' build argument 'ament_cmake_args' from command line to 'None'
[0.190s] Level 5:colcon.colcon_core.verb:set package 'px4_ros_com' build argument 'catkin_cmake_args' from command line to 'None'
[0.190s] Level 5:colcon.colcon_core.verb:set package 'px4_ros_com' build argument 'catkin_skip_building_tests' from command line to 'False'
[0.190s] DEBUG:colcon.colcon_core.verb:Building package 'px4_ros_com' with the following arguments: {'ament_cmake_args': None, 'build_base': '/home/fidelis/ws_offboard_control/build/px4_ros_com', 'catkin_cmake_args': None, 'catkin_skip_building_tests': False, 'cmake_args': None, 'cmake_clean_cache': False, 'cmake_clean_first': False, 'cmake_force_configure': False, 'cmake_target': None, 'cmake_target_skip_unavailable': False, 'install_base': '/home/fidelis/ws_offboard_control/install/px4_ros_com', 'merge_install': False, 'path': '/home/fidelis/ws_offboard_control/src/px4_ros_com', 'symlink_install': False, 'test_result_base': None}
[0.190s] INFO:colcon.colcon_core.executor:Executing jobs using 'parallel' executor
[0.191s] DEBUG:colcon.colcon_parallel_executor.executor.parallel:run_until_complete
[0.192s] INFO:colcon.colcon_ros.task.ament_cmake.build:Building ROS package in '/home/fidelis/ws_offboard_control/src/px4_msgs' with build type 'ament_cmake'
[0.192s] INFO:colcon.colcon_cmake.task.cmake.build:Building CMake package in '/home/fidelis/ws_offboard_control/src/px4_msgs'
[0.194s] INFO:colcon.colcon_core.plugin_system:Skipping extension 'colcon_core.shell.bat': Not used on non-Windows systems
[0.194s] INFO:colcon.colcon_core.shell:Skip shell extension 'powershell' for command environment: Not usable outside of PowerShell
[0.194s] DEBUG:colcon.colcon_core.shell:Skip shell extension 'dsv' for command environment
[0.203s] DEBUG:colcon.colcon_core.event_handler.log_command:Invoking command in '/home/fidelis/ws_offboard_control/build/px4_msgs': CMAKE_PREFIX_PATH=/opt/ros/humble /usr/bin/cmake --build /home/fidelis/ws_offboard_control/build/px4_msgs -- -j16 -l16
[0.977s] DEBUG:colcon.colcon_core.event_handler.log_command:Invoked command in '/home/fidelis/ws_offboard_control/build/px4_msgs' returned '0': CMAKE_PREFIX_PATH=/opt/ros/humble /usr/bin/cmake --build /home/fidelis/ws_offboard_control/build/px4_msgs -- -j16 -l16
[5.281s] DEBUG:colcon.colcon_core.event_handler.log_command:Invoking command in '/home/fidelis/ws_offboard_control/build/px4_msgs': CMAKE_PREFIX_PATH=/opt/ros/humble /usr/bin/cmake --install /home/fidelis/ws_offboard_control/build/px4_msgs
[5.568s] Level 1:colcon.colcon_core.environment:create_environment_scripts_only(px4_msgs)
[5.569s] DEBUG:colcon.colcon_core.event_handler.log_command:Invoked command in '/home/fidelis/ws_offboard_control/build/px4_msgs' returned '0': CMAKE_PREFIX_PATH=/opt/ros/humble /usr/bin/cmake --install /home/fidelis/ws_offboard_control/build/px4_msgs
[5.570s] Level 1:colcon.colcon_core.environment:checking '/home/fidelis/ws_offboard_control/install/px4_msgs' for CMake module files
[5.571s] Level 1:colcon.colcon_core.environment:checking '/home/fidelis/ws_offboard_control/install/px4_msgs' for CMake config files
[5.574s] Level 1:colcon.colcon_core.shell:create_environment_hook('px4_msgs', 'cmake_prefix_path')
[5.574s] INFO:colcon.colcon_core.shell:Creating environment hook '/home/fidelis/ws_offboard_control/install/px4_msgs/share/px4_msgs/hook/cmake_prefix_path.ps1'
[5.575s] INFO:colcon.colcon_core.shell:Creating environment descriptor '/home/fidelis/ws_offboard_control/install/px4_msgs/share/px4_msgs/hook/cmake_prefix_path.dsv'
[5.575s] INFO:colcon.colcon_core.shell:Creating environment hook '/home/fidelis/ws_offboard_control/install/px4_msgs/share/px4_msgs/hook/cmake_prefix_path.sh'
[5.576s] Level 1:colcon.colcon_core.environment:checking '/home/fidelis/ws_offboard_control/install/px4_msgs/lib'
[5.576s] Level 1:colcon.colcon_core.shell:create_environment_hook('px4_msgs', 'ld_library_path_lib')
[5.576s] INFO:colcon.colcon_core.shell:Creating environment hook '/home/fidelis/ws_offboard_control/install/px4_msgs/share/px4_msgs/hook/ld_library_path_lib.ps1'
[5.576s] INFO:colcon.colcon_core.shell:Creating environment descriptor '/home/fidelis/ws_offboard_control/install/px4_msgs/share/px4_msgs/hook/ld_library_path_lib.dsv'
[5.576s] INFO:colcon.colcon_core.shell:Creating environment hook '/home/fidelis/ws_offboard_control/install/px4_msgs/share/px4_msgs/hook/ld_library_path_lib.sh'
[5.576s] Level 1:colcon.colcon_core.environment:checking '/home/fidelis/ws_offboard_control/install/px4_msgs/bin'
[5.576s] Level 1:colcon.colcon_core.environment:checking '/home/fidelis/ws_offboard_control/install/px4_msgs/lib/pkgconfig/px4_msgs.pc'
[5.577s] Level 1:colcon.colcon_core.environment:checking '/home/fidelis/ws_offboard_control/install/px4_msgs/lib/python3.10/site-packages'
[5.577s] Level 1:colcon.colcon_core.environment:checking '/home/fidelis/ws_offboard_control/install/px4_msgs/bin'
[5.577s] INFO:colcon.colcon_core.shell:Creating package script '/home/fidelis/ws_offboard_control/install/px4_msgs/share/px4_msgs/package.ps1'
[5.577s] INFO:colcon.colcon_core.shell:Creating package descriptor '/home/fidelis/ws_offboard_control/install/px4_msgs/share/px4_msgs/package.dsv'
[5.578s] INFO:colcon.colcon_core.shell:Creating package script '/home/fidelis/ws_offboard_control/install/px4_msgs/share/px4_msgs/package.sh'
[5.578s] INFO:colcon.colcon_core.shell:Creating package script '/home/fidelis/ws_offboard_control/install/px4_msgs/share/px4_msgs/package.bash'
[5.579s] INFO:colcon.colcon_core.shell:Creating package script '/home/fidelis/ws_offboard_control/install/px4_msgs/share/px4_msgs/package.zsh'
[5.579s] Level 1:colcon.colcon_core.environment:create_file_with_runtime_dependencies(/home/fidelis/ws_offboard_control/install/px4_msgs/share/colcon-core/packages/px4_msgs)
[9.871s] Level 1:colcon.colcon_core.environment:create_environment_scripts_only(px4_msgs)
[9.871s] Level 1:colcon.colcon_core.environment:checking '/home/fidelis/ws_offboard_control/install/px4_msgs' for CMake module files
[9.872s] Level 1:colcon.colcon_core.environment:checking '/home/fidelis/ws_offboard_control/install/px4_msgs' for CMake config files
[9.875s] Level 1:colcon.colcon_core.shell:create_environment_hook('px4_msgs', 'cmake_prefix_path')
[9.876s] INFO:colcon.colcon_core.shell:Creating environment hook '/home/fidelis/ws_offboard_control/install/px4_msgs/share/px4_msgs/hook/cmake_prefix_path.ps1'
[9.876s] INFO:colcon.colcon_core.shell:Creating environment descriptor '/home/fidelis/ws_offboard_control/install/px4_msgs/share/px4_msgs/hook/cmake_prefix_path.dsv'
[9.876s] INFO:colcon.colcon_core.shell:Creating environment hook '/home/fidelis/ws_offboard_control/install/px4_msgs/share/px4_msgs/hook/cmake_prefix_path.sh'
[9.877s] Level 1:colcon.colcon_core.environment:checking '/home/fidelis/ws_offboard_control/install/px4_msgs/lib'
[9.877s] Level 1:colcon.colcon_core.shell:create_environment_hook('px4_msgs', 'ld_library_path_lib')
[9.877s] INFO:colcon.colcon_core.shell:Creating environment hook '/home/fidelis/ws_offboard_control/install/px4_msgs/share/px4_msgs/hook/ld_library_path_lib.ps1'
[9.877s] INFO:colcon.colcon_core.shell:Creating environment descriptor '/home/fidelis/ws_offboard_control/install/px4_msgs/share/px4_msgs/hook/ld_library_path_lib.dsv'
[9.877s] INFO:colcon.colcon_core.shell:Creating environment hook '/home/fidelis/ws_offboard_control/install/px4_msgs/share/px4_msgs/hook/ld_library_path_lib.sh'
[9.877s] Level 1:colcon.colcon_core.environment:checking '/home/fidelis/ws_offboard_control/install/px4_msgs/bin'
[9.877s] Level 1:colcon.colcon_core.environment:checking '/home/fidelis/ws_offboard_control/install/px4_msgs/lib/pkgconfig/px4_msgs.pc'
[9.878s] Level 1:colcon.colcon_core.environment:checking '/home/fidelis/ws_offboard_control/install/px4_msgs/lib/python3.10/site-packages'
[9.878s] Level 1:colcon.colcon_core.environment:checking '/home/fidelis/ws_offboard_control/install/px4_msgs/bin'
[9.878s] INFO:colcon.colcon_core.shell:Creating package script '/home/fidelis/ws_offboard_control/install/px4_msgs/share/px4_msgs/package.ps1'
[9.878s] INFO:colcon.colcon_core.shell:Creating package descriptor '/home/fidelis/ws_offboard_control/install/px4_msgs/share/px4_msgs/package.dsv'
[9.878s] INFO:colcon.colcon_core.shell:Creating package script '/home/fidelis/ws_offboard_control/install/px4_msgs/share/px4_msgs/package.sh'
[9.879s] INFO:colcon.colcon_core.shell:Creating package script '/home/fidelis/ws_offboard_control/install/px4_msgs/share/px4_msgs/package.bash'
[9.879s] INFO:colcon.colcon_core.shell:Creating package script '/home/fidelis/ws_offboard_control/install/px4_msgs/share/px4_msgs/package.zsh'
[9.879s] Level 1:colcon.colcon_core.environment:create_file_with_runtime_dependencies(/home/fidelis/ws_offboard_control/install/px4_msgs/share/colcon-core/packages/px4_msgs)
[9.879s] INFO:colcon.colcon_ros.task.ament_cmake.build:Building ROS package in '/home/fidelis/ws_offboard_control/src/px4_ros_com' with build type 'ament_cmake'
[9.880s] INFO:colcon.colcon_cmake.task.cmake.build:Building CMake package in '/home/fidelis/ws_offboard_control/src/px4_ros_com'
[9.880s] INFO:colcon.colcon_core.shell:Skip shell extension 'powershell' for command environment: Not usable outside of PowerShell
[9.880s] DEBUG:colcon.colcon_core.shell:Skip shell extension 'dsv' for command environment
[9.887s] DEBUG:colcon.colcon_core.event_handler.log_command:Invoking command in '/home/fidelis/ws_offboard_control/build/px4_ros_com': AMENT_PREFIX_PATH=/home/fidelis/ws_offboard_control/install/px4_msgs:${AMENT_PREFIX_PATH} CMAKE_PREFIX_PATH=/home/fidelis/ws_offboard_control/install/px4_msgs:/opt/ros/humble LD_LIBRARY_PATH=/home/fidelis/ws_offboard_control/install/px4_msgs/lib:${LD_LIBRARY_PATH} PYTHONPATH=/home/fidelis/ws_offboard_control/install/px4_msgs/local/lib/python3.10/dist-packages:${PYTHONPATH} /usr/bin/cmake --build /home/fidelis/ws_offboard_control/build/px4_ros_com -- -j16 -l16
[19.977s] DEBUG:colcon.colcon_core.event_handler.log_command:Invoked command in '/home/fidelis/ws_offboard_control/build/px4_ros_com' returned '0': AMENT_PREFIX_PATH=/home/fidelis/ws_offboard_control/install/px4_msgs:${AMENT_PREFIX_PATH} CMAKE_PREFIX_PATH=/home/fidelis/ws_offboard_control/install/px4_msgs:/opt/ros/humble LD_LIBRARY_PATH=/home/fidelis/ws_offboard_control/install/px4_msgs/lib:${LD_LIBRARY_PATH} PYTHONPATH=/home/fidelis/ws_offboard_control/install/px4_msgs/local/lib/python3.10/dist-packages:${PYTHONPATH} /usr/bin/cmake --build /home/fidelis/ws_offboard_control/build/px4_ros_com -- -j16 -l16
[20.016s] DEBUG:colcon.colcon_core.event_handler.log_command:Invoking command in '/home/fidelis/ws_offboard_control/build/px4_ros_com': AMENT_PREFIX_PATH=/home/fidelis/ws_offboard_control/install/px4_msgs:${AMENT_PREFIX_PATH} CMAKE_PREFIX_PATH=/home/fidelis/ws_offboard_control/install/px4_msgs:/opt/ros/humble LD_LIBRARY_PATH=/home/fidelis/ws_offboard_control/install/px4_msgs/lib:${LD_LIBRARY_PATH} PYTHONPATH=/home/fidelis/ws_offboard_control/install/px4_msgs/local/lib/python3.10/dist-packages:${PYTHONPATH} /usr/bin/cmake --install /home/fidelis/ws_offboard_control/build/px4_ros_com
[20.062s] Level 1:colcon.colcon_core.environment:create_environment_scripts_only(px4_ros_com)
[20.062s] Level 1:colcon.colcon_core.environment:checking '/home/fidelis/ws_offboard_control/install/px4_ros_com' for CMake module files
[20.063s] DEBUG:colcon.colcon_core.event_handler.log_command:Invoked command in '/home/fidelis/ws_offboard_control/build/px4_ros_com' returned '0': AMENT_PREFIX_PATH=/home/fidelis/ws_offboard_control/install/px4_msgs:${AMENT_PREFIX_PATH} CMAKE_PREFIX_PATH=/home/fidelis/ws_offboard_control/install/px4_msgs:/opt/ros/humble LD_LIBRARY_PATH=/home/fidelis/ws_offboard_control/install/px4_msgs/lib:${LD_LIBRARY_PATH} PYTHONPATH=/home/fidelis/ws_offboard_control/install/px4_msgs/local/lib/python3.10/dist-packages:${PYTHONPATH} /usr/bin/cmake --install /home/fidelis/ws_offboard_control/build/px4_ros_com
[20.063s] Level 1:colcon.colcon_core.environment:checking '/home/fidelis/ws_offboard_control/install/px4_ros_com' for CMake config files
[20.064s] Level 1:colcon.colcon_core.shell:create_environment_hook('px4_ros_com', 'cmake_prefix_path')
[20.064s] INFO:colcon.colcon_core.shell:Creating environment hook '/home/fidelis/ws_offboard_control/install/px4_ros_com/share/px4_ros_com/hook/cmake_prefix_path.ps1'
[20.065s] INFO:colcon.colcon_core.shell:Creating environment descriptor '/home/fidelis/ws_offboard_control/install/px4_ros_com/share/px4_ros_com/hook/cmake_prefix_path.dsv'
[20.065s] INFO:colcon.colcon_core.shell:Creating environment hook '/home/fidelis/ws_offboard_control/install/px4_ros_com/share/px4_ros_com/hook/cmake_prefix_path.sh'
[20.065s] Level 1:colcon.colcon_core.environment:checking '/home/fidelis/ws_offboard_control/install/px4_ros_com/lib'
[20.065s] Level 1:colcon.colcon_core.shell:create_environment_hook('px4_ros_com', 'ld_library_path_lib')
[20.065s] INFO:colcon.colcon_core.shell:Creating environment hook '/home/fidelis/ws_offboard_control/install/px4_ros_com/share/px4_ros_com/hook/ld_library_path_lib.ps1'
[20.066s] INFO:colcon.colcon_core.shell:Creating environment descriptor '/home/fidelis/ws_offboard_control/install/px4_ros_com/share/px4_ros_com/hook/ld_library_path_lib.dsv'
[20.066s] INFO:colcon.colcon_core.shell:Creating environment hook '/home/fidelis/ws_offboard_control/install/px4_ros_com/share/px4_ros_com/hook/ld_library_path_lib.sh'
[20.066s] Level 1:colcon.colcon_core.environment:checking '/home/fidelis/ws_offboard_control/install/px4_ros_com/bin'
[20.066s] Level 1:colcon.colcon_core.environment:checking '/home/fidelis/ws_offboard_control/install/px4_ros_com/lib/pkgconfig/px4_ros_com.pc'
[20.066s] Level 1:colcon.colcon_core.environment:checking '/home/fidelis/ws_offboard_control/install/px4_ros_com/lib/python3.10/site-packages'
[20.067s] Level 1:colcon.colcon_core.environment:checking '/home/fidelis/ws_offboard_control/install/px4_ros_com/bin'
[20.067s] INFO:colcon.colcon_core.shell:Creating package script '/home/fidelis/ws_offboard_control/install/px4_ros_com/share/px4_ros_com/package.ps1'
[20.067s] INFO:colcon.colcon_core.shell:Creating package descriptor '/home/fidelis/ws_offboard_control/install/px4_ros_com/share/px4_ros_com/package.dsv'
[20.068s] INFO:colcon.colcon_core.shell:Creating package script '/home/fidelis/ws_offboard_control/install/px4_ros_com/share/px4_ros_com/package.sh'
[20.068s] INFO:colcon.colcon_core.shell:Creating package script '/home/fidelis/ws_offboard_control/install/px4_ros_com/share/px4_ros_com/package.bash'
[20.068s] INFO:colcon.colcon_core.shell:Creating package script '/home/fidelis/ws_offboard_control/install/px4_ros_com/share/px4_ros_com/package.zsh'
[20.069s] Level 1:colcon.colcon_core.environment:create_file_with_runtime_dependencies(/home/fidelis/ws_offboard_control/install/px4_ros_com/share/colcon-core/packages/px4_ros_com)
[20.108s] Level 1:colcon.colcon_core.environment:create_environment_scripts_only(px4_ros_com)
[20.109s] Level 1:colcon.colcon_core.environment:checking '/home/fidelis/ws_offboard_control/install/px4_ros_com' for CMake module files
[20.109s] Level 1:colcon.colcon_core.environment:checking '/home/fidelis/ws_offboard_control/install/px4_ros_com' for CMake config files
[20.109s] Level 1:colcon.colcon_core.shell:create_environment_hook('px4_ros_com', 'cmake_prefix_path')
[20.110s] INFO:colcon.colcon_core.shell:Creating environment hook '/home/fidelis/ws_offboard_control/install/px4_ros_com/share/px4_ros_com/hook/cmake_prefix_path.ps1'
[20.110s] INFO:colcon.colcon_core.shell:Creating environment descriptor '/home/fidelis/ws_offboard_control/install/px4_ros_com/share/px4_ros_com/hook/cmake_prefix_path.dsv'
[20.110s] INFO:colcon.colcon_core.shell:Creating environment hook '/home/fidelis/ws_offboard_control/install/px4_ros_com/share/px4_ros_com/hook/cmake_prefix_path.sh'
[20.111s] Level 1:colcon.colcon_core.environment:checking '/home/fidelis/ws_offboard_control/install/px4_ros_com/lib'
[20.111s] Level 1:colcon.colcon_core.shell:create_environment_hook('px4_ros_com', 'ld_library_path_lib')
[20.111s] INFO:colcon.colcon_core.shell:Creating environment hook '/home/fidelis/ws_offboard_control/install/px4_ros_com/share/px4_ros_com/hook/ld_library_path_lib.ps1'
[20.111s] INFO:colcon.colcon_core.shell:Creating environment descriptor '/home/fidelis/ws_offboard_control/install/px4_ros_com/share/px4_ros_com/hook/ld_library_path_lib.dsv'
[20.111s] INFO:colcon.colcon_core.shell:Creating environment hook '/home/fidelis/ws_offboard_control/install/px4_ros_com/share/px4_ros_com/hook/ld_library_path_lib.sh'
[20.112s] Level 1:colcon.colcon_core.environment:checking '/home/fidelis/ws_offboard_control/install/px4_ros_com/bin'
[20.112s] Level 1:colcon.colcon_core.environment:checking '/home/fidelis/ws_offboard_control/install/px4_ros_com/lib/pkgconfig/px4_ros_com.pc'
[20.112s] Level 1:colcon.colcon_core.environment:checking '/home/fidelis/ws_offboard_control/install/px4_ros_com/lib/python3.10/site-packages'
[20.112s] Level 1:colcon.colcon_core.environment:checking '/home/fidelis/ws_offboard_control/install/px4_ros_com/bin'
[20.113s] INFO:colcon.colcon_core.shell:Creating package script '/home/fidelis/ws_offboard_control/install/px4_ros_com/share/px4_ros_com/package.ps1'
[20.113s] INFO:colcon.colcon_core.shell:Creating package descriptor '/home/fidelis/ws_offboard_control/install/px4_ros_com/share/px4_ros_com/package.dsv'
[20.113s] INFO:colcon.colcon_core.shell:Creating package script '/home/fidelis/ws_offboard_control/install/px4_ros_com/share/px4_ros_com/package.sh'
[20.114s] INFO:colcon.colcon_core.shell:Creating package script '/home/fidelis/ws_offboard_control/install/px4_ros_com/share/px4_ros_com/package.bash'
[20.114s] INFO:colcon.colcon_core.shell:Creating package script '/home/fidelis/ws_offboard_control/install/px4_ros_com/share/px4_ros_com/package.zsh'
[20.114s] Level 1:colcon.colcon_core.environment:create_file_with_runtime_dependencies(/home/fidelis/ws_offboard_control/install/px4_ros_com/share/colcon-core/packages/px4_ros_com)
[20.114s] DEBUG:colcon.colcon_parallel_executor.executor.parallel:closing loop
[20.114s] DEBUG:colcon.colcon_parallel_executor.executor.parallel:loop closed
[20.114s] DEBUG:colcon.colcon_parallel_executor.executor.parallel:run_until_complete finished with '0'
[20.114s] DEBUG:colcon.colcon_core.event_reactor:joining thread
[20.118s] INFO:colcon.colcon_core.plugin_system:Skipping extension 'colcon_notification.desktop_notification.terminal_notifier': Not used on non-Darwin systems
[20.118s] INFO:colcon.colcon_core.plugin_system:Skipping extension 'colcon_notification.desktop_notification.win32': Not used on non-Windows systems
[20.118s] INFO:colcon.colcon_notification.desktop_notification:Sending desktop notification using 'notify2'
[20.127s] DEBUG:colcon.colcon_core.event_reactor:joined thread
[20.128s] INFO:colcon.colcon_core.shell:Creating prefix script '/home/fidelis/ws_offboard_control/install/local_setup.ps1'
[20.129s] INFO:colcon.colcon_core.shell:Creating prefix util module '/home/fidelis/ws_offboard_control/install/_local_setup_util_ps1.py'
[20.130s] INFO:colcon.colcon_core.shell:Creating prefix chain script '/home/fidelis/ws_offboard_control/install/setup.ps1'
[20.130s] INFO:colcon.colcon_core.shell:Creating prefix script '/home/fidelis/ws_offboard_control/install/local_setup.sh'
[20.131s] INFO:colcon.colcon_core.shell:Creating prefix util module '/home/fidelis/ws_offboard_control/install/_local_setup_util_sh.py'
[20.131s] INFO:colcon.colcon_core.shell:Creating prefix chain script '/home/fidelis/ws_offboard_control/install/setup.sh'
[20.132s] INFO:colcon.colcon_core.shell:Creating prefix script '/home/fidelis/ws_offboard_control/install/local_setup.bash'
[20.132s] INFO:colcon.colcon_core.shell:Creating prefix chain script '/home/fidelis/ws_offboard_control/install/setup.bash'
[20.132s] INFO:colcon.colcon_core.shell:Creating prefix script '/home/fidelis/ws_offboard_control/install/local_setup.zsh'
[20.133s] INFO:colcon.colcon_core.shell:Creating prefix chain script '/home/fidelis/ws_offboard_control/install/setup.zsh'
