[0.190s] DEBUG:colcon:Command line arguments: ['/usr/bin/colcon', 'build']
[0.190s] DEBUG:colcon:Parsed command line arguments: Namespace(log_base=None, log_level=None, verb_name='build', build_base='build', install_base='install', merge_install=False, symlink_install=False, test_result_base=None, continue_on_error=False, executor='parallel', parallel_workers=16, event_handlers=None, ignore_user_meta=False, metas=['./colcon.meta'], base_paths=['.'], packages_ignore=None, packages_ignore_regex=None, paths=None, packages_up_to=None, packages_up_to_regex=None, packages_above=None, packages_above_and_dependencies=None, packages_above_depth=None, packages_select_by_dep=None, packages_skip_by_dep=None, packages_skip_up_to=None, packages_select_build_failed=False, packages_skip_build_finished=False, packages_select_test_failures=False, packages_skip_test_passed=False, packages_select=None, packages_skip=None, packages_select_regex=None, packages_skip_regex=None, packages_start=None, packages_end=None, allow_overriding=[], cmake_args=None, cmake_target=None, cmake_target_skip_unavailable=False, cmake_clean_cache=False, cmake_clean_first=False, cmake_force_configure=False, ament_cmake_args=None, catkin_cmake_args=None, catkin_skip_building_tests=False, mixin_files=None, mixin=None, verb_parser=<colcon_mixin.mixin.mixin_argument.MixinArgumentDecorator object at 0x715b8f276b60>, verb_extension=<colcon_core.verb.build.BuildVerb object at 0x715b8f275f00>, main=<bound method BuildVerb.main of <colcon_core.verb.build.BuildVerb object at 0x715b8f275f00>>, mixin_verb=('build',))
[0.239s] Level 1:colcon.colcon_core.package_discovery:discover_packages(colcon_meta) check parameters
[0.239s] Level 1:colcon.colcon_core.package_discovery:discover_packages(recursive) check parameters
[0.239s] Level 1:colcon.colcon_core.package_discovery:discover_packages(ignore) check parameters
[0.239s] Level 1:colcon.colcon_core.package_discovery:discover_packages(path) check parameters
[0.239s] Level 1:colcon.colcon_core.package_discovery:discover_packages(colcon_meta) discover
[0.240s] Level 1:colcon.colcon_core.package_discovery:discover_packages(recursive) discover
[0.240s] INFO:colcon.colcon_core.package_discovery:Crawling recursively for packages in '/home/fidelis/NGCP-2024-/ws_ros2'
[0.240s] Level 1:colcon.colcon_core.package_identification:_identify(.) by extensions ['ignore', 'ignore_ament_install']
[0.240s] Level 1:colcon.colcon_core.package_identification:_identify(.) by extension 'ignore'
[0.240s] Level 1:colcon.colcon_core.package_identification:_identify(.) by extension 'ignore_ament_install'
[0.240s] Level 1:colcon.colcon_core.package_identification:_identify(.) by extensions ['colcon_pkg']
[0.240s] Level 1:colcon.colcon_core.package_identification:_identify(.) by extension 'colcon_pkg'
[0.240s] Level 1:colcon.colcon_core.package_identification:_identify(.) by extensions ['colcon_meta']
[0.240s] Level 1:colcon.colcon_core.package_identification:_identify(.) by extension 'colcon_meta'
[0.240s] Level 1:colcon.colcon_core.package_identification:_identify(.) by extensions ['ros']
[0.240s] Level 1:colcon.colcon_core.package_identification:_identify(.) by extension 'ros'
[0.253s] Level 1:colcon.colcon_core.package_identification:_identify(.) by extensions ['cmake', 'python']
[0.253s] Level 1:colcon.colcon_core.package_identification:_identify(.) by extension 'cmake'
[0.253s] Level 1:colcon.colcon_core.package_identification:_identify(.) by extension 'python'
[0.253s] Level 1:colcon.colcon_core.package_identification:_identify(.) by extensions ['python_setup_py']
[0.253s] Level 1:colcon.colcon_core.package_identification:_identify(.) by extension 'python_setup_py'
[0.253s] Level 1:colcon.colcon_core.package_identification:_identify(build) by extensions ['ignore', 'ignore_ament_install']
[0.254s] Level 1:colcon.colcon_core.package_identification:_identify(build) by extension 'ignore'
[0.254s] Level 1:colcon.colcon_core.package_identification:_identify(build) ignored
[0.254s] Level 1:colcon.colcon_core.package_identification:_identify(install) by extensions ['ignore', 'ignore_ament_install']
[0.254s] Level 1:colcon.colcon_core.package_identification:_identify(install) by extension 'ignore'
[0.254s] Level 1:colcon.colcon_core.package_identification:_identify(install) ignored
[0.254s] Level 1:colcon.colcon_core.package_identification:_identify(log) by extensions ['ignore', 'ignore_ament_install']
[0.254s] Level 1:colcon.colcon_core.package_identification:_identify(log) by extension 'ignore'
[0.254s] Level 1:colcon.colcon_core.package_identification:_identify(log) ignored
[0.254s] Level 1:colcon.colcon_core.package_identification:_identify(src) by extensions ['ignore', 'ignore_ament_install']
[0.254s] Level 1:colcon.colcon_core.package_identification:_identify(src) by extension 'ignore'
[0.254s] Level 1:colcon.colcon_core.package_identification:_identify(src) by extension 'ignore_ament_install'
[0.254s] Level 1:colcon.colcon_core.package_identification:_identify(src) by extensions ['colcon_pkg']
[0.254s] Level 1:colcon.colcon_core.package_identification:_identify(src) by extension 'colcon_pkg'
[0.254s] Level 1:colcon.colcon_core.package_identification:_identify(src) by extensions ['colcon_meta']
[0.254s] Level 1:colcon.colcon_core.package_identification:_identify(src) by extension 'colcon_meta'
[0.254s] Level 1:colcon.colcon_core.package_identification:_identify(src) by extensions ['ros']
[0.254s] Level 1:colcon.colcon_core.package_identification:_identify(src) by extension 'ros'
[0.254s] Level 1:colcon.colcon_core.package_identification:_identify(src) by extensions ['cmake', 'python']
[0.254s] Level 1:colcon.colcon_core.package_identification:_identify(src) by extension 'cmake'
[0.254s] Level 1:colcon.colcon_core.package_identification:_identify(src) by extension 'python'
[0.254s] Level 1:colcon.colcon_core.package_identification:_identify(src) by extensions ['python_setup_py']
[0.255s] Level 1:colcon.colcon_core.package_identification:_identify(src) by extension 'python_setup_py'
[0.255s] Level 1:colcon.colcon_core.package_identification:_identify(src/build) by extensions ['ignore', 'ignore_ament_install']
[0.255s] Level 1:colcon.colcon_core.package_identification:_identify(src/build) by extension 'ignore'
[0.255s] Level 1:colcon.colcon_core.package_identification:_identify(src/build) ignored
[0.255s] Level 1:colcon.colcon_core.package_identification:_identify(src/install) by extensions ['ignore', 'ignore_ament_install']
[0.255s] Level 1:colcon.colcon_core.package_identification:_identify(src/install) by extension 'ignore'
[0.255s] Level 1:colcon.colcon_core.package_identification:_identify(src/install) ignored
[0.255s] Level 1:colcon.colcon_core.package_identification:_identify(src/log) by extensions ['ignore', 'ignore_ament_install']
[0.255s] Level 1:colcon.colcon_core.package_identification:_identify(src/log) by extension 'ignore'
[0.255s] Level 1:colcon.colcon_core.package_identification:_identify(src/log) ignored
[0.255s] Level 1:colcon.colcon_core.package_identification:_identify(src/px4_msgs) by extensions ['ignore', 'ignore_ament_install']
[0.255s] Level 1:colcon.colcon_core.package_identification:_identify(src/px4_msgs) by extension 'ignore'
[0.255s] Level 1:colcon.colcon_core.package_identification:_identify(src/px4_msgs) by extension 'ignore_ament_install'
[0.255s] Level 1:colcon.colcon_core.package_identification:_identify(src/px4_msgs) by extensions ['colcon_pkg']
[0.255s] Level 1:colcon.colcon_core.package_identification:_identify(src/px4_msgs) by extension 'colcon_pkg'
[0.255s] Level 1:colcon.colcon_core.package_identification:_identify(src/px4_msgs) by extensions ['colcon_meta']
[0.255s] Level 1:colcon.colcon_core.package_identification:_identify(src/px4_msgs) by extension 'colcon_meta'
[0.255s] Level 1:colcon.colcon_core.package_identification:_identify(src/px4_msgs) by extensions ['ros']
[0.255s] Level 1:colcon.colcon_core.package_identification:_identify(src/px4_msgs) by extension 'ros'
[0.258s] DEBUG:colcon.colcon_core.package_identification:Package 'src/px4_msgs' with type 'ros.ament_cmake' and name 'px4_msgs'
[0.258s] Level 1:colcon.colcon_core.package_identification:_identify(src/px4_ros_com) by extensions ['ignore', 'ignore_ament_install']
[0.258s] Level 1:colcon.colcon_core.package_identification:_identify(src/px4_ros_com) by extension 'ignore'
[0.258s] Level 1:colcon.colcon_core.package_identification:_identify(src/px4_ros_com) by extension 'ignore_ament_install'
[0.258s] Level 1:colcon.colcon_core.package_identification:_identify(src/px4_ros_com) by extensions ['colcon_pkg']
[0.258s] Level 1:colcon.colcon_core.package_identification:_identify(src/px4_ros_com) by extension 'colcon_pkg'
[0.258s] Level 1:colcon.colcon_core.package_identification:_identify(src/px4_ros_com) by extensions ['colcon_meta']
[0.258s] Level 1:colcon.colcon_core.package_identification:_identify(src/px4_ros_com) by extension 'colcon_meta'
[0.258s] Level 1:colcon.colcon_core.package_identification:_identify(src/px4_ros_com) by extensions ['ros']
[0.258s] Level 1:colcon.colcon_core.package_identification:_identify(src/px4_ros_com) by extension 'ros'
[0.259s] DEBUG:colcon.colcon_core.package_identification:Package 'src/px4_ros_com' with type 'ros.ament_cmake' and name 'px4_ros_com'
[0.260s] Level 1:colcon.colcon_core.package_discovery:discover_packages(recursive) using defaults
[0.260s] Level 1:colcon.colcon_core.package_discovery:discover_packages(ignore) discover
[0.260s] Level 1:colcon.colcon_core.package_discovery:discover_packages(ignore) using defaults
[0.260s] Level 1:colcon.colcon_core.package_discovery:discover_packages(path) discover
[0.260s] Level 1:colcon.colcon_core.package_discovery:discover_packages(path) using defaults
[0.287s] Level 1:colcon.colcon_core.package_discovery:discover_packages(prefix_path) check parameters
[0.287s] Level 1:colcon.colcon_core.package_discovery:discover_packages(prefix_path) discover
[0.290s] DEBUG:colcon.colcon_installed_package_information.package_discovery:Found 270 installed packages in /opt/ros/humble
[0.291s] Level 1:colcon.colcon_core.package_discovery:discover_packages(prefix_path) using defaults
[0.327s] Level 5:colcon.colcon_core.verb:set package 'px4_msgs' build argument 'cmake_args' from command line to 'None'
[0.327s] Level 5:colcon.colcon_core.verb:set package 'px4_msgs' build argument 'cmake_target' from command line to 'None'
[0.327s] Level 5:colcon.colcon_core.verb:set package 'px4_msgs' build argument 'cmake_target_skip_unavailable' from command line to 'False'
[0.327s] Level 5:colcon.colcon_core.verb:set package 'px4_msgs' build argument 'cmake_clean_cache' from command line to 'False'
[0.327s] Level 5:colcon.colcon_core.verb:set package 'px4_msgs' build argument 'cmake_clean_first' from command line to 'False'
[0.327s] Level 5:colcon.colcon_core.verb:set package 'px4_msgs' build argument 'cmake_force_configure' from command line to 'False'
[0.327s] Level 5:colcon.colcon_core.verb:set package 'px4_msgs' build argument 'ament_cmake_args' from command line to 'None'
[0.328s] Level 5:colcon.colcon_core.verb:set package 'px4_msgs' build argument 'catkin_cmake_args' from command line to 'None'
[0.328s] Level 5:colcon.colcon_core.verb:set package 'px4_msgs' build argument 'catkin_skip_building_tests' from command line to 'False'
[0.328s] DEBUG:colcon.colcon_core.verb:Building package 'px4_msgs' with the following arguments: {'ament_cmake_args': None, 'build_base': '/home/fidelis/NGCP-2024-/ws_ros2/build/px4_msgs', 'catkin_cmake_args': None, 'catkin_skip_building_tests': False, 'cmake_args': None, 'cmake_clean_cache': False, 'cmake_clean_first': False, 'cmake_force_configure': False, 'cmake_target': None, 'cmake_target_skip_unavailable': False, 'install_base': '/home/fidelis/NGCP-2024-/ws_ros2/install/px4_msgs', 'merge_install': False, 'path': '/home/fidelis/NGCP-2024-/ws_ros2/src/px4_msgs', 'symlink_install': False, 'test_result_base': None}
[0.328s] Level 5:colcon.colcon_core.verb:set package 'px4_ros_com' build argument 'cmake_args' from command line to 'None'
[0.328s] Level 5:colcon.colcon_core.verb:set package 'px4_ros_com' build argument 'cmake_target' from command line to 'None'
[0.328s] Level 5:colcon.colcon_core.verb:set package 'px4_ros_com' build argument 'cmake_target_skip_unavailable' from command line to 'False'
[0.328s] Level 5:colcon.colcon_core.verb:set package 'px4_ros_com' build argument 'cmake_clean_cache' from command line to 'False'
[0.328s] Level 5:colcon.colcon_core.verb:set package 'px4_ros_com' build argument 'cmake_clean_first' from command line to 'False'
[0.328s] Level 5:colcon.colcon_core.verb:set package 'px4_ros_com' build argument 'cmake_force_configure' from command line to 'False'
[0.328s] Level 5:colcon.colcon_core.verb:set package 'px4_ros_com' build argument 'ament_cmake_args' from command line to 'None'
[0.328s] Level 5:colcon.colcon_core.verb:set package 'px4_ros_com' build argument 'catkin_cmake_args' from command line to 'None'
[0.328s] Level 5:colcon.colcon_core.verb:set package 'px4_ros_com' build argument 'catkin_skip_building_tests' from command line to 'False'
[0.328s] DEBUG:colcon.colcon_core.verb:Building package 'px4_ros_com' with the following arguments: {'ament_cmake_args': None, 'build_base': '/home/fidelis/NGCP-2024-/ws_ros2/build/px4_ros_com', 'catkin_cmake_args': None, 'catkin_skip_building_tests': False, 'cmake_args': None, 'cmake_clean_cache': False, 'cmake_clean_first': False, 'cmake_force_configure': False, 'cmake_target': None, 'cmake_target_skip_unavailable': False, 'install_base': '/home/fidelis/NGCP-2024-/ws_ros2/install/px4_ros_com', 'merge_install': False, 'path': '/home/fidelis/NGCP-2024-/ws_ros2/src/px4_ros_com', 'symlink_install': False, 'test_result_base': None}
[0.328s] INFO:colcon.colcon_core.executor:Executing jobs using 'parallel' executor
[0.329s] DEBUG:colcon.colcon_parallel_executor.executor.parallel:run_until_complete
[0.330s] INFO:colcon.colcon_ros.task.ament_cmake.build:Building ROS package in '/home/fidelis/NGCP-2024-/ws_ros2/src/px4_msgs' with build type 'ament_cmake'
[0.330s] INFO:colcon.colcon_cmake.task.cmake.build:Building CMake package in '/home/fidelis/NGCP-2024-/ws_ros2/src/px4_msgs'
[0.333s] INFO:colcon.colcon_core.plugin_system:Skipping extension 'colcon_core.shell.bat': Not used on non-Windows systems
[0.334s] INFO:colcon.colcon_core.shell:Skip shell extension 'powershell' for command environment: Not usable outside of PowerShell
[0.334s] DEBUG:colcon.colcon_core.shell:Skip shell extension 'dsv' for command environment
[0.343s] DEBUG:colcon.colcon_core.event_handler.log_command:Invoking command in '/home/fidelis/NGCP-2024-/ws_ros2/build/px4_msgs': CMAKE_PREFIX_PATH=/opt/ros/humble /usr/bin/cmake --build /home/fidelis/NGCP-2024-/ws_ros2/build/px4_msgs -- -j16 -l16
[1.189s] DEBUG:colcon.colcon_core.event_handler.log_command:Invoked command in '/home/fidelis/NGCP-2024-/ws_ros2/build/px4_msgs' returned '0': CMAKE_PREFIX_PATH=/opt/ros/humble /usr/bin/cmake --build /home/fidelis/NGCP-2024-/ws_ros2/build/px4_msgs -- -j16 -l16
[5.557s] DEBUG:colcon.colcon_core.event_handler.log_command:Invoking command in '/home/fidelis/NGCP-2024-/ws_ros2/build/px4_msgs': CMAKE_PREFIX_PATH=/opt/ros/humble /usr/bin/cmake --install /home/fidelis/NGCP-2024-/ws_ros2/build/px4_msgs
[6.006s] Level 1:colcon.colcon_core.environment:create_environment_scripts_only(px4_msgs)
[6.007s] DEBUG:colcon.colcon_core.event_handler.log_command:Invoked command in '/home/fidelis/NGCP-2024-/ws_ros2/build/px4_msgs' returned '0': CMAKE_PREFIX_PATH=/opt/ros/humble /usr/bin/cmake --install /home/fidelis/NGCP-2024-/ws_ros2/build/px4_msgs
[6.011s] Level 1:colcon.colcon_core.environment:checking '/home/fidelis/NGCP-2024-/ws_ros2/install/px4_msgs' for CMake module files
[6.011s] Level 1:colcon.colcon_core.environment:checking '/home/fidelis/NGCP-2024-/ws_ros2/install/px4_msgs' for CMake config files
[6.037s] Level 1:colcon.colcon_core.shell:create_environment_hook('px4_msgs', 'cmake_prefix_path')
[6.037s] INFO:colcon.colcon_core.shell:Creating environment hook '/home/fidelis/NGCP-2024-/ws_ros2/install/px4_msgs/share/px4_msgs/hook/cmake_prefix_path.ps1'
[6.038s] INFO:colcon.colcon_core.shell:Creating environment descriptor '/home/fidelis/NGCP-2024-/ws_ros2/install/px4_msgs/share/px4_msgs/hook/cmake_prefix_path.dsv'
[6.038s] INFO:colcon.colcon_core.shell:Creating environment hook '/home/fidelis/NGCP-2024-/ws_ros2/install/px4_msgs/share/px4_msgs/hook/cmake_prefix_path.sh'
[6.039s] Level 1:colcon.colcon_core.environment:checking '/home/fidelis/NGCP-2024-/ws_ros2/install/px4_msgs/lib'
[6.039s] Level 1:colcon.colcon_core.shell:create_environment_hook('px4_msgs', 'ld_library_path_lib')
[6.039s] INFO:colcon.colcon_core.shell:Creating environment hook '/home/fidelis/NGCP-2024-/ws_ros2/install/px4_msgs/share/px4_msgs/hook/ld_library_path_lib.ps1'
[6.039s] INFO:colcon.colcon_core.shell:Creating environment descriptor '/home/fidelis/NGCP-2024-/ws_ros2/install/px4_msgs/share/px4_msgs/hook/ld_library_path_lib.dsv'
[6.040s] INFO:colcon.colcon_core.shell:Creating environment hook '/home/fidelis/NGCP-2024-/ws_ros2/install/px4_msgs/share/px4_msgs/hook/ld_library_path_lib.sh'
[6.040s] Level 1:colcon.colcon_core.environment:checking '/home/fidelis/NGCP-2024-/ws_ros2/install/px4_msgs/bin'
[6.040s] Level 1:colcon.colcon_core.environment:checking '/home/fidelis/NGCP-2024-/ws_ros2/install/px4_msgs/lib/pkgconfig/px4_msgs.pc'
[6.040s] Level 1:colcon.colcon_core.environment:checking '/home/fidelis/NGCP-2024-/ws_ros2/install/px4_msgs/lib/python3.10/site-packages'
[6.040s] Level 1:colcon.colcon_core.environment:checking '/home/fidelis/NGCP-2024-/ws_ros2/install/px4_msgs/bin'
[6.040s] INFO:colcon.colcon_core.shell:Creating package script '/home/fidelis/NGCP-2024-/ws_ros2/install/px4_msgs/share/px4_msgs/package.ps1'
[6.041s] INFO:colcon.colcon_core.shell:Creating package descriptor '/home/fidelis/NGCP-2024-/ws_ros2/install/px4_msgs/share/px4_msgs/package.dsv'
[6.041s] INFO:colcon.colcon_core.shell:Creating package script '/home/fidelis/NGCP-2024-/ws_ros2/install/px4_msgs/share/px4_msgs/package.sh'
[6.042s] INFO:colcon.colcon_core.shell:Creating package script '/home/fidelis/NGCP-2024-/ws_ros2/install/px4_msgs/share/px4_msgs/package.bash'
[6.043s] INFO:colcon.colcon_core.shell:Creating package script '/home/fidelis/NGCP-2024-/ws_ros2/install/px4_msgs/share/px4_msgs/package.zsh'
[6.044s] Level 1:colcon.colcon_core.environment:create_file_with_runtime_dependencies(/home/fidelis/NGCP-2024-/ws_ros2/install/px4_msgs/share/colcon-core/packages/px4_msgs)
[10.767s] Level 1:colcon.colcon_core.environment:create_environment_scripts_only(px4_msgs)
[10.768s] Level 1:colcon.colcon_core.environment:checking '/home/fidelis/NGCP-2024-/ws_ros2/install/px4_msgs' for CMake module files
[10.768s] Level 1:colcon.colcon_core.environment:checking '/home/fidelis/NGCP-2024-/ws_ros2/install/px4_msgs' for CMake config files
[10.795s] Level 1:colcon.colcon_core.shell:create_environment_hook('px4_msgs', 'cmake_prefix_path')
[10.796s] INFO:colcon.colcon_core.shell:Creating environment hook '/home/fidelis/NGCP-2024-/ws_ros2/install/px4_msgs/share/px4_msgs/hook/cmake_prefix_path.ps1'
[10.796s] INFO:colcon.colcon_core.shell:Creating environment descriptor '/home/fidelis/NGCP-2024-/ws_ros2/install/px4_msgs/share/px4_msgs/hook/cmake_prefix_path.dsv'
[10.796s] INFO:colcon.colcon_core.shell:Creating environment hook '/home/fidelis/NGCP-2024-/ws_ros2/install/px4_msgs/share/px4_msgs/hook/cmake_prefix_path.sh'
[10.797s] Level 1:colcon.colcon_core.environment:checking '/home/fidelis/NGCP-2024-/ws_ros2/install/px4_msgs/lib'
[10.797s] Level 1:colcon.colcon_core.shell:create_environment_hook('px4_msgs', 'ld_library_path_lib')
[10.797s] INFO:colcon.colcon_core.shell:Creating environment hook '/home/fidelis/NGCP-2024-/ws_ros2/install/px4_msgs/share/px4_msgs/hook/ld_library_path_lib.ps1'
[10.797s] INFO:colcon.colcon_core.shell:Creating environment descriptor '/home/fidelis/NGCP-2024-/ws_ros2/install/px4_msgs/share/px4_msgs/hook/ld_library_path_lib.dsv'
[10.797s] INFO:colcon.colcon_core.shell:Creating environment hook '/home/fidelis/NGCP-2024-/ws_ros2/install/px4_msgs/share/px4_msgs/hook/ld_library_path_lib.sh'
[10.797s] Level 1:colcon.colcon_core.environment:checking '/home/fidelis/NGCP-2024-/ws_ros2/install/px4_msgs/bin'
[10.798s] Level 1:colcon.colcon_core.environment:checking '/home/fidelis/NGCP-2024-/ws_ros2/install/px4_msgs/lib/pkgconfig/px4_msgs.pc'
[10.798s] Level 1:colcon.colcon_core.environment:checking '/home/fidelis/NGCP-2024-/ws_ros2/install/px4_msgs/lib/python3.10/site-packages'
[10.798s] Level 1:colcon.colcon_core.environment:checking '/home/fidelis/NGCP-2024-/ws_ros2/install/px4_msgs/bin'
[10.798s] INFO:colcon.colcon_core.shell:Creating package script '/home/fidelis/NGCP-2024-/ws_ros2/install/px4_msgs/share/px4_msgs/package.ps1'
[10.798s] INFO:colcon.colcon_core.shell:Creating package descriptor '/home/fidelis/NGCP-2024-/ws_ros2/install/px4_msgs/share/px4_msgs/package.dsv'
[10.799s] INFO:colcon.colcon_core.shell:Creating package script '/home/fidelis/NGCP-2024-/ws_ros2/install/px4_msgs/share/px4_msgs/package.sh'
[10.799s] INFO:colcon.colcon_core.shell:Creating package script '/home/fidelis/NGCP-2024-/ws_ros2/install/px4_msgs/share/px4_msgs/package.bash'
[10.799s] INFO:colcon.colcon_core.shell:Creating package script '/home/fidelis/NGCP-2024-/ws_ros2/install/px4_msgs/share/px4_msgs/package.zsh'
[10.799s] Level 1:colcon.colcon_core.environment:create_file_with_runtime_dependencies(/home/fidelis/NGCP-2024-/ws_ros2/install/px4_msgs/share/colcon-core/packages/px4_msgs)
[10.800s] INFO:colcon.colcon_ros.task.ament_cmake.build:Building ROS package in '/home/fidelis/NGCP-2024-/ws_ros2/src/px4_ros_com' with build type 'ament_cmake'
[10.800s] INFO:colcon.colcon_cmake.task.cmake.build:Building CMake package in '/home/fidelis/NGCP-2024-/ws_ros2/src/px4_ros_com'
[10.800s] INFO:colcon.colcon_core.shell:Skip shell extension 'powershell' for command environment: Not usable outside of PowerShell
[10.800s] DEBUG:colcon.colcon_core.shell:Skip shell extension 'dsv' for command environment
[10.811s] DEBUG:colcon.colcon_core.event_handler.log_command:Invoking command in '/home/fidelis/NGCP-2024-/ws_ros2/build/px4_ros_com': AMENT_PREFIX_PATH=/home/fidelis/NGCP-2024-/ws_ros2/install/px4_msgs:${AMENT_PREFIX_PATH} CMAKE_PREFIX_PATH=/home/fidelis/NGCP-2024-/ws_ros2/install/px4_msgs:/opt/ros/humble LD_LIBRARY_PATH=/home/fidelis/NGCP-2024-/ws_ros2/install/px4_msgs/lib:${LD_LIBRARY_PATH} PYTHONPATH=/home/fidelis/NGCP-2024-/ws_ros2/install/px4_msgs/local/lib/python3.10/dist-packages:${PYTHONPATH} /usr/bin/cmake --build /home/fidelis/NGCP-2024-/ws_ros2/build/px4_ros_com -- -j16 -l16
[15.784s] DEBUG:colcon.colcon_core.event_handler.log_command:Invoked command in '/home/fidelis/NGCP-2024-/ws_ros2/build/px4_ros_com' returned '2': AMENT_PREFIX_PATH=/home/fidelis/NGCP-2024-/ws_ros2/install/px4_msgs:${AMENT_PREFIX_PATH} CMAKE_PREFIX_PATH=/home/fidelis/NGCP-2024-/ws_ros2/install/px4_msgs:/opt/ros/humble LD_LIBRARY_PATH=/home/fidelis/NGCP-2024-/ws_ros2/install/px4_msgs/lib:${LD_LIBRARY_PATH} PYTHONPATH=/home/fidelis/NGCP-2024-/ws_ros2/install/px4_msgs/local/lib/python3.10/dist-packages:${PYTHONPATH} /usr/bin/cmake --build /home/fidelis/NGCP-2024-/ws_ros2/build/px4_ros_com -- -j16 -l16
[15.828s] Level 1:colcon.colcon_core.environment:create_environment_scripts_only(px4_ros_com)
[15.828s] Level 1:colcon.colcon_core.environment:checking '/home/fidelis/NGCP-2024-/ws_ros2/install/px4_ros_com' for CMake module files
[15.829s] Level 1:colcon.colcon_core.environment:checking '/home/fidelis/NGCP-2024-/ws_ros2/install/px4_ros_com' for CMake config files
[15.830s] Level 1:colcon.colcon_core.shell:create_environment_hook('px4_ros_com', 'cmake_prefix_path')
[15.830s] INFO:colcon.colcon_core.shell:Creating environment hook '/home/fidelis/NGCP-2024-/ws_ros2/install/px4_ros_com/share/px4_ros_com/hook/cmake_prefix_path.ps1'
[15.830s] INFO:colcon.colcon_core.shell:Creating environment descriptor '/home/fidelis/NGCP-2024-/ws_ros2/install/px4_ros_com/share/px4_ros_com/hook/cmake_prefix_path.dsv'
[15.830s] INFO:colcon.colcon_core.shell:Creating environment hook '/home/fidelis/NGCP-2024-/ws_ros2/install/px4_ros_com/share/px4_ros_com/hook/cmake_prefix_path.sh'
[15.831s] Level 1:colcon.colcon_core.environment:checking '/home/fidelis/NGCP-2024-/ws_ros2/install/px4_ros_com/lib'
[15.831s] Level 1:colcon.colcon_core.shell:create_environment_hook('px4_ros_com', 'ld_library_path_lib')
[15.831s] INFO:colcon.colcon_core.shell:Creating environment hook '/home/fidelis/NGCP-2024-/ws_ros2/install/px4_ros_com/share/px4_ros_com/hook/ld_library_path_lib.ps1'
[15.832s] INFO:colcon.colcon_core.shell:Creating environment descriptor '/home/fidelis/NGCP-2024-/ws_ros2/install/px4_ros_com/share/px4_ros_com/hook/ld_library_path_lib.dsv'
[15.832s] INFO:colcon.colcon_core.shell:Creating environment hook '/home/fidelis/NGCP-2024-/ws_ros2/install/px4_ros_com/share/px4_ros_com/hook/ld_library_path_lib.sh'
[15.832s] Level 1:colcon.colcon_core.environment:checking '/home/fidelis/NGCP-2024-/ws_ros2/install/px4_ros_com/bin'
[15.832s] Level 1:colcon.colcon_core.environment:checking '/home/fidelis/NGCP-2024-/ws_ros2/install/px4_ros_com/lib/pkgconfig/px4_ros_com.pc'
[15.832s] Level 1:colcon.colcon_core.environment:checking '/home/fidelis/NGCP-2024-/ws_ros2/install/px4_ros_com/lib/python3.10/site-packages'
[15.832s] Level 1:colcon.colcon_core.environment:checking '/home/fidelis/NGCP-2024-/ws_ros2/install/px4_ros_com/bin'
[15.832s] INFO:colcon.colcon_core.shell:Creating package script '/home/fidelis/NGCP-2024-/ws_ros2/install/px4_ros_com/share/px4_ros_com/package.ps1'
[15.833s] INFO:colcon.colcon_core.shell:Creating package descriptor '/home/fidelis/NGCP-2024-/ws_ros2/install/px4_ros_com/share/px4_ros_com/package.dsv'
[15.833s] INFO:colcon.colcon_core.shell:Creating package script '/home/fidelis/NGCP-2024-/ws_ros2/install/px4_ros_com/share/px4_ros_com/package.sh'
[15.833s] INFO:colcon.colcon_core.shell:Creating package script '/home/fidelis/NGCP-2024-/ws_ros2/install/px4_ros_com/share/px4_ros_com/package.bash'
[15.834s] INFO:colcon.colcon_core.shell:Creating package script '/home/fidelis/NGCP-2024-/ws_ros2/install/px4_ros_com/share/px4_ros_com/package.zsh'
[15.834s] Level 1:colcon.colcon_core.environment:create_file_with_runtime_dependencies(/home/fidelis/NGCP-2024-/ws_ros2/install/px4_ros_com/share/colcon-core/packages/px4_ros_com)
[15.844s] DEBUG:colcon.colcon_parallel_executor.executor.parallel:closing loop
[15.844s] DEBUG:colcon.colcon_parallel_executor.executor.parallel:loop closed
[15.844s] DEBUG:colcon.colcon_parallel_executor.executor.parallel:run_until_complete finished with '2'
[15.844s] DEBUG:colcon.colcon_core.event_reactor:joining thread
[15.850s] INFO:colcon.colcon_core.plugin_system:Skipping extension 'colcon_notification.desktop_notification.terminal_notifier': Not used on non-Darwin systems
[15.850s] INFO:colcon.colcon_core.plugin_system:Skipping extension 'colcon_notification.desktop_notification.win32': Not used on non-Windows systems
[15.850s] INFO:colcon.colcon_notification.desktop_notification:Sending desktop notification using 'notify2'
[15.865s] DEBUG:colcon.colcon_core.event_reactor:joined thread
[15.866s] INFO:colcon.colcon_core.shell:Creating prefix script '/home/fidelis/NGCP-2024-/ws_ros2/install/local_setup.ps1'
[15.867s] INFO:colcon.colcon_core.shell:Creating prefix util module '/home/fidelis/NGCP-2024-/ws_ros2/install/_local_setup_util_ps1.py'
[15.868s] INFO:colcon.colcon_core.shell:Creating prefix chain script '/home/fidelis/NGCP-2024-/ws_ros2/install/setup.ps1'
[15.869s] INFO:colcon.colcon_core.shell:Creating prefix script '/home/fidelis/NGCP-2024-/ws_ros2/install/local_setup.sh'
[15.870s] INFO:colcon.colcon_core.shell:Creating prefix util module '/home/fidelis/NGCP-2024-/ws_ros2/install/_local_setup_util_sh.py'
[15.870s] INFO:colcon.colcon_core.shell:Creating prefix chain script '/home/fidelis/NGCP-2024-/ws_ros2/install/setup.sh'
[15.871s] INFO:colcon.colcon_core.shell:Creating prefix script '/home/fidelis/NGCP-2024-/ws_ros2/install/local_setup.bash'
[15.871s] INFO:colcon.colcon_core.shell:Creating prefix chain script '/home/fidelis/NGCP-2024-/ws_ros2/install/setup.bash'
[15.872s] INFO:colcon.colcon_core.shell:Creating prefix script '/home/fidelis/NGCP-2024-/ws_ros2/install/local_setup.zsh'
[15.873s] INFO:colcon.colcon_core.shell:Creating prefix chain script '/home/fidelis/NGCP-2024-/ws_ros2/install/setup.zsh'
