[01m[K/home/fidelis/NGCP-2024-/ws_ros2/src/px4_ros_com/src/examples/offboard/offboard_control.cpp:[m[K In member function ‘[01m[Kvoid OffboardPlane::run()[m[K’:
[01m[K/home/fidelis/NGCP-2024-/ws_ros2/src/px4_ros_com/src/examples/offboard/offboard_control.cpp:79:8:[m[K [01;35m[Kwarning: [m[Kunused variable ‘[01m[Kmission_completed[m[K’ [[01;35m[K-Wunused-variable[m[K]
   79 |   bool [01;35m[Kmission_completed[m[K = false;
      |        [01;35m[K^~~~~~~~~~~~~~~~~[m[K
[01m[K/home/fidelis/NGCP-2024-/ws_ros2/src/px4_ros_com/src/examples/offboard/offboard_control.cpp:[m[K At global scope:
[01m[K/home/fidelis/NGCP-2024-/ws_ros2/src/px4_ros_com/src/examples/offboard/offboard_control.cpp:189:153:[m[K [01;31m[Kerror: [m[Kexpected ‘[01m[K,[m[K’ or ‘[01m[K...[m[K’ before ‘[01m[Kfloat[m[K’
  189 | void OffboardPlane::publish_vehicle_loiter_command(uint16_t command, float param1, float param2, float param3, float param4, float param5, float param6 [01;31m[Kfloat[m[K param7) {
      |                                                                                                                                                         [01;31m[K^~~~~[m[K
[01m[K/home/fidelis/NGCP-2024-/ws_ros2/src/px4_ros_com/src/examples/offboard/offboard_control.cpp:189:6:[m[K [01;31m[Kerror: [m[Kno declaration matches ‘[01m[Kvoid OffboardPlane::publish_vehicle_loiter_command(uint16_t, float, float, float, float, float, float)[m[K’
  189 | void [01;31m[KOffboardPlane[m[K::publish_vehicle_loiter_command(uint16_t command, float param1, float param2, float param3, float param4, float param5, float param6 float param7) {
      |      [01;31m[K^~~~~~~~~~~~~[m[K
[01m[K/home/fidelis/NGCP-2024-/ws_ros2/src/px4_ros_com/src/examples/offboard/offboard_control.cpp:74:8:[m[K [01;36m[Knote: [m[Kcandidate is: ‘[01m[Kvoid OffboardPlane::publish_vehicle_loiter_command(uint16_t, float, float, float, float, float, float, float)[m[K’
   74 |   void [01;36m[Kpublish_vehicle_loiter_command[m[K(uint16_t command, float param1 = 0.0, float param2 = 0.0, float param3 = 0.0, float param4 = 0.0, float param5 = 0.0, float param6 = 0.0, float param7 = 0.0);
      |        [01;36m[K^~~~~~~~~~~~~~~~~~~~~~~~~~~~~~[m[K
[01m[K/home/fidelis/NGCP-2024-/ws_ros2/src/px4_ros_com/src/examples/offboard/offboard_control.cpp:26:7:[m[K [01;36m[Knote: [m[K‘[01m[Kclass OffboardPlane[m[K’ defined here
   26 | class [01;36m[KOffboardPlane[m[K : public rclcpp::Node {
      |       [01;36m[K^~~~~~~~~~~~~[m[K
gmake[2]: *** [CMakeFiles/offboard_control.dir/build.make:76: CMakeFiles/offboard_control.dir/src/examples/offboard/offboard_control.cpp.o] Error 1
gmake[1]: *** [CMakeFiles/Makefile2:254: CMakeFiles/offboard_control.dir/all] Error 2
gmake: *** [Makefile:146: all] Error 2
