[0.012s] Invoking command in '/home/fidelis/NGCP-2024-/ws_ros2/build/px4_ros_com': AMENT_PREFIX_PATH=/home/fidelis/NGCP-2024-/ws_ros2/install/px4_msgs:${AMENT_PREFIX_PATH} CMAKE_PREFIX_PATH=/home/fidelis/NGCP-2024-/ws_ros2/install/px4_msgs:/opt/ros/humble LD_LIBRARY_PATH=/home/fidelis/NGCP-2024-/ws_ros2/install/px4_msgs/lib:${LD_LIBRARY_PATH} PYTHONPATH=/home/fidelis/NGCP-2024-/ws_ros2/install/px4_msgs/local/lib/python3.10/dist-packages:${PYTHONPATH} /usr/bin/cmake --build /home/fidelis/NGCP-2024-/ws_ros2/build/px4_ros_com -- -j16 -l16
[0.053s] [35m[1mConsolidate compiler generated dependencies of target offboard_control[0m
[0.065s] [ 58%] Built target sensor_combined_listener
[0.065s] [ 58%] Built target frame_transforms
[0.065s] [ 66%] Built target debug_vect_advertiser
[0.065s] [ 66%] Built target vehicle_gps_position_listener
[0.065s] [ 83%] Built target offboard_control_srv
[0.070s] [ 91%] Built target ament_cmake_python_symlink_px4_ros_com
[0.070s] [ 91%] [32mBuilding CXX object CMakeFiles/offboard_control.dir/src/examples/offboard/offboard_control.cpp.o[0m
[0.234s] running egg_info
[0.245s] writing px4_ros_com.egg-info/PKG-INFO
[0.245s] writing dependency_links to px4_ros_com.egg-info/dependency_links.txt
[0.245s] writing top-level names to px4_ros_com.egg-info/top_level.txt
[0.279s] reading manifest file 'px4_ros_com.egg-info/SOURCES.txt'
[0.279s] writing manifest file 'px4_ros_com.egg-info/SOURCES.txt'
[0.319s] [ 91%] Built target ament_cmake_python_build_px4_ros_com_egg
[4.709s] [01m[K/home/fidelis/NGCP-2024-/ws_ros2/src/px4_ros_com/src/examples/offboard/offboard_control.cpp:[m[K In member function ‘[01m[Kvoid OffboardPlane::run()[m[K’:
[4.709s] [01m[K/home/fidelis/NGCP-2024-/ws_ros2/src/px4_ros_com/src/examples/offboard/offboard_control.cpp:79:8:[m[K [01;35m[Kwarning: [m[Kunused variable ‘[01m[Kmission_completed[m[K’ [[01;35m[K-Wunused-variable[m[K]
[4.709s]    79 |   bool [01;35m[Kmission_completed[m[K = false;
[4.709s]       |        [01;35m[K^~~~~~~~~~~~~~~~~[m[K
[4.709s] [01m[K/home/fidelis/NGCP-2024-/ws_ros2/src/px4_ros_com/src/examples/offboard/offboard_control.cpp:[m[K At global scope:
[4.710s] [01m[K/home/fidelis/NGCP-2024-/ws_ros2/src/px4_ros_com/src/examples/offboard/offboard_control.cpp:189:153:[m[K [01;31m[Kerror: [m[Kexpected ‘[01m[K,[m[K’ or ‘[01m[K...[m[K’ before ‘[01m[Kfloat[m[K’
[4.710s]   189 | void OffboardPlane::publish_vehicle_loiter_command(uint16_t command, float param1, float param2, float param3, float param4, float param5, float param6 [01;31m[Kfloat[m[K param7) {
[4.710s]       |                                                                                                                                                         [01;31m[K^~~~~[m[K
[4.710s] [01m[K/home/fidelis/NGCP-2024-/ws_ros2/src/px4_ros_com/src/examples/offboard/offboard_control.cpp:189:6:[m[K [01;31m[Kerror: [m[Kno declaration matches ‘[01m[Kvoid OffboardPlane::publish_vehicle_loiter_command(uint16_t, float, float, float, float, float, float)[m[K’
[4.710s]   189 | void [01;31m[KOffboardPlane[m[K::publish_vehicle_loiter_command(uint16_t command, float param1, float param2, float param3, float param4, float param5, float param6 float param7) {
[4.710s]       |      [01;31m[K^~~~~~~~~~~~~[m[K
[4.710s] [01m[K/home/fidelis/NGCP-2024-/ws_ros2/src/px4_ros_com/src/examples/offboard/offboard_control.cpp:74:8:[m[K [01;36m[Knote: [m[Kcandidate is: ‘[01m[Kvoid OffboardPlane::publish_vehicle_loiter_command(uint16_t, float, float, float, float, float, float, float)[m[K’
[4.710s]    74 |   void [01;36m[Kpublish_vehicle_loiter_command[m[K(uint16_t command, float param1 = 0.0, float param2 = 0.0, float param3 = 0.0, float param4 = 0.0, float param5 = 0.0, float param6 = 0.0, float param7 = 0.0);
[4.710s]       |        [01;36m[K^~~~~~~~~~~~~~~~~~~~~~~~~~~~~~[m[K
[4.710s] [01m[K/home/fidelis/NGCP-2024-/ws_ros2/src/px4_ros_com/src/examples/offboard/offboard_control.cpp:26:7:[m[K [01;36m[Knote: [m[K‘[01m[Kclass OffboardPlane[m[K’ defined here
[4.710s]    26 | class [01;36m[KOffboardPlane[m[K : public rclcpp::Node {
[4.710s]       |       [01;36m[K^~~~~~~~~~~~~[m[K
[4.710s] gmake[2]: *** [CMakeFiles/offboard_control.dir/build.make:76: CMakeFiles/offboard_control.dir/src/examples/offboard/offboard_control.cpp.o] Error 1
[4.710s] gmake[1]: *** [CMakeFiles/Makefile2:254: CMakeFiles/offboard_control.dir/all] Error 2
[4.711s] gmake: *** [Makefile:146: all] Error 2
[4.714s] Invoked command in '/home/fidelis/NGCP-2024-/ws_ros2/build/px4_ros_com' returned '2': AMENT_PREFIX_PATH=/home/fidelis/NGCP-2024-/ws_ros2/install/px4_msgs:${AMENT_PREFIX_PATH} CMAKE_PREFIX_PATH=/home/fidelis/NGCP-2024-/ws_ros2/install/px4_msgs:/opt/ros/humble LD_LIBRARY_PATH=/home/fidelis/NGCP-2024-/ws_ros2/install/px4_msgs/lib:${LD_LIBRARY_PATH} PYTHONPATH=/home/fidelis/NGCP-2024-/ws_ros2/install/px4_msgs/local/lib/python3.10/dist-packages:${PYTHONPATH} /usr/bin/cmake --build /home/fidelis/NGCP-2024-/ws_ros2/build/px4_ros_com -- -j16 -l16
