[0.011s] Invoking command in '/home/fidelis/NGCP-2024-/ws_ros2/build/px4_ros_com': CMAKE_PREFIX_PATH=/home/fidelis/NGCP-2024-/ws_ros2/install/px4_msgs:/home/fidelis/NGCP-2024-/ws_ros2/install/px4_ros_com:/opt/ros/humble LD_LIBRARY_PATH=/home/fidelis/NGCP-2024-/ws_ros2/install/px4_msgs/lib:/home/fidelis/NGCP-2024-/ws_ros2/install/px4_ros_com/lib:/opt/ros/humble/opt/rviz_ogre_vendor/lib:/opt/ros/humble/lib/x86_64-linux-gnu:/opt/ros/humble/lib /usr/bin/cmake --build /home/fidelis/NGCP-2024-/ws_ros2/build/px4_ros_com -- -j16 -l16
[0.063s] [35m[1mConsolidate compiler generated dependencies of target offboard_control[0m
[0.078s] [ 66%] Built target frame_transforms
[0.078s] [ 75%] Built target sensor_combined_listener
[0.078s] [ 75%] Built target vehicle_gps_position_listener
[0.079s] [ 83%] Built target offboard_control_srv
[0.079s] [ 83%] Built target debug_vect_advertiser
[0.085s] [ 91%] [32mBuilding CXX object CMakeFiles/offboard_control.dir/src/examples/offboard/offboard_control.cpp.o[0m
[0.087s] [ 91%] Built target ament_cmake_python_symlink_px4_ros_com
[0.266s] running egg_info
[0.278s] writing px4_ros_com.egg-info/PKG-INFO
[0.278s] writing dependency_links to px4_ros_com.egg-info/dependency_links.txt
[0.278s] writing top-level names to px4_ros_com.egg-info/top_level.txt
[0.318s] reading manifest file 'px4_ros_com.egg-info/SOURCES.txt'
[0.319s] writing manifest file 'px4_ros_com.egg-info/SOURCES.txt'
[0.366s] [ 91%] Built target ament_cmake_python_build_px4_ros_com_egg
[12.248s] [01m[K/home/fidelis/NGCP-2024-/ws_ros2/src/px4_ros_com/src/examples/offboard/offboard_control.cpp:[m[K In member function ‘[01m[Kvoid OffboardPlane::publish_trajectory_setpoint()[m[K’:
[12.248s] [01m[K/home/fidelis/NGCP-2024-/ws_ros2/src/px4_ros_com/src/examples/offboard/offboard_control.cpp:172:9:[m[K [01;35m[Kwarning: [m[Kunused variable ‘[01m[Kpos_n[m[K’ [[01;35m[K-Wunused-variable[m[K]
[12.248s]   172 |   float [01;35m[Kpos_n[m[K = vehicle_odometry_.position[0];
[12.248s]       |         [01;35m[K^~~~~[m[K
[12.248s] [01m[K/home/fidelis/NGCP-2024-/ws_ros2/src/px4_ros_com/src/examples/offboard/offboard_control.cpp:173:9:[m[K [01;35m[Kwarning: [m[Kunused variable ‘[01m[Kpos_e[m[K’ [[01;35m[K-Wunused-variable[m[K]
[12.248s]   173 |   float [01;35m[Kpos_e[m[K = vehicle_odometry_.position[1];
[12.248s]       |         [01;35m[K^~~~~[m[K
[12.248s] [01m[K/home/fidelis/NGCP-2024-/ws_ros2/src/px4_ros_com/src/examples/offboard/offboard_control.cpp:174:9:[m[K [01;35m[Kwarning: [m[Kunused variable ‘[01m[Kpos_d[m[K’ [[01;35m[K-Wunused-variable[m[K]
[12.248s]   174 |   float [01;35m[Kpos_d[m[K = vehicle_odometry_.position[2];
[12.248s]       |         [01;35m[K^~~~~[m[K
[12.263s] [100%] [32m[1mLinking CXX executable offboard_control[0m
[12.873s] [100%] Built target offboard_control
[12.887s] Invoked command in '/home/fidelis/NGCP-2024-/ws_ros2/build/px4_ros_com' returned '0': CMAKE_PREFIX_PATH=/home/fidelis/NGCP-2024-/ws_ros2/install/px4_msgs:/home/fidelis/NGCP-2024-/ws_ros2/install/px4_ros_com:/opt/ros/humble LD_LIBRARY_PATH=/home/fidelis/NGCP-2024-/ws_ros2/install/px4_msgs/lib:/home/fidelis/NGCP-2024-/ws_ros2/install/px4_ros_com/lib:/opt/ros/humble/opt/rviz_ogre_vendor/lib:/opt/ros/humble/lib/x86_64-linux-gnu:/opt/ros/humble/lib /usr/bin/cmake --build /home/fidelis/NGCP-2024-/ws_ros2/build/px4_ros_com -- -j16 -l16
[12.936s] Invoking command in '/home/fidelis/NGCP-2024-/ws_ros2/build/px4_ros_com': CMAKE_PREFIX_PATH=/home/fidelis/NGCP-2024-/ws_ros2/install/px4_msgs:/home/fidelis/NGCP-2024-/ws_ros2/install/px4_ros_com:/opt/ros/humble LD_LIBRARY_PATH=/home/fidelis/NGCP-2024-/ws_ros2/install/px4_msgs/lib:/home/fidelis/NGCP-2024-/ws_ros2/install/px4_ros_com/lib:/opt/ros/humble/opt/rviz_ogre_vendor/lib:/opt/ros/humble/lib/x86_64-linux-gnu:/opt/ros/humble/lib /usr/bin/cmake --install /home/fidelis/NGCP-2024-/ws_ros2/build/px4_ros_com
[12.945s] -- Install configuration: ""
[12.945s] -- Execute custom install script
[12.945s] -- Up-to-date symlink: /home/fidelis/NGCP-2024-/ws_ros2/install/px4_ros_com/lib/px4_ros_com/sensor_combined_listener
[12.945s] -- Up-to-date symlink: /home/fidelis/NGCP-2024-/ws_ros2/install/px4_ros_com/lib/px4_ros_com/vehicle_gps_position_listener
[12.946s] -- Up-to-date symlink: /home/fidelis/NGCP-2024-/ws_ros2/install/px4_ros_com/lib/px4_ros_com/debug_vect_advertiser
[12.946s] -- Up-to-date symlink: /home/fidelis/NGCP-2024-/ws_ros2/install/px4_ros_com/lib/px4_ros_com/offboard_control
[12.946s] -- Up-to-date symlink: /home/fidelis/NGCP-2024-/ws_ros2/install/px4_ros_com/lib/px4_ros_com/offboard_control_srv
[12.946s] -- Up-to-date symlink: /home/fidelis/NGCP-2024-/ws_ros2/install/px4_ros_com/share/px4_ros_com/environment/library_path.sh
[12.946s] -- Up-to-date symlink: /home/fidelis/NGCP-2024-/ws_ros2/install/px4_ros_com/share/px4_ros_com/environment/library_path.dsv
[12.947s] -- Up-to-date symlink: /home/fidelis/NGCP-2024-/ws_ros2/install/px4_ros_com/include/px4_ros_com/frame_transforms.h
[12.947s] -- Up-to-date symlink: /home/fidelis/NGCP-2024-/ws_ros2/install/px4_ros_com/share/px4_ros_com//launch/offboard_control_launch.yaml
[12.947s] -- Up-to-date symlink: /home/fidelis/NGCP-2024-/ws_ros2/install/px4_ros_com/share/px4_ros_com//launch/sensor_combined_listener.launch.py
[12.947s] -- Up-to-date symlink: /home/fidelis/NGCP-2024-/ws_ros2/install/px4_ros_com/share/px4_ros_com//test/__init__.py
[12.947s] -- Up-to-date symlink: /home/fidelis/NGCP-2024-/ws_ros2/install/px4_ros_com/share/px4_ros_com//test/pipeline_io_test.py
[12.947s] -- Up-to-date symlink: /home/fidelis/NGCP-2024-/ws_ros2/install/px4_ros_com/share/px4_ros_com//test/test_input.py
[12.947s] -- Up-to-date symlink: /home/fidelis/NGCP-2024-/ws_ros2/install/px4_ros_com/share/px4_ros_com//test/test_output.py
[12.947s] -- Up-to-date symlink: /home/fidelis/NGCP-2024-/ws_ros2/install/px4_ros_com/share/px4_ros_com/environment/pythonpath.sh
[12.948s] -- Up-to-date symlink: /home/fidelis/NGCP-2024-/ws_ros2/install/px4_ros_com/share/px4_ros_com/environment/pythonpath.dsv
[12.948s] -- Up-to-date symlink: /home/fidelis/NGCP-2024-/ws_ros2/install/px4_ros_com/local/lib/python3.10/dist-packages/px4_ros_com-0.1.0-py3.10.egg-info/PKG-INFO
[12.948s] -- Up-to-date symlink: /home/fidelis/NGCP-2024-/ws_ros2/install/px4_ros_com/local/lib/python3.10/dist-packages/px4_ros_com-0.1.0-py3.10.egg-info/SOURCES.txt
[12.948s] -- Up-to-date symlink: /home/fidelis/NGCP-2024-/ws_ros2/install/px4_ros_com/local/lib/python3.10/dist-packages/px4_ros_com-0.1.0-py3.10.egg-info/dependency_links.txt
[12.948s] -- Up-to-date symlink: /home/fidelis/NGCP-2024-/ws_ros2/install/px4_ros_com/local/lib/python3.10/dist-packages/px4_ros_com-0.1.0-py3.10.egg-info/top_level.txt
[12.948s] -- Up-to-date symlink: /home/fidelis/NGCP-2024-/ws_ros2/install/px4_ros_com/local/lib/python3.10/dist-packages/px4_ros_com/__init__.py
[12.948s] -- Up-to-date symlink: /home/fidelis/NGCP-2024-/ws_ros2/install/px4_ros_com/local/lib/python3.10/dist-packages/px4_ros_com/module_to_import.py
[12.949s] -- Up-to-date symlink: /home/fidelis/NGCP-2024-/ws_ros2/install/px4_ros_com/lib/px4_ros_com/offboard_control.py
[12.949s] -- Up-to-date symlink: /home/fidelis/NGCP-2024-/ws_ros2/install/px4_ros_com/share/ament_index/resource_index/package_run_dependencies/px4_ros_com
[12.949s] -- Up-to-date symlink: /home/fidelis/NGCP-2024-/ws_ros2/install/px4_ros_com/share/ament_index/resource_index/parent_prefix_path/px4_ros_com
[12.949s] -- Up-to-date symlink: /home/fidelis/NGCP-2024-/ws_ros2/install/px4_ros_com/share/px4_ros_com/environment/ament_prefix_path.sh
[12.949s] -- Up-to-date symlink: /home/fidelis/NGCP-2024-/ws_ros2/install/px4_ros_com/share/px4_ros_com/environment/ament_prefix_path.dsv
[12.949s] -- Up-to-date symlink: /home/fidelis/NGCP-2024-/ws_ros2/install/px4_ros_com/share/px4_ros_com/environment/path.sh
[12.949s] -- Up-to-date symlink: /home/fidelis/NGCP-2024-/ws_ros2/install/px4_ros_com/share/px4_ros_com/environment/path.dsv
[12.949s] -- Up-to-date symlink: /home/fidelis/NGCP-2024-/ws_ros2/install/px4_ros_com/share/px4_ros_com/local_setup.bash
[12.950s] -- Up-to-date symlink: /home/fidelis/NGCP-2024-/ws_ros2/install/px4_ros_com/share/px4_ros_com/local_setup.sh
[12.950s] -- Up-to-date symlink: /home/fidelis/NGCP-2024-/ws_ros2/install/px4_ros_com/share/px4_ros_com/local_setup.zsh
[12.950s] -- Up-to-date symlink: /home/fidelis/NGCP-2024-/ws_ros2/install/px4_ros_com/share/px4_ros_com/local_setup.dsv
[12.950s] -- Symlinking: /home/fidelis/NGCP-2024-/ws_ros2/install/px4_ros_com/share/px4_ros_com/package.dsv
[12.962s] -- Up-to-date symlink: /home/fidelis/NGCP-2024-/ws_ros2/install/px4_ros_com/share/ament_index/resource_index/packages/px4_ros_com
[12.962s] -- Up-to-date symlink: /home/fidelis/NGCP-2024-/ws_ros2/install/px4_ros_com/share/px4_ros_com/cmake/ament_cmake_export_dependencies-extras.cmake
[12.962s] -- Up-to-date symlink: /home/fidelis/NGCP-2024-/ws_ros2/install/px4_ros_com/share/px4_ros_com/cmake/ament_cmake_export_targets-extras.cmake
[12.962s] -- Up-to-date symlink: /home/fidelis/NGCP-2024-/ws_ros2/install/px4_ros_com/share/px4_ros_com/cmake/ament_cmake_export_include_directories-extras.cmake
[12.962s] -- Up-to-date symlink: /home/fidelis/NGCP-2024-/ws_ros2/install/px4_ros_com/share/px4_ros_com/cmake/ament_cmake_export_libraries-extras.cmake
[12.962s] -- Up-to-date symlink: /home/fidelis/NGCP-2024-/ws_ros2/install/px4_ros_com/share/px4_ros_com/cmake/px4_ros_comConfig.cmake
[12.963s] -- Up-to-date symlink: /home/fidelis/NGCP-2024-/ws_ros2/install/px4_ros_com/share/px4_ros_com/cmake/px4_ros_comConfig-version.cmake
[12.963s] -- Up-to-date symlink: /home/fidelis/NGCP-2024-/ws_ros2/install/px4_ros_com/share/px4_ros_com/package.xml
[12.963s] -- Up-to-date: /home/fidelis/NGCP-2024-/ws_ros2/install/px4_ros_com/lib/libframe_transforms.so
[12.990s] Listing '/home/fidelis/NGCP-2024-/ws_ros2/install/px4_ros_com/local/lib/python3.10/dist-packages/px4_ros_com'...
[12.995s] -- Up-to-date: /home/fidelis/NGCP-2024-/ws_ros2/install/px4_ros_com/share/px4_ros_com/cmake/export_frame_transformsExport.cmake
[12.995s] -- Up-to-date: /home/fidelis/NGCP-2024-/ws_ros2/install/px4_ros_com/share/px4_ros_com/cmake/export_frame_transformsExport-noconfig.cmake
[12.999s] Invoked command in '/home/fidelis/NGCP-2024-/ws_ros2/build/px4_ros_com' returned '0': CMAKE_PREFIX_PATH=/home/fidelis/NGCP-2024-/ws_ros2/install/px4_msgs:/home/fidelis/NGCP-2024-/ws_ros2/install/px4_ros_com:/opt/ros/humble LD_LIBRARY_PATH=/home/fidelis/NGCP-2024-/ws_ros2/install/px4_msgs/lib:/home/fidelis/NGCP-2024-/ws_ros2/install/px4_ros_com/lib:/opt/ros/humble/opt/rviz_ogre_vendor/lib:/opt/ros/humble/lib/x86_64-linux-gnu:/opt/ros/humble/lib /usr/bin/cmake --install /home/fidelis/NGCP-2024-/ws_ros2/build/px4_ros_com
