[0.127s] DEBUG:colcon:Command line arguments: ['/usr/bin/colcon', 'build']
[0.127s] DEBUG:colcon:Parsed command line arguments: Namespace(log_base=None, log_level=None, verb_name='build', build_base='build', install_base='install', merge_install=False, symlink_install=False, test_result_base=None, continue_on_error=False, executor='parallel', parallel_workers=16, event_handlers=None, ignore_user_meta=False, metas=['./colcon.meta'], base_paths=['.'], packages_ignore=None, packages_ignore_regex=None, paths=None, packages_up_to=None, packages_up_to_regex=None, packages_above=None, packages_above_and_dependencies=None, packages_above_depth=None, packages_select_by_dep=None, packages_skip_by_dep=None, packages_skip_up_to=None, packages_select_build_failed=False, packages_skip_build_finished=False, packages_select_test_failures=False, packages_skip_test_passed=False, packages_select=None, packages_skip=None, packages_select_regex=None, packages_skip_regex=None, packages_start=None, packages_end=None, allow_overriding=[], cmake_args=None, cmake_target=None, cmake_target_skip_unavailable=False, cmake_clean_cache=False, cmake_clean_first=False, cmake_force_configure=False, ament_cmake_args=None, catkin_cmake_args=None, catkin_skip_building_tests=False, mixin_files=None, mixin=None, verb_parser=<colcon_mixin.mixin.mixin_argument.MixinArgumentDecorator object at 0x7bad425daaa0>, verb_extension=<colcon_core.verb.build.BuildVerb object at 0x7bad425d9e40>, main=<bound method BuildVerb.main of <colcon_core.verb.build.BuildVerb object at 0x7bad425d9e40>>, mixin_verb=('build',))
[0.162s] Level 1:colcon.colcon_core.package_discovery:discover_packages(colcon_meta) check parameters
[0.162s] Level 1:colcon.colcon_core.package_discovery:discover_packages(recursive) check parameters
[0.162s] Level 1:colcon.colcon_core.package_discovery:discover_packages(ignore) check parameters
[0.162s] Level 1:colcon.colcon_core.package_discovery:discover_packages(path) check parameters
[0.162s] Level 1:colcon.colcon_core.package_discovery:discover_packages(colcon_meta) discover
[0.162s] Level 1:colcon.colcon_core.package_discovery:discover_packages(recursive) discover
[0.162s] INFO:colcon.colcon_core.package_discovery:Crawling recursively for packages in '/home/fidelis/NGCP-2024-/ws_ros2'
[0.162s] Level 1:colcon.colcon_core.package_identification:_identify(.) by extensions ['ignore', 'ignore_ament_install']
[0.162s] Level 1:colcon.colcon_core.package_identification:_identify(.) by extension 'ignore'
[0.162s] Level 1:colcon.colcon_core.package_identification:_identify(.) by extension 'ignore_ament_install'
[0.163s] Level 1:colcon.colcon_core.package_identification:_identify(.) by extensions ['colcon_pkg']
[0.163s] Level 1:colcon.colcon_core.package_identification:_identify(.) by extension 'colcon_pkg'
[0.163s] Level 1:colcon.colcon_core.package_identification:_identify(.) by extensions ['colcon_meta']
[0.163s] Level 1:colcon.colcon_core.package_identification:_identify(.) by extension 'colcon_meta'
[0.163s] Level 1:colcon.colcon_core.package_identification:_identify(.) by extensions ['ros']
[0.163s] Level 1:colcon.colcon_core.package_identification:_identify(.) by extension 'ros'
[0.177s] Level 1:colcon.colcon_core.package_identification:_identify(.) by extensions ['cmake', 'python']
[0.177s] Level 1:colcon.colcon_core.package_identification:_identify(.) by extension 'cmake'
[0.177s] Level 1:colcon.colcon_core.package_identification:_identify(.) by extension 'python'
[0.177s] Level 1:colcon.colcon_core.package_identification:_identify(.) by extensions ['python_setup_py']
[0.177s] Level 1:colcon.colcon_core.package_identification:_identify(.) by extension 'python_setup_py'
[0.177s] Level 1:colcon.colcon_core.package_identification:_identify(build) by extensions ['ignore', 'ignore_ament_install']
[0.178s] Level 1:colcon.colcon_core.package_identification:_identify(build) by extension 'ignore'
[0.178s] Level 1:colcon.colcon_core.package_identification:_identify(build) ignored
[0.178s] Level 1:colcon.colcon_core.package_identification:_identify(install) by extensions ['ignore', 'ignore_ament_install']
[0.178s] Level 1:colcon.colcon_core.package_identification:_identify(install) by extension 'ignore'
[0.178s] Level 1:colcon.colcon_core.package_identification:_identify(install) ignored
[0.178s] Level 1:colcon.colcon_core.package_identification:_identify(log) by extensions ['ignore', 'ignore_ament_install']
[0.178s] Level 1:colcon.colcon_core.package_identification:_identify(log) by extension 'ignore'
[0.178s] Level 1:colcon.colcon_core.package_identification:_identify(log) ignored
[0.178s] Level 1:colcon.colcon_core.package_identification:_identify(src) by extensions ['ignore', 'ignore_ament_install']
[0.178s] Level 1:colcon.colcon_core.package_identification:_identify(src) by extension 'ignore'
[0.178s] Level 1:colcon.colcon_core.package_identification:_identify(src) by extension 'ignore_ament_install'
[0.178s] Level 1:colcon.colcon_core.package_identification:_identify(src) by extensions ['colcon_pkg']
[0.178s] Level 1:colcon.colcon_core.package_identification:_identify(src) by extension 'colcon_pkg'
[0.178s] Level 1:colcon.colcon_core.package_identification:_identify(src) by extensions ['colcon_meta']
[0.178s] Level 1:colcon.colcon_core.package_identification:_identify(src) by extension 'colcon_meta'
[0.178s] Level 1:colcon.colcon_core.package_identification:_identify(src) by extensions ['ros']
[0.178s] Level 1:colcon.colcon_core.package_identification:_identify(src) by extension 'ros'
[0.178s] Level 1:colcon.colcon_core.package_identification:_identify(src) by extensions ['cmake', 'python']
[0.179s] Level 1:colcon.colcon_core.package_identification:_identify(src) by extension 'cmake'
[0.179s] Level 1:colcon.colcon_core.package_identification:_identify(src) by extension 'python'
[0.179s] Level 1:colcon.colcon_core.package_identification:_identify(src) by extensions ['python_setup_py']
[0.179s] Level 1:colcon.colcon_core.package_identification:_identify(src) by extension 'python_setup_py'
[0.179s] Level 1:colcon.colcon_core.package_identification:_identify(src/build) by extensions ['ignore', 'ignore_ament_install']
[0.179s] Level 1:colcon.colcon_core.package_identification:_identify(src/build) by extension 'ignore'
[0.179s] Level 1:colcon.colcon_core.package_identification:_identify(src/build) ignored
[0.179s] Level 1:colcon.colcon_core.package_identification:_identify(src/install) by extensions ['ignore', 'ignore_ament_install']
[0.180s] Level 1:colcon.colcon_core.package_identification:_identify(src/install) by extension 'ignore'
[0.180s] Level 1:colcon.colcon_core.package_identification:_identify(src/install) ignored
[0.180s] Level 1:colcon.colcon_core.package_identification:_identify(src/log) by extensions ['ignore', 'ignore_ament_install']
[0.180s] Level 1:colcon.colcon_core.package_identification:_identify(src/log) by extension 'ignore'
[0.180s] Level 1:colcon.colcon_core.package_identification:_identify(src/log) ignored
[0.180s] Level 1:colcon.colcon_core.package_identification:_identify(src/px4_msgs) by extensions ['ignore', 'ignore_ament_install']
[0.180s] Level 1:colcon.colcon_core.package_identification:_identify(src/px4_msgs) by extension 'ignore'
[0.180s] Level 1:colcon.colcon_core.package_identification:_identify(src/px4_msgs) by extension 'ignore_ament_install'
[0.181s] Level 1:colcon.colcon_core.package_identification:_identify(src/px4_msgs) by extensions ['colcon_pkg']
[0.181s] Level 1:colcon.colcon_core.package_identification:_identify(src/px4_msgs) by extension 'colcon_pkg'
[0.181s] Level 1:colcon.colcon_core.package_identification:_identify(src/px4_msgs) by extensions ['colcon_meta']
[0.181s] Level 1:colcon.colcon_core.package_identification:_identify(src/px4_msgs) by extension 'colcon_meta'
[0.181s] Level 1:colcon.colcon_core.package_identification:_identify(src/px4_msgs) by extensions ['ros']
[0.181s] Level 1:colcon.colcon_core.package_identification:_identify(src/px4_msgs) by extension 'ros'
[0.183s] DEBUG:colcon.colcon_core.package_identification:Package 'src/px4_msgs' with type 'ros.ament_cmake' and name 'px4_msgs'
[0.183s] Level 1:colcon.colcon_core.package_identification:_identify(src/px4_ros_com) by extensions ['ignore', 'ignore_ament_install']
[0.183s] Level 1:colcon.colcon_core.package_identification:_identify(src/px4_ros_com) by extension 'ignore'
[0.183s] Level 1:colcon.colcon_core.package_identification:_identify(src/px4_ros_com) by extension 'ignore_ament_install'
[0.183s] Level 1:colcon.colcon_core.package_identification:_identify(src/px4_ros_com) by extensions ['colcon_pkg']
[0.183s] Level 1:colcon.colcon_core.package_identification:_identify(src/px4_ros_com) by extension 'colcon_pkg'
[0.183s] Level 1:colcon.colcon_core.package_identification:_identify(src/px4_ros_com) by extensions ['colcon_meta']
[0.183s] Level 1:colcon.colcon_core.package_identification:_identify(src/px4_ros_com) by extension 'colcon_meta'
[0.184s] Level 1:colcon.colcon_core.package_identification:_identify(src/px4_ros_com) by extensions ['ros']
[0.184s] Level 1:colcon.colcon_core.package_identification:_identify(src/px4_ros_com) by extension 'ros'
[0.184s] DEBUG:colcon.colcon_core.package_identification:Package 'src/px4_ros_com' with type 'ros.ament_cmake' and name 'px4_ros_com'
[0.184s] Level 1:colcon.colcon_core.package_discovery:discover_packages(recursive) using defaults
[0.185s] Level 1:colcon.colcon_core.package_discovery:discover_packages(ignore) discover
[0.185s] Level 1:colcon.colcon_core.package_discovery:discover_packages(ignore) using defaults
[0.185s] Level 1:colcon.colcon_core.package_discovery:discover_packages(path) discover
[0.185s] Level 1:colcon.colcon_core.package_discovery:discover_packages(path) using defaults
[0.207s] Level 1:colcon.colcon_core.package_discovery:discover_packages(prefix_path) check parameters
[0.207s] Level 1:colcon.colcon_core.package_discovery:discover_packages(prefix_path) discover
[0.209s] DEBUG:colcon.colcon_installed_package_information.package_discovery:Found 2 installed packages in /home/fidelis/NGCP-2024-/ws_ros2/install
[0.210s] DEBUG:colcon.colcon_installed_package_information.package_discovery:Found 270 installed packages in /opt/ros/humble
[0.211s] Level 1:colcon.colcon_core.package_discovery:discover_packages(prefix_path) using defaults
[0.240s] Level 5:colcon.colcon_core.verb:set package 'px4_msgs' build argument 'cmake_args' from command line to 'None'
[0.240s] Level 5:colcon.colcon_core.verb:set package 'px4_msgs' build argument 'cmake_target' from command line to 'None'
[0.240s] Level 5:colcon.colcon_core.verb:set package 'px4_msgs' build argument 'cmake_target_skip_unavailable' from command line to 'False'
[0.240s] Level 5:colcon.colcon_core.verb:set package 'px4_msgs' build argument 'cmake_clean_cache' from command line to 'False'
[0.240s] Level 5:colcon.colcon_core.verb:set package 'px4_msgs' build argument 'cmake_clean_first' from command line to 'False'
[0.240s] Level 5:colcon.colcon_core.verb:set package 'px4_msgs' build argument 'cmake_force_configure' from command line to 'False'
[0.241s] Level 5:colcon.colcon_core.verb:set package 'px4_msgs' build argument 'ament_cmake_args' from command line to 'None'
[0.241s] Level 5:colcon.colcon_core.verb:set package 'px4_msgs' build argument 'catkin_cmake_args' from command line to 'None'
[0.241s] Level 5:colcon.colcon_core.verb:set package 'px4_msgs' build argument 'catkin_skip_building_tests' from command line to 'False'
[0.241s] DEBUG:colcon.colcon_core.verb:Building package 'px4_msgs' with the following arguments: {'ament_cmake_args': None, 'build_base': '/home/fidelis/NGCP-2024-/ws_ros2/build/px4_msgs', 'catkin_cmake_args': None, 'catkin_skip_building_tests': False, 'cmake_args': None, 'cmake_clean_cache': False, 'cmake_clean_first': False, 'cmake_force_configure': False, 'cmake_target': None, 'cmake_target_skip_unavailable': False, 'install_base': '/home/fidelis/NGCP-2024-/ws_ros2/install/px4_msgs', 'merge_install': False, 'path': '/home/fidelis/NGCP-2024-/ws_ros2/src/px4_msgs', 'symlink_install': False, 'test_result_base': None}
[0.241s] Level 5:colcon.colcon_core.verb:set package 'px4_ros_com' build argument 'cmake_args' from command line to 'None'
[0.241s] Level 5:colcon.colcon_core.verb:set package 'px4_ros_com' build argument 'cmake_target' from command line to 'None'
[0.241s] Level 5:colcon.colcon_core.verb:set package 'px4_ros_com' build argument 'cmake_target_skip_unavailable' from command line to 'False'
[0.241s] Level 5:colcon.colcon_core.verb:set package 'px4_ros_com' build argument 'cmake_clean_cache' from command line to 'False'
[0.241s] Level 5:colcon.colcon_core.verb:set package 'px4_ros_com' build argument 'cmake_clean_first' from command line to 'False'
[0.241s] Level 5:colcon.colcon_core.verb:set package 'px4_ros_com' build argument 'cmake_force_configure' from command line to 'False'
[0.241s] Level 5:colcon.colcon_core.verb:set package 'px4_ros_com' build argument 'ament_cmake_args' from command line to 'None'
[0.241s] Level 5:colcon.colcon_core.verb:set package 'px4_ros_com' build argument 'catkin_cmake_args' from command line to 'None'
[0.241s] Level 5:colcon.colcon_core.verb:set package 'px4_ros_com' build argument 'catkin_skip_building_tests' from command line to 'False'
[0.241s] DEBUG:colcon.colcon_core.verb:Building package 'px4_ros_com' with the following arguments: {'ament_cmake_args': None, 'build_base': '/home/fidelis/NGCP-2024-/ws_ros2/build/px4_ros_com', 'catkin_cmake_args': None, 'catkin_skip_building_tests': False, 'cmake_args': None, 'cmake_clean_cache': False, 'cmake_clean_first': False, 'cmake_force_configure': False, 'cmake_target': None, 'cmake_target_skip_unavailable': False, 'install_base': '/home/fidelis/NGCP-2024-/ws_ros2/install/px4_ros_com', 'merge_install': False, 'path': '/home/fidelis/NGCP-2024-/ws_ros2/src/px4_ros_com', 'symlink_install': False, 'test_result_base': None}
[0.241s] INFO:colcon.colcon_core.executor:Executing jobs using 'parallel' executor
[0.242s] DEBUG:colcon.colcon_parallel_executor.executor.parallel:run_until_complete
[0.243s] INFO:colcon.colcon_ros.task.ament_cmake.build:Building ROS package in '/home/fidelis/NGCP-2024-/ws_ros2/src/px4_msgs' with build type 'ament_cmake'
[0.243s] INFO:colcon.colcon_cmake.task.cmake.build:Building CMake package in '/home/fidelis/NGCP-2024-/ws_ros2/src/px4_msgs'
[0.246s] INFO:colcon.colcon_core.plugin_system:Skipping extension 'colcon_core.shell.bat': Not used on non-Windows systems
[0.246s] INFO:colcon.colcon_core.shell:Skip shell extension 'powershell' for command environment: Not usable outside of PowerShell
[0.246s] DEBUG:colcon.colcon_core.shell:Skip shell extension 'dsv' for command environment
[0.255s] DEBUG:colcon.colcon_core.event_handler.log_command:Invoking command in '/home/fidelis/NGCP-2024-/ws_ros2/build/px4_msgs': CMAKE_PREFIX_PATH=${CMAKE_PREFIX_PATH}:/opt/ros/humble /usr/bin/cmake --build /home/fidelis/NGCP-2024-/ws_ros2/build/px4_msgs -- -j16 -l16
[1.077s] DEBUG:colcon.colcon_core.event_handler.log_command:Invoked command in '/home/fidelis/NGCP-2024-/ws_ros2/build/px4_msgs' returned '0': CMAKE_PREFIX_PATH=${CMAKE_PREFIX_PATH}:/opt/ros/humble /usr/bin/cmake --build /home/fidelis/NGCP-2024-/ws_ros2/build/px4_msgs -- -j16 -l16
[5.398s] DEBUG:colcon.colcon_core.event_handler.log_command:Invoking command in '/home/fidelis/NGCP-2024-/ws_ros2/build/px4_msgs': CMAKE_PREFIX_PATH=${CMAKE_PREFIX_PATH}:/opt/ros/humble /usr/bin/cmake --install /home/fidelis/NGCP-2024-/ws_ros2/build/px4_msgs
[6.085s] Level 1:colcon.colcon_core.environment:create_environment_scripts_only(px4_msgs)
[6.086s] DEBUG:colcon.colcon_core.event_handler.log_command:Invoked command in '/home/fidelis/NGCP-2024-/ws_ros2/build/px4_msgs' returned '0': CMAKE_PREFIX_PATH=${CMAKE_PREFIX_PATH}:/opt/ros/humble /usr/bin/cmake --install /home/fidelis/NGCP-2024-/ws_ros2/build/px4_msgs
[6.090s] Level 1:colcon.colcon_core.environment:checking '/home/fidelis/NGCP-2024-/ws_ros2/install/px4_msgs' for CMake module files
[6.090s] Level 1:colcon.colcon_core.environment:checking '/home/fidelis/NGCP-2024-/ws_ros2/install/px4_msgs' for CMake config files
[6.114s] Level 1:colcon.colcon_core.shell:create_environment_hook('px4_msgs', 'cmake_prefix_path')
[6.115s] INFO:colcon.colcon_core.shell:Creating environment hook '/home/fidelis/NGCP-2024-/ws_ros2/install/px4_msgs/share/px4_msgs/hook/cmake_prefix_path.ps1'
[6.116s] INFO:colcon.colcon_core.shell:Creating environment descriptor '/home/fidelis/NGCP-2024-/ws_ros2/install/px4_msgs/share/px4_msgs/hook/cmake_prefix_path.dsv'
[6.116s] INFO:colcon.colcon_core.shell:Creating environment hook '/home/fidelis/NGCP-2024-/ws_ros2/install/px4_msgs/share/px4_msgs/hook/cmake_prefix_path.sh'
[6.117s] Level 1:colcon.colcon_core.environment:checking '/home/fidelis/NGCP-2024-/ws_ros2/install/px4_msgs/lib'
[6.117s] Level 1:colcon.colcon_core.shell:create_environment_hook('px4_msgs', 'ld_library_path_lib')
[6.118s] INFO:colcon.colcon_core.shell:Creating environment hook '/home/fidelis/NGCP-2024-/ws_ros2/install/px4_msgs/share/px4_msgs/hook/ld_library_path_lib.ps1'
[6.118s] INFO:colcon.colcon_core.shell:Creating environment descriptor '/home/fidelis/NGCP-2024-/ws_ros2/install/px4_msgs/share/px4_msgs/hook/ld_library_path_lib.dsv'
[6.118s] INFO:colcon.colcon_core.shell:Creating environment hook '/home/fidelis/NGCP-2024-/ws_ros2/install/px4_msgs/share/px4_msgs/hook/ld_library_path_lib.sh'
[6.118s] Level 1:colcon.colcon_core.environment:checking '/home/fidelis/NGCP-2024-/ws_ros2/install/px4_msgs/bin'
[6.118s] Level 1:colcon.colcon_core.environment:checking '/home/fidelis/NGCP-2024-/ws_ros2/install/px4_msgs/lib/pkgconfig/px4_msgs.pc'
[6.119s] Level 1:colcon.colcon_core.environment:checking '/home/fidelis/NGCP-2024-/ws_ros2/install/px4_msgs/lib/python3.10/site-packages'
[6.119s] Level 1:colcon.colcon_core.environment:checking '/home/fidelis/NGCP-2024-/ws_ros2/install/px4_msgs/bin'
[6.119s] INFO:colcon.colcon_core.shell:Creating package script '/home/fidelis/NGCP-2024-/ws_ros2/install/px4_msgs/share/px4_msgs/package.ps1'
[6.120s] INFO:colcon.colcon_core.shell:Creating package descriptor '/home/fidelis/NGCP-2024-/ws_ros2/install/px4_msgs/share/px4_msgs/package.dsv'
[6.120s] INFO:colcon.colcon_core.shell:Creating package script '/home/fidelis/NGCP-2024-/ws_ros2/install/px4_msgs/share/px4_msgs/package.sh'
[6.121s] INFO:colcon.colcon_core.shell:Creating package script '/home/fidelis/NGCP-2024-/ws_ros2/install/px4_msgs/share/px4_msgs/package.bash'
[6.122s] INFO:colcon.colcon_core.shell:Creating package script '/home/fidelis/NGCP-2024-/ws_ros2/install/px4_msgs/share/px4_msgs/package.zsh'
[6.122s] Level 1:colcon.colcon_core.environment:create_file_with_runtime_dependencies(/home/fidelis/NGCP-2024-/ws_ros2/install/px4_msgs/share/colcon-core/packages/px4_msgs)
[10.420s] Level 1:colcon.colcon_core.environment:create_environment_scripts_only(px4_msgs)
[10.420s] Level 1:colcon.colcon_core.environment:checking '/home/fidelis/NGCP-2024-/ws_ros2/install/px4_msgs' for CMake module files
[10.421s] Level 1:colcon.colcon_core.environment:checking '/home/fidelis/NGCP-2024-/ws_ros2/install/px4_msgs' for CMake config files
[10.444s] Level 1:colcon.colcon_core.shell:create_environment_hook('px4_msgs', 'cmake_prefix_path')
[10.444s] INFO:colcon.colcon_core.shell:Creating environment hook '/home/fidelis/NGCP-2024-/ws_ros2/install/px4_msgs/share/px4_msgs/hook/cmake_prefix_path.ps1'
[10.445s] INFO:colcon.colcon_core.shell:Creating environment descriptor '/home/fidelis/NGCP-2024-/ws_ros2/install/px4_msgs/share/px4_msgs/hook/cmake_prefix_path.dsv'
[10.445s] INFO:colcon.colcon_core.shell:Creating environment hook '/home/fidelis/NGCP-2024-/ws_ros2/install/px4_msgs/share/px4_msgs/hook/cmake_prefix_path.sh'
[10.445s] Level 1:colcon.colcon_core.environment:checking '/home/fidelis/NGCP-2024-/ws_ros2/install/px4_msgs/lib'
[10.445s] Level 1:colcon.colcon_core.shell:create_environment_hook('px4_msgs', 'ld_library_path_lib')
[10.446s] INFO:colcon.colcon_core.shell:Creating environment hook '/home/fidelis/NGCP-2024-/ws_ros2/install/px4_msgs/share/px4_msgs/hook/ld_library_path_lib.ps1'
[10.446s] INFO:colcon.colcon_core.shell:Creating environment descriptor '/home/fidelis/NGCP-2024-/ws_ros2/install/px4_msgs/share/px4_msgs/hook/ld_library_path_lib.dsv'
[10.446s] INFO:colcon.colcon_core.shell:Creating environment hook '/home/fidelis/NGCP-2024-/ws_ros2/install/px4_msgs/share/px4_msgs/hook/ld_library_path_lib.sh'
[10.446s] Level 1:colcon.colcon_core.environment:checking '/home/fidelis/NGCP-2024-/ws_ros2/install/px4_msgs/bin'
[10.446s] Level 1:colcon.colcon_core.environment:checking '/home/fidelis/NGCP-2024-/ws_ros2/install/px4_msgs/lib/pkgconfig/px4_msgs.pc'
[10.447s] Level 1:colcon.colcon_core.environment:checking '/home/fidelis/NGCP-2024-/ws_ros2/install/px4_msgs/lib/python3.10/site-packages'
[10.447s] Level 1:colcon.colcon_core.environment:checking '/home/fidelis/NGCP-2024-/ws_ros2/install/px4_msgs/bin'
[10.447s] INFO:colcon.colcon_core.shell:Creating package script '/home/fidelis/NGCP-2024-/ws_ros2/install/px4_msgs/share/px4_msgs/package.ps1'
[10.448s] INFO:colcon.colcon_core.shell:Creating package descriptor '/home/fidelis/NGCP-2024-/ws_ros2/install/px4_msgs/share/px4_msgs/package.dsv'
[10.448s] INFO:colcon.colcon_core.shell:Creating package script '/home/fidelis/NGCP-2024-/ws_ros2/install/px4_msgs/share/px4_msgs/package.sh'
[10.448s] INFO:colcon.colcon_core.shell:Creating package script '/home/fidelis/NGCP-2024-/ws_ros2/install/px4_msgs/share/px4_msgs/package.bash'
[10.449s] INFO:colcon.colcon_core.shell:Creating package script '/home/fidelis/NGCP-2024-/ws_ros2/install/px4_msgs/share/px4_msgs/package.zsh'
[10.449s] Level 1:colcon.colcon_core.environment:create_file_with_runtime_dependencies(/home/fidelis/NGCP-2024-/ws_ros2/install/px4_msgs/share/colcon-core/packages/px4_msgs)
[10.449s] INFO:colcon.colcon_ros.task.ament_cmake.build:Building ROS package in '/home/fidelis/NGCP-2024-/ws_ros2/src/px4_ros_com' with build type 'ament_cmake'
[10.450s] INFO:colcon.colcon_cmake.task.cmake.build:Building CMake package in '/home/fidelis/NGCP-2024-/ws_ros2/src/px4_ros_com'
[10.450s] INFO:colcon.colcon_core.shell:Skip shell extension 'powershell' for command environment: Not usable outside of PowerShell
[10.450s] DEBUG:colcon.colcon_core.shell:Skip shell extension 'dsv' for command environment
[10.460s] DEBUG:colcon.colcon_core.event_handler.log_command:Invoking command in '/home/fidelis/NGCP-2024-/ws_ros2/build/px4_ros_com': CMAKE_PREFIX_PATH=/home/fidelis/NGCP-2024-/ws_ros2/install/px4_msgs:/home/fidelis/NGCP-2024-/ws_ros2/install/px4_ros_com:/opt/ros/humble LD_LIBRARY_PATH=/home/fidelis/NGCP-2024-/ws_ros2/install/px4_msgs/lib:/home/fidelis/NGCP-2024-/ws_ros2/install/px4_ros_com/lib:/opt/ros/humble/opt/rviz_ogre_vendor/lib:/opt/ros/humble/lib/x86_64-linux-gnu:/opt/ros/humble/lib /usr/bin/cmake --build /home/fidelis/NGCP-2024-/ws_ros2/build/px4_ros_com -- -j16 -l16
[10.801s] DEBUG:colcon.colcon_core.event_handler.log_command:Invoked command in '/home/fidelis/NGCP-2024-/ws_ros2/build/px4_ros_com' returned '0': CMAKE_PREFIX_PATH=/home/fidelis/NGCP-2024-/ws_ros2/install/px4_msgs:/home/fidelis/NGCP-2024-/ws_ros2/install/px4_ros_com:/opt/ros/humble LD_LIBRARY_PATH=/home/fidelis/NGCP-2024-/ws_ros2/install/px4_msgs/lib:/home/fidelis/NGCP-2024-/ws_ros2/install/px4_ros_com/lib:/opt/ros/humble/opt/rviz_ogre_vendor/lib:/opt/ros/humble/lib/x86_64-linux-gnu:/opt/ros/humble/lib /usr/bin/cmake --build /home/fidelis/NGCP-2024-/ws_ros2/build/px4_ros_com -- -j16 -l16
[10.849s] DEBUG:colcon.colcon_core.event_handler.log_command:Invoking command in '/home/fidelis/NGCP-2024-/ws_ros2/build/px4_ros_com': CMAKE_PREFIX_PATH=/home/fidelis/NGCP-2024-/ws_ros2/install/px4_msgs:/home/fidelis/NGCP-2024-/ws_ros2/install/px4_ros_com:/opt/ros/humble LD_LIBRARY_PATH=/home/fidelis/NGCP-2024-/ws_ros2/install/px4_msgs/lib:/home/fidelis/NGCP-2024-/ws_ros2/install/px4_ros_com/lib:/opt/ros/humble/opt/rviz_ogre_vendor/lib:/opt/ros/humble/lib/x86_64-linux-gnu:/opt/ros/humble/lib /usr/bin/cmake --install /home/fidelis/NGCP-2024-/ws_ros2/build/px4_ros_com
[10.916s] Level 1:colcon.colcon_core.environment:create_environment_scripts_only(px4_ros_com)
[10.916s] Level 1:colcon.colcon_core.environment:checking '/home/fidelis/NGCP-2024-/ws_ros2/install/px4_ros_com' for CMake module files
[10.916s] DEBUG:colcon.colcon_core.event_handler.log_command:Invoked command in '/home/fidelis/NGCP-2024-/ws_ros2/build/px4_ros_com' returned '0': CMAKE_PREFIX_PATH=/home/fidelis/NGCP-2024-/ws_ros2/install/px4_msgs:/home/fidelis/NGCP-2024-/ws_ros2/install/px4_ros_com:/opt/ros/humble LD_LIBRARY_PATH=/home/fidelis/NGCP-2024-/ws_ros2/install/px4_msgs/lib:/home/fidelis/NGCP-2024-/ws_ros2/install/px4_ros_com/lib:/opt/ros/humble/opt/rviz_ogre_vendor/lib:/opt/ros/humble/lib/x86_64-linux-gnu:/opt/ros/humble/lib /usr/bin/cmake --install /home/fidelis/NGCP-2024-/ws_ros2/build/px4_ros_com
[10.917s] Level 1:colcon.colcon_core.environment:checking '/home/fidelis/NGCP-2024-/ws_ros2/install/px4_ros_com' for CMake config files
[10.917s] Level 1:colcon.colcon_core.shell:create_environment_hook('px4_ros_com', 'cmake_prefix_path')
[10.918s] INFO:colcon.colcon_core.shell:Creating environment hook '/home/fidelis/NGCP-2024-/ws_ros2/install/px4_ros_com/share/px4_ros_com/hook/cmake_prefix_path.ps1'
[10.918s] INFO:colcon.colcon_core.shell:Creating environment descriptor '/home/fidelis/NGCP-2024-/ws_ros2/install/px4_ros_com/share/px4_ros_com/hook/cmake_prefix_path.dsv'
[10.918s] INFO:colcon.colcon_core.shell:Creating environment hook '/home/fidelis/NGCP-2024-/ws_ros2/install/px4_ros_com/share/px4_ros_com/hook/cmake_prefix_path.sh'
[10.919s] Level 1:colcon.colcon_core.environment:checking '/home/fidelis/NGCP-2024-/ws_ros2/install/px4_ros_com/lib'
[10.919s] Level 1:colcon.colcon_core.shell:create_environment_hook('px4_ros_com', 'ld_library_path_lib')
[10.919s] INFO:colcon.colcon_core.shell:Creating environment hook '/home/fidelis/NGCP-2024-/ws_ros2/install/px4_ros_com/share/px4_ros_com/hook/ld_library_path_lib.ps1'
[10.919s] INFO:colcon.colcon_core.shell:Creating environment descriptor '/home/fidelis/NGCP-2024-/ws_ros2/install/px4_ros_com/share/px4_ros_com/hook/ld_library_path_lib.dsv'
[10.920s] INFO:colcon.colcon_core.shell:Creating environment hook '/home/fidelis/NGCP-2024-/ws_ros2/install/px4_ros_com/share/px4_ros_com/hook/ld_library_path_lib.sh'
[10.920s] Level 1:colcon.colcon_core.environment:checking '/home/fidelis/NGCP-2024-/ws_ros2/install/px4_ros_com/bin'
[10.920s] Level 1:colcon.colcon_core.environment:checking '/home/fidelis/NGCP-2024-/ws_ros2/install/px4_ros_com/lib/pkgconfig/px4_ros_com.pc'
[10.920s] Level 1:colcon.colcon_core.environment:checking '/home/fidelis/NGCP-2024-/ws_ros2/install/px4_ros_com/lib/python3.10/site-packages'
[10.920s] Level 1:colcon.colcon_core.environment:checking '/home/fidelis/NGCP-2024-/ws_ros2/install/px4_ros_com/bin'
[10.921s] INFO:colcon.colcon_core.shell:Creating package script '/home/fidelis/NGCP-2024-/ws_ros2/install/px4_ros_com/share/px4_ros_com/package.ps1'
[10.921s] INFO:colcon.colcon_core.shell:Creating package descriptor '/home/fidelis/NGCP-2024-/ws_ros2/install/px4_ros_com/share/px4_ros_com/package.dsv'
[10.921s] INFO:colcon.colcon_core.shell:Creating package script '/home/fidelis/NGCP-2024-/ws_ros2/install/px4_ros_com/share/px4_ros_com/package.sh'
[10.922s] INFO:colcon.colcon_core.shell:Creating package script '/home/fidelis/NGCP-2024-/ws_ros2/install/px4_ros_com/share/px4_ros_com/package.bash'
[10.922s] INFO:colcon.colcon_core.shell:Creating package script '/home/fidelis/NGCP-2024-/ws_ros2/install/px4_ros_com/share/px4_ros_com/package.zsh'
[10.922s] Level 1:colcon.colcon_core.environment:create_file_with_runtime_dependencies(/home/fidelis/NGCP-2024-/ws_ros2/install/px4_ros_com/share/colcon-core/packages/px4_ros_com)
[10.967s] Level 1:colcon.colcon_core.environment:create_environment_scripts_only(px4_ros_com)
[10.968s] Level 1:colcon.colcon_core.environment:checking '/home/fidelis/NGCP-2024-/ws_ros2/install/px4_ros_com' for CMake module files
[10.968s] Level 1:colcon.colcon_core.environment:checking '/home/fidelis/NGCP-2024-/ws_ros2/install/px4_ros_com' for CMake config files
[10.969s] Level 1:colcon.colcon_core.shell:create_environment_hook('px4_ros_com', 'cmake_prefix_path')
[10.969s] INFO:colcon.colcon_core.shell:Creating environment hook '/home/fidelis/NGCP-2024-/ws_ros2/install/px4_ros_com/share/px4_ros_com/hook/cmake_prefix_path.ps1'
[10.970s] INFO:colcon.colcon_core.shell:Creating environment descriptor '/home/fidelis/NGCP-2024-/ws_ros2/install/px4_ros_com/share/px4_ros_com/hook/cmake_prefix_path.dsv'
[10.970s] INFO:colcon.colcon_core.shell:Creating environment hook '/home/fidelis/NGCP-2024-/ws_ros2/install/px4_ros_com/share/px4_ros_com/hook/cmake_prefix_path.sh'
[10.970s] Level 1:colcon.colcon_core.environment:checking '/home/fidelis/NGCP-2024-/ws_ros2/install/px4_ros_com/lib'
[10.970s] Level 1:colcon.colcon_core.shell:create_environment_hook('px4_ros_com', 'ld_library_path_lib')
[10.971s] INFO:colcon.colcon_core.shell:Creating environment hook '/home/fidelis/NGCP-2024-/ws_ros2/install/px4_ros_com/share/px4_ros_com/hook/ld_library_path_lib.ps1'
[10.971s] INFO:colcon.colcon_core.shell:Creating environment descriptor '/home/fidelis/NGCP-2024-/ws_ros2/install/px4_ros_com/share/px4_ros_com/hook/ld_library_path_lib.dsv'
[10.971s] INFO:colcon.colcon_core.shell:Creating environment hook '/home/fidelis/NGCP-2024-/ws_ros2/install/px4_ros_com/share/px4_ros_com/hook/ld_library_path_lib.sh'
[10.972s] Level 1:colcon.colcon_core.environment:checking '/home/fidelis/NGCP-2024-/ws_ros2/install/px4_ros_com/bin'
[10.972s] Level 1:colcon.colcon_core.environment:checking '/home/fidelis/NGCP-2024-/ws_ros2/install/px4_ros_com/lib/pkgconfig/px4_ros_com.pc'
[10.972s] Level 1:colcon.colcon_core.environment:checking '/home/fidelis/NGCP-2024-/ws_ros2/install/px4_ros_com/lib/python3.10/site-packages'
[10.972s] Level 1:colcon.colcon_core.environment:checking '/home/fidelis/NGCP-2024-/ws_ros2/install/px4_ros_com/bin'
[10.972s] INFO:colcon.colcon_core.shell:Creating package script '/home/fidelis/NGCP-2024-/ws_ros2/install/px4_ros_com/share/px4_ros_com/package.ps1'
[10.973s] INFO:colcon.colcon_core.shell:Creating package descriptor '/home/fidelis/NGCP-2024-/ws_ros2/install/px4_ros_com/share/px4_ros_com/package.dsv'
[10.973s] INFO:colcon.colcon_core.shell:Creating package script '/home/fidelis/NGCP-2024-/ws_ros2/install/px4_ros_com/share/px4_ros_com/package.sh'
[10.973s] INFO:colcon.colcon_core.shell:Creating package script '/home/fidelis/NGCP-2024-/ws_ros2/install/px4_ros_com/share/px4_ros_com/package.bash'
[10.974s] INFO:colcon.colcon_core.shell:Creating package script '/home/fidelis/NGCP-2024-/ws_ros2/install/px4_ros_com/share/px4_ros_com/package.zsh'
[10.974s] Level 1:colcon.colcon_core.environment:create_file_with_runtime_dependencies(/home/fidelis/NGCP-2024-/ws_ros2/install/px4_ros_com/share/colcon-core/packages/px4_ros_com)
[10.974s] DEBUG:colcon.colcon_parallel_executor.executor.parallel:closing loop
[10.975s] DEBUG:colcon.colcon_parallel_executor.executor.parallel:loop closed
[10.975s] DEBUG:colcon.colcon_parallel_executor.executor.parallel:run_until_complete finished with '0'
[10.975s] DEBUG:colcon.colcon_core.event_reactor:joining thread
[10.980s] INFO:colcon.colcon_core.plugin_system:Skipping extension 'colcon_notification.desktop_notification.terminal_notifier': Not used on non-Darwin systems
[10.980s] INFO:colcon.colcon_core.plugin_system:Skipping extension 'colcon_notification.desktop_notification.win32': Not used on non-Windows systems
[10.980s] INFO:colcon.colcon_notification.desktop_notification:Sending desktop notification using 'notify2'
[10.995s] DEBUG:colcon.colcon_core.event_reactor:joined thread
[10.996s] INFO:colcon.colcon_core.shell:Creating prefix script '/home/fidelis/NGCP-2024-/ws_ros2/install/local_setup.ps1'
[10.997s] INFO:colcon.colcon_core.shell:Creating prefix util module '/home/fidelis/NGCP-2024-/ws_ros2/install/_local_setup_util_ps1.py'
[10.998s] INFO:colcon.colcon_core.shell:Creating prefix chain script '/home/fidelis/NGCP-2024-/ws_ros2/install/setup.ps1'
[10.999s] INFO:colcon.colcon_core.shell:Creating prefix script '/home/fidelis/NGCP-2024-/ws_ros2/install/local_setup.sh'
[11.000s] INFO:colcon.colcon_core.shell:Creating prefix util module '/home/fidelis/NGCP-2024-/ws_ros2/install/_local_setup_util_sh.py'
[11.000s] INFO:colcon.colcon_core.shell:Creating prefix chain script '/home/fidelis/NGCP-2024-/ws_ros2/install/setup.sh'
[11.001s] INFO:colcon.colcon_core.shell:Creating prefix script '/home/fidelis/NGCP-2024-/ws_ros2/install/local_setup.bash'
[11.001s] INFO:colcon.colcon_core.shell:Creating prefix chain script '/home/fidelis/NGCP-2024-/ws_ros2/install/setup.bash'
[11.002s] INFO:colcon.colcon_core.shell:Creating prefix script '/home/fidelis/NGCP-2024-/ws_ros2/install/local_setup.zsh'
[11.003s] INFO:colcon.colcon_core.shell:Creating prefix chain script '/home/fidelis/NGCP-2024-/ws_ros2/install/setup.zsh'
