[0.011s] Invoking command in '/home/fidelis/ws_offboard_control/build/px4_ros_com': CMAKE_PREFIX_PATH=/home/fidelis/ws_offboard_control/install/px4_msgs:/home/fidelis/ws_offboard_control/install/px4_ros_com:/opt/ros/humble LD_LIBRARY_PATH=/home/fidelis/ws_offboard_control/install/px4_msgs/lib:/home/fidelis/ws_offboard_control/install/px4_ros_com/lib:/opt/ros/humble/opt/rviz_ogre_vendor/lib:/opt/ros/humble/lib/x86_64-linux-gnu:/opt/ros/humble/lib /usr/bin/cmake --build /home/fidelis/ws_offboard_control/build/px4_ros_com -- -j16 -l16
[0.067s] [35m[1mConsolidate compiler generated dependencies of target offboard_control[0m
[0.068s] [35m[1mConsolidate compiler generated dependencies of target debug_vect_advertiser[0m
[0.068s] [35m[1mConsolidate compiler generated dependencies of target vehicle_gps_position_listener[0m
[0.068s] [35m[1mConsolidate compiler generated dependencies of target offboard_control_srv[0m
[0.068s] [35m[1mConsolidate compiler generated dependencies of target frame_transforms[0m
[0.068s] [35m[1mConsolidate compiler generated dependencies of target sensor_combined_listener[0m
[0.088s] [ 91%] [32mBuilding CXX object CMakeFiles/offboard_control.dir/src/examples/offboard/offboard_control.cpp.o[0m
[0.088s] [ 91%] Built target sensor_combined_listener
[0.088s] [ 91%] Built target debug_vect_advertiser
[0.088s] [ 91%] Built target frame_transforms
[0.088s] [ 91%] Built target vehicle_gps_position_listener
[0.088s] [ 91%] Built target offboard_control_srv
[0.096s] [ 91%] Built target ament_cmake_python_copy_px4_ros_com
[0.274s] running egg_info
[0.286s] writing px4_ros_com.egg-info/PKG-INFO
[0.286s] writing dependency_links to px4_ros_com.egg-info/dependency_links.txt
[0.287s] writing top-level names to px4_ros_com.egg-info/top_level.txt
[0.320s] reading manifest file 'px4_ros_com.egg-info/SOURCES.txt'
[0.321s] writing manifest file 'px4_ros_com.egg-info/SOURCES.txt'
[0.376s] [ 91%] Built target ament_cmake_python_build_px4_ros_com_egg
[5.619s] [100%] [32m[1mLinking CXX executable offboard_control[0m
[5.880s] [100%] Built target offboard_control
[5.896s] Invoked command in '/home/fidelis/ws_offboard_control/build/px4_ros_com' returned '0': CMAKE_PREFIX_PATH=/home/fidelis/ws_offboard_control/install/px4_msgs:/home/fidelis/ws_offboard_control/install/px4_ros_com:/opt/ros/humble LD_LIBRARY_PATH=/home/fidelis/ws_offboard_control/install/px4_msgs/lib:/home/fidelis/ws_offboard_control/install/px4_ros_com/lib:/opt/ros/humble/opt/rviz_ogre_vendor/lib:/opt/ros/humble/lib/x86_64-linux-gnu:/opt/ros/humble/lib /usr/bin/cmake --build /home/fidelis/ws_offboard_control/build/px4_ros_com -- -j16 -l16
[5.944s] Invoking command in '/home/fidelis/ws_offboard_control/build/px4_ros_com': CMAKE_PREFIX_PATH=/home/fidelis/ws_offboard_control/install/px4_msgs:/home/fidelis/ws_offboard_control/install/px4_ros_com:/opt/ros/humble LD_LIBRARY_PATH=/home/fidelis/ws_offboard_control/install/px4_msgs/lib:/home/fidelis/ws_offboard_control/install/px4_ros_com/lib:/opt/ros/humble/opt/rviz_ogre_vendor/lib:/opt/ros/humble/lib/x86_64-linux-gnu:/opt/ros/humble/lib /usr/bin/cmake --install /home/fidelis/ws_offboard_control/build/px4_ros_com
[5.955s] -- Install configuration: ""
[5.956s] -- Up-to-date: /home/fidelis/ws_offboard_control/install/px4_ros_com/lib/px4_ros_com/sensor_combined_listener
[5.956s] -- Up-to-date: /home/fidelis/ws_offboard_control/install/px4_ros_com/lib/px4_ros_com/vehicle_gps_position_listener
[5.956s] -- Up-to-date: /home/fidelis/ws_offboard_control/install/px4_ros_com/lib/px4_ros_com/debug_vect_advertiser
[5.956s] -- Installing: /home/fidelis/ws_offboard_control/install/px4_ros_com/lib/px4_ros_com/offboard_control
[5.958s] -- Set runtime path of "/home/fidelis/ws_offboard_control/install/px4_ros_com/lib/px4_ros_com/offboard_control" to ""
[5.958s] -- Up-to-date: /home/fidelis/ws_offboard_control/install/px4_ros_com/lib/px4_ros_com/offboard_control_srv
[5.959s] -- Up-to-date: /home/fidelis/ws_offboard_control/install/px4_ros_com/share/px4_ros_com/environment/library_path.sh
[5.959s] -- Up-to-date: /home/fidelis/ws_offboard_control/install/px4_ros_com/share/px4_ros_com/environment/library_path.dsv
[5.959s] -- Up-to-date: /home/fidelis/ws_offboard_control/install/px4_ros_com/include/px4_ros_com
[5.959s] -- Up-to-date: /home/fidelis/ws_offboard_control/install/px4_ros_com/include/px4_ros_com/frame_transforms.h
[5.959s] -- Up-to-date: /home/fidelis/ws_offboard_control/install/px4_ros_com/lib/libframe_transforms.so
[5.959s] -- Up-to-date: /home/fidelis/ws_offboard_control/install/px4_ros_com/share/px4_ros_com//launch
[5.959s] -- Up-to-date: /home/fidelis/ws_offboard_control/install/px4_ros_com/share/px4_ros_com//launch/offboard_control_launch.yaml
[5.959s] -- Up-to-date: /home/fidelis/ws_offboard_control/install/px4_ros_com/share/px4_ros_com//launch/sensor_combined_listener.launch.py
[5.959s] -- Up-to-date: /home/fidelis/ws_offboard_control/install/px4_ros_com/share/px4_ros_com//test
[5.959s] -- Up-to-date: /home/fidelis/ws_offboard_control/install/px4_ros_com/share/px4_ros_com//test/test_output.py
[5.959s] -- Up-to-date: /home/fidelis/ws_offboard_control/install/px4_ros_com/share/px4_ros_com//test/pipeline_io_test.py
[5.959s] -- Up-to-date: /home/fidelis/ws_offboard_control/install/px4_ros_com/share/px4_ros_com//test/test_input.py
[5.959s] -- Up-to-date: /home/fidelis/ws_offboard_control/install/px4_ros_com/share/px4_ros_com//test/__init__.py
[5.959s] -- Up-to-date: /home/fidelis/ws_offboard_control/install/px4_ros_com/share/px4_ros_com/environment/pythonpath.sh
[5.959s] -- Up-to-date: /home/fidelis/ws_offboard_control/install/px4_ros_com/share/px4_ros_com/environment/pythonpath.dsv
[5.959s] -- Up-to-date: /home/fidelis/ws_offboard_control/install/px4_ros_com/local/lib/python3.10/dist-packages/px4_ros_com-0.1.0-py3.10.egg-info
[5.959s] -- Installing: /home/fidelis/ws_offboard_control/install/px4_ros_com/local/lib/python3.10/dist-packages/px4_ros_com-0.1.0-py3.10.egg-info/PKG-INFO
[5.959s] -- Installing: /home/fidelis/ws_offboard_control/install/px4_ros_com/local/lib/python3.10/dist-packages/px4_ros_com-0.1.0-py3.10.egg-info/dependency_links.txt
[5.959s] -- Installing: /home/fidelis/ws_offboard_control/install/px4_ros_com/local/lib/python3.10/dist-packages/px4_ros_com-0.1.0-py3.10.egg-info/top_level.txt
[5.960s] -- Installing: /home/fidelis/ws_offboard_control/install/px4_ros_com/local/lib/python3.10/dist-packages/px4_ros_com-0.1.0-py3.10.egg-info/SOURCES.txt
[5.960s] -- Up-to-date: /home/fidelis/ws_offboard_control/install/px4_ros_com/local/lib/python3.10/dist-packages/px4_ros_com
[5.960s] -- Up-to-date: /home/fidelis/ws_offboard_control/install/px4_ros_com/local/lib/python3.10/dist-packages/px4_ros_com/module_to_import.py
[5.960s] -- Up-to-date: /home/fidelis/ws_offboard_control/install/px4_ros_com/local/lib/python3.10/dist-packages/px4_ros_com/__init__.py
[5.992s] Listing '/home/fidelis/ws_offboard_control/install/px4_ros_com/local/lib/python3.10/dist-packages/px4_ros_com'...
[5.999s] -- Up-to-date: /home/fidelis/ws_offboard_control/install/px4_ros_com/lib/px4_ros_com/offboard_control.py
[5.999s] -- Up-to-date: /home/fidelis/ws_offboard_control/install/px4_ros_com/share/ament_index/resource_index/package_run_dependencies/px4_ros_com
[6.000s] -- Up-to-date: /home/fidelis/ws_offboard_control/install/px4_ros_com/share/ament_index/resource_index/parent_prefix_path/px4_ros_com
[6.000s] -- Up-to-date: /home/fidelis/ws_offboard_control/install/px4_ros_com/share/px4_ros_com/environment/ament_prefix_path.sh
[6.000s] -- Up-to-date: /home/fidelis/ws_offboard_control/install/px4_ros_com/share/px4_ros_com/environment/ament_prefix_path.dsv
[6.000s] -- Up-to-date: /home/fidelis/ws_offboard_control/install/px4_ros_com/share/px4_ros_com/environment/path.sh
[6.000s] -- Up-to-date: /home/fidelis/ws_offboard_control/install/px4_ros_com/share/px4_ros_com/environment/path.dsv
[6.000s] -- Up-to-date: /home/fidelis/ws_offboard_control/install/px4_ros_com/share/px4_ros_com/local_setup.bash
[6.000s] -- Up-to-date: /home/fidelis/ws_offboard_control/install/px4_ros_com/share/px4_ros_com/local_setup.sh
[6.000s] -- Up-to-date: /home/fidelis/ws_offboard_control/install/px4_ros_com/share/px4_ros_com/local_setup.zsh
[6.000s] -- Up-to-date: /home/fidelis/ws_offboard_control/install/px4_ros_com/share/px4_ros_com/local_setup.dsv
[6.000s] -- Installing: /home/fidelis/ws_offboard_control/install/px4_ros_com/share/px4_ros_com/package.dsv
[6.000s] -- Up-to-date: /home/fidelis/ws_offboard_control/install/px4_ros_com/share/ament_index/resource_index/packages/px4_ros_com
[6.000s] -- Up-to-date: /home/fidelis/ws_offboard_control/install/px4_ros_com/share/px4_ros_com/cmake/export_frame_transformsExport.cmake
[6.000s] -- Up-to-date: /home/fidelis/ws_offboard_control/install/px4_ros_com/share/px4_ros_com/cmake/export_frame_transformsExport-noconfig.cmake
[6.000s] -- Up-to-date: /home/fidelis/ws_offboard_control/install/px4_ros_com/share/px4_ros_com/cmake/ament_cmake_export_dependencies-extras.cmake
[6.000s] -- Up-to-date: /home/fidelis/ws_offboard_control/install/px4_ros_com/share/px4_ros_com/cmake/ament_cmake_export_targets-extras.cmake
[6.000s] -- Up-to-date: /home/fidelis/ws_offboard_control/install/px4_ros_com/share/px4_ros_com/cmake/ament_cmake_export_include_directories-extras.cmake
[6.000s] -- Up-to-date: /home/fidelis/ws_offboard_control/install/px4_ros_com/share/px4_ros_com/cmake/ament_cmake_export_libraries-extras.cmake
[6.000s] -- Up-to-date: /home/fidelis/ws_offboard_control/install/px4_ros_com/share/px4_ros_com/cmake/px4_ros_comConfig.cmake
[6.000s] -- Up-to-date: /home/fidelis/ws_offboard_control/install/px4_ros_com/share/px4_ros_com/cmake/px4_ros_comConfig-version.cmake
[6.001s] -- Up-to-date: /home/fidelis/ws_offboard_control/install/px4_ros_com/share/px4_ros_com/package.xml
[6.005s] Invoked command in '/home/fidelis/ws_offboard_control/build/px4_ros_com' returned '0': CMAKE_PREFIX_PATH=/home/fidelis/ws_offboard_control/install/px4_msgs:/home/fidelis/ws_offboard_control/install/px4_ros_com:/opt/ros/humble LD_LIBRARY_PATH=/home/fidelis/ws_offboard_control/install/px4_msgs/lib:/home/fidelis/ws_offboard_control/install/px4_ros_com/lib:/opt/ros/humble/opt/rviz_ogre_vendor/lib:/opt/ros/humble/lib/x86_64-linux-gnu:/opt/ros/humble/lib /usr/bin/cmake --install /home/fidelis/ws_offboard_control/build/px4_ros_com
