[01m[K/home/fidelis/NGCP-2024-/ws_ros2/src/px4_ros_com/src/examples/offboard/offboard_control.cpp:43:53:[m[K [01;31m[Kerror: [m[K‘[01m[KVehicleStatus[m[K’ in namespace ‘[01m[Kpx4_msgs::msg[m[K’ does not name a type
   43 |   void vehicle_status_callback(const px4_msgs::msg::[01;31m[KVehicleStatus[m[K::SharedPtr msg);
      |                                                     [01;31m[K^~~~~~~~~~~~~[m[K
[01m[K/home/fidelis/NGCP-2024-/ws_ros2/src/px4_ros_com/src/examples/offboard/offboard_control.cpp:43:78:[m[K [01;31m[Kerror: [m[Kexpected unqualified-id before ‘[01m[Kmsg[m[K’
   43 |   void vehicle_status_callback(const px4_msgs::msg::VehicleStatus::SharedPtr [01;31m[Kmsg[m[K);
      |                                                                              [01;31m[K^~~[m[K
[01m[K/home/fidelis/NGCP-2024-/ws_ros2/src/px4_ros_com/src/examples/offboard/offboard_control.cpp:43:77:[m[K [01;31m[Kerror: [m[Kexpected ‘[01m[K)[m[K’ before ‘[01m[Kmsg[m[K’
   43 |   void vehicle_status_callback[34m[K([m[Kconst px4_msgs::msg::VehicleStatus::SharedPtr[01;31m[K [m[K[32m[Kmsg[m[K);
      |                               [34m[K~[m[K                                             [01;31m[K^[m[K[32m[K~~~[m[K
      |                                                                             [32m[K)[m[K
[01m[K/home/fidelis/NGCP-2024-/ws_ros2/src/px4_ros_com/src/examples/offboard/offboard_control.cpp:43:68:[m[K [01;31m[Kerror: [m[Kexpected ‘[01m[K;[m[K’ at end of member declaration
   43 |   void vehicle_status_callback(const px4_msgs::msg::VehicleStatus::[01;31m[KSharedPtr[m[K msg);
      |                                                                    [01;31m[K^~~~~~~~~[m[K
      |                                                                             [32m[K;[m[K
[01m[K/home/fidelis/NGCP-2024-/ws_ros2/src/px4_ros_com/src/examples/offboard/offboard_control.cpp:43:78:[m[K [01;31m[Kerror: [m[K‘[01m[Kmsg[m[K’ does not name a type
   43 |   void vehicle_status_callback(const px4_msgs::msg::VehicleStatus::SharedPtr [01;31m[Kmsg[m[K);
      |                                                                              [01;31m[K^~~[m[K
gmake[2]: *** [CMakeFiles/offboard_control.dir/build.make:76: CMakeFiles/offboard_control.dir/src/examples/offboard/offboard_control.cpp.o] Error 1
gmake[1]: *** [CMakeFiles/Makefile2:254: CMakeFiles/offboard_control.dir/all] Error 2
gmake: *** [Makefile:146: all] Error 2
