[0.011s] Invoking command in '/home/fidelis/NGCP-2024-/ws_ros2/build/px4_ros_com': AMENT_PREFIX_PATH=/home/fidelis/NGCP-2024-/ws_ros2/install/px4_msgs:${AMENT_PREFIX_PATH} CMAKE_PREFIX_PATH=/home/fidelis/NGCP-2024-/ws_ros2/install/px4_msgs:/opt/ros/humble LD_LIBRARY_PATH=/home/fidelis/NGCP-2024-/ws_ros2/install/px4_msgs/lib:${LD_LIBRARY_PATH} PYTHONPATH=/home/fidelis/NGCP-2024-/ws_ros2/install/px4_msgs/local/lib/python3.10/dist-packages:${PYTHONPATH} /usr/bin/cmake --build /home/fidelis/NGCP-2024-/ws_ros2/build/px4_ros_com -- -j16 -l16
[0.085s] [ 83%] Built target sensor_combined_listener
[0.086s] [ 83%] Built target vehicle_gps_position_listener
[0.086s] [ 83%] Built target frame_transforms
[0.086s] [ 83%] [32mBuilding CXX object CMakeFiles/offboard_control.dir/src/examples/offboard/offboard_control.cpp.o[0m
[0.086s] [ 91%] Built target debug_vect_advertiser
[0.086s] [ 91%] Built target offboard_control_srv
[0.092s] [ 91%] Built target ament_cmake_python_symlink_px4_ros_com
[0.290s] running egg_info
[0.305s] writing px4_ros_com.egg-info/PKG-INFO
[0.305s] writing dependency_links to px4_ros_com.egg-info/dependency_links.txt
[0.306s] writing top-level names to px4_ros_com.egg-info/top_level.txt
[0.342s] reading manifest file 'px4_ros_com.egg-info/SOURCES.txt'
[0.343s] writing manifest file 'px4_ros_com.egg-info/SOURCES.txt'
[0.393s] [ 91%] Built target ament_cmake_python_build_px4_ros_com_egg
[7.602s] [01m[K/home/fidelis/NGCP-2024-/ws_ros2/src/px4_ros_com/src/examples/offboard/offboard_control.cpp:[m[K In member function ‘[01m[Kvoid OffboardPlane::run()[m[K’:
[7.603s] [01m[K/home/fidelis/NGCP-2024-/ws_ros2/src/px4_ros_com/src/examples/offboard/offboard_control.cpp:106:5:[m[K [01;31m[Kerror: [m[Kexpected ‘[01m[K([m[K’ before ‘[01m[Kif[m[K’
[7.603s]   106 |     [01;31m[Ki[m[K[32m[Kf[m[K (distance_to_waypoint == 0.0) {
[7.603s]       |     [01;31m[K^[m[K[32m[K~[m[K
[7.603s]       |     [32m[K([m[K
[7.604s] gmake[2]: *** [CMakeFiles/offboard_control.dir/build.make:76: CMakeFiles/offboard_control.dir/src/examples/offboard/offboard_control.cpp.o] Error 1
[7.605s] gmake[1]: *** [CMakeFiles/Makefile2:254: CMakeFiles/offboard_control.dir/all] Error 2
[7.605s] gmake: *** [Makefile:146: all] Error 2
[7.608s] Invoked command in '/home/fidelis/NGCP-2024-/ws_ros2/build/px4_ros_com' returned '2': AMENT_PREFIX_PATH=/home/fidelis/NGCP-2024-/ws_ros2/install/px4_msgs:${AMENT_PREFIX_PATH} CMAKE_PREFIX_PATH=/home/fidelis/NGCP-2024-/ws_ros2/install/px4_msgs:/opt/ros/humble LD_LIBRARY_PATH=/home/fidelis/NGCP-2024-/ws_ros2/install/px4_msgs/lib:${LD_LIBRARY_PATH} PYTHONPATH=/home/fidelis/NGCP-2024-/ws_ros2/install/px4_msgs/local/lib/python3.10/dist-packages:${PYTHONPATH} /usr/bin/cmake --build /home/fidelis/NGCP-2024-/ws_ros2/build/px4_ros_com -- -j16 -l16
