[0.009s] Invoking command in '/home/fidelis/NGCP-2024-/ws_ros2/build/px4_ros_com': AMENT_PREFIX_PATH=/home/fidelis/NGCP-2024-/ws_ros2/install/px4_msgs:${AMENT_PREFIX_PATH} CMAKE_PREFIX_PATH=/home/fidelis/NGCP-2024-/ws_ros2/install/px4_msgs:/opt/ros/humble LD_LIBRARY_PATH=/home/fidelis/NGCP-2024-/ws_ros2/install/px4_msgs/lib:${LD_LIBRARY_PATH} PYTHONPATH=/home/fidelis/NGCP-2024-/ws_ros2/install/px4_msgs/local/lib/python3.10/dist-packages:${PYTHONPATH} /usr/bin/cmake --build /home/fidelis/NGCP-2024-/ws_ros2/build/px4_ros_com -- -j16 -l16
[0.052s] [35m[1mConsolidate compiler generated dependencies of target offboard_control[0m
[0.065s] [ 75%] Built target vehicle_gps_position_listener
[0.065s] [ 75%] Built target frame_transforms
[0.065s] [ 75%] Built target offboard_control_srv
[0.065s] [ 75%] Built target sensor_combined_listener
[0.065s] [ 83%] Built target debug_vect_advertiser
[0.069s] [ 91%] Built target ament_cmake_python_symlink_px4_ros_com
[0.070s] [ 91%] [32mBuilding CXX object CMakeFiles/offboard_control.dir/src/examples/offboard/offboard_control.cpp.o[0m
[0.237s] running egg_info
[0.248s] writing px4_ros_com.egg-info/PKG-INFO
[0.248s] writing dependency_links to px4_ros_com.egg-info/dependency_links.txt
[0.249s] writing top-level names to px4_ros_com.egg-info/top_level.txt
[0.284s] reading manifest file 'px4_ros_com.egg-info/SOURCES.txt'
[0.285s] writing manifest file 'px4_ros_com.egg-info/SOURCES.txt'
[0.324s] [ 91%] Built target ament_cmake_python_build_px4_ros_com_egg
[11.653s] [100%] [32m[1mLinking CXX executable offboard_control[0m
[12.206s] [100%] Built target offboard_control
[12.218s] Invoked command in '/home/fidelis/NGCP-2024-/ws_ros2/build/px4_ros_com' returned '0': AMENT_PREFIX_PATH=/home/fidelis/NGCP-2024-/ws_ros2/install/px4_msgs:${AMENT_PREFIX_PATH} CMAKE_PREFIX_PATH=/home/fidelis/NGCP-2024-/ws_ros2/install/px4_msgs:/opt/ros/humble LD_LIBRARY_PATH=/home/fidelis/NGCP-2024-/ws_ros2/install/px4_msgs/lib:${LD_LIBRARY_PATH} PYTHONPATH=/home/fidelis/NGCP-2024-/ws_ros2/install/px4_msgs/local/lib/python3.10/dist-packages:${PYTHONPATH} /usr/bin/cmake --build /home/fidelis/NGCP-2024-/ws_ros2/build/px4_ros_com -- -j16 -l16
[12.260s] Invoking command in '/home/fidelis/NGCP-2024-/ws_ros2/build/px4_ros_com': AMENT_PREFIX_PATH=/home/fidelis/NGCP-2024-/ws_ros2/install/px4_msgs:${AMENT_PREFIX_PATH} CMAKE_PREFIX_PATH=/home/fidelis/NGCP-2024-/ws_ros2/install/px4_msgs:/opt/ros/humble LD_LIBRARY_PATH=/home/fidelis/NGCP-2024-/ws_ros2/install/px4_msgs/lib:${LD_LIBRARY_PATH} PYTHONPATH=/home/fidelis/NGCP-2024-/ws_ros2/install/px4_msgs/local/lib/python3.10/dist-packages:${PYTHONPATH} /usr/bin/cmake --install /home/fidelis/NGCP-2024-/ws_ros2/build/px4_ros_com
[12.269s] -- Install configuration: ""
[12.269s] -- Execute custom install script
[12.270s] -- Up-to-date symlink: /home/fidelis/NGCP-2024-/ws_ros2/install/px4_ros_com/lib/px4_ros_com/sensor_combined_listener
[12.270s] -- Up-to-date symlink: /home/fidelis/NGCP-2024-/ws_ros2/install/px4_ros_com/lib/px4_ros_com/vehicle_gps_position_listener
[12.270s] -- Up-to-date symlink: /home/fidelis/NGCP-2024-/ws_ros2/install/px4_ros_com/lib/px4_ros_com/debug_vect_advertiser
[12.270s] -- Up-to-date symlink: /home/fidelis/NGCP-2024-/ws_ros2/install/px4_ros_com/lib/px4_ros_com/offboard_control
[12.270s] -- Up-to-date symlink: /home/fidelis/NGCP-2024-/ws_ros2/install/px4_ros_com/lib/px4_ros_com/offboard_control_srv
[12.271s] -- Up-to-date symlink: /home/fidelis/NGCP-2024-/ws_ros2/install/px4_ros_com/share/px4_ros_com/environment/library_path.sh
[12.271s] -- Up-to-date symlink: /home/fidelis/NGCP-2024-/ws_ros2/install/px4_ros_com/share/px4_ros_com/environment/library_path.dsv
[12.271s] -- Up-to-date symlink: /home/fidelis/NGCP-2024-/ws_ros2/install/px4_ros_com/include/px4_ros_com/frame_transforms.h
[12.271s] -- Up-to-date symlink: /home/fidelis/NGCP-2024-/ws_ros2/install/px4_ros_com/share/px4_ros_com//launch/offboard_control_launch.yaml
[12.271s] -- Up-to-date symlink: /home/fidelis/NGCP-2024-/ws_ros2/install/px4_ros_com/share/px4_ros_com//launch/sensor_combined_listener.launch.py
[12.271s] -- Up-to-date symlink: /home/fidelis/NGCP-2024-/ws_ros2/install/px4_ros_com/share/px4_ros_com//test/__init__.py
[12.272s] -- Up-to-date symlink: /home/fidelis/NGCP-2024-/ws_ros2/install/px4_ros_com/share/px4_ros_com//test/pipeline_io_test.py
[12.272s] -- Up-to-date symlink: /home/fidelis/NGCP-2024-/ws_ros2/install/px4_ros_com/share/px4_ros_com//test/test_input.py
[12.272s] -- Up-to-date symlink: /home/fidelis/NGCP-2024-/ws_ros2/install/px4_ros_com/share/px4_ros_com//test/test_output.py
[12.272s] -- Up-to-date symlink: /home/fidelis/NGCP-2024-/ws_ros2/install/px4_ros_com/share/px4_ros_com/environment/pythonpath.sh
[12.272s] -- Up-to-date symlink: /home/fidelis/NGCP-2024-/ws_ros2/install/px4_ros_com/share/px4_ros_com/environment/pythonpath.dsv
[12.272s] -- Up-to-date symlink: /home/fidelis/NGCP-2024-/ws_ros2/install/px4_ros_com/local/lib/python3.10/dist-packages/px4_ros_com-0.1.0-py3.10.egg-info/PKG-INFO
[12.272s] -- Up-to-date symlink: /home/fidelis/NGCP-2024-/ws_ros2/install/px4_ros_com/local/lib/python3.10/dist-packages/px4_ros_com-0.1.0-py3.10.egg-info/SOURCES.txt
[12.272s] -- Up-to-date symlink: /home/fidelis/NGCP-2024-/ws_ros2/install/px4_ros_com/local/lib/python3.10/dist-packages/px4_ros_com-0.1.0-py3.10.egg-info/dependency_links.txt
[12.272s] -- Up-to-date symlink: /home/fidelis/NGCP-2024-/ws_ros2/install/px4_ros_com/local/lib/python3.10/dist-packages/px4_ros_com-0.1.0-py3.10.egg-info/top_level.txt
[12.273s] -- Up-to-date symlink: /home/fidelis/NGCP-2024-/ws_ros2/install/px4_ros_com/local/lib/python3.10/dist-packages/px4_ros_com/__init__.py
[12.273s] -- Up-to-date symlink: /home/fidelis/NGCP-2024-/ws_ros2/install/px4_ros_com/local/lib/python3.10/dist-packages/px4_ros_com/module_to_import.py
[12.273s] -- Up-to-date symlink: /home/fidelis/NGCP-2024-/ws_ros2/install/px4_ros_com/lib/px4_ros_com/offboard_control.py
[12.273s] -- Up-to-date symlink: /home/fidelis/NGCP-2024-/ws_ros2/install/px4_ros_com/share/ament_index/resource_index/package_run_dependencies/px4_ros_com
[12.273s] -- Up-to-date symlink: /home/fidelis/NGCP-2024-/ws_ros2/install/px4_ros_com/share/ament_index/resource_index/parent_prefix_path/px4_ros_com
[12.273s] -- Up-to-date symlink: /home/fidelis/NGCP-2024-/ws_ros2/install/px4_ros_com/share/px4_ros_com/environment/ament_prefix_path.sh
[12.273s] -- Up-to-date symlink: /home/fidelis/NGCP-2024-/ws_ros2/install/px4_ros_com/share/px4_ros_com/environment/ament_prefix_path.dsv
[12.274s] -- Up-to-date symlink: /home/fidelis/NGCP-2024-/ws_ros2/install/px4_ros_com/share/px4_ros_com/environment/path.sh
[12.274s] -- Up-to-date symlink: /home/fidelis/NGCP-2024-/ws_ros2/install/px4_ros_com/share/px4_ros_com/environment/path.dsv
[12.274s] -- Up-to-date symlink: /home/fidelis/NGCP-2024-/ws_ros2/install/px4_ros_com/share/px4_ros_com/local_setup.bash
[12.274s] -- Up-to-date symlink: /home/fidelis/NGCP-2024-/ws_ros2/install/px4_ros_com/share/px4_ros_com/local_setup.sh
[12.274s] -- Up-to-date symlink: /home/fidelis/NGCP-2024-/ws_ros2/install/px4_ros_com/share/px4_ros_com/local_setup.zsh
[12.274s] -- Up-to-date symlink: /home/fidelis/NGCP-2024-/ws_ros2/install/px4_ros_com/share/px4_ros_com/local_setup.dsv
[12.274s] -- Symlinking: /home/fidelis/NGCP-2024-/ws_ros2/install/px4_ros_com/share/px4_ros_com/package.dsv
[12.284s] -- Up-to-date symlink: /home/fidelis/NGCP-2024-/ws_ros2/install/px4_ros_com/share/ament_index/resource_index/packages/px4_ros_com
[12.285s] -- Up-to-date symlink: /home/fidelis/NGCP-2024-/ws_ros2/install/px4_ros_com/share/px4_ros_com/cmake/ament_cmake_export_dependencies-extras.cmake
[12.285s] -- Up-to-date symlink: /home/fidelis/NGCP-2024-/ws_ros2/install/px4_ros_com/share/px4_ros_com/cmake/ament_cmake_export_targets-extras.cmake
[12.285s] -- Up-to-date symlink: /home/fidelis/NGCP-2024-/ws_ros2/install/px4_ros_com/share/px4_ros_com/cmake/ament_cmake_export_include_directories-extras.cmake
[12.285s] -- Up-to-date symlink: /home/fidelis/NGCP-2024-/ws_ros2/install/px4_ros_com/share/px4_ros_com/cmake/ament_cmake_export_libraries-extras.cmake
[12.285s] -- Up-to-date symlink: /home/fidelis/NGCP-2024-/ws_ros2/install/px4_ros_com/share/px4_ros_com/cmake/px4_ros_comConfig.cmake
[12.285s] -- Up-to-date symlink: /home/fidelis/NGCP-2024-/ws_ros2/install/px4_ros_com/share/px4_ros_com/cmake/px4_ros_comConfig-version.cmake
[12.285s] -- Up-to-date symlink: /home/fidelis/NGCP-2024-/ws_ros2/install/px4_ros_com/share/px4_ros_com/package.xml
[12.285s] -- Up-to-date: /home/fidelis/NGCP-2024-/ws_ros2/install/px4_ros_com/lib/libframe_transforms.so
[12.312s] Listing '/home/fidelis/NGCP-2024-/ws_ros2/install/px4_ros_com/local/lib/python3.10/dist-packages/px4_ros_com'...
[12.316s] -- Up-to-date: /home/fidelis/NGCP-2024-/ws_ros2/install/px4_ros_com/share/px4_ros_com/cmake/export_frame_transformsExport.cmake
[12.316s] -- Up-to-date: /home/fidelis/NGCP-2024-/ws_ros2/install/px4_ros_com/share/px4_ros_com/cmake/export_frame_transformsExport-noconfig.cmake
[12.320s] Invoked command in '/home/fidelis/NGCP-2024-/ws_ros2/build/px4_ros_com' returned '0': AMENT_PREFIX_PATH=/home/fidelis/NGCP-2024-/ws_ros2/install/px4_msgs:${AMENT_PREFIX_PATH} CMAKE_PREFIX_PATH=/home/fidelis/NGCP-2024-/ws_ros2/install/px4_msgs:/opt/ros/humble LD_LIBRARY_PATH=/home/fidelis/NGCP-2024-/ws_ros2/install/px4_msgs/lib:${LD_LIBRARY_PATH} PYTHONPATH=/home/fidelis/NGCP-2024-/ws_ros2/install/px4_msgs/local/lib/python3.10/dist-packages:${PYTHONPATH} /usr/bin/cmake --install /home/fidelis/NGCP-2024-/ws_ros2/build/px4_ros_com
