[0.108s] DEBUG:colcon:Command line arguments: ['/usr/bin/colcon', 'build']
[0.108s] DEBUG:colcon:Parsed command line arguments: Namespace(log_base=None, log_level=None, verb_name='build', build_base='build', install_base='install', merge_install=False, symlink_install=False, test_result_base=None, continue_on_error=False, executor='parallel', parallel_workers=16, event_handlers=None, ignore_user_meta=False, metas=['./colcon.meta'], base_paths=['.'], packages_ignore=None, packages_ignore_regex=None, paths=None, packages_up_to=None, packages_up_to_regex=None, packages_above=None, packages_above_and_dependencies=None, packages_above_depth=None, packages_select_by_dep=None, packages_skip_by_dep=None, packages_skip_up_to=None, packages_select_build_failed=False, packages_skip_build_finished=False, packages_select_test_failures=False, packages_skip_test_passed=False, packages_select=None, packages_skip=None, packages_select_regex=None, packages_skip_regex=None, packages_start=None, packages_end=None, allow_overriding=[], cmake_args=None, cmake_target=None, cmake_target_skip_unavailable=False, cmake_clean_cache=False, cmake_clean_first=False, cmake_force_configure=False, ament_cmake_args=None, catkin_cmake_args=None, catkin_skip_building_tests=False, mixin_files=None, mixin=None, verb_parser=<colcon_mixin.mixin.mixin_argument.MixinArgumentDecorator object at 0x76f583076ad0>, verb_extension=<colcon_core.verb.build.BuildVerb object at 0x76f583075e70>, main=<bound method BuildVerb.main of <colcon_core.verb.build.BuildVerb object at 0x76f583075e70>>, mixin_verb=('build',))
[0.151s] Level 1:colcon.colcon_core.package_discovery:discover_packages(colcon_meta) check parameters
[0.151s] Level 1:colcon.colcon_core.package_discovery:discover_packages(recursive) check parameters
[0.151s] Level 1:colcon.colcon_core.package_discovery:discover_packages(ignore) check parameters
[0.151s] Level 1:colcon.colcon_core.package_discovery:discover_packages(path) check parameters
[0.151s] Level 1:colcon.colcon_core.package_discovery:discover_packages(colcon_meta) discover
[0.151s] Level 1:colcon.colcon_core.package_discovery:discover_packages(recursive) discover
[0.151s] INFO:colcon.colcon_core.package_discovery:Crawling recursively for packages in '/home/fidelis/ws_offboard_control'
[0.151s] Level 1:colcon.colcon_core.package_identification:_identify(.) by extensions ['ignore', 'ignore_ament_install']
[0.151s] Level 1:colcon.colcon_core.package_identification:_identify(.) by extension 'ignore'
[0.151s] Level 1:colcon.colcon_core.package_identification:_identify(.) by extension 'ignore_ament_install'
[0.151s] Level 1:colcon.colcon_core.package_identification:_identify(.) by extensions ['colcon_pkg']
[0.151s] Level 1:colcon.colcon_core.package_identification:_identify(.) by extension 'colcon_pkg'
[0.151s] Level 1:colcon.colcon_core.package_identification:_identify(.) by extensions ['colcon_meta']
[0.151s] Level 1:colcon.colcon_core.package_identification:_identify(.) by extension 'colcon_meta'
[0.151s] Level 1:colcon.colcon_core.package_identification:_identify(.) by extensions ['ros']
[0.151s] Level 1:colcon.colcon_core.package_identification:_identify(.) by extension 'ros'
[0.164s] Level 1:colcon.colcon_core.package_identification:_identify(.) by extensions ['cmake', 'python']
[0.164s] Level 1:colcon.colcon_core.package_identification:_identify(.) by extension 'cmake'
[0.164s] Level 1:colcon.colcon_core.package_identification:_identify(.) by extension 'python'
[0.164s] Level 1:colcon.colcon_core.package_identification:_identify(.) by extensions ['python_setup_py']
[0.164s] Level 1:colcon.colcon_core.package_identification:_identify(.) by extension 'python_setup_py'
[0.164s] Level 1:colcon.colcon_core.package_identification:_identify(build) by extensions ['ignore', 'ignore_ament_install']
[0.165s] Level 1:colcon.colcon_core.package_identification:_identify(build) by extension 'ignore'
[0.165s] Level 1:colcon.colcon_core.package_identification:_identify(build) ignored
[0.165s] Level 1:colcon.colcon_core.package_identification:_identify(install) by extensions ['ignore', 'ignore_ament_install']
[0.165s] Level 1:colcon.colcon_core.package_identification:_identify(install) by extension 'ignore'
[0.165s] Level 1:colcon.colcon_core.package_identification:_identify(install) ignored
[0.165s] Level 1:colcon.colcon_core.package_identification:_identify(log) by extensions ['ignore', 'ignore_ament_install']
[0.165s] Level 1:colcon.colcon_core.package_identification:_identify(log) by extension 'ignore'
[0.165s] Level 1:colcon.colcon_core.package_identification:_identify(log) ignored
[0.165s] Level 1:colcon.colcon_core.package_identification:_identify(src) by extensions ['ignore', 'ignore_ament_install']
[0.165s] Level 1:colcon.colcon_core.package_identification:_identify(src) by extension 'ignore'
[0.165s] Level 1:colcon.colcon_core.package_identification:_identify(src) by extension 'ignore_ament_install'
[0.165s] Level 1:colcon.colcon_core.package_identification:_identify(src) by extensions ['colcon_pkg']
[0.165s] Level 1:colcon.colcon_core.package_identification:_identify(src) by extension 'colcon_pkg'
[0.165s] Level 1:colcon.colcon_core.package_identification:_identify(src) by extensions ['colcon_meta']
[0.165s] Level 1:colcon.colcon_core.package_identification:_identify(src) by extension 'colcon_meta'
[0.165s] Level 1:colcon.colcon_core.package_identification:_identify(src) by extensions ['ros']
[0.165s] Level 1:colcon.colcon_core.package_identification:_identify(src) by extension 'ros'
[0.165s] Level 1:colcon.colcon_core.package_identification:_identify(src) by extensions ['cmake', 'python']
[0.165s] Level 1:colcon.colcon_core.package_identification:_identify(src) by extension 'cmake'
[0.165s] Level 1:colcon.colcon_core.package_identification:_identify(src) by extension 'python'
[0.165s] Level 1:colcon.colcon_core.package_identification:_identify(src) by extensions ['python_setup_py']
[0.165s] Level 1:colcon.colcon_core.package_identification:_identify(src) by extension 'python_setup_py'
[0.166s] Level 1:colcon.colcon_core.package_identification:_identify(src/build) by extensions ['ignore', 'ignore_ament_install']
[0.166s] Level 1:colcon.colcon_core.package_identification:_identify(src/build) by extension 'ignore'
[0.166s] Level 1:colcon.colcon_core.package_identification:_identify(src/build) ignored
[0.166s] Level 1:colcon.colcon_core.package_identification:_identify(src/install) by extensions ['ignore', 'ignore_ament_install']
[0.166s] Level 1:colcon.colcon_core.package_identification:_identify(src/install) by extension 'ignore'
[0.166s] Level 1:colcon.colcon_core.package_identification:_identify(src/install) ignored
[0.166s] Level 1:colcon.colcon_core.package_identification:_identify(src/log) by extensions ['ignore', 'ignore_ament_install']
[0.167s] Level 1:colcon.colcon_core.package_identification:_identify(src/log) by extension 'ignore'
[0.167s] Level 1:colcon.colcon_core.package_identification:_identify(src/log) ignored
[0.167s] Level 1:colcon.colcon_core.package_identification:_identify(src/px4_msgs) by extensions ['ignore', 'ignore_ament_install']
[0.167s] Level 1:colcon.colcon_core.package_identification:_identify(src/px4_msgs) by extension 'ignore'
[0.167s] Level 1:colcon.colcon_core.package_identification:_identify(src/px4_msgs) by extension 'ignore_ament_install'
[0.167s] Level 1:colcon.colcon_core.package_identification:_identify(src/px4_msgs) by extensions ['colcon_pkg']
[0.167s] Level 1:colcon.colcon_core.package_identification:_identify(src/px4_msgs) by extension 'colcon_pkg'
[0.167s] Level 1:colcon.colcon_core.package_identification:_identify(src/px4_msgs) by extensions ['colcon_meta']
[0.167s] Level 1:colcon.colcon_core.package_identification:_identify(src/px4_msgs) by extension 'colcon_meta'
[0.167s] Level 1:colcon.colcon_core.package_identification:_identify(src/px4_msgs) by extensions ['ros']
[0.167s] Level 1:colcon.colcon_core.package_identification:_identify(src/px4_msgs) by extension 'ros'
[0.170s] DEBUG:colcon.colcon_core.package_identification:Package 'src/px4_msgs' with type 'ros.ament_cmake' and name 'px4_msgs'
[0.170s] Level 1:colcon.colcon_core.package_identification:_identify(src/px4_ros_com) by extensions ['ignore', 'ignore_ament_install']
[0.170s] Level 1:colcon.colcon_core.package_identification:_identify(src/px4_ros_com) by extension 'ignore'
[0.170s] Level 1:colcon.colcon_core.package_identification:_identify(src/px4_ros_com) by extension 'ignore_ament_install'
[0.170s] Level 1:colcon.colcon_core.package_identification:_identify(src/px4_ros_com) by extensions ['colcon_pkg']
[0.170s] Level 1:colcon.colcon_core.package_identification:_identify(src/px4_ros_com) by extension 'colcon_pkg'
[0.170s] Level 1:colcon.colcon_core.package_identification:_identify(src/px4_ros_com) by extensions ['colcon_meta']
[0.170s] Level 1:colcon.colcon_core.package_identification:_identify(src/px4_ros_com) by extension 'colcon_meta'
[0.170s] Level 1:colcon.colcon_core.package_identification:_identify(src/px4_ros_com) by extensions ['ros']
[0.170s] Level 1:colcon.colcon_core.package_identification:_identify(src/px4_ros_com) by extension 'ros'
[0.171s] DEBUG:colcon.colcon_core.package_identification:Package 'src/px4_ros_com' with type 'ros.ament_cmake' and name 'px4_ros_com'
[0.171s] Level 1:colcon.colcon_core.package_discovery:discover_packages(recursive) using defaults
[0.171s] Level 1:colcon.colcon_core.package_discovery:discover_packages(ignore) discover
[0.171s] Level 1:colcon.colcon_core.package_discovery:discover_packages(ignore) using defaults
[0.171s] Level 1:colcon.colcon_core.package_discovery:discover_packages(path) discover
[0.171s] Level 1:colcon.colcon_core.package_discovery:discover_packages(path) using defaults
[0.191s] Level 1:colcon.colcon_core.package_discovery:discover_packages(prefix_path) check parameters
[0.191s] Level 1:colcon.colcon_core.package_discovery:discover_packages(prefix_path) discover
[0.193s] DEBUG:colcon.colcon_installed_package_information.package_discovery:Found 2 installed packages in /home/fidelis/ws_offboard_control/install
[0.194s] DEBUG:colcon.colcon_installed_package_information.package_discovery:Found 270 installed packages in /opt/ros/humble
[0.195s] Level 1:colcon.colcon_core.package_discovery:discover_packages(prefix_path) using defaults
[0.224s] Level 5:colcon.colcon_core.verb:set package 'px4_msgs' build argument 'cmake_args' from command line to 'None'
[0.224s] Level 5:colcon.colcon_core.verb:set package 'px4_msgs' build argument 'cmake_target' from command line to 'None'
[0.224s] Level 5:colcon.colcon_core.verb:set package 'px4_msgs' build argument 'cmake_target_skip_unavailable' from command line to 'False'
[0.224s] Level 5:colcon.colcon_core.verb:set package 'px4_msgs' build argument 'cmake_clean_cache' from command line to 'False'
[0.224s] Level 5:colcon.colcon_core.verb:set package 'px4_msgs' build argument 'cmake_clean_first' from command line to 'False'
[0.224s] Level 5:colcon.colcon_core.verb:set package 'px4_msgs' build argument 'cmake_force_configure' from command line to 'False'
[0.224s] Level 5:colcon.colcon_core.verb:set package 'px4_msgs' build argument 'ament_cmake_args' from command line to 'None'
[0.224s] Level 5:colcon.colcon_core.verb:set package 'px4_msgs' build argument 'catkin_cmake_args' from command line to 'None'
[0.224s] Level 5:colcon.colcon_core.verb:set package 'px4_msgs' build argument 'catkin_skip_building_tests' from command line to 'False'
[0.224s] DEBUG:colcon.colcon_core.verb:Building package 'px4_msgs' with the following arguments: {'ament_cmake_args': None, 'build_base': '/home/fidelis/ws_offboard_control/build/px4_msgs', 'catkin_cmake_args': None, 'catkin_skip_building_tests': False, 'cmake_args': None, 'cmake_clean_cache': False, 'cmake_clean_first': False, 'cmake_force_configure': False, 'cmake_target': None, 'cmake_target_skip_unavailable': False, 'install_base': '/home/fidelis/ws_offboard_control/install/px4_msgs', 'merge_install': False, 'path': '/home/fidelis/ws_offboard_control/src/px4_msgs', 'symlink_install': False, 'test_result_base': None}
[0.224s] Level 5:colcon.colcon_core.verb:set package 'px4_ros_com' build argument 'cmake_args' from command line to 'None'
[0.224s] Level 5:colcon.colcon_core.verb:set package 'px4_ros_com' build argument 'cmake_target' from command line to 'None'
[0.224s] Level 5:colcon.colcon_core.verb:set package 'px4_ros_com' build argument 'cmake_target_skip_unavailable' from command line to 'False'
[0.224s] Level 5:colcon.colcon_core.verb:set package 'px4_ros_com' build argument 'cmake_clean_cache' from command line to 'False'
[0.224s] Level 5:colcon.colcon_core.verb:set package 'px4_ros_com' build argument 'cmake_clean_first' from command line to 'False'
[0.224s] Level 5:colcon.colcon_core.verb:set package 'px4_ros_com' build argument 'cmake_force_configure' from command line to 'False'
[0.224s] Level 5:colcon.colcon_core.verb:set package 'px4_ros_com' build argument 'ament_cmake_args' from command line to 'None'
[0.224s] Level 5:colcon.colcon_core.verb:set package 'px4_ros_com' build argument 'catkin_cmake_args' from command line to 'None'
[0.224s] Level 5:colcon.colcon_core.verb:set package 'px4_ros_com' build argument 'catkin_skip_building_tests' from command line to 'False'
[0.224s] DEBUG:colcon.colcon_core.verb:Building package 'px4_ros_com' with the following arguments: {'ament_cmake_args': None, 'build_base': '/home/fidelis/ws_offboard_control/build/px4_ros_com', 'catkin_cmake_args': None, 'catkin_skip_building_tests': False, 'cmake_args': None, 'cmake_clean_cache': False, 'cmake_clean_first': False, 'cmake_force_configure': False, 'cmake_target': None, 'cmake_target_skip_unavailable': False, 'install_base': '/home/fidelis/ws_offboard_control/install/px4_ros_com', 'merge_install': False, 'path': '/home/fidelis/ws_offboard_control/src/px4_ros_com', 'symlink_install': False, 'test_result_base': None}
[0.225s] INFO:colcon.colcon_core.executor:Executing jobs using 'parallel' executor
[0.226s] DEBUG:colcon.colcon_parallel_executor.executor.parallel:run_until_complete
[0.226s] INFO:colcon.colcon_ros.task.ament_cmake.build:Building ROS package in '/home/fidelis/ws_offboard_control/src/px4_msgs' with build type 'ament_cmake'
[0.226s] INFO:colcon.colcon_cmake.task.cmake.build:Building CMake package in '/home/fidelis/ws_offboard_control/src/px4_msgs'
[0.229s] INFO:colcon.colcon_core.plugin_system:Skipping extension 'colcon_core.shell.bat': Not used on non-Windows systems
[0.229s] INFO:colcon.colcon_core.shell:Skip shell extension 'powershell' for command environment: Not usable outside of PowerShell
[0.229s] DEBUG:colcon.colcon_core.shell:Skip shell extension 'dsv' for command environment
[0.242s] DEBUG:colcon.colcon_core.event_handler.log_command:Invoking command in '/home/fidelis/ws_offboard_control/build/px4_msgs': CMAKE_PREFIX_PATH=${CMAKE_PREFIX_PATH}:/opt/ros/humble /usr/bin/cmake --build /home/fidelis/ws_offboard_control/build/px4_msgs -- -j16 -l16
[1.038s] DEBUG:colcon.colcon_core.event_handler.log_command:Invoked command in '/home/fidelis/ws_offboard_control/build/px4_msgs' returned '0': CMAKE_PREFIX_PATH=${CMAKE_PREFIX_PATH}:/opt/ros/humble /usr/bin/cmake --build /home/fidelis/ws_offboard_control/build/px4_msgs -- -j16 -l16
[6.216s] DEBUG:colcon.colcon_core.event_handler.log_command:Invoking command in '/home/fidelis/ws_offboard_control/build/px4_msgs': CMAKE_PREFIX_PATH=${CMAKE_PREFIX_PATH}:/opt/ros/humble /usr/bin/cmake --install /home/fidelis/ws_offboard_control/build/px4_msgs
[6.525s] Level 1:colcon.colcon_core.environment:create_environment_scripts_only(px4_msgs)
[6.525s] DEBUG:colcon.colcon_core.event_handler.log_command:Invoked command in '/home/fidelis/ws_offboard_control/build/px4_msgs' returned '0': CMAKE_PREFIX_PATH=${CMAKE_PREFIX_PATH}:/opt/ros/humble /usr/bin/cmake --install /home/fidelis/ws_offboard_control/build/px4_msgs
[6.528s] Level 1:colcon.colcon_core.environment:checking '/home/fidelis/ws_offboard_control/install/px4_msgs' for CMake module files
[6.528s] Level 1:colcon.colcon_core.environment:checking '/home/fidelis/ws_offboard_control/install/px4_msgs' for CMake config files
[6.531s] Level 1:colcon.colcon_core.shell:create_environment_hook('px4_msgs', 'cmake_prefix_path')
[6.531s] INFO:colcon.colcon_core.shell:Creating environment hook '/home/fidelis/ws_offboard_control/install/px4_msgs/share/px4_msgs/hook/cmake_prefix_path.ps1'
[6.532s] INFO:colcon.colcon_core.shell:Creating environment descriptor '/home/fidelis/ws_offboard_control/install/px4_msgs/share/px4_msgs/hook/cmake_prefix_path.dsv'
[6.532s] INFO:colcon.colcon_core.shell:Creating environment hook '/home/fidelis/ws_offboard_control/install/px4_msgs/share/px4_msgs/hook/cmake_prefix_path.sh'
[6.532s] Level 1:colcon.colcon_core.environment:checking '/home/fidelis/ws_offboard_control/install/px4_msgs/lib'
[6.533s] Level 1:colcon.colcon_core.shell:create_environment_hook('px4_msgs', 'ld_library_path_lib')
[6.533s] INFO:colcon.colcon_core.shell:Creating environment hook '/home/fidelis/ws_offboard_control/install/px4_msgs/share/px4_msgs/hook/ld_library_path_lib.ps1'
[6.533s] INFO:colcon.colcon_core.shell:Creating environment descriptor '/home/fidelis/ws_offboard_control/install/px4_msgs/share/px4_msgs/hook/ld_library_path_lib.dsv'
[6.533s] INFO:colcon.colcon_core.shell:Creating environment hook '/home/fidelis/ws_offboard_control/install/px4_msgs/share/px4_msgs/hook/ld_library_path_lib.sh'
[6.533s] Level 1:colcon.colcon_core.environment:checking '/home/fidelis/ws_offboard_control/install/px4_msgs/bin'
[6.533s] Level 1:colcon.colcon_core.environment:checking '/home/fidelis/ws_offboard_control/install/px4_msgs/lib/pkgconfig/px4_msgs.pc'
[6.533s] Level 1:colcon.colcon_core.environment:checking '/home/fidelis/ws_offboard_control/install/px4_msgs/lib/python3.10/site-packages'
[6.533s] Level 1:colcon.colcon_core.environment:checking '/home/fidelis/ws_offboard_control/install/px4_msgs/bin'
[6.534s] INFO:colcon.colcon_core.shell:Creating package script '/home/fidelis/ws_offboard_control/install/px4_msgs/share/px4_msgs/package.ps1'
[6.534s] INFO:colcon.colcon_core.shell:Creating package descriptor '/home/fidelis/ws_offboard_control/install/px4_msgs/share/px4_msgs/package.dsv'
[6.534s] INFO:colcon.colcon_core.shell:Creating package script '/home/fidelis/ws_offboard_control/install/px4_msgs/share/px4_msgs/package.sh'
[6.535s] INFO:colcon.colcon_core.shell:Creating package script '/home/fidelis/ws_offboard_control/install/px4_msgs/share/px4_msgs/package.bash'
[6.535s] INFO:colcon.colcon_core.shell:Creating package script '/home/fidelis/ws_offboard_control/install/px4_msgs/share/px4_msgs/package.zsh'
[6.536s] Level 1:colcon.colcon_core.environment:create_file_with_runtime_dependencies(/home/fidelis/ws_offboard_control/install/px4_msgs/share/colcon-core/packages/px4_msgs)
[11.563s] Level 1:colcon.colcon_core.environment:create_environment_scripts_only(px4_msgs)
[11.563s] Level 1:colcon.colcon_core.environment:checking '/home/fidelis/ws_offboard_control/install/px4_msgs' for CMake module files
[11.563s] Level 1:colcon.colcon_core.environment:checking '/home/fidelis/ws_offboard_control/install/px4_msgs' for CMake config files
[11.566s] Level 1:colcon.colcon_core.shell:create_environment_hook('px4_msgs', 'cmake_prefix_path')
[11.566s] INFO:colcon.colcon_core.shell:Creating environment hook '/home/fidelis/ws_offboard_control/install/px4_msgs/share/px4_msgs/hook/cmake_prefix_path.ps1'
[11.567s] INFO:colcon.colcon_core.shell:Creating environment descriptor '/home/fidelis/ws_offboard_control/install/px4_msgs/share/px4_msgs/hook/cmake_prefix_path.dsv'
[11.567s] INFO:colcon.colcon_core.shell:Creating environment hook '/home/fidelis/ws_offboard_control/install/px4_msgs/share/px4_msgs/hook/cmake_prefix_path.sh'
[11.567s] Level 1:colcon.colcon_core.environment:checking '/home/fidelis/ws_offboard_control/install/px4_msgs/lib'
[11.567s] Level 1:colcon.colcon_core.shell:create_environment_hook('px4_msgs', 'ld_library_path_lib')
[11.567s] INFO:colcon.colcon_core.shell:Creating environment hook '/home/fidelis/ws_offboard_control/install/px4_msgs/share/px4_msgs/hook/ld_library_path_lib.ps1'
[11.567s] INFO:colcon.colcon_core.shell:Creating environment descriptor '/home/fidelis/ws_offboard_control/install/px4_msgs/share/px4_msgs/hook/ld_library_path_lib.dsv'
[11.568s] INFO:colcon.colcon_core.shell:Creating environment hook '/home/fidelis/ws_offboard_control/install/px4_msgs/share/px4_msgs/hook/ld_library_path_lib.sh'
[11.568s] Level 1:colcon.colcon_core.environment:checking '/home/fidelis/ws_offboard_control/install/px4_msgs/bin'
[11.568s] Level 1:colcon.colcon_core.environment:checking '/home/fidelis/ws_offboard_control/install/px4_msgs/lib/pkgconfig/px4_msgs.pc'
[11.568s] Level 1:colcon.colcon_core.environment:checking '/home/fidelis/ws_offboard_control/install/px4_msgs/lib/python3.10/site-packages'
[11.568s] Level 1:colcon.colcon_core.environment:checking '/home/fidelis/ws_offboard_control/install/px4_msgs/bin'
[11.569s] INFO:colcon.colcon_core.shell:Creating package script '/home/fidelis/ws_offboard_control/install/px4_msgs/share/px4_msgs/package.ps1'
[11.569s] INFO:colcon.colcon_core.shell:Creating package descriptor '/home/fidelis/ws_offboard_control/install/px4_msgs/share/px4_msgs/package.dsv'
[11.569s] INFO:colcon.colcon_core.shell:Creating package script '/home/fidelis/ws_offboard_control/install/px4_msgs/share/px4_msgs/package.sh'
[11.569s] INFO:colcon.colcon_core.shell:Creating package script '/home/fidelis/ws_offboard_control/install/px4_msgs/share/px4_msgs/package.bash'
[11.570s] INFO:colcon.colcon_core.shell:Creating package script '/home/fidelis/ws_offboard_control/install/px4_msgs/share/px4_msgs/package.zsh'
[11.570s] Level 1:colcon.colcon_core.environment:create_file_with_runtime_dependencies(/home/fidelis/ws_offboard_control/install/px4_msgs/share/colcon-core/packages/px4_msgs)
[11.570s] INFO:colcon.colcon_ros.task.ament_cmake.build:Building ROS package in '/home/fidelis/ws_offboard_control/src/px4_ros_com' with build type 'ament_cmake'
[11.570s] INFO:colcon.colcon_cmake.task.cmake.build:Building CMake package in '/home/fidelis/ws_offboard_control/src/px4_ros_com'
[11.570s] INFO:colcon.colcon_core.shell:Skip shell extension 'powershell' for command environment: Not usable outside of PowerShell
[11.570s] DEBUG:colcon.colcon_core.shell:Skip shell extension 'dsv' for command environment
[11.579s] DEBUG:colcon.colcon_core.event_handler.log_command:Invoking command in '/home/fidelis/ws_offboard_control/build/px4_ros_com': CMAKE_PREFIX_PATH=/home/fidelis/ws_offboard_control/install/px4_msgs:/home/fidelis/ws_offboard_control/install/px4_ros_com:/opt/ros/humble LD_LIBRARY_PATH=/home/fidelis/ws_offboard_control/install/px4_msgs/lib:/home/fidelis/ws_offboard_control/install/px4_ros_com/lib:/opt/ros/humble/opt/rviz_ogre_vendor/lib:/opt/ros/humble/lib/x86_64-linux-gnu:/opt/ros/humble/lib /usr/bin/cmake --build /home/fidelis/ws_offboard_control/build/px4_ros_com -- -j16 -l16
[20.707s] DEBUG:colcon.colcon_core.event_handler.log_command:Invoked command in '/home/fidelis/ws_offboard_control/build/px4_ros_com' returned '0': CMAKE_PREFIX_PATH=/home/fidelis/ws_offboard_control/install/px4_msgs:/home/fidelis/ws_offboard_control/install/px4_ros_com:/opt/ros/humble LD_LIBRARY_PATH=/home/fidelis/ws_offboard_control/install/px4_msgs/lib:/home/fidelis/ws_offboard_control/install/px4_ros_com/lib:/opt/ros/humble/opt/rviz_ogre_vendor/lib:/opt/ros/humble/lib/x86_64-linux-gnu:/opt/ros/humble/lib /usr/bin/cmake --build /home/fidelis/ws_offboard_control/build/px4_ros_com -- -j16 -l16
[20.755s] DEBUG:colcon.colcon_core.event_handler.log_command:Invoking command in '/home/fidelis/ws_offboard_control/build/px4_ros_com': CMAKE_PREFIX_PATH=/home/fidelis/ws_offboard_control/install/px4_msgs:/home/fidelis/ws_offboard_control/install/px4_ros_com:/opt/ros/humble LD_LIBRARY_PATH=/home/fidelis/ws_offboard_control/install/px4_msgs/lib:/home/fidelis/ws_offboard_control/install/px4_ros_com/lib:/opt/ros/humble/opt/rviz_ogre_vendor/lib:/opt/ros/humble/lib/x86_64-linux-gnu:/opt/ros/humble/lib /usr/bin/cmake --install /home/fidelis/ws_offboard_control/build/px4_ros_com
[20.798s] Level 1:colcon.colcon_core.environment:create_environment_scripts_only(px4_ros_com)
[20.799s] Level 1:colcon.colcon_core.environment:checking '/home/fidelis/ws_offboard_control/install/px4_ros_com' for CMake module files
[20.799s] DEBUG:colcon.colcon_core.event_handler.log_command:Invoked command in '/home/fidelis/ws_offboard_control/build/px4_ros_com' returned '0': CMAKE_PREFIX_PATH=/home/fidelis/ws_offboard_control/install/px4_msgs:/home/fidelis/ws_offboard_control/install/px4_ros_com:/opt/ros/humble LD_LIBRARY_PATH=/home/fidelis/ws_offboard_control/install/px4_msgs/lib:/home/fidelis/ws_offboard_control/install/px4_ros_com/lib:/opt/ros/humble/opt/rviz_ogre_vendor/lib:/opt/ros/humble/lib/x86_64-linux-gnu:/opt/ros/humble/lib /usr/bin/cmake --install /home/fidelis/ws_offboard_control/build/px4_ros_com
[20.800s] Level 1:colcon.colcon_core.environment:checking '/home/fidelis/ws_offboard_control/install/px4_ros_com' for CMake config files
[20.800s] Level 1:colcon.colcon_core.shell:create_environment_hook('px4_ros_com', 'cmake_prefix_path')
[20.800s] INFO:colcon.colcon_core.shell:Creating environment hook '/home/fidelis/ws_offboard_control/install/px4_ros_com/share/px4_ros_com/hook/cmake_prefix_path.ps1'
[20.800s] INFO:colcon.colcon_core.shell:Creating environment descriptor '/home/fidelis/ws_offboard_control/install/px4_ros_com/share/px4_ros_com/hook/cmake_prefix_path.dsv'
[20.800s] INFO:colcon.colcon_core.shell:Creating environment hook '/home/fidelis/ws_offboard_control/install/px4_ros_com/share/px4_ros_com/hook/cmake_prefix_path.sh'
[20.801s] Level 1:colcon.colcon_core.environment:checking '/home/fidelis/ws_offboard_control/install/px4_ros_com/lib'
[20.801s] Level 1:colcon.colcon_core.shell:create_environment_hook('px4_ros_com', 'ld_library_path_lib')
[20.801s] INFO:colcon.colcon_core.shell:Creating environment hook '/home/fidelis/ws_offboard_control/install/px4_ros_com/share/px4_ros_com/hook/ld_library_path_lib.ps1'
[20.801s] INFO:colcon.colcon_core.shell:Creating environment descriptor '/home/fidelis/ws_offboard_control/install/px4_ros_com/share/px4_ros_com/hook/ld_library_path_lib.dsv'
[20.801s] INFO:colcon.colcon_core.shell:Creating environment hook '/home/fidelis/ws_offboard_control/install/px4_ros_com/share/px4_ros_com/hook/ld_library_path_lib.sh'
[20.801s] Level 1:colcon.colcon_core.environment:checking '/home/fidelis/ws_offboard_control/install/px4_ros_com/bin'
[20.801s] Level 1:colcon.colcon_core.environment:checking '/home/fidelis/ws_offboard_control/install/px4_ros_com/lib/pkgconfig/px4_ros_com.pc'
[20.802s] Level 1:colcon.colcon_core.environment:checking '/home/fidelis/ws_offboard_control/install/px4_ros_com/lib/python3.10/site-packages'
[20.802s] Level 1:colcon.colcon_core.environment:checking '/home/fidelis/ws_offboard_control/install/px4_ros_com/bin'
[20.802s] INFO:colcon.colcon_core.shell:Creating package script '/home/fidelis/ws_offboard_control/install/px4_ros_com/share/px4_ros_com/package.ps1'
[20.802s] INFO:colcon.colcon_core.shell:Creating package descriptor '/home/fidelis/ws_offboard_control/install/px4_ros_com/share/px4_ros_com/package.dsv'
[20.802s] INFO:colcon.colcon_core.shell:Creating package script '/home/fidelis/ws_offboard_control/install/px4_ros_com/share/px4_ros_com/package.sh'
[20.803s] INFO:colcon.colcon_core.shell:Creating package script '/home/fidelis/ws_offboard_control/install/px4_ros_com/share/px4_ros_com/package.bash'
[20.803s] INFO:colcon.colcon_core.shell:Creating package script '/home/fidelis/ws_offboard_control/install/px4_ros_com/share/px4_ros_com/package.zsh'
[20.803s] Level 1:colcon.colcon_core.environment:create_file_with_runtime_dependencies(/home/fidelis/ws_offboard_control/install/px4_ros_com/share/colcon-core/packages/px4_ros_com)
[20.850s] Level 1:colcon.colcon_core.environment:create_environment_scripts_only(px4_ros_com)
[20.851s] Level 1:colcon.colcon_core.environment:checking '/home/fidelis/ws_offboard_control/install/px4_ros_com' for CMake module files
[20.851s] Level 1:colcon.colcon_core.environment:checking '/home/fidelis/ws_offboard_control/install/px4_ros_com' for CMake config files
[20.851s] Level 1:colcon.colcon_core.shell:create_environment_hook('px4_ros_com', 'cmake_prefix_path')
[20.852s] INFO:colcon.colcon_core.shell:Creating environment hook '/home/fidelis/ws_offboard_control/install/px4_ros_com/share/px4_ros_com/hook/cmake_prefix_path.ps1'
[20.852s] INFO:colcon.colcon_core.shell:Creating environment descriptor '/home/fidelis/ws_offboard_control/install/px4_ros_com/share/px4_ros_com/hook/cmake_prefix_path.dsv'
[20.852s] INFO:colcon.colcon_core.shell:Creating environment hook '/home/fidelis/ws_offboard_control/install/px4_ros_com/share/px4_ros_com/hook/cmake_prefix_path.sh'
[20.852s] Level 1:colcon.colcon_core.environment:checking '/home/fidelis/ws_offboard_control/install/px4_ros_com/lib'
[20.853s] Level 1:colcon.colcon_core.shell:create_environment_hook('px4_ros_com', 'ld_library_path_lib')
[20.853s] INFO:colcon.colcon_core.shell:Creating environment hook '/home/fidelis/ws_offboard_control/install/px4_ros_com/share/px4_ros_com/hook/ld_library_path_lib.ps1'
[20.853s] INFO:colcon.colcon_core.shell:Creating environment descriptor '/home/fidelis/ws_offboard_control/install/px4_ros_com/share/px4_ros_com/hook/ld_library_path_lib.dsv'
[20.853s] INFO:colcon.colcon_core.shell:Creating environment hook '/home/fidelis/ws_offboard_control/install/px4_ros_com/share/px4_ros_com/hook/ld_library_path_lib.sh'
[20.853s] Level 1:colcon.colcon_core.environment:checking '/home/fidelis/ws_offboard_control/install/px4_ros_com/bin'
[20.853s] Level 1:colcon.colcon_core.environment:checking '/home/fidelis/ws_offboard_control/install/px4_ros_com/lib/pkgconfig/px4_ros_com.pc'
[20.853s] Level 1:colcon.colcon_core.environment:checking '/home/fidelis/ws_offboard_control/install/px4_ros_com/lib/python3.10/site-packages'
[20.854s] Level 1:colcon.colcon_core.environment:checking '/home/fidelis/ws_offboard_control/install/px4_ros_com/bin'
[20.854s] INFO:colcon.colcon_core.shell:Creating package script '/home/fidelis/ws_offboard_control/install/px4_ros_com/share/px4_ros_com/package.ps1'
[20.854s] INFO:colcon.colcon_core.shell:Creating package descriptor '/home/fidelis/ws_offboard_control/install/px4_ros_com/share/px4_ros_com/package.dsv'
[20.854s] INFO:colcon.colcon_core.shell:Creating package script '/home/fidelis/ws_offboard_control/install/px4_ros_com/share/px4_ros_com/package.sh'
[20.854s] INFO:colcon.colcon_core.shell:Creating package script '/home/fidelis/ws_offboard_control/install/px4_ros_com/share/px4_ros_com/package.bash'
[20.855s] INFO:colcon.colcon_core.shell:Creating package script '/home/fidelis/ws_offboard_control/install/px4_ros_com/share/px4_ros_com/package.zsh'
[20.855s] Level 1:colcon.colcon_core.environment:create_file_with_runtime_dependencies(/home/fidelis/ws_offboard_control/install/px4_ros_com/share/colcon-core/packages/px4_ros_com)
[20.855s] DEBUG:colcon.colcon_parallel_executor.executor.parallel:closing loop
[20.855s] DEBUG:colcon.colcon_parallel_executor.executor.parallel:loop closed
[20.855s] DEBUG:colcon.colcon_parallel_executor.executor.parallel:run_until_complete finished with '0'
[20.855s] DEBUG:colcon.colcon_core.event_reactor:joining thread
[20.859s] INFO:colcon.colcon_core.plugin_system:Skipping extension 'colcon_notification.desktop_notification.terminal_notifier': Not used on non-Darwin systems
[20.859s] INFO:colcon.colcon_core.plugin_system:Skipping extension 'colcon_notification.desktop_notification.win32': Not used on non-Windows systems
[20.859s] INFO:colcon.colcon_notification.desktop_notification:Sending desktop notification using 'notify2'
[20.874s] DEBUG:colcon.colcon_core.event_reactor:joined thread
[20.874s] INFO:colcon.colcon_core.shell:Creating prefix script '/home/fidelis/ws_offboard_control/install/local_setup.ps1'
[20.875s] INFO:colcon.colcon_core.shell:Creating prefix util module '/home/fidelis/ws_offboard_control/install/_local_setup_util_ps1.py'
[20.876s] INFO:colcon.colcon_core.shell:Creating prefix chain script '/home/fidelis/ws_offboard_control/install/setup.ps1'
[20.877s] INFO:colcon.colcon_core.shell:Creating prefix script '/home/fidelis/ws_offboard_control/install/local_setup.sh'
[20.877s] INFO:colcon.colcon_core.shell:Creating prefix util module '/home/fidelis/ws_offboard_control/install/_local_setup_util_sh.py'
[20.878s] INFO:colcon.colcon_core.shell:Creating prefix chain script '/home/fidelis/ws_offboard_control/install/setup.sh'
[20.878s] INFO:colcon.colcon_core.shell:Creating prefix script '/home/fidelis/ws_offboard_control/install/local_setup.bash'
[20.879s] INFO:colcon.colcon_core.shell:Creating prefix chain script '/home/fidelis/ws_offboard_control/install/setup.bash'
[20.879s] INFO:colcon.colcon_core.shell:Creating prefix script '/home/fidelis/ws_offboard_control/install/local_setup.zsh'
[20.879s] INFO:colcon.colcon_core.shell:Creating prefix chain script '/home/fidelis/ws_offboard_control/install/setup.zsh'
