[01m[K/home/fidelis/ws_offboard_control/src/px4_ros_com/src/examples/offboard/offboard_control.cpp:[m[K In member function ‘[01m[Kvoid OffboardPlane::run()[m[K’:
[01m[K/home/fidelis/ws_offboard_control/src/px4_ros_com/src/examples/offboard/offboard_control.cpp:84:49:[m[K [01;35m[Kwarning: [m[Kconversion from ‘[01m[Kunsigned int[m[K’ to ‘[01m[Kuint16_t[m[K’ {aka ‘[01m[Kshort unsigned int[m[K’} changes value from ‘[01m[K100000[m[K’ to ‘[01m[K34464[m[K’ [[01;35m[K-Woverflow[m[K]
   84 |   this->publish_vehicle_command([01;35m[KVehicleCommand::VEHICLE_CMD_SET_GPS_GLOBAL_ORIGIN[m[K, 0.0, 0.0);
      |                                 [01;35m[K~~~~~~~~~~~~~~~~^~~~~~~~~~~~~~~~~~~~~~~~~~~~~~~~~[m[K
[01m[K/home/fidelis/ws_offboard_control/src/px4_ros_com/src/examples/offboard/offboard_control.cpp:[m[K In function ‘[01m[Kint main(int, char**)[m[K’:
[01m[K/home/fidelis/ws_offboard_control/src/px4_ros_com/src/examples/offboard/offboard_control.cpp:201:57:[m[K [01;31m[Kerror: [m[Kexpected ‘[01m[K}[m[K’ before numeric constant
  201 |   std::vector<std::vector<float>> target_waypoint = {[32m[K{[m[K0 [01;31m[K100[m[K, -20.0}};
      |                                                      [32m[K~[m[K  [01;31m[K^~~[m[K
[01m[K/home/fidelis/ws_offboard_control/src/px4_ros_com/src/examples/offboard/offboard_control.cpp:201:57:[m[K [01;31m[Kerror: [m[Kexpected ‘[01m[K}[m[K’ before numeric constant
  201 |   std::vector<std::vector<float>> target_waypoint = [32m[K{[m[K{0 [01;31m[K100[m[K, -20.0}};
      |                                                     [32m[K~[m[K   [01;31m[K^~~[m[K
[01m[K/home/fidelis/ws_offboard_control/src/px4_ros_com/src/examples/offboard/offboard_control.cpp:201:57:[m[K [01;31m[Kerror: [m[Kexpected ‘[01m[K,[m[K’ or ‘[01m[K;[m[K’ before numeric constant
[01m[K/home/fidelis/ws_offboard_control/src/px4_ros_com/src/examples/offboard/offboard_control.cpp:[m[K At global scope:
[01m[K/home/fidelis/ws_offboard_control/src/px4_ros_com/src/examples/offboard/offboard_control.cpp:201:68:[m[K [01;31m[Kerror: [m[Kexpected declaration before ‘[01m[K}[m[K’ token
  201 |   std::vector<std::vector<float>> target_waypoint = {{0 100, -20.0}[01;31m[K}[m[K;
      |                                                                    [01;31m[K^[m[K
[01m[K/home/fidelis/ws_offboard_control/src/px4_ros_com/src/examples/offboard/offboard_control.cpp:203:47:[m[K [01;31m[Kerror: [m[K‘[01m[Ktarget_waypoint[m[K’ was not declared in this scope
  203 |   auto node = std::make_shared<OffboardPlane>([01;31m[Ktarget_waypoint[m[K);
      |                                               [01;31m[K^~~~~~~~~~~~~~~[m[K
[01m[K/home/fidelis/ws_offboard_control/src/px4_ros_com/src/examples/offboard/offboard_control.cpp:204:15:[m[K [01;31m[Kerror: [m[Kexpected constructor, destructor, or type conversion before ‘[01m[K([m[K’ token
  204 |   rclcpp::spin[01;31m[K([m[Knode);
      |               [01;31m[K^[m[K
[01m[K/home/fidelis/ws_offboard_control/src/px4_ros_com/src/examples/offboard/offboard_control.cpp:205:21:[m[K [01;31m[Kerror: [m[Kexpected constructor, destructor, or type conversion before ‘[01m[K;[m[K’ token
  205 |   rclcpp::shutdown()[01;31m[K;[m[K
      |                     [01;31m[K^[m[K
[01m[K/home/fidelis/ws_offboard_control/src/px4_ros_com/src/examples/offboard/offboard_control.cpp:206:3:[m[K [01;31m[Kerror: [m[Kexpected unqualified-id before ‘[01m[Kreturn[m[K’
  206 |   [01;31m[Kreturn[m[K 0;
      |   [01;31m[K^~~~~~[m[K
[01m[K/home/fidelis/ws_offboard_control/src/px4_ros_com/src/examples/offboard/offboard_control.cpp:207:1:[m[K [01;31m[Kerror: [m[Kexpected declaration before ‘[01m[K}[m[K’ token
  207 | [01;31m[K}[m[K
      | [01;31m[K^[m[K
gmake[2]: *** [CMakeFiles/offboard_control.dir/build.make:76: CMakeFiles/offboard_control.dir/src/examples/offboard/offboard_control.cpp.o] Error 1
gmake[1]: *** [CMakeFiles/Makefile2:254: CMakeFiles/offboard_control.dir/all] Error 2
gmake: *** [Makefile:146: all] Error 2
