[0.009s] Invoking command in '/home/fidelis/ws_offboard_control/build/px4_ros_com': CMAKE_PREFIX_PATH=/home/fidelis/ws_offboard_control/install/px4_msgs:/home/fidelis/ws_offboard_control/install/px4_ros_com:/opt/ros/humble LD_LIBRARY_PATH=/home/fidelis/ws_offboard_control/install/px4_msgs/lib:/home/fidelis/ws_offboard_control/install/px4_ros_com/lib:/opt/ros/humble/opt/rviz_ogre_vendor/lib:/opt/ros/humble/lib/x86_64-linux-gnu:/opt/ros/humble/lib /usr/bin/cmake --build /home/fidelis/ws_offboard_control/build/px4_ros_com -- -j16 -l16
[0.078s] [  8%] [32mBuilding CXX object CMakeFiles/frame_transforms.dir/src/lib/frame_transforms.cpp.o[0m
[0.080s] [ 33%] Built target ament_cmake_python_copy_px4_ros_com
[0.080s] [ 33%] [32mBuilding CXX object CMakeFiles/sensor_combined_listener.dir/src/examples/listeners/sensor_combined_listener.cpp.o[0m
[0.080s] [ 33%] [32mBuilding CXX object CMakeFiles/offboard_control_srv.dir/src/examples/offboard/offboard_control_srv.cpp.o[0m
[0.080s] [ 33%] [32mBuilding CXX object CMakeFiles/vehicle_gps_position_listener.dir/src/examples/listeners/vehicle_gps_position_listener.cpp.o[0m
[0.080s] [ 50%] [32mBuilding CXX object CMakeFiles/offboard_control.dir/src/examples/offboard/offboard_control.cpp.o[0m
[0.080s] [ 50%] [32mBuilding CXX object CMakeFiles/debug_vect_advertiser.dir/src/examples/advertisers/debug_vect_advertiser.cpp.o[0m
[0.109s] [ 58%] [32m[1mLinking CXX shared library libframe_transforms.so[0m
[0.128s] [ 66%] [32m[1mLinking CXX executable debug_vect_advertiser[0m
[0.129s] [ 75%] [32m[1mLinking CXX executable offboard_control_srv[0m
[0.135s] [ 91%] [32m[1mLinking CXX executable vehicle_gps_position_listener[0m
[0.135s] [ 91%] [32m[1mLinking CXX executable sensor_combined_listener[0m
[0.281s] running egg_info
[0.296s] writing px4_ros_com.egg-info/PKG-INFO
[0.298s] writing dependency_links to px4_ros_com.egg-info/dependency_links.txt
[0.298s] writing top-level names to px4_ros_com.egg-info/top_level.txt
[0.336s] reading manifest file 'px4_ros_com.egg-info/SOURCES.txt'
[0.337s] writing manifest file 'px4_ros_com.egg-info/SOURCES.txt'
[0.390s] [ 91%] Built target debug_vect_advertiser
[0.405s] [ 91%] Built target ament_cmake_python_build_px4_ros_com_egg
[0.434s] [ 91%] Built target offboard_control_srv
[0.436s] [ 91%] Built target frame_transforms
[0.569s] [ 91%] Built target vehicle_gps_position_listener
[0.578s] [ 91%] Built target sensor_combined_listener
[4.598s] [100%] [32m[1mLinking CXX executable offboard_control[0m
[4.791s] [100%] Built target offboard_control
[4.803s] Invoked command in '/home/fidelis/ws_offboard_control/build/px4_ros_com' returned '0': CMAKE_PREFIX_PATH=/home/fidelis/ws_offboard_control/install/px4_msgs:/home/fidelis/ws_offboard_control/install/px4_ros_com:/opt/ros/humble LD_LIBRARY_PATH=/home/fidelis/ws_offboard_control/install/px4_msgs/lib:/home/fidelis/ws_offboard_control/install/px4_ros_com/lib:/opt/ros/humble/opt/rviz_ogre_vendor/lib:/opt/ros/humble/lib/x86_64-linux-gnu:/opt/ros/humble/lib /usr/bin/cmake --build /home/fidelis/ws_offboard_control/build/px4_ros_com -- -j16 -l16
[4.845s] Invoking command in '/home/fidelis/ws_offboard_control/build/px4_ros_com': CMAKE_PREFIX_PATH=/home/fidelis/ws_offboard_control/install/px4_msgs:/home/fidelis/ws_offboard_control/install/px4_ros_com:/opt/ros/humble LD_LIBRARY_PATH=/home/fidelis/ws_offboard_control/install/px4_msgs/lib:/home/fidelis/ws_offboard_control/install/px4_ros_com/lib:/opt/ros/humble/opt/rviz_ogre_vendor/lib:/opt/ros/humble/lib/x86_64-linux-gnu:/opt/ros/humble/lib /usr/bin/cmake --install /home/fidelis/ws_offboard_control/build/px4_ros_com
[4.853s] -- Install configuration: ""
[4.853s] -- Installing: /home/fidelis/ws_offboard_control/install/px4_ros_com/lib/px4_ros_com/sensor_combined_listener
[4.858s] -- Set runtime path of "/home/fidelis/ws_offboard_control/install/px4_ros_com/lib/px4_ros_com/sensor_combined_listener" to ""
[4.858s] -- Installing: /home/fidelis/ws_offboard_control/install/px4_ros_com/lib/px4_ros_com/vehicle_gps_position_listener
[4.863s] -- Set runtime path of "/home/fidelis/ws_offboard_control/install/px4_ros_com/lib/px4_ros_com/vehicle_gps_position_listener" to ""
[4.863s] -- Installing: /home/fidelis/ws_offboard_control/install/px4_ros_com/lib/px4_ros_com/debug_vect_advertiser
[4.865s] -- Set runtime path of "/home/fidelis/ws_offboard_control/install/px4_ros_com/lib/px4_ros_com/debug_vect_advertiser" to ""
[4.866s] -- Installing: /home/fidelis/ws_offboard_control/install/px4_ros_com/lib/px4_ros_com/offboard_control
[4.868s] -- Set runtime path of "/home/fidelis/ws_offboard_control/install/px4_ros_com/lib/px4_ros_com/offboard_control" to ""
[4.868s] -- Installing: /home/fidelis/ws_offboard_control/install/px4_ros_com/lib/px4_ros_com/offboard_control_srv
[4.871s] -- Set runtime path of "/home/fidelis/ws_offboard_control/install/px4_ros_com/lib/px4_ros_com/offboard_control_srv" to ""
[4.871s] -- Up-to-date: /home/fidelis/ws_offboard_control/install/px4_ros_com/share/px4_ros_com/environment/library_path.sh
[4.871s] -- Up-to-date: /home/fidelis/ws_offboard_control/install/px4_ros_com/share/px4_ros_com/environment/library_path.dsv
[4.871s] -- Up-to-date: /home/fidelis/ws_offboard_control/install/px4_ros_com/include/px4_ros_com
[4.871s] -- Up-to-date: /home/fidelis/ws_offboard_control/install/px4_ros_com/include/px4_ros_com/frame_transforms.h
[4.871s] -- Installing: /home/fidelis/ws_offboard_control/install/px4_ros_com/lib/libframe_transforms.so
[4.877s] -- Set runtime path of "/home/fidelis/ws_offboard_control/install/px4_ros_com/lib/libframe_transforms.so" to ""
[4.878s] -- Up-to-date: /home/fidelis/ws_offboard_control/install/px4_ros_com/share/px4_ros_com//launch
[4.878s] -- Up-to-date: /home/fidelis/ws_offboard_control/install/px4_ros_com/share/px4_ros_com//launch/offboard_control_launch.yaml
[4.878s] -- Up-to-date: /home/fidelis/ws_offboard_control/install/px4_ros_com/share/px4_ros_com//launch/sensor_combined_listener.launch.py
[4.878s] -- Up-to-date: /home/fidelis/ws_offboard_control/install/px4_ros_com/share/px4_ros_com//test
[4.878s] -- Up-to-date: /home/fidelis/ws_offboard_control/install/px4_ros_com/share/px4_ros_com//test/test_output.py
[4.878s] -- Up-to-date: /home/fidelis/ws_offboard_control/install/px4_ros_com/share/px4_ros_com//test/pipeline_io_test.py
[4.878s] -- Up-to-date: /home/fidelis/ws_offboard_control/install/px4_ros_com/share/px4_ros_com//test/test_input.py
[4.878s] -- Up-to-date: /home/fidelis/ws_offboard_control/install/px4_ros_com/share/px4_ros_com//test/__init__.py
[4.878s] -- Up-to-date: /home/fidelis/ws_offboard_control/install/px4_ros_com/share/px4_ros_com/environment/pythonpath.sh
[4.878s] -- Up-to-date: /home/fidelis/ws_offboard_control/install/px4_ros_com/share/px4_ros_com/environment/pythonpath.dsv
[4.878s] -- Up-to-date: /home/fidelis/ws_offboard_control/install/px4_ros_com/local/lib/python3.10/dist-packages/px4_ros_com-0.1.0-py3.10.egg-info
[4.878s] -- Installing: /home/fidelis/ws_offboard_control/install/px4_ros_com/local/lib/python3.10/dist-packages/px4_ros_com-0.1.0-py3.10.egg-info/PKG-INFO
[4.878s] -- Installing: /home/fidelis/ws_offboard_control/install/px4_ros_com/local/lib/python3.10/dist-packages/px4_ros_com-0.1.0-py3.10.egg-info/dependency_links.txt
[4.878s] -- Installing: /home/fidelis/ws_offboard_control/install/px4_ros_com/local/lib/python3.10/dist-packages/px4_ros_com-0.1.0-py3.10.egg-info/top_level.txt
[4.878s] -- Installing: /home/fidelis/ws_offboard_control/install/px4_ros_com/local/lib/python3.10/dist-packages/px4_ros_com-0.1.0-py3.10.egg-info/SOURCES.txt
[4.879s] -- Up-to-date: /home/fidelis/ws_offboard_control/install/px4_ros_com/local/lib/python3.10/dist-packages/px4_ros_com
[4.879s] -- Up-to-date: /home/fidelis/ws_offboard_control/install/px4_ros_com/local/lib/python3.10/dist-packages/px4_ros_com/module_to_import.py
[4.879s] -- Up-to-date: /home/fidelis/ws_offboard_control/install/px4_ros_com/local/lib/python3.10/dist-packages/px4_ros_com/__init__.py
[4.905s] Listing '/home/fidelis/ws_offboard_control/install/px4_ros_com/local/lib/python3.10/dist-packages/px4_ros_com'...
[4.909s] -- Installing: /home/fidelis/ws_offboard_control/install/px4_ros_com/lib/px4_ros_com/offboard_control.py
[4.910s] -- Up-to-date: /home/fidelis/ws_offboard_control/install/px4_ros_com/share/ament_index/resource_index/package_run_dependencies/px4_ros_com
[4.910s] -- Up-to-date: /home/fidelis/ws_offboard_control/install/px4_ros_com/share/ament_index/resource_index/parent_prefix_path/px4_ros_com
[4.910s] -- Up-to-date: /home/fidelis/ws_offboard_control/install/px4_ros_com/share/px4_ros_com/environment/ament_prefix_path.sh
[4.910s] -- Up-to-date: /home/fidelis/ws_offboard_control/install/px4_ros_com/share/px4_ros_com/environment/ament_prefix_path.dsv
[4.910s] -- Up-to-date: /home/fidelis/ws_offboard_control/install/px4_ros_com/share/px4_ros_com/environment/path.sh
[4.910s] -- Up-to-date: /home/fidelis/ws_offboard_control/install/px4_ros_com/share/px4_ros_com/environment/path.dsv
[4.910s] -- Up-to-date: /home/fidelis/ws_offboard_control/install/px4_ros_com/share/px4_ros_com/local_setup.bash
[4.910s] -- Up-to-date: /home/fidelis/ws_offboard_control/install/px4_ros_com/share/px4_ros_com/local_setup.sh
[4.910s] -- Up-to-date: /home/fidelis/ws_offboard_control/install/px4_ros_com/share/px4_ros_com/local_setup.zsh
[4.910s] -- Up-to-date: /home/fidelis/ws_offboard_control/install/px4_ros_com/share/px4_ros_com/local_setup.dsv
[4.910s] -- Installing: /home/fidelis/ws_offboard_control/install/px4_ros_com/share/px4_ros_com/package.dsv
[4.910s] -- Up-to-date: /home/fidelis/ws_offboard_control/install/px4_ros_com/share/ament_index/resource_index/packages/px4_ros_com
[4.911s] -- Up-to-date: /home/fidelis/ws_offboard_control/install/px4_ros_com/share/px4_ros_com/cmake/export_frame_transformsExport.cmake
[4.911s] -- Up-to-date: /home/fidelis/ws_offboard_control/install/px4_ros_com/share/px4_ros_com/cmake/export_frame_transformsExport-noconfig.cmake
[4.911s] -- Up-to-date: /home/fidelis/ws_offboard_control/install/px4_ros_com/share/px4_ros_com/cmake/ament_cmake_export_dependencies-extras.cmake
[4.911s] -- Up-to-date: /home/fidelis/ws_offboard_control/install/px4_ros_com/share/px4_ros_com/cmake/ament_cmake_export_targets-extras.cmake
[4.911s] -- Up-to-date: /home/fidelis/ws_offboard_control/install/px4_ros_com/share/px4_ros_com/cmake/ament_cmake_export_include_directories-extras.cmake
[4.911s] -- Up-to-date: /home/fidelis/ws_offboard_control/install/px4_ros_com/share/px4_ros_com/cmake/ament_cmake_export_libraries-extras.cmake
[4.911s] -- Up-to-date: /home/fidelis/ws_offboard_control/install/px4_ros_com/share/px4_ros_com/cmake/px4_ros_comConfig.cmake
[4.911s] -- Up-to-date: /home/fidelis/ws_offboard_control/install/px4_ros_com/share/px4_ros_com/cmake/px4_ros_comConfig-version.cmake
[4.911s] -- Up-to-date: /home/fidelis/ws_offboard_control/install/px4_ros_com/share/px4_ros_com/package.xml
[4.913s] Invoked command in '/home/fidelis/ws_offboard_control/build/px4_ros_com' returned '0': CMAKE_PREFIX_PATH=/home/fidelis/ws_offboard_control/install/px4_msgs:/home/fidelis/ws_offboard_control/install/px4_ros_com:/opt/ros/humble LD_LIBRARY_PATH=/home/fidelis/ws_offboard_control/install/px4_msgs/lib:/home/fidelis/ws_offboard_control/install/px4_ros_com/lib:/opt/ros/humble/opt/rviz_ogre_vendor/lib:/opt/ros/humble/lib/x86_64-linux-gnu:/opt/ros/humble/lib /usr/bin/cmake --install /home/fidelis/ws_offboard_control/build/px4_ros_com
