[0.008s] Invoking command in '/home/fidelis/ws_offboard_control/build/px4_ros_com': CMAKE_PREFIX_PATH=/home/fidelis/ws_offboard_control/install/px4_msgs:/home/fidelis/ws_offboard_control/install/px4_ros_com:/opt/ros/humble LD_LIBRARY_PATH=/home/fidelis/ws_offboard_control/install/px4_msgs/lib:/home/fidelis/ws_offboard_control/install/px4_ros_com/lib:/opt/ros/humble/opt/rviz_ogre_vendor/lib:/opt/ros/humble/lib/x86_64-linux-gnu:/opt/ros/humble/lib /usr/bin/cmake --build /home/fidelis/ws_offboard_control/build/px4_ros_com -- -j16 -l16
[0.048s] [35m[1mConsolidate compiler generated dependencies of target offboard_control[0m
[0.059s] [ 50%] Built target frame_transforms
[0.059s] [ 50%] Built target sensor_combined_listener
[0.059s] [ 50%] Built target debug_vect_advertiser
[0.059s] [ 66%] Built target vehicle_gps_position_listener
[0.060s] [ 83%] Built target offboard_control_srv
[0.063s] [ 83%] Built target ament_cmake_python_copy_px4_ros_com
[0.064s] [100%] Built target offboard_control
[0.193s] running egg_info
[0.202s] writing px4_ros_com.egg-info/PKG-INFO
[0.202s] writing dependency_links to px4_ros_com.egg-info/dependency_links.txt
[0.203s] writing top-level names to px4_ros_com.egg-info/top_level.txt
[0.230s] reading manifest file 'px4_ros_com.egg-info/SOURCES.txt'
[0.230s] writing manifest file 'px4_ros_com.egg-info/SOURCES.txt'
[0.259s] [100%] Built target ament_cmake_python_build_px4_ros_com_egg
[0.271s] Invoked command in '/home/fidelis/ws_offboard_control/build/px4_ros_com' returned '0': CMAKE_PREFIX_PATH=/home/fidelis/ws_offboard_control/install/px4_msgs:/home/fidelis/ws_offboard_control/install/px4_ros_com:/opt/ros/humble LD_LIBRARY_PATH=/home/fidelis/ws_offboard_control/install/px4_msgs/lib:/home/fidelis/ws_offboard_control/install/px4_ros_com/lib:/opt/ros/humble/opt/rviz_ogre_vendor/lib:/opt/ros/humble/lib/x86_64-linux-gnu:/opt/ros/humble/lib /usr/bin/cmake --build /home/fidelis/ws_offboard_control/build/px4_ros_com -- -j16 -l16
[0.313s] Invoking command in '/home/fidelis/ws_offboard_control/build/px4_ros_com': CMAKE_PREFIX_PATH=/home/fidelis/ws_offboard_control/install/px4_msgs:/home/fidelis/ws_offboard_control/install/px4_ros_com:/opt/ros/humble LD_LIBRARY_PATH=/home/fidelis/ws_offboard_control/install/px4_msgs/lib:/home/fidelis/ws_offboard_control/install/px4_ros_com/lib:/opt/ros/humble/opt/rviz_ogre_vendor/lib:/opt/ros/humble/lib/x86_64-linux-gnu:/opt/ros/humble/lib /usr/bin/cmake --install /home/fidelis/ws_offboard_control/build/px4_ros_com
[0.319s] -- Install configuration: ""
[0.319s] -- Up-to-date: /home/fidelis/ws_offboard_control/install/px4_ros_com/lib/px4_ros_com/sensor_combined_listener
[0.320s] -- Up-to-date: /home/fidelis/ws_offboard_control/install/px4_ros_com/lib/px4_ros_com/vehicle_gps_position_listener
[0.320s] -- Up-to-date: /home/fidelis/ws_offboard_control/install/px4_ros_com/lib/px4_ros_com/debug_vect_advertiser
[0.320s] -- Up-to-date: /home/fidelis/ws_offboard_control/install/px4_ros_com/lib/px4_ros_com/offboard_control
[0.320s] -- Up-to-date: /home/fidelis/ws_offboard_control/install/px4_ros_com/lib/px4_ros_com/offboard_control_srv
[0.320s] -- Up-to-date: /home/fidelis/ws_offboard_control/install/px4_ros_com/share/px4_ros_com/environment/library_path.sh
[0.320s] -- Up-to-date: /home/fidelis/ws_offboard_control/install/px4_ros_com/share/px4_ros_com/environment/library_path.dsv
[0.320s] -- Up-to-date: /home/fidelis/ws_offboard_control/install/px4_ros_com/include/px4_ros_com
[0.321s] -- Up-to-date: /home/fidelis/ws_offboard_control/install/px4_ros_com/include/px4_ros_com/frame_transforms.h
[0.321s] -- Up-to-date: /home/fidelis/ws_offboard_control/install/px4_ros_com/lib/libframe_transforms.so
[0.321s] -- Up-to-date: /home/fidelis/ws_offboard_control/install/px4_ros_com/share/px4_ros_com//launch
[0.321s] -- Up-to-date: /home/fidelis/ws_offboard_control/install/px4_ros_com/share/px4_ros_com//launch/offboard_control_launch.yaml
[0.321s] -- Up-to-date: /home/fidelis/ws_offboard_control/install/px4_ros_com/share/px4_ros_com//launch/sensor_combined_listener.launch.py
[0.321s] -- Up-to-date: /home/fidelis/ws_offboard_control/install/px4_ros_com/share/px4_ros_com//test
[0.321s] -- Up-to-date: /home/fidelis/ws_offboard_control/install/px4_ros_com/share/px4_ros_com//test/test_output.py
[0.321s] -- Up-to-date: /home/fidelis/ws_offboard_control/install/px4_ros_com/share/px4_ros_com//test/pipeline_io_test.py
[0.321s] -- Up-to-date: /home/fidelis/ws_offboard_control/install/px4_ros_com/share/px4_ros_com//test/test_input.py
[0.321s] -- Up-to-date: /home/fidelis/ws_offboard_control/install/px4_ros_com/share/px4_ros_com//test/__init__.py
[0.321s] -- Up-to-date: /home/fidelis/ws_offboard_control/install/px4_ros_com/share/px4_ros_com/environment/pythonpath.sh
[0.321s] -- Up-to-date: /home/fidelis/ws_offboard_control/install/px4_ros_com/share/px4_ros_com/environment/pythonpath.dsv
[0.321s] -- Up-to-date: /home/fidelis/ws_offboard_control/install/px4_ros_com/local/lib/python3.10/dist-packages/px4_ros_com-0.1.0-py3.10.egg-info
[0.321s] -- Installing: /home/fidelis/ws_offboard_control/install/px4_ros_com/local/lib/python3.10/dist-packages/px4_ros_com-0.1.0-py3.10.egg-info/PKG-INFO
[0.321s] -- Installing: /home/fidelis/ws_offboard_control/install/px4_ros_com/local/lib/python3.10/dist-packages/px4_ros_com-0.1.0-py3.10.egg-info/dependency_links.txt
[0.321s] -- Installing: /home/fidelis/ws_offboard_control/install/px4_ros_com/local/lib/python3.10/dist-packages/px4_ros_com-0.1.0-py3.10.egg-info/top_level.txt
[0.321s] -- Installing: /home/fidelis/ws_offboard_control/install/px4_ros_com/local/lib/python3.10/dist-packages/px4_ros_com-0.1.0-py3.10.egg-info/SOURCES.txt
[0.321s] -- Up-to-date: /home/fidelis/ws_offboard_control/install/px4_ros_com/local/lib/python3.10/dist-packages/px4_ros_com
[0.321s] -- Up-to-date: /home/fidelis/ws_offboard_control/install/px4_ros_com/local/lib/python3.10/dist-packages/px4_ros_com/module_to_import.py
[0.322s] -- Up-to-date: /home/fidelis/ws_offboard_control/install/px4_ros_com/local/lib/python3.10/dist-packages/px4_ros_com/__init__.py
[0.345s] Listing '/home/fidelis/ws_offboard_control/install/px4_ros_com/local/lib/python3.10/dist-packages/px4_ros_com'...
[0.348s] -- Up-to-date: /home/fidelis/ws_offboard_control/install/px4_ros_com/lib/px4_ros_com/offboard_control.py
[0.348s] -- Up-to-date: /home/fidelis/ws_offboard_control/install/px4_ros_com/share/ament_index/resource_index/package_run_dependencies/px4_ros_com
[0.348s] -- Up-to-date: /home/fidelis/ws_offboard_control/install/px4_ros_com/share/ament_index/resource_index/parent_prefix_path/px4_ros_com
[0.348s] -- Up-to-date: /home/fidelis/ws_offboard_control/install/px4_ros_com/share/px4_ros_com/environment/ament_prefix_path.sh
[0.348s] -- Up-to-date: /home/fidelis/ws_offboard_control/install/px4_ros_com/share/px4_ros_com/environment/ament_prefix_path.dsv
[0.348s] -- Up-to-date: /home/fidelis/ws_offboard_control/install/px4_ros_com/share/px4_ros_com/environment/path.sh
[0.349s] -- Up-to-date: /home/fidelis/ws_offboard_control/install/px4_ros_com/share/px4_ros_com/environment/path.dsv
[0.349s] -- Up-to-date: /home/fidelis/ws_offboard_control/install/px4_ros_com/share/px4_ros_com/local_setup.bash
[0.349s] -- Up-to-date: /home/fidelis/ws_offboard_control/install/px4_ros_com/share/px4_ros_com/local_setup.sh
[0.349s] -- Up-to-date: /home/fidelis/ws_offboard_control/install/px4_ros_com/share/px4_ros_com/local_setup.zsh
[0.349s] -- Up-to-date: /home/fidelis/ws_offboard_control/install/px4_ros_com/share/px4_ros_com/local_setup.dsv
[0.349s] -- Installing: /home/fidelis/ws_offboard_control/install/px4_ros_com/share/px4_ros_com/package.dsv
[0.349s] -- Up-to-date: /home/fidelis/ws_offboard_control/install/px4_ros_com/share/ament_index/resource_index/packages/px4_ros_com
[0.349s] -- Up-to-date: /home/fidelis/ws_offboard_control/install/px4_ros_com/share/px4_ros_com/cmake/export_frame_transformsExport.cmake
[0.349s] -- Up-to-date: /home/fidelis/ws_offboard_control/install/px4_ros_com/share/px4_ros_com/cmake/export_frame_transformsExport-noconfig.cmake
[0.349s] -- Up-to-date: /home/fidelis/ws_offboard_control/install/px4_ros_com/share/px4_ros_com/cmake/ament_cmake_export_dependencies-extras.cmake
[0.349s] -- Up-to-date: /home/fidelis/ws_offboard_control/install/px4_ros_com/share/px4_ros_com/cmake/ament_cmake_export_targets-extras.cmake
[0.349s] -- Up-to-date: /home/fidelis/ws_offboard_control/install/px4_ros_com/share/px4_ros_com/cmake/ament_cmake_export_include_directories-extras.cmake
[0.349s] -- Up-to-date: /home/fidelis/ws_offboard_control/install/px4_ros_com/share/px4_ros_com/cmake/ament_cmake_export_libraries-extras.cmake
[0.349s] -- Up-to-date: /home/fidelis/ws_offboard_control/install/px4_ros_com/share/px4_ros_com/cmake/px4_ros_comConfig.cmake
[0.349s] -- Up-to-date: /home/fidelis/ws_offboard_control/install/px4_ros_com/share/px4_ros_com/cmake/px4_ros_comConfig-version.cmake
[0.349s] -- Up-to-date: /home/fidelis/ws_offboard_control/install/px4_ros_com/share/px4_ros_com/package.xml
[0.351s] Invoked command in '/home/fidelis/ws_offboard_control/build/px4_ros_com' returned '0': CMAKE_PREFIX_PATH=/home/fidelis/ws_offboard_control/install/px4_msgs:/home/fidelis/ws_offboard_control/install/px4_ros_com:/opt/ros/humble LD_LIBRARY_PATH=/home/fidelis/ws_offboard_control/install/px4_msgs/lib:/home/fidelis/ws_offboard_control/install/px4_ros_com/lib:/opt/ros/humble/opt/rviz_ogre_vendor/lib:/opt/ros/humble/lib/x86_64-linux-gnu:/opt/ros/humble/lib /usr/bin/cmake --install /home/fidelis/ws_offboard_control/build/px4_ros_com
