[0.012s] Invoking command in '/home/fidelis/NGCP-2024-/ws_ros2/build/px4_ros_com': AMENT_PREFIX_PATH=/home/fidelis/NGCP-2024-/ws_ros2/install/px4_msgs:${AMENT_PREFIX_PATH} CMAKE_PREFIX_PATH=/home/fidelis/NGCP-2024-/ws_ros2/install/px4_msgs:/opt/ros/humble LD_LIBRARY_PATH=/home/fidelis/NGCP-2024-/ws_ros2/install/px4_msgs/lib:${LD_LIBRARY_PATH} PYTHONPATH=/home/fidelis/NGCP-2024-/ws_ros2/install/px4_msgs/local/lib/python3.10/dist-packages:${PYTHONPATH} /usr/bin/cmake --build /home/fidelis/NGCP-2024-/ws_ros2/build/px4_ros_com -- -j16 -l16
[0.061s] [35m[1mConsolidate compiler generated dependencies of target offboard_control[0m
[0.075s] [ 83%] Built target sensor_combined_listener
[0.075s] [ 83%] Built target offboard_control_srv
[0.075s] [ 83%] Built target debug_vect_advertiser
[0.075s] [ 83%] Built target frame_transforms
[0.075s] [ 83%] Built target vehicle_gps_position_listener
[0.082s] [ 91%] Built target ament_cmake_python_symlink_px4_ros_com
[0.082s] [ 91%] [32mBuilding CXX object CMakeFiles/offboard_control.dir/src/examples/offboard/offboard_control.cpp.o[0m
[0.251s] running egg_info
[0.263s] writing px4_ros_com.egg-info/PKG-INFO
[0.263s] writing dependency_links to px4_ros_com.egg-info/dependency_links.txt
[0.264s] writing top-level names to px4_ros_com.egg-info/top_level.txt
[0.299s] reading manifest file 'px4_ros_com.egg-info/SOURCES.txt'
[0.300s] writing manifest file 'px4_ros_com.egg-info/SOURCES.txt'
[0.342s] [ 91%] Built target ament_cmake_python_build_px4_ros_com_egg
[11.665s] [01m[K/home/fidelis/NGCP-2024-/ws_ros2/src/px4_ros_com/src/examples/offboard/offboard_control.cpp:[m[K In member function ‘[01m[Kvoid OffboardPlane::run()[m[K’:
[11.665s] [01m[K/home/fidelis/NGCP-2024-/ws_ros2/src/px4_ros_com/src/examples/offboard/offboard_control.cpp:80:49:[m[K [01;35m[Kwarning: [m[Kconversion from ‘[01m[Kunsigned int[m[K’ to ‘[01m[Kuint16_t[m[K’ {aka ‘[01m[Kshort unsigned int[m[K’} changes value from ‘[01m[K100000[m[K’ to ‘[01m[K34464[m[K’ [[01;35m[K-Woverflow[m[K]
[11.665s]    80 |   this->publish_vehicle_command([01;35m[KVehicleCommand::VEHICLE_CMD_SET_GPS_GLOBAL_ORIGIN[m[K, 0.0, 0.0);
[11.665s]       |                                 [01;35m[K~~~~~~~~~~~~~~~~^~~~~~~~~~~~~~~~~~~~~~~~~~~~~~~~~[m[K
[11.679s] [100%] [32m[1mLinking CXX executable offboard_control[0m
[12.232s] [100%] Built target offboard_control
[12.246s] Invoked command in '/home/fidelis/NGCP-2024-/ws_ros2/build/px4_ros_com' returned '0': AMENT_PREFIX_PATH=/home/fidelis/NGCP-2024-/ws_ros2/install/px4_msgs:${AMENT_PREFIX_PATH} CMAKE_PREFIX_PATH=/home/fidelis/NGCP-2024-/ws_ros2/install/px4_msgs:/opt/ros/humble LD_LIBRARY_PATH=/home/fidelis/NGCP-2024-/ws_ros2/install/px4_msgs/lib:${LD_LIBRARY_PATH} PYTHONPATH=/home/fidelis/NGCP-2024-/ws_ros2/install/px4_msgs/local/lib/python3.10/dist-packages:${PYTHONPATH} /usr/bin/cmake --build /home/fidelis/NGCP-2024-/ws_ros2/build/px4_ros_com -- -j16 -l16
[12.288s] Invoking command in '/home/fidelis/NGCP-2024-/ws_ros2/build/px4_ros_com': AMENT_PREFIX_PATH=/home/fidelis/NGCP-2024-/ws_ros2/install/px4_msgs:${AMENT_PREFIX_PATH} CMAKE_PREFIX_PATH=/home/fidelis/NGCP-2024-/ws_ros2/install/px4_msgs:/opt/ros/humble LD_LIBRARY_PATH=/home/fidelis/NGCP-2024-/ws_ros2/install/px4_msgs/lib:${LD_LIBRARY_PATH} PYTHONPATH=/home/fidelis/NGCP-2024-/ws_ros2/install/px4_msgs/local/lib/python3.10/dist-packages:${PYTHONPATH} /usr/bin/cmake --install /home/fidelis/NGCP-2024-/ws_ros2/build/px4_ros_com
[12.297s] -- Install configuration: ""
[12.297s] -- Execute custom install script
[12.297s] -- Up-to-date symlink: /home/fidelis/NGCP-2024-/ws_ros2/install/px4_ros_com/lib/px4_ros_com/sensor_combined_listener
[12.297s] -- Up-to-date symlink: /home/fidelis/NGCP-2024-/ws_ros2/install/px4_ros_com/lib/px4_ros_com/vehicle_gps_position_listener
[12.297s] -- Up-to-date symlink: /home/fidelis/NGCP-2024-/ws_ros2/install/px4_ros_com/lib/px4_ros_com/debug_vect_advertiser
[12.298s] -- Up-to-date symlink: /home/fidelis/NGCP-2024-/ws_ros2/install/px4_ros_com/lib/px4_ros_com/offboard_control
[12.298s] -- Up-to-date symlink: /home/fidelis/NGCP-2024-/ws_ros2/install/px4_ros_com/lib/px4_ros_com/offboard_control_srv
[12.298s] -- Up-to-date symlink: /home/fidelis/NGCP-2024-/ws_ros2/install/px4_ros_com/share/px4_ros_com/environment/library_path.sh
[12.298s] -- Up-to-date symlink: /home/fidelis/NGCP-2024-/ws_ros2/install/px4_ros_com/share/px4_ros_com/environment/library_path.dsv
[12.298s] -- Up-to-date symlink: /home/fidelis/NGCP-2024-/ws_ros2/install/px4_ros_com/include/px4_ros_com/frame_transforms.h
[12.299s] -- Up-to-date symlink: /home/fidelis/NGCP-2024-/ws_ros2/install/px4_ros_com/share/px4_ros_com//launch/offboard_control_launch.yaml
[12.299s] -- Up-to-date symlink: /home/fidelis/NGCP-2024-/ws_ros2/install/px4_ros_com/share/px4_ros_com//launch/sensor_combined_listener.launch.py
[12.299s] -- Up-to-date symlink: /home/fidelis/NGCP-2024-/ws_ros2/install/px4_ros_com/share/px4_ros_com//test/__init__.py
[12.299s] -- Up-to-date symlink: /home/fidelis/NGCP-2024-/ws_ros2/install/px4_ros_com/share/px4_ros_com//test/pipeline_io_test.py
[12.299s] -- Up-to-date symlink: /home/fidelis/NGCP-2024-/ws_ros2/install/px4_ros_com/share/px4_ros_com//test/test_input.py
[12.299s] -- Up-to-date symlink: /home/fidelis/NGCP-2024-/ws_ros2/install/px4_ros_com/share/px4_ros_com//test/test_output.py
[12.299s] -- Up-to-date symlink: /home/fidelis/NGCP-2024-/ws_ros2/install/px4_ros_com/share/px4_ros_com/environment/pythonpath.sh
[12.299s] -- Up-to-date symlink: /home/fidelis/NGCP-2024-/ws_ros2/install/px4_ros_com/share/px4_ros_com/environment/pythonpath.dsv
[12.300s] -- Up-to-date symlink: /home/fidelis/NGCP-2024-/ws_ros2/install/px4_ros_com/local/lib/python3.10/dist-packages/px4_ros_com-0.1.0-py3.10.egg-info/PKG-INFO
[12.300s] -- Up-to-date symlink: /home/fidelis/NGCP-2024-/ws_ros2/install/px4_ros_com/local/lib/python3.10/dist-packages/px4_ros_com-0.1.0-py3.10.egg-info/SOURCES.txt
[12.300s] -- Up-to-date symlink: /home/fidelis/NGCP-2024-/ws_ros2/install/px4_ros_com/local/lib/python3.10/dist-packages/px4_ros_com-0.1.0-py3.10.egg-info/dependency_links.txt
[12.300s] -- Up-to-date symlink: /home/fidelis/NGCP-2024-/ws_ros2/install/px4_ros_com/local/lib/python3.10/dist-packages/px4_ros_com-0.1.0-py3.10.egg-info/top_level.txt
[12.300s] -- Up-to-date symlink: /home/fidelis/NGCP-2024-/ws_ros2/install/px4_ros_com/local/lib/python3.10/dist-packages/px4_ros_com/__init__.py
[12.300s] -- Up-to-date symlink: /home/fidelis/NGCP-2024-/ws_ros2/install/px4_ros_com/local/lib/python3.10/dist-packages/px4_ros_com/module_to_import.py
[12.300s] -- Up-to-date symlink: /home/fidelis/NGCP-2024-/ws_ros2/install/px4_ros_com/lib/px4_ros_com/offboard_control.py
[12.301s] -- Up-to-date symlink: /home/fidelis/NGCP-2024-/ws_ros2/install/px4_ros_com/share/ament_index/resource_index/package_run_dependencies/px4_ros_com
[12.301s] -- Up-to-date symlink: /home/fidelis/NGCP-2024-/ws_ros2/install/px4_ros_com/share/ament_index/resource_index/parent_prefix_path/px4_ros_com
[12.301s] -- Up-to-date symlink: /home/fidelis/NGCP-2024-/ws_ros2/install/px4_ros_com/share/px4_ros_com/environment/ament_prefix_path.sh
[12.301s] -- Up-to-date symlink: /home/fidelis/NGCP-2024-/ws_ros2/install/px4_ros_com/share/px4_ros_com/environment/ament_prefix_path.dsv
[12.301s] -- Up-to-date symlink: /home/fidelis/NGCP-2024-/ws_ros2/install/px4_ros_com/share/px4_ros_com/environment/path.sh
[12.301s] -- Up-to-date symlink: /home/fidelis/NGCP-2024-/ws_ros2/install/px4_ros_com/share/px4_ros_com/environment/path.dsv
[12.301s] -- Up-to-date symlink: /home/fidelis/NGCP-2024-/ws_ros2/install/px4_ros_com/share/px4_ros_com/local_setup.bash
[12.301s] -- Up-to-date symlink: /home/fidelis/NGCP-2024-/ws_ros2/install/px4_ros_com/share/px4_ros_com/local_setup.sh
[12.301s] -- Up-to-date symlink: /home/fidelis/NGCP-2024-/ws_ros2/install/px4_ros_com/share/px4_ros_com/local_setup.zsh
[12.302s] -- Up-to-date symlink: /home/fidelis/NGCP-2024-/ws_ros2/install/px4_ros_com/share/px4_ros_com/local_setup.dsv
[12.302s] -- Symlinking: /home/fidelis/NGCP-2024-/ws_ros2/install/px4_ros_com/share/px4_ros_com/package.dsv
[12.312s] -- Up-to-date symlink: /home/fidelis/NGCP-2024-/ws_ros2/install/px4_ros_com/share/ament_index/resource_index/packages/px4_ros_com
[12.312s] -- Up-to-date symlink: /home/fidelis/NGCP-2024-/ws_ros2/install/px4_ros_com/share/px4_ros_com/cmake/ament_cmake_export_dependencies-extras.cmake
[12.312s] -- Up-to-date symlink: /home/fidelis/NGCP-2024-/ws_ros2/install/px4_ros_com/share/px4_ros_com/cmake/ament_cmake_export_targets-extras.cmake
[12.312s] -- Up-to-date symlink: /home/fidelis/NGCP-2024-/ws_ros2/install/px4_ros_com/share/px4_ros_com/cmake/ament_cmake_export_include_directories-extras.cmake
[12.313s] -- Up-to-date symlink: /home/fidelis/NGCP-2024-/ws_ros2/install/px4_ros_com/share/px4_ros_com/cmake/ament_cmake_export_libraries-extras.cmake
[12.313s] -- Up-to-date symlink: /home/fidelis/NGCP-2024-/ws_ros2/install/px4_ros_com/share/px4_ros_com/cmake/px4_ros_comConfig.cmake
[12.313s] -- Up-to-date symlink: /home/fidelis/NGCP-2024-/ws_ros2/install/px4_ros_com/share/px4_ros_com/cmake/px4_ros_comConfig-version.cmake
[12.313s] -- Up-to-date symlink: /home/fidelis/NGCP-2024-/ws_ros2/install/px4_ros_com/share/px4_ros_com/package.xml
[12.313s] -- Up-to-date: /home/fidelis/NGCP-2024-/ws_ros2/install/px4_ros_com/lib/libframe_transforms.so
[12.339s] Listing '/home/fidelis/NGCP-2024-/ws_ros2/install/px4_ros_com/local/lib/python3.10/dist-packages/px4_ros_com'...
[12.344s] -- Up-to-date: /home/fidelis/NGCP-2024-/ws_ros2/install/px4_ros_com/share/px4_ros_com/cmake/export_frame_transformsExport.cmake
[12.344s] -- Up-to-date: /home/fidelis/NGCP-2024-/ws_ros2/install/px4_ros_com/share/px4_ros_com/cmake/export_frame_transformsExport-noconfig.cmake
[12.348s] Invoked command in '/home/fidelis/NGCP-2024-/ws_ros2/build/px4_ros_com' returned '0': AMENT_PREFIX_PATH=/home/fidelis/NGCP-2024-/ws_ros2/install/px4_msgs:${AMENT_PREFIX_PATH} CMAKE_PREFIX_PATH=/home/fidelis/NGCP-2024-/ws_ros2/install/px4_msgs:/opt/ros/humble LD_LIBRARY_PATH=/home/fidelis/NGCP-2024-/ws_ros2/install/px4_msgs/lib:${LD_LIBRARY_PATH} PYTHONPATH=/home/fidelis/NGCP-2024-/ws_ros2/install/px4_msgs/local/lib/python3.10/dist-packages:${PYTHONPATH} /usr/bin/cmake --install /home/fidelis/NGCP-2024-/ws_ros2/build/px4_ros_com
