[0.107s] DEBUG:colcon:Command line arguments: ['/usr/bin/colcon', 'build']
[0.107s] DEBUG:colcon:Parsed command line arguments: Namespace(log_base=None, log_level=None, verb_name='build', build_base='build', install_base='install', merge_install=False, symlink_install=False, test_result_base=None, continue_on_error=False, executor='parallel', parallel_workers=16, event_handlers=None, ignore_user_meta=False, metas=['./colcon.meta'], base_paths=['.'], packages_ignore=None, packages_ignore_regex=None, paths=None, packages_up_to=None, packages_up_to_regex=None, packages_above=None, packages_above_and_dependencies=None, packages_above_depth=None, packages_select_by_dep=None, packages_skip_by_dep=None, packages_skip_up_to=None, packages_select_build_failed=False, packages_skip_build_finished=False, packages_select_test_failures=False, packages_skip_test_passed=False, packages_select=None, packages_skip=None, packages_select_regex=None, packages_skip_regex=None, packages_start=None, packages_end=None, allow_overriding=[], cmake_args=None, cmake_target=None, cmake_target_skip_unavailable=False, cmake_clean_cache=False, cmake_clean_first=False, cmake_force_configure=False, ament_cmake_args=None, catkin_cmake_args=None, catkin_skip_building_tests=False, mixin_files=None, mixin=None, verb_parser=<colcon_mixin.mixin.mixin_argument.MixinArgumentDecorator object at 0x78f139a6ab30>, verb_extension=<colcon_core.verb.build.BuildVerb object at 0x78f139a69ed0>, main=<bound method BuildVerb.main of <colcon_core.verb.build.BuildVerb object at 0x78f139a69ed0>>, mixin_verb=('build',))
[0.155s] Level 1:colcon.colcon_core.package_discovery:discover_packages(colcon_meta) check parameters
[0.155s] Level 1:colcon.colcon_core.package_discovery:discover_packages(recursive) check parameters
[0.155s] Level 1:colcon.colcon_core.package_discovery:discover_packages(ignore) check parameters
[0.155s] Level 1:colcon.colcon_core.package_discovery:discover_packages(path) check parameters
[0.155s] Level 1:colcon.colcon_core.package_discovery:discover_packages(colcon_meta) discover
[0.155s] Level 1:colcon.colcon_core.package_discovery:discover_packages(recursive) discover
[0.155s] INFO:colcon.colcon_core.package_discovery:Crawling recursively for packages in '/home/fidelis/NGCP-2024-'
[0.155s] Level 1:colcon.colcon_core.package_identification:_identify(.) by extensions ['ignore', 'ignore_ament_install']
[0.156s] Level 1:colcon.colcon_core.package_identification:_identify(.) by extension 'ignore'
[0.156s] Level 1:colcon.colcon_core.package_identification:_identify(.) by extension 'ignore_ament_install'
[0.156s] Level 1:colcon.colcon_core.package_identification:_identify(.) by extensions ['colcon_pkg']
[0.156s] Level 1:colcon.colcon_core.package_identification:_identify(.) by extension 'colcon_pkg'
[0.156s] Level 1:colcon.colcon_core.package_identification:_identify(.) by extensions ['colcon_meta']
[0.156s] Level 1:colcon.colcon_core.package_identification:_identify(.) by extension 'colcon_meta'
[0.156s] Level 1:colcon.colcon_core.package_identification:_identify(.) by extensions ['ros']
[0.156s] Level 1:colcon.colcon_core.package_identification:_identify(.) by extension 'ros'
[0.169s] Level 1:colcon.colcon_core.package_identification:_identify(.) by extensions ['cmake', 'python']
[0.169s] Level 1:colcon.colcon_core.package_identification:_identify(.) by extension 'cmake'
[0.169s] Level 1:colcon.colcon_core.package_identification:_identify(.) by extension 'python'
[0.169s] Level 1:colcon.colcon_core.package_identification:_identify(.) by extensions ['python_setup_py']
[0.169s] Level 1:colcon.colcon_core.package_identification:_identify(.) by extension 'python_setup_py'
[0.169s] Level 1:colcon.colcon_core.package_identification:_identify(Micro-XRCE-DDS-Agent) by extensions ['ignore', 'ignore_ament_install']
[0.169s] Level 1:colcon.colcon_core.package_identification:_identify(Micro-XRCE-DDS-Agent) by extension 'ignore'
[0.169s] Level 1:colcon.colcon_core.package_identification:_identify(Micro-XRCE-DDS-Agent) by extension 'ignore_ament_install'
[0.169s] Level 1:colcon.colcon_core.package_identification:_identify(Micro-XRCE-DDS-Agent) by extensions ['colcon_pkg']
[0.169s] Level 1:colcon.colcon_core.package_identification:_identify(Micro-XRCE-DDS-Agent) by extension 'colcon_pkg'
[0.169s] Level 1:colcon.colcon_core.package_identification:_identify(Micro-XRCE-DDS-Agent) by extensions ['colcon_meta']
[0.169s] Level 1:colcon.colcon_core.package_identification:_identify(Micro-XRCE-DDS-Agent) by extension 'colcon_meta'
[0.169s] Level 1:colcon.colcon_core.package_identification:_identify(Micro-XRCE-DDS-Agent) by extensions ['ros']
[0.169s] Level 1:colcon.colcon_core.package_identification:_identify(Micro-XRCE-DDS-Agent) by extension 'ros'
[0.169s] Level 1:colcon.colcon_core.package_identification:_identify(Micro-XRCE-DDS-Agent) by extensions ['cmake', 'python']
[0.169s] Level 1:colcon.colcon_core.package_identification:_identify(Micro-XRCE-DDS-Agent) by extension 'cmake'
[0.169s] Level 1:colcon.colcon_core.package_identification:_identify(Micro-XRCE-DDS-Agent) by extension 'python'
[0.169s] Level 1:colcon.colcon_core.package_identification:_identify(Micro-XRCE-DDS-Agent) by extensions ['python_setup_py']
[0.169s] Level 1:colcon.colcon_core.package_identification:_identify(Micro-XRCE-DDS-Agent) by extension 'python_setup_py'
[0.169s] Level 1:colcon.colcon_core.package_identification:_identify(PX4-Autopilot) by extensions ['ignore', 'ignore_ament_install']
[0.170s] Level 1:colcon.colcon_core.package_identification:_identify(PX4-Autopilot) by extension 'ignore'
[0.170s] Level 1:colcon.colcon_core.package_identification:_identify(PX4-Autopilot) by extension 'ignore_ament_install'
[0.170s] Level 1:colcon.colcon_core.package_identification:_identify(PX4-Autopilot) by extensions ['colcon_pkg']
[0.170s] Level 1:colcon.colcon_core.package_identification:_identify(PX4-Autopilot) by extension 'colcon_pkg'
[0.170s] Level 1:colcon.colcon_core.package_identification:_identify(PX4-Autopilot) by extensions ['colcon_meta']
[0.170s] Level 1:colcon.colcon_core.package_identification:_identify(PX4-Autopilot) by extension 'colcon_meta'
[0.170s] Level 1:colcon.colcon_core.package_identification:_identify(PX4-Autopilot) by extensions ['ros']
[0.170s] Level 1:colcon.colcon_core.package_identification:_identify(PX4-Autopilot) by extension 'ros'
[0.170s] Level 1:colcon.colcon_core.package_identification:_identify(PX4-Autopilot) by extensions ['cmake', 'python']
[0.170s] Level 1:colcon.colcon_core.package_identification:_identify(PX4-Autopilot) by extension 'cmake'
[0.170s] Level 1:colcon.colcon_core.package_identification:_identify(PX4-Autopilot) by extension 'python'
[0.170s] Level 1:colcon.colcon_core.package_identification:_identify(PX4-Autopilot) by extensions ['python_setup_py']
[0.170s] Level 1:colcon.colcon_core.package_identification:_identify(PX4-Autopilot) by extension 'python_setup_py'
[0.170s] Level 1:colcon.colcon_core.package_identification:_identify(build) by extensions ['ignore', 'ignore_ament_install']
[0.170s] Level 1:colcon.colcon_core.package_identification:_identify(build) by extension 'ignore'
[0.170s] Level 1:colcon.colcon_core.package_identification:_identify(build) ignored
[0.170s] Level 1:colcon.colcon_core.package_identification:_identify(install) by extensions ['ignore', 'ignore_ament_install']
[0.170s] Level 1:colcon.colcon_core.package_identification:_identify(install) by extension 'ignore'
[0.170s] Level 1:colcon.colcon_core.package_identification:_identify(install) ignored
[0.170s] Level 1:colcon.colcon_core.package_identification:_identify(log) by extensions ['ignore', 'ignore_ament_install']
[0.170s] Level 1:colcon.colcon_core.package_identification:_identify(log) by extension 'ignore'
[0.170s] Level 1:colcon.colcon_core.package_identification:_identify(log) ignored
[0.170s] Level 1:colcon.colcon_core.package_identification:_identify(ws_ros2) by extensions ['ignore', 'ignore_ament_install']
[0.170s] Level 1:colcon.colcon_core.package_identification:_identify(ws_ros2) by extension 'ignore'
[0.171s] Level 1:colcon.colcon_core.package_identification:_identify(ws_ros2) by extension 'ignore_ament_install'
[0.171s] Level 1:colcon.colcon_core.package_identification:_identify(ws_ros2) by extensions ['colcon_pkg']
[0.171s] Level 1:colcon.colcon_core.package_identification:_identify(ws_ros2) by extension 'colcon_pkg'
[0.171s] Level 1:colcon.colcon_core.package_identification:_identify(ws_ros2) by extensions ['colcon_meta']
[0.171s] Level 1:colcon.colcon_core.package_identification:_identify(ws_ros2) by extension 'colcon_meta'
[0.171s] Level 1:colcon.colcon_core.package_identification:_identify(ws_ros2) by extensions ['ros']
[0.171s] Level 1:colcon.colcon_core.package_identification:_identify(ws_ros2) by extension 'ros'
[0.171s] Level 1:colcon.colcon_core.package_identification:_identify(ws_ros2) by extensions ['cmake', 'python']
[0.171s] Level 1:colcon.colcon_core.package_identification:_identify(ws_ros2) by extension 'cmake'
[0.171s] Level 1:colcon.colcon_core.package_identification:_identify(ws_ros2) by extension 'python'
[0.171s] Level 1:colcon.colcon_core.package_identification:_identify(ws_ros2) by extensions ['python_setup_py']
[0.171s] Level 1:colcon.colcon_core.package_identification:_identify(ws_ros2) by extension 'python_setup_py'
[0.171s] Level 1:colcon.colcon_core.package_identification:_identify(ws_ros2/build) by extensions ['ignore', 'ignore_ament_install']
[0.171s] Level 1:colcon.colcon_core.package_identification:_identify(ws_ros2/build) by extension 'ignore'
[0.171s] Level 1:colcon.colcon_core.package_identification:_identify(ws_ros2/build) ignored
[0.171s] Level 1:colcon.colcon_core.package_identification:_identify(ws_ros2/install) by extensions ['ignore', 'ignore_ament_install']
[0.171s] Level 1:colcon.colcon_core.package_identification:_identify(ws_ros2/install) by extension 'ignore'
[0.171s] Level 1:colcon.colcon_core.package_identification:_identify(ws_ros2/install) ignored
[0.171s] Level 1:colcon.colcon_core.package_identification:_identify(ws_ros2/log) by extensions ['ignore', 'ignore_ament_install']
[0.171s] Level 1:colcon.colcon_core.package_identification:_identify(ws_ros2/log) by extension 'ignore'
[0.171s] Level 1:colcon.colcon_core.package_identification:_identify(ws_ros2/log) ignored
[0.171s] Level 1:colcon.colcon_core.package_identification:_identify(ws_ros2/src) by extensions ['ignore', 'ignore_ament_install']
[0.172s] Level 1:colcon.colcon_core.package_identification:_identify(ws_ros2/src) by extension 'ignore'
[0.172s] Level 1:colcon.colcon_core.package_identification:_identify(ws_ros2/src) by extension 'ignore_ament_install'
[0.172s] Level 1:colcon.colcon_core.package_identification:_identify(ws_ros2/src) by extensions ['colcon_pkg']
[0.172s] Level 1:colcon.colcon_core.package_identification:_identify(ws_ros2/src) by extension 'colcon_pkg'
[0.172s] Level 1:colcon.colcon_core.package_identification:_identify(ws_ros2/src) by extensions ['colcon_meta']
[0.172s] Level 1:colcon.colcon_core.package_identification:_identify(ws_ros2/src) by extension 'colcon_meta'
[0.172s] Level 1:colcon.colcon_core.package_identification:_identify(ws_ros2/src) by extensions ['ros']
[0.172s] Level 1:colcon.colcon_core.package_identification:_identify(ws_ros2/src) by extension 'ros'
[0.172s] Level 1:colcon.colcon_core.package_identification:_identify(ws_ros2/src) by extensions ['cmake', 'python']
[0.172s] Level 1:colcon.colcon_core.package_identification:_identify(ws_ros2/src) by extension 'cmake'
[0.172s] Level 1:colcon.colcon_core.package_identification:_identify(ws_ros2/src) by extension 'python'
[0.172s] Level 1:colcon.colcon_core.package_identification:_identify(ws_ros2/src) by extensions ['python_setup_py']
[0.172s] Level 1:colcon.colcon_core.package_identification:_identify(ws_ros2/src) by extension 'python_setup_py'
[0.172s] Level 1:colcon.colcon_core.package_identification:_identify(ws_ros2/src/build) by extensions ['ignore', 'ignore_ament_install']
[0.172s] Level 1:colcon.colcon_core.package_identification:_identify(ws_ros2/src/build) by extension 'ignore'
[0.172s] Level 1:colcon.colcon_core.package_identification:_identify(ws_ros2/src/build) ignored
[0.172s] Level 1:colcon.colcon_core.package_identification:_identify(ws_ros2/src/install) by extensions ['ignore', 'ignore_ament_install']
[0.172s] Level 1:colcon.colcon_core.package_identification:_identify(ws_ros2/src/install) by extension 'ignore'
[0.172s] Level 1:colcon.colcon_core.package_identification:_identify(ws_ros2/src/install) ignored
[0.172s] Level 1:colcon.colcon_core.package_identification:_identify(ws_ros2/src/log) by extensions ['ignore', 'ignore_ament_install']
[0.172s] Level 1:colcon.colcon_core.package_identification:_identify(ws_ros2/src/log) by extension 'ignore'
[0.172s] Level 1:colcon.colcon_core.package_identification:_identify(ws_ros2/src/log) ignored
[0.172s] Level 1:colcon.colcon_core.package_identification:_identify(ws_ros2/src/px4_msgs) by extensions ['ignore', 'ignore_ament_install']
[0.172s] Level 1:colcon.colcon_core.package_identification:_identify(ws_ros2/src/px4_msgs) by extension 'ignore'
[0.173s] Level 1:colcon.colcon_core.package_identification:_identify(ws_ros2/src/px4_msgs) by extension 'ignore_ament_install'
[0.173s] Level 1:colcon.colcon_core.package_identification:_identify(ws_ros2/src/px4_msgs) by extensions ['colcon_pkg']
[0.173s] Level 1:colcon.colcon_core.package_identification:_identify(ws_ros2/src/px4_msgs) by extension 'colcon_pkg'
[0.173s] Level 1:colcon.colcon_core.package_identification:_identify(ws_ros2/src/px4_msgs) by extensions ['colcon_meta']
[0.173s] Level 1:colcon.colcon_core.package_identification:_identify(ws_ros2/src/px4_msgs) by extension 'colcon_meta'
[0.173s] Level 1:colcon.colcon_core.package_identification:_identify(ws_ros2/src/px4_msgs) by extensions ['ros']
[0.173s] Level 1:colcon.colcon_core.package_identification:_identify(ws_ros2/src/px4_msgs) by extension 'ros'
[0.175s] DEBUG:colcon.colcon_core.package_identification:Package 'ws_ros2/src/px4_msgs' with type 'ros.ament_cmake' and name 'px4_msgs'
[0.175s] Level 1:colcon.colcon_core.package_identification:_identify(ws_ros2/src/px4_ros_com) by extensions ['ignore', 'ignore_ament_install']
[0.175s] Level 1:colcon.colcon_core.package_identification:_identify(ws_ros2/src/px4_ros_com) by extension 'ignore'
[0.175s] Level 1:colcon.colcon_core.package_identification:_identify(ws_ros2/src/px4_ros_com) by extension 'ignore_ament_install'
[0.175s] Level 1:colcon.colcon_core.package_identification:_identify(ws_ros2/src/px4_ros_com) by extensions ['colcon_pkg']
[0.175s] Level 1:colcon.colcon_core.package_identification:_identify(ws_ros2/src/px4_ros_com) by extension 'colcon_pkg'
[0.175s] Level 1:colcon.colcon_core.package_identification:_identify(ws_ros2/src/px4_ros_com) by extensions ['colcon_meta']
[0.175s] Level 1:colcon.colcon_core.package_identification:_identify(ws_ros2/src/px4_ros_com) by extension 'colcon_meta'
[0.176s] Level 1:colcon.colcon_core.package_identification:_identify(ws_ros2/src/px4_ros_com) by extensions ['ros']
[0.176s] Level 1:colcon.colcon_core.package_identification:_identify(ws_ros2/src/px4_ros_com) by extension 'ros'
[0.177s] DEBUG:colcon.colcon_core.package_identification:Package 'ws_ros2/src/px4_ros_com' with type 'ros.ament_cmake' and name 'px4_ros_com'
[0.177s] Level 1:colcon.colcon_core.package_discovery:discover_packages(recursive) using defaults
[0.177s] Level 1:colcon.colcon_core.package_discovery:discover_packages(ignore) discover
[0.177s] Level 1:colcon.colcon_core.package_discovery:discover_packages(ignore) using defaults
[0.177s] Level 1:colcon.colcon_core.package_discovery:discover_packages(path) discover
[0.177s] Level 1:colcon.colcon_core.package_discovery:discover_packages(path) using defaults
[0.203s] Level 1:colcon.colcon_core.package_discovery:discover_packages(prefix_path) check parameters
[0.203s] Level 1:colcon.colcon_core.package_discovery:discover_packages(prefix_path) discover
[0.207s] DEBUG:colcon.colcon_installed_package_information.package_discovery:Found 270 installed packages in /opt/ros/humble
[0.208s] Level 1:colcon.colcon_core.package_discovery:discover_packages(prefix_path) using defaults
[0.240s] Level 5:colcon.colcon_core.verb:set package 'px4_msgs' build argument 'cmake_args' from command line to 'None'
[0.240s] Level 5:colcon.colcon_core.verb:set package 'px4_msgs' build argument 'cmake_target' from command line to 'None'
[0.240s] Level 5:colcon.colcon_core.verb:set package 'px4_msgs' build argument 'cmake_target_skip_unavailable' from command line to 'False'
[0.240s] Level 5:colcon.colcon_core.verb:set package 'px4_msgs' build argument 'cmake_clean_cache' from command line to 'False'
[0.240s] Level 5:colcon.colcon_core.verb:set package 'px4_msgs' build argument 'cmake_clean_first' from command line to 'False'
[0.240s] Level 5:colcon.colcon_core.verb:set package 'px4_msgs' build argument 'cmake_force_configure' from command line to 'False'
[0.240s] Level 5:colcon.colcon_core.verb:set package 'px4_msgs' build argument 'ament_cmake_args' from command line to 'None'
[0.240s] Level 5:colcon.colcon_core.verb:set package 'px4_msgs' build argument 'catkin_cmake_args' from command line to 'None'
[0.240s] Level 5:colcon.colcon_core.verb:set package 'px4_msgs' build argument 'catkin_skip_building_tests' from command line to 'False'
[0.240s] DEBUG:colcon.colcon_core.verb:Building package 'px4_msgs' with the following arguments: {'ament_cmake_args': None, 'build_base': '/home/fidelis/NGCP-2024-/build/px4_msgs', 'catkin_cmake_args': None, 'catkin_skip_building_tests': False, 'cmake_args': None, 'cmake_clean_cache': False, 'cmake_clean_first': False, 'cmake_force_configure': False, 'cmake_target': None, 'cmake_target_skip_unavailable': False, 'install_base': '/home/fidelis/NGCP-2024-/install/px4_msgs', 'merge_install': False, 'path': '/home/fidelis/NGCP-2024-/ws_ros2/src/px4_msgs', 'symlink_install': False, 'test_result_base': None}
[0.241s] Level 5:colcon.colcon_core.verb:set package 'px4_ros_com' build argument 'cmake_args' from command line to 'None'
[0.241s] Level 5:colcon.colcon_core.verb:set package 'px4_ros_com' build argument 'cmake_target' from command line to 'None'
[0.241s] Level 5:colcon.colcon_core.verb:set package 'px4_ros_com' build argument 'cmake_target_skip_unavailable' from command line to 'False'
[0.241s] Level 5:colcon.colcon_core.verb:set package 'px4_ros_com' build argument 'cmake_clean_cache' from command line to 'False'
[0.241s] Level 5:colcon.colcon_core.verb:set package 'px4_ros_com' build argument 'cmake_clean_first' from command line to 'False'
[0.241s] Level 5:colcon.colcon_core.verb:set package 'px4_ros_com' build argument 'cmake_force_configure' from command line to 'False'
[0.241s] Level 5:colcon.colcon_core.verb:set package 'px4_ros_com' build argument 'ament_cmake_args' from command line to 'None'
[0.241s] Level 5:colcon.colcon_core.verb:set package 'px4_ros_com' build argument 'catkin_cmake_args' from command line to 'None'
[0.241s] Level 5:colcon.colcon_core.verb:set package 'px4_ros_com' build argument 'catkin_skip_building_tests' from command line to 'False'
[0.241s] DEBUG:colcon.colcon_core.verb:Building package 'px4_ros_com' with the following arguments: {'ament_cmake_args': None, 'build_base': '/home/fidelis/NGCP-2024-/build/px4_ros_com', 'catkin_cmake_args': None, 'catkin_skip_building_tests': False, 'cmake_args': None, 'cmake_clean_cache': False, 'cmake_clean_first': False, 'cmake_force_configure': False, 'cmake_target': None, 'cmake_target_skip_unavailable': False, 'install_base': '/home/fidelis/NGCP-2024-/install/px4_ros_com', 'merge_install': False, 'path': '/home/fidelis/NGCP-2024-/ws_ros2/src/px4_ros_com', 'symlink_install': False, 'test_result_base': None}
[0.241s] INFO:colcon.colcon_core.executor:Executing jobs using 'parallel' executor
[0.242s] DEBUG:colcon.colcon_parallel_executor.executor.parallel:run_until_complete
[0.242s] INFO:colcon.colcon_ros.task.ament_cmake.build:Building ROS package in '/home/fidelis/NGCP-2024-/ws_ros2/src/px4_msgs' with build type 'ament_cmake'
[0.242s] INFO:colcon.colcon_cmake.task.cmake.build:Building CMake package in '/home/fidelis/NGCP-2024-/ws_ros2/src/px4_msgs'
[0.247s] INFO:colcon.colcon_core.plugin_system:Skipping extension 'colcon_core.shell.bat': Not used on non-Windows systems
[0.247s] INFO:colcon.colcon_core.shell:Skip shell extension 'powershell' for command environment: Not usable outside of PowerShell
[0.247s] DEBUG:colcon.colcon_core.shell:Skip shell extension 'dsv' for command environment
[0.254s] DEBUG:colcon.colcon_core.event_handler.log_command:Invoking command in '/home/fidelis/NGCP-2024-/build/px4_msgs': CMAKE_PREFIX_PATH=/opt/ros/humble /usr/bin/cmake /home/fidelis/NGCP-2024-/ws_ros2/src/px4_msgs -DCMAKE_INSTALL_PREFIX=/home/fidelis/NGCP-2024-/install/px4_msgs
[3.055s] DEBUG:colcon.colcon_core.event_handler.log_command:Invoked command in '/home/fidelis/NGCP-2024-/build/px4_msgs' returned '0': CMAKE_PREFIX_PATH=/opt/ros/humble /usr/bin/cmake /home/fidelis/NGCP-2024-/ws_ros2/src/px4_msgs -DCMAKE_INSTALL_PREFIX=/home/fidelis/NGCP-2024-/install/px4_msgs
[3.057s] DEBUG:colcon.colcon_core.event_handler.log_command:Invoking command in '/home/fidelis/NGCP-2024-/build/px4_msgs': CMAKE_PREFIX_PATH=/opt/ros/humble /usr/bin/cmake --build /home/fidelis/NGCP-2024-/build/px4_msgs -- -j16 -l16
[142.416s] DEBUG:colcon.colcon_core.event_handler.log_command:Invoked command in '/home/fidelis/NGCP-2024-/build/px4_msgs' returned '0': CMAKE_PREFIX_PATH=/opt/ros/humble /usr/bin/cmake --build /home/fidelis/NGCP-2024-/build/px4_msgs -- -j16 -l16
[146.715s] DEBUG:colcon.colcon_core.event_handler.log_command:Invoking command in '/home/fidelis/NGCP-2024-/build/px4_msgs': CMAKE_PREFIX_PATH=/opt/ros/humble /usr/bin/cmake --install /home/fidelis/NGCP-2024-/build/px4_msgs
[148.024s] Level 1:colcon.colcon_core.environment:create_environment_scripts_only(px4_msgs)
[148.025s] DEBUG:colcon.colcon_core.event_handler.log_command:Invoked command in '/home/fidelis/NGCP-2024-/build/px4_msgs' returned '0': CMAKE_PREFIX_PATH=/opt/ros/humble /usr/bin/cmake --install /home/fidelis/NGCP-2024-/build/px4_msgs
[148.030s] Level 1:colcon.colcon_core.environment:checking '/home/fidelis/NGCP-2024-/install/px4_msgs' for CMake module files
[148.031s] Level 1:colcon.colcon_core.environment:checking '/home/fidelis/NGCP-2024-/install/px4_msgs' for CMake config files
[148.034s] Level 1:colcon.colcon_core.shell:create_environment_hook('px4_msgs', 'cmake_prefix_path')
[148.035s] INFO:colcon.colcon_core.shell:Creating environment hook '/home/fidelis/NGCP-2024-/install/px4_msgs/share/px4_msgs/hook/cmake_prefix_path.ps1'
[148.036s] INFO:colcon.colcon_core.shell:Creating environment descriptor '/home/fidelis/NGCP-2024-/install/px4_msgs/share/px4_msgs/hook/cmake_prefix_path.dsv'
[148.037s] INFO:colcon.colcon_core.shell:Creating environment hook '/home/fidelis/NGCP-2024-/install/px4_msgs/share/px4_msgs/hook/cmake_prefix_path.sh'
[148.038s] Level 1:colcon.colcon_core.environment:checking '/home/fidelis/NGCP-2024-/install/px4_msgs/lib'
[148.038s] Level 1:colcon.colcon_core.shell:create_environment_hook('px4_msgs', 'ld_library_path_lib')
[148.038s] INFO:colcon.colcon_core.shell:Creating environment hook '/home/fidelis/NGCP-2024-/install/px4_msgs/share/px4_msgs/hook/ld_library_path_lib.ps1'
[148.039s] INFO:colcon.colcon_core.shell:Creating environment descriptor '/home/fidelis/NGCP-2024-/install/px4_msgs/share/px4_msgs/hook/ld_library_path_lib.dsv'
[148.039s] INFO:colcon.colcon_core.shell:Creating environment hook '/home/fidelis/NGCP-2024-/install/px4_msgs/share/px4_msgs/hook/ld_library_path_lib.sh'
[148.039s] Level 1:colcon.colcon_core.environment:checking '/home/fidelis/NGCP-2024-/install/px4_msgs/bin'
[148.039s] Level 1:colcon.colcon_core.environment:checking '/home/fidelis/NGCP-2024-/install/px4_msgs/lib/pkgconfig/px4_msgs.pc'
[148.039s] Level 1:colcon.colcon_core.environment:checking '/home/fidelis/NGCP-2024-/install/px4_msgs/lib/python3.10/site-packages'
[148.039s] Level 1:colcon.colcon_core.environment:checking '/home/fidelis/NGCP-2024-/install/px4_msgs/bin'
[148.040s] INFO:colcon.colcon_core.shell:Creating package script '/home/fidelis/NGCP-2024-/install/px4_msgs/share/px4_msgs/package.ps1'
[148.041s] INFO:colcon.colcon_core.shell:Creating package descriptor '/home/fidelis/NGCP-2024-/install/px4_msgs/share/px4_msgs/package.dsv'
[148.041s] INFO:colcon.colcon_core.shell:Creating package script '/home/fidelis/NGCP-2024-/install/px4_msgs/share/px4_msgs/package.sh'
[148.042s] INFO:colcon.colcon_core.shell:Creating package script '/home/fidelis/NGCP-2024-/install/px4_msgs/share/px4_msgs/package.bash'
[148.043s] INFO:colcon.colcon_core.shell:Creating package script '/home/fidelis/NGCP-2024-/install/px4_msgs/share/px4_msgs/package.zsh'
[148.044s] Level 1:colcon.colcon_core.environment:create_file_with_runtime_dependencies(/home/fidelis/NGCP-2024-/install/px4_msgs/share/colcon-core/packages/px4_msgs)
[152.321s] Level 1:colcon.colcon_core.environment:create_environment_scripts_only(px4_msgs)
[152.321s] Level 1:colcon.colcon_core.environment:checking '/home/fidelis/NGCP-2024-/install/px4_msgs' for CMake module files
[152.322s] Level 1:colcon.colcon_core.environment:checking '/home/fidelis/NGCP-2024-/install/px4_msgs' for CMake config files
[152.327s] Level 1:colcon.colcon_core.shell:create_environment_hook('px4_msgs', 'cmake_prefix_path')
[152.327s] INFO:colcon.colcon_core.shell:Creating environment hook '/home/fidelis/NGCP-2024-/install/px4_msgs/share/px4_msgs/hook/cmake_prefix_path.ps1'
[152.328s] INFO:colcon.colcon_core.shell:Creating environment descriptor '/home/fidelis/NGCP-2024-/install/px4_msgs/share/px4_msgs/hook/cmake_prefix_path.dsv'
[152.328s] INFO:colcon.colcon_core.shell:Creating environment hook '/home/fidelis/NGCP-2024-/install/px4_msgs/share/px4_msgs/hook/cmake_prefix_path.sh'
[152.329s] Level 1:colcon.colcon_core.environment:checking '/home/fidelis/NGCP-2024-/install/px4_msgs/lib'
[152.329s] Level 1:colcon.colcon_core.shell:create_environment_hook('px4_msgs', 'ld_library_path_lib')
[152.329s] INFO:colcon.colcon_core.shell:Creating environment hook '/home/fidelis/NGCP-2024-/install/px4_msgs/share/px4_msgs/hook/ld_library_path_lib.ps1'
[152.329s] INFO:colcon.colcon_core.shell:Creating environment descriptor '/home/fidelis/NGCP-2024-/install/px4_msgs/share/px4_msgs/hook/ld_library_path_lib.dsv'
[152.329s] INFO:colcon.colcon_core.shell:Creating environment hook '/home/fidelis/NGCP-2024-/install/px4_msgs/share/px4_msgs/hook/ld_library_path_lib.sh'
[152.329s] Level 1:colcon.colcon_core.environment:checking '/home/fidelis/NGCP-2024-/install/px4_msgs/bin'
[152.330s] Level 1:colcon.colcon_core.environment:checking '/home/fidelis/NGCP-2024-/install/px4_msgs/lib/pkgconfig/px4_msgs.pc'
[152.330s] Level 1:colcon.colcon_core.environment:checking '/home/fidelis/NGCP-2024-/install/px4_msgs/lib/python3.10/site-packages'
[152.330s] Level 1:colcon.colcon_core.environment:checking '/home/fidelis/NGCP-2024-/install/px4_msgs/bin'
[152.330s] INFO:colcon.colcon_core.shell:Creating package script '/home/fidelis/NGCP-2024-/install/px4_msgs/share/px4_msgs/package.ps1'
[152.330s] INFO:colcon.colcon_core.shell:Creating package descriptor '/home/fidelis/NGCP-2024-/install/px4_msgs/share/px4_msgs/package.dsv'
[152.331s] INFO:colcon.colcon_core.shell:Creating package script '/home/fidelis/NGCP-2024-/install/px4_msgs/share/px4_msgs/package.sh'
[152.331s] INFO:colcon.colcon_core.shell:Creating package script '/home/fidelis/NGCP-2024-/install/px4_msgs/share/px4_msgs/package.bash'
[152.331s] INFO:colcon.colcon_core.shell:Creating package script '/home/fidelis/NGCP-2024-/install/px4_msgs/share/px4_msgs/package.zsh'
[152.332s] Level 1:colcon.colcon_core.environment:create_file_with_runtime_dependencies(/home/fidelis/NGCP-2024-/install/px4_msgs/share/colcon-core/packages/px4_msgs)
[152.332s] INFO:colcon.colcon_ros.task.ament_cmake.build:Building ROS package in '/home/fidelis/NGCP-2024-/ws_ros2/src/px4_ros_com' with build type 'ament_cmake'
[152.332s] INFO:colcon.colcon_cmake.task.cmake.build:Building CMake package in '/home/fidelis/NGCP-2024-/ws_ros2/src/px4_ros_com'
[152.332s] INFO:colcon.colcon_core.shell:Skip shell extension 'powershell' for command environment: Not usable outside of PowerShell
[152.332s] DEBUG:colcon.colcon_core.shell:Skip shell extension 'dsv' for command environment
[152.341s] DEBUG:colcon.colcon_core.event_handler.log_command:Invoking command in '/home/fidelis/NGCP-2024-/build/px4_ros_com': AMENT_PREFIX_PATH=/home/fidelis/NGCP-2024-/install/px4_msgs:${AMENT_PREFIX_PATH} CMAKE_PREFIX_PATH=/home/fidelis/NGCP-2024-/install/px4_msgs:/opt/ros/humble LD_LIBRARY_PATH=/home/fidelis/NGCP-2024-/install/px4_msgs/lib:${LD_LIBRARY_PATH} PYTHONPATH=/home/fidelis/NGCP-2024-/install/px4_msgs/local/lib/python3.10/dist-packages:${PYTHONPATH} /usr/bin/cmake /home/fidelis/NGCP-2024-/ws_ros2/src/px4_ros_com -DCMAKE_INSTALL_PREFIX=/home/fidelis/NGCP-2024-/install/px4_ros_com
[153.869s] DEBUG:colcon.colcon_core.event_handler.log_command:Invoked command in '/home/fidelis/NGCP-2024-/build/px4_ros_com' returned '0': AMENT_PREFIX_PATH=/home/fidelis/NGCP-2024-/install/px4_msgs:${AMENT_PREFIX_PATH} CMAKE_PREFIX_PATH=/home/fidelis/NGCP-2024-/install/px4_msgs:/opt/ros/humble LD_LIBRARY_PATH=/home/fidelis/NGCP-2024-/install/px4_msgs/lib:${LD_LIBRARY_PATH} PYTHONPATH=/home/fidelis/NGCP-2024-/install/px4_msgs/local/lib/python3.10/dist-packages:${PYTHONPATH} /usr/bin/cmake /home/fidelis/NGCP-2024-/ws_ros2/src/px4_ros_com -DCMAKE_INSTALL_PREFIX=/home/fidelis/NGCP-2024-/install/px4_ros_com
[153.871s] DEBUG:colcon.colcon_core.event_handler.log_command:Invoking command in '/home/fidelis/NGCP-2024-/build/px4_ros_com': AMENT_PREFIX_PATH=/home/fidelis/NGCP-2024-/install/px4_msgs:${AMENT_PREFIX_PATH} CMAKE_PREFIX_PATH=/home/fidelis/NGCP-2024-/install/px4_msgs:/opt/ros/humble LD_LIBRARY_PATH=/home/fidelis/NGCP-2024-/install/px4_msgs/lib:${LD_LIBRARY_PATH} PYTHONPATH=/home/fidelis/NGCP-2024-/install/px4_msgs/local/lib/python3.10/dist-packages:${PYTHONPATH} /usr/bin/cmake --build /home/fidelis/NGCP-2024-/build/px4_ros_com -- -j16 -l16
[168.079s] DEBUG:colcon.colcon_core.event_handler.log_command:Invoked command in '/home/fidelis/NGCP-2024-/build/px4_ros_com' returned '0': AMENT_PREFIX_PATH=/home/fidelis/NGCP-2024-/install/px4_msgs:${AMENT_PREFIX_PATH} CMAKE_PREFIX_PATH=/home/fidelis/NGCP-2024-/install/px4_msgs:/opt/ros/humble LD_LIBRARY_PATH=/home/fidelis/NGCP-2024-/install/px4_msgs/lib:${LD_LIBRARY_PATH} PYTHONPATH=/home/fidelis/NGCP-2024-/install/px4_msgs/local/lib/python3.10/dist-packages:${PYTHONPATH} /usr/bin/cmake --build /home/fidelis/NGCP-2024-/build/px4_ros_com -- -j16 -l16
[168.119s] DEBUG:colcon.colcon_core.event_handler.log_command:Invoking command in '/home/fidelis/NGCP-2024-/build/px4_ros_com': AMENT_PREFIX_PATH=/home/fidelis/NGCP-2024-/install/px4_msgs:${AMENT_PREFIX_PATH} CMAKE_PREFIX_PATH=/home/fidelis/NGCP-2024-/install/px4_msgs:/opt/ros/humble LD_LIBRARY_PATH=/home/fidelis/NGCP-2024-/install/px4_msgs/lib:${LD_LIBRARY_PATH} PYTHONPATH=/home/fidelis/NGCP-2024-/install/px4_msgs/local/lib/python3.10/dist-packages:${PYTHONPATH} /usr/bin/cmake --install /home/fidelis/NGCP-2024-/build/px4_ros_com
[168.195s] Level 1:colcon.colcon_core.environment:create_environment_scripts_only(px4_ros_com)
[168.196s] Level 1:colcon.colcon_core.environment:checking '/home/fidelis/NGCP-2024-/install/px4_ros_com' for CMake module files
[168.196s] DEBUG:colcon.colcon_core.event_handler.log_command:Invoked command in '/home/fidelis/NGCP-2024-/build/px4_ros_com' returned '0': AMENT_PREFIX_PATH=/home/fidelis/NGCP-2024-/install/px4_msgs:${AMENT_PREFIX_PATH} CMAKE_PREFIX_PATH=/home/fidelis/NGCP-2024-/install/px4_msgs:/opt/ros/humble LD_LIBRARY_PATH=/home/fidelis/NGCP-2024-/install/px4_msgs/lib:${LD_LIBRARY_PATH} PYTHONPATH=/home/fidelis/NGCP-2024-/install/px4_msgs/local/lib/python3.10/dist-packages:${PYTHONPATH} /usr/bin/cmake --install /home/fidelis/NGCP-2024-/build/px4_ros_com
[168.196s] Level 1:colcon.colcon_core.environment:checking '/home/fidelis/NGCP-2024-/install/px4_ros_com' for CMake config files
[168.197s] Level 1:colcon.colcon_core.shell:create_environment_hook('px4_ros_com', 'cmake_prefix_path')
[168.197s] INFO:colcon.colcon_core.shell:Creating environment hook '/home/fidelis/NGCP-2024-/install/px4_ros_com/share/px4_ros_com/hook/cmake_prefix_path.ps1'
[168.197s] INFO:colcon.colcon_core.shell:Creating environment descriptor '/home/fidelis/NGCP-2024-/install/px4_ros_com/share/px4_ros_com/hook/cmake_prefix_path.dsv'
[168.197s] INFO:colcon.colcon_core.shell:Creating environment hook '/home/fidelis/NGCP-2024-/install/px4_ros_com/share/px4_ros_com/hook/cmake_prefix_path.sh'
[168.198s] Level 1:colcon.colcon_core.environment:checking '/home/fidelis/NGCP-2024-/install/px4_ros_com/lib'
[168.198s] Level 1:colcon.colcon_core.shell:create_environment_hook('px4_ros_com', 'ld_library_path_lib')
[168.198s] INFO:colcon.colcon_core.shell:Creating environment hook '/home/fidelis/NGCP-2024-/install/px4_ros_com/share/px4_ros_com/hook/ld_library_path_lib.ps1'
[168.198s] INFO:colcon.colcon_core.shell:Creating environment descriptor '/home/fidelis/NGCP-2024-/install/px4_ros_com/share/px4_ros_com/hook/ld_library_path_lib.dsv'
[168.198s] INFO:colcon.colcon_core.shell:Creating environment hook '/home/fidelis/NGCP-2024-/install/px4_ros_com/share/px4_ros_com/hook/ld_library_path_lib.sh'
[168.199s] Level 1:colcon.colcon_core.environment:checking '/home/fidelis/NGCP-2024-/install/px4_ros_com/bin'
[168.199s] Level 1:colcon.colcon_core.environment:checking '/home/fidelis/NGCP-2024-/install/px4_ros_com/lib/pkgconfig/px4_ros_com.pc'
[168.199s] Level 1:colcon.colcon_core.environment:checking '/home/fidelis/NGCP-2024-/install/px4_ros_com/lib/python3.10/site-packages'
[168.199s] Level 1:colcon.colcon_core.environment:checking '/home/fidelis/NGCP-2024-/install/px4_ros_com/bin'
[168.199s] INFO:colcon.colcon_core.shell:Creating package script '/home/fidelis/NGCP-2024-/install/px4_ros_com/share/px4_ros_com/package.ps1'
[168.200s] INFO:colcon.colcon_core.shell:Creating package descriptor '/home/fidelis/NGCP-2024-/install/px4_ros_com/share/px4_ros_com/package.dsv'
[168.200s] INFO:colcon.colcon_core.shell:Creating package script '/home/fidelis/NGCP-2024-/install/px4_ros_com/share/px4_ros_com/package.sh'
[168.200s] INFO:colcon.colcon_core.shell:Creating package script '/home/fidelis/NGCP-2024-/install/px4_ros_com/share/px4_ros_com/package.bash'
[168.200s] INFO:colcon.colcon_core.shell:Creating package script '/home/fidelis/NGCP-2024-/install/px4_ros_com/share/px4_ros_com/package.zsh'
[168.201s] Level 1:colcon.colcon_core.environment:create_file_with_runtime_dependencies(/home/fidelis/NGCP-2024-/install/px4_ros_com/share/colcon-core/packages/px4_ros_com)
[168.242s] Level 1:colcon.colcon_core.environment:create_environment_scripts_only(px4_ros_com)
[168.243s] Level 1:colcon.colcon_core.environment:checking '/home/fidelis/NGCP-2024-/install/px4_ros_com' for CMake module files
[168.243s] Level 1:colcon.colcon_core.environment:checking '/home/fidelis/NGCP-2024-/install/px4_ros_com' for CMake config files
[168.244s] Level 1:colcon.colcon_core.shell:create_environment_hook('px4_ros_com', 'cmake_prefix_path')
[168.244s] INFO:colcon.colcon_core.shell:Creating environment hook '/home/fidelis/NGCP-2024-/install/px4_ros_com/share/px4_ros_com/hook/cmake_prefix_path.ps1'
[168.244s] INFO:colcon.colcon_core.shell:Creating environment descriptor '/home/fidelis/NGCP-2024-/install/px4_ros_com/share/px4_ros_com/hook/cmake_prefix_path.dsv'
[168.245s] INFO:colcon.colcon_core.shell:Creating environment hook '/home/fidelis/NGCP-2024-/install/px4_ros_com/share/px4_ros_com/hook/cmake_prefix_path.sh'
[168.245s] Level 1:colcon.colcon_core.environment:checking '/home/fidelis/NGCP-2024-/install/px4_ros_com/lib'
[168.245s] Level 1:colcon.colcon_core.shell:create_environment_hook('px4_ros_com', 'ld_library_path_lib')
[168.245s] INFO:colcon.colcon_core.shell:Creating environment hook '/home/fidelis/NGCP-2024-/install/px4_ros_com/share/px4_ros_com/hook/ld_library_path_lib.ps1'
[168.246s] INFO:colcon.colcon_core.shell:Creating environment descriptor '/home/fidelis/NGCP-2024-/install/px4_ros_com/share/px4_ros_com/hook/ld_library_path_lib.dsv'
[168.246s] INFO:colcon.colcon_core.shell:Creating environment hook '/home/fidelis/NGCP-2024-/install/px4_ros_com/share/px4_ros_com/hook/ld_library_path_lib.sh'
[168.246s] Level 1:colcon.colcon_core.environment:checking '/home/fidelis/NGCP-2024-/install/px4_ros_com/bin'
[168.246s] Level 1:colcon.colcon_core.environment:checking '/home/fidelis/NGCP-2024-/install/px4_ros_com/lib/pkgconfig/px4_ros_com.pc'
[168.246s] Level 1:colcon.colcon_core.environment:checking '/home/fidelis/NGCP-2024-/install/px4_ros_com/lib/python3.10/site-packages'
[168.246s] Level 1:colcon.colcon_core.environment:checking '/home/fidelis/NGCP-2024-/install/px4_ros_com/bin'
[168.247s] INFO:colcon.colcon_core.shell:Creating package script '/home/fidelis/NGCP-2024-/install/px4_ros_com/share/px4_ros_com/package.ps1'
[168.247s] INFO:colcon.colcon_core.shell:Creating package descriptor '/home/fidelis/NGCP-2024-/install/px4_ros_com/share/px4_ros_com/package.dsv'
[168.247s] INFO:colcon.colcon_core.shell:Creating package script '/home/fidelis/NGCP-2024-/install/px4_ros_com/share/px4_ros_com/package.sh'
[168.247s] INFO:colcon.colcon_core.shell:Creating package script '/home/fidelis/NGCP-2024-/install/px4_ros_com/share/px4_ros_com/package.bash'
[168.248s] INFO:colcon.colcon_core.shell:Creating package script '/home/fidelis/NGCP-2024-/install/px4_ros_com/share/px4_ros_com/package.zsh'
[168.248s] Level 1:colcon.colcon_core.environment:create_file_with_runtime_dependencies(/home/fidelis/NGCP-2024-/install/px4_ros_com/share/colcon-core/packages/px4_ros_com)
[168.248s] DEBUG:colcon.colcon_parallel_executor.executor.parallel:closing loop
[168.248s] DEBUG:colcon.colcon_parallel_executor.executor.parallel:loop closed
[168.249s] DEBUG:colcon.colcon_parallel_executor.executor.parallel:run_until_complete finished with '0'
[168.249s] DEBUG:colcon.colcon_core.event_reactor:joining thread
[168.254s] INFO:colcon.colcon_core.plugin_system:Skipping extension 'colcon_notification.desktop_notification.terminal_notifier': Not used on non-Darwin systems
[168.254s] INFO:colcon.colcon_core.plugin_system:Skipping extension 'colcon_notification.desktop_notification.win32': Not used on non-Windows systems
[168.254s] INFO:colcon.colcon_notification.desktop_notification:Sending desktop notification using 'notify2'
[168.271s] DEBUG:colcon.colcon_core.event_reactor:joined thread
[168.271s] INFO:colcon.colcon_core.shell:Creating prefix script '/home/fidelis/NGCP-2024-/install/local_setup.ps1'
[168.272s] INFO:colcon.colcon_core.shell:Creating prefix util module '/home/fidelis/NGCP-2024-/install/_local_setup_util_ps1.py'
[168.273s] INFO:colcon.colcon_core.shell:Creating prefix chain script '/home/fidelis/NGCP-2024-/install/setup.ps1'
[168.275s] INFO:colcon.colcon_core.shell:Creating prefix script '/home/fidelis/NGCP-2024-/install/local_setup.sh'
[168.275s] INFO:colcon.colcon_core.shell:Creating prefix util module '/home/fidelis/NGCP-2024-/install/_local_setup_util_sh.py'
[168.275s] INFO:colcon.colcon_core.shell:Creating prefix chain script '/home/fidelis/NGCP-2024-/install/setup.sh'
[168.277s] INFO:colcon.colcon_core.shell:Creating prefix script '/home/fidelis/NGCP-2024-/install/local_setup.bash'
[168.277s] INFO:colcon.colcon_core.shell:Creating prefix chain script '/home/fidelis/NGCP-2024-/install/setup.bash'
[168.278s] INFO:colcon.colcon_core.shell:Creating prefix script '/home/fidelis/NGCP-2024-/install/local_setup.zsh'
[168.278s] INFO:colcon.colcon_core.shell:Creating prefix chain script '/home/fidelis/NGCP-2024-/install/setup.zsh'
