[01m[K/home/fidelis/NGCP-2024-/ws_ros2/src/px4_ros_com/src/examples/offboard/offboard_control.cpp:[m[K In constructor ‘[01m[KOffboardPlane::OffboardPlane(std::vector<std::vector<float> >&)[m[K’:
[01m[K/home/fidelis/NGCP-2024-/ws_ros2/src/px4_ros_com/src/examples/offboard/offboard_control.cpp:31:110:[m[K [01;31m[Kerror: [m[Kcannot convert ‘[01m[Kstd::vector<std::vector<float> >[m[K’ to ‘[01m[Kstd::vector<std::vector<float> >*[m[K’ in initialization
   31 |   OffboardPlane(std::vector<std::vector<float>>& local_setpoints) : Node("offboard_plane"), local_setpoints_([01;31m[Klocal_setpoints[m[K) {
      |                                                                                                              [01;31m[K^~~~~~~~~~~~~~~[m[K
      |                                                                                                              [01;31m[K|[m[K
      |                                                                                                              [01;31m[Kstd::vector<std::vector<float> >[m[K
[01m[K/home/fidelis/NGCP-2024-/ws_ros2/src/px4_ros_com/src/examples/offboard/offboard_control.cpp:[m[K In member function ‘[01m[Kvoid OffboardPlane::run()[m[K’:
[01m[K/home/fidelis/NGCP-2024-/ws_ros2/src/px4_ros_com/src/examples/offboard/offboard_control.cpp:101:50:[m[K [01;31m[Kerror: [m[Kcannot convert ‘[01m[K__gnu_cxx::__alloc_traits<std::allocator<std::vector<float> >, std::vector<float> >::value_type[m[K’ {aka ‘[01m[Kstd::vector<float>[m[K’} to ‘[01m[Kfloat[m[K’ in initialization
  101 |     float x = local_setpoints_[waypoint_index_][0[01;31m[K][m[K;
      |                                                  [01;31m[K^[m[K
[01m[K/home/fidelis/NGCP-2024-/ws_ros2/src/px4_ros_com/src/examples/offboard/offboard_control.cpp:102:50:[m[K [01;31m[Kerror: [m[Kcannot convert ‘[01m[K__gnu_cxx::__alloc_traits<std::allocator<std::vector<float> >, std::vector<float> >::value_type[m[K’ {aka ‘[01m[Kstd::vector<float>[m[K’} to ‘[01m[Kfloat[m[K’ in initialization
  102 |     float y = local_setpoints_[waypoint_index_][1[01;31m[K][m[K;
      |                                                  [01;31m[K^[m[K
[01m[K/home/fidelis/NGCP-2024-/ws_ros2/src/px4_ros_com/src/examples/offboard/offboard_control.cpp:103:50:[m[K [01;31m[Kerror: [m[Kcannot convert ‘[01m[K__gnu_cxx::__alloc_traits<std::allocator<std::vector<float> >, std::vector<float> >::value_type[m[K’ {aka ‘[01m[Kstd::vector<float>[m[K’} to ‘[01m[Kfloat[m[K’ in initialization
  103 |     float z = local_setpoints_[waypoint_index_][2[01;31m[K][m[K;
      |                                                  [01;31m[K^[m[K
[01m[K/home/fidelis/NGCP-2024-/ws_ros2/src/px4_ros_com/src/examples/offboard/offboard_control.cpp:127:52:[m[K [01;31m[Kerror: [m[Krequest for member ‘[01m[Ksize[m[K’ in ‘[01m[K((OffboardPlane*)this)->OffboardPlane::local_setpoints_[m[K’, which is of pointer type ‘[01m[Kstd::vector<std::vector<float> >*[m[K’ (maybe you meant to use ‘[01m[K->[m[K’ ?)
  127 |         if(waypoint_index_ + 1 == local_setpoints_.[01;31m[Ksize[m[K()) {
      |                                                    [01;31m[K^~~~[m[K
In file included from [01m[K/usr/include/x86_64-linux-gnu/c++/11/bits/c++allocator.h:33[m[K,
                 from [01m[K/usr/include/c++/11/bits/allocator.h:46[m[K,
                 from [01m[K/usr/include/c++/11/unordered_map:40[m[K,
                 from [01m[K/usr/include/c++/11/functional:61[m[K,
                 from [01m[K/usr/include/c++/11/pstl/glue_algorithm_defs.h:13[m[K,
                 from [01m[K/usr/include/c++/11/algorithm:74[m[K,
                 from [01m[K/home/fidelis/NGCP-2024-/ws_ros2/install/px4_msgs/include/px4_msgs/px4_msgs/msg/detail/offboard_control_mode__struct.hpp:8[m[K,
                 from [01m[K/home/fidelis/NGCP-2024-/ws_ros2/install/px4_msgs/include/px4_msgs/px4_msgs/msg/offboard_control_mode.hpp:7[m[K,
                 from [01m[K/home/fidelis/NGCP-2024-/ws_ros2/src/px4_ros_com/src/examples/offboard/offboard_control.cpp:6[m[K:
/usr/include/c++/11/ext/new_allocator.h: In instantiation of ‘[01m[Kvoid __gnu_cxx::new_allocator<_Tp>::construct(_Up*, _Args&& ...) [with _Up = OffboardPlane; _Args = {const std::vector<std::vector<float, std::allocator<float> >, std::allocator<std::vector<float, std::allocator<float> > > >&}; _Tp = OffboardPlane][m[K’:
[01m[K/usr/include/c++/11/bits/alloc_traits.h:516:17:[m[K   required from ‘[01m[Kstatic void std::allocator_traits<std::allocator<_Tp1> >::construct(std::allocator_traits<std::allocator<_Tp1> >::allocator_type&, _Up*, _Args&& ...) [with _Up = OffboardPlane; _Args = {const std::vector<std::vector<float, std::allocator<float> >, std::allocator<std::vector<float, std::allocator<float> > > >&}; _Tp = OffboardPlane; std::allocator_traits<std::allocator<_Tp1> >::allocator_type = std::allocator<OffboardPlane>][m[K’
[01m[K/usr/include/c++/11/bits/shared_ptr_base.h:519:39:[m[K   required from ‘[01m[Kstd::_Sp_counted_ptr_inplace<_Tp, _Alloc, _Lp>::_Sp_counted_ptr_inplace(_Alloc, _Args&& ...) [with _Args = {const std::vector<std::vector<float, std::allocator<float> >, std::allocator<std::vector<float, std::allocator<float> > > >&}; _Tp = OffboardPlane; _Alloc = std::allocator<OffboardPlane>; __gnu_cxx::_Lock_policy _Lp = __gnu_cxx::_S_atomic][m[K’
[01m[K/usr/include/c++/11/bits/shared_ptr_base.h:650:16:[m[K   required from ‘[01m[Kstd::__shared_count<_Lp>::__shared_count(_Tp*&, std::_Sp_alloc_shared_tag<_Alloc>, _Args&& ...) [with _Tp = OffboardPlane; _Alloc = std::allocator<OffboardPlane>; _Args = {const std::vector<std::vector<float, std::allocator<float> >, std::allocator<std::vector<float, std::allocator<float> > > >&}; __gnu_cxx::_Lock_policy _Lp = __gnu_cxx::_S_atomic][m[K’
[01m[K/usr/include/c++/11/bits/shared_ptr_base.h:1342:14:[m[K   required from ‘[01m[Kstd::__shared_ptr<_Tp, _Lp>::__shared_ptr(std::_Sp_alloc_shared_tag<_Tp>, _Args&& ...) [with _Alloc = std::allocator<OffboardPlane>; _Args = {const std::vector<std::vector<float, std::allocator<float> >, std::allocator<std::vector<float, std::allocator<float> > > >&}; _Tp = OffboardPlane; __gnu_cxx::_Lock_policy _Lp = __gnu_cxx::_S_atomic][m[K’
[01m[K/usr/include/c++/11/bits/shared_ptr.h:409:59:[m[K   required from ‘[01m[Kstd::shared_ptr<_Tp>::shared_ptr(std::_Sp_alloc_shared_tag<_Tp>, _Args&& ...) [with _Alloc = std::allocator<OffboardPlane>; _Args = {const std::vector<std::vector<float, std::allocator<float> >, std::allocator<std::vector<float, std::allocator<float> > > >&}; _Tp = OffboardPlane][m[K’
[01m[K/usr/include/c++/11/bits/shared_ptr.h:862:14:[m[K   required from ‘[01m[Kstd::shared_ptr<_Tp> std::allocate_shared(const _Alloc&, _Args&& ...) [with _Tp = OffboardPlane; _Alloc = std::allocator<OffboardPlane>; _Args = {const std::vector<std::vector<float, std::allocator<float> >, std::allocator<std::vector<float, std::allocator<float> > > >&}][m[K’
[01m[K/usr/include/c++/11/bits/shared_ptr.h:878:39:[m[K   required from ‘[01m[Kstd::shared_ptr<_Tp> std::make_shared(_Args&& ...) [with _Tp = OffboardPlane; _Args = {const std::vector<std::vector<float, std::allocator<float> >, std::allocator<std::vector<float, std::allocator<float> > > >&}][m[K’
[01m[K/home/fidelis/NGCP-2024-/ws_ros2/src/px4_ros_com/src/examples/offboard/offboard_control.cpp:75:46:[m[K   required from here
[01m[K/usr/include/c++/11/ext/new_allocator.h:162:11:[m[K [01;31m[Kerror: [m[Kbinding reference of type ‘[01m[Kstd::vector<std::vector<float> >&[m[K’ to ‘[01m[Kconst std::vector<std::vector<float> >[m[K’ discards qualifiers
  162 |         { [01;31m[K::new((void *)__p) _Up(std::forward<_Args>(__args)...)[m[K; }
      |           [01;31m[K^~~~~~~~~~~~~~~~~~~~~~~~~~~~~~~~~~~~~~~~~~~~~~~~~~~~~~[m[K
[01m[K/home/fidelis/NGCP-2024-/ws_ros2/src/px4_ros_com/src/examples/offboard/offboard_control.cpp:31:50:[m[K [01;36m[Knote: [m[K  initializing argument 1 of ‘[01m[KOffboardPlane::OffboardPlane(std::vector<std::vector<float> >&)[m[K’
   31 |   OffboardPlane([01;36m[Kstd::vector<std::vector<float>>& local_setpoints[m[K) : Node("offboard_plane"), local_setpoints_(local_setpoints) {
      |                 [01;36m[K~~~~~~~~~~~~~~~~~~~~~~~~~~~~~~~~~^~~~~~~~~~~~~~~[m[K
gmake[2]: *** [CMakeFiles/offboard_control.dir/build.make:76: CMakeFiles/offboard_control.dir/src/examples/offboard/offboard_control.cpp.o] Error 1
gmake[1]: *** [CMakeFiles/Makefile2:254: CMakeFiles/offboard_control.dir/all] Error 2
gmake: *** [Makefile:146: all] Error 2
