[0.011s] Invoking command in '/home/fidelis/NGCP-2024-/ws_ros2/build/px4_ros_com': AMENT_PREFIX_PATH=/home/fidelis/NGCP-2024-/ws_ros2/install/px4_msgs:${AMENT_PREFIX_PATH} CMAKE_PREFIX_PATH=/home/fidelis/NGCP-2024-/ws_ros2/install/px4_msgs:/opt/ros/humble LD_LIBRARY_PATH=/home/fidelis/NGCP-2024-/ws_ros2/install/px4_msgs/lib:${LD_LIBRARY_PATH} PYTHONPATH=/home/fidelis/NGCP-2024-/ws_ros2/install/px4_msgs/local/lib/python3.10/dist-packages:${PYTHONPATH} /usr/bin/cmake --build /home/fidelis/NGCP-2024-/ws_ros2/build/px4_ros_com -- -j16 -l16
[0.068s] [35m[1mConsolidate compiler generated dependencies of target offboard_control[0m
[0.082s] [ 33%] Built target debug_vect_advertiser
[0.082s] [ 33%] Built target frame_transforms
[0.086s] [ 58%] [32mBuilding CXX object CMakeFiles/offboard_control.dir/src/examples/offboard/offboard_control.cpp.o[0m
[0.087s] [ 58%] Built target sensor_combined_listener
[0.087s] [ 75%] Built target offboard_control_srv
[0.091s] [ 83%] Built target ament_cmake_python_symlink_px4_ros_com
[0.092s] [ 91%] Built target vehicle_gps_position_listener
[0.266s] running egg_info
[0.278s] writing px4_ros_com.egg-info/PKG-INFO
[0.279s] writing dependency_links to px4_ros_com.egg-info/dependency_links.txt
[0.279s] writing top-level names to px4_ros_com.egg-info/top_level.txt
[0.316s] reading manifest file 'px4_ros_com.egg-info/SOURCES.txt'
[0.317s] writing manifest file 'px4_ros_com.egg-info/SOURCES.txt'
[0.365s] [ 91%] Built target ament_cmake_python_build_px4_ros_com_egg
[6.467s] [01m[K/home/fidelis/NGCP-2024-/ws_ros2/src/px4_ros_com/src/examples/offboard/offboard_control.cpp:[m[K In constructor ‘[01m[KOffboardPlane::OffboardPlane(std::vector<std::vector<float> >&)[m[K’:
[6.467s] [01m[K/home/fidelis/NGCP-2024-/ws_ros2/src/px4_ros_com/src/examples/offboard/offboard_control.cpp:31:110:[m[K [01;31m[Kerror: [m[Kcannot convert ‘[01m[Kstd::vector<std::vector<float> >[m[K’ to ‘[01m[Kstd::vector<std::vector<float> >*[m[K’ in initialization
[6.467s]    31 |   OffboardPlane(std::vector<std::vector<float>>& local_setpoints) : Node("offboard_plane"), local_setpoints_([01;31m[Klocal_setpoints[m[K) {
[6.467s]       |                                                                                                              [01;31m[K^~~~~~~~~~~~~~~[m[K
[6.467s]       |                                                                                                              [01;31m[K|[m[K
[6.467s]       |                                                                                                              [01;31m[Kstd::vector<std::vector<float> >[m[K
[6.467s] [01m[K/home/fidelis/NGCP-2024-/ws_ros2/src/px4_ros_com/src/examples/offboard/offboard_control.cpp:[m[K In member function ‘[01m[Kvoid OffboardPlane::run()[m[K’:
[6.467s] [01m[K/home/fidelis/NGCP-2024-/ws_ros2/src/px4_ros_com/src/examples/offboard/offboard_control.cpp:101:50:[m[K [01;31m[Kerror: [m[Kcannot convert ‘[01m[K__gnu_cxx::__alloc_traits<std::allocator<std::vector<float> >, std::vector<float> >::value_type[m[K’ {aka ‘[01m[Kstd::vector<float>[m[K’} to ‘[01m[Kfloat[m[K’ in initialization
[6.467s]   101 |     float x = local_setpoints_[waypoint_index_][0[01;31m[K][m[K;
[6.467s]       |                                                  [01;31m[K^[m[K
[6.467s] [01m[K/home/fidelis/NGCP-2024-/ws_ros2/src/px4_ros_com/src/examples/offboard/offboard_control.cpp:102:50:[m[K [01;31m[Kerror: [m[Kcannot convert ‘[01m[K__gnu_cxx::__alloc_traits<std::allocator<std::vector<float> >, std::vector<float> >::value_type[m[K’ {aka ‘[01m[Kstd::vector<float>[m[K’} to ‘[01m[Kfloat[m[K’ in initialization
[6.467s]   102 |     float y = local_setpoints_[waypoint_index_][1[01;31m[K][m[K;
[6.467s]       |                                                  [01;31m[K^[m[K
[6.467s] [01m[K/home/fidelis/NGCP-2024-/ws_ros2/src/px4_ros_com/src/examples/offboard/offboard_control.cpp:103:50:[m[K [01;31m[Kerror: [m[Kcannot convert ‘[01m[K__gnu_cxx::__alloc_traits<std::allocator<std::vector<float> >, std::vector<float> >::value_type[m[K’ {aka ‘[01m[Kstd::vector<float>[m[K’} to ‘[01m[Kfloat[m[K’ in initialization
[6.468s]   103 |     float z = local_setpoints_[waypoint_index_][2[01;31m[K][m[K;
[6.468s]       |                                                  [01;31m[K^[m[K
[6.468s] [01m[K/home/fidelis/NGCP-2024-/ws_ros2/src/px4_ros_com/src/examples/offboard/offboard_control.cpp:127:52:[m[K [01;31m[Kerror: [m[Krequest for member ‘[01m[Ksize[m[K’ in ‘[01m[K((OffboardPlane*)this)->OffboardPlane::local_setpoints_[m[K’, which is of pointer type ‘[01m[Kstd::vector<std::vector<float> >*[m[K’ (maybe you meant to use ‘[01m[K->[m[K’ ?)
[6.468s]   127 |         if(waypoint_index_ + 1 == local_setpoints_.[01;31m[Ksize[m[K()) {
[6.468s]       |                                                    [01;31m[K^~~~[m[K
[6.468s] In file included from [01m[K/usr/include/x86_64-linux-gnu/c++/11/bits/c++allocator.h:33[m[K,
[6.468s]                  from [01m[K/usr/include/c++/11/bits/allocator.h:46[m[K,
[6.468s]                  from [01m[K/usr/include/c++/11/unordered_map:40[m[K,
[6.468s]                  from [01m[K/usr/include/c++/11/functional:61[m[K,
[6.468s]                  from [01m[K/usr/include/c++/11/pstl/glue_algorithm_defs.h:13[m[K,
[6.468s]                  from [01m[K/usr/include/c++/11/algorithm:74[m[K,
[6.468s]                  from [01m[K/home/fidelis/NGCP-2024-/ws_ros2/install/px4_msgs/include/px4_msgs/px4_msgs/msg/detail/offboard_control_mode__struct.hpp:8[m[K,
[6.468s]                  from [01m[K/home/fidelis/NGCP-2024-/ws_ros2/install/px4_msgs/include/px4_msgs/px4_msgs/msg/offboard_control_mode.hpp:7[m[K,
[6.468s]                  from [01m[K/home/fidelis/NGCP-2024-/ws_ros2/src/px4_ros_com/src/examples/offboard/offboard_control.cpp:6[m[K:
[6.468s] /usr/include/c++/11/ext/new_allocator.h: In instantiation of ‘[01m[Kvoid __gnu_cxx::new_allocator<_Tp>::construct(_Up*, _Args&& ...) [with _Up = OffboardPlane; _Args = {const std::vector<std::vector<float, std::allocator<float> >, std::allocator<std::vector<float, std::allocator<float> > > >&}; _Tp = OffboardPlane][m[K’:
[6.468s] [01m[K/usr/include/c++/11/bits/alloc_traits.h:516:17:[m[K   required from ‘[01m[Kstatic void std::allocator_traits<std::allocator<_Tp1> >::construct(std::allocator_traits<std::allocator<_Tp1> >::allocator_type&, _Up*, _Args&& ...) [with _Up = OffboardPlane; _Args = {const std::vector<std::vector<float, std::allocator<float> >, std::allocator<std::vector<float, std::allocator<float> > > >&}; _Tp = OffboardPlane; std::allocator_traits<std::allocator<_Tp1> >::allocator_type = std::allocator<OffboardPlane>][m[K’
[6.468s] [01m[K/usr/include/c++/11/bits/shared_ptr_base.h:519:39:[m[K   required from ‘[01m[Kstd::_Sp_counted_ptr_inplace<_Tp, _Alloc, _Lp>::_Sp_counted_ptr_inplace(_Alloc, _Args&& ...) [with _Args = {const std::vector<std::vector<float, std::allocator<float> >, std::allocator<std::vector<float, std::allocator<float> > > >&}; _Tp = OffboardPlane; _Alloc = std::allocator<OffboardPlane>; __gnu_cxx::_Lock_policy _Lp = __gnu_cxx::_S_atomic][m[K’
[6.468s] [01m[K/usr/include/c++/11/bits/shared_ptr_base.h:650:16:[m[K   required from ‘[01m[Kstd::__shared_count<_Lp>::__shared_count(_Tp*&, std::_Sp_alloc_shared_tag<_Alloc>, _Args&& ...) [with _Tp = OffboardPlane; _Alloc = std::allocator<OffboardPlane>; _Args = {const std::vector<std::vector<float, std::allocator<float> >, std::allocator<std::vector<float, std::allocator<float> > > >&}; __gnu_cxx::_Lock_policy _Lp = __gnu_cxx::_S_atomic][m[K’
[6.468s] [01m[K/usr/include/c++/11/bits/shared_ptr_base.h:1342:14:[m[K   required from ‘[01m[Kstd::__shared_ptr<_Tp, _Lp>::__shared_ptr(std::_Sp_alloc_shared_tag<_Tp>, _Args&& ...) [with _Alloc = std::allocator<OffboardPlane>; _Args = {const std::vector<std::vector<float, std::allocator<float> >, std::allocator<std::vector<float, std::allocator<float> > > >&}; _Tp = OffboardPlane; __gnu_cxx::_Lock_policy _Lp = __gnu_cxx::_S_atomic][m[K’
[6.468s] [01m[K/usr/include/c++/11/bits/shared_ptr.h:409:59:[m[K   required from ‘[01m[Kstd::shared_ptr<_Tp>::shared_ptr(std::_Sp_alloc_shared_tag<_Tp>, _Args&& ...) [with _Alloc = std::allocator<OffboardPlane>; _Args = {const std::vector<std::vector<float, std::allocator<float> >, std::allocator<std::vector<float, std::allocator<float> > > >&}; _Tp = OffboardPlane][m[K’
[6.468s] [01m[K/usr/include/c++/11/bits/shared_ptr.h:862:14:[m[K   required from ‘[01m[Kstd::shared_ptr<_Tp> std::allocate_shared(const _Alloc&, _Args&& ...) [with _Tp = OffboardPlane; _Alloc = std::allocator<OffboardPlane>; _Args = {const std::vector<std::vector<float, std::allocator<float> >, std::allocator<std::vector<float, std::allocator<float> > > >&}][m[K’
[6.468s] [01m[K/usr/include/c++/11/bits/shared_ptr.h:878:39:[m[K   required from ‘[01m[Kstd::shared_ptr<_Tp> std::make_shared(_Args&& ...) [with _Tp = OffboardPlane; _Args = {const std::vector<std::vector<float, std::allocator<float> >, std::allocator<std::vector<float, std::allocator<float> > > >&}][m[K’
[6.468s] [01m[K/home/fidelis/NGCP-2024-/ws_ros2/src/px4_ros_com/src/examples/offboard/offboard_control.cpp:75:46:[m[K   required from here
[6.469s] [01m[K/usr/include/c++/11/ext/new_allocator.h:162:11:[m[K [01;31m[Kerror: [m[Kbinding reference of type ‘[01m[Kstd::vector<std::vector<float> >&[m[K’ to ‘[01m[Kconst std::vector<std::vector<float> >[m[K’ discards qualifiers
[6.469s]   162 |         { [01;31m[K::new((void *)__p) _Up(std::forward<_Args>(__args)...)[m[K; }
[6.469s]       |           [01;31m[K^~~~~~~~~~~~~~~~~~~~~~~~~~~~~~~~~~~~~~~~~~~~~~~~~~~~~~[m[K
[6.469s] [01m[K/home/fidelis/NGCP-2024-/ws_ros2/src/px4_ros_com/src/examples/offboard/offboard_control.cpp:31:50:[m[K [01;36m[Knote: [m[K  initializing argument 1 of ‘[01m[KOffboardPlane::OffboardPlane(std::vector<std::vector<float> >&)[m[K’
[6.469s]    31 |   OffboardPlane([01;36m[Kstd::vector<std::vector<float>>& local_setpoints[m[K) : Node("offboard_plane"), local_setpoints_(local_setpoints) {
[6.469s]       |                 [01;36m[K~~~~~~~~~~~~~~~~~~~~~~~~~~~~~~~~~^~~~~~~~~~~~~~~[m[K
[6.469s] gmake[2]: *** [CMakeFiles/offboard_control.dir/build.make:76: CMakeFiles/offboard_control.dir/src/examples/offboard/offboard_control.cpp.o] Error 1
[6.469s] gmake[1]: *** [CMakeFiles/Makefile2:254: CMakeFiles/offboard_control.dir/all] Error 2
[6.470s] gmake: *** [Makefile:146: all] Error 2
[6.473s] Invoked command in '/home/fidelis/NGCP-2024-/ws_ros2/build/px4_ros_com' returned '2': AMENT_PREFIX_PATH=/home/fidelis/NGCP-2024-/ws_ros2/install/px4_msgs:${AMENT_PREFIX_PATH} CMAKE_PREFIX_PATH=/home/fidelis/NGCP-2024-/ws_ros2/install/px4_msgs:/opt/ros/humble LD_LIBRARY_PATH=/home/fidelis/NGCP-2024-/ws_ros2/install/px4_msgs/lib:${LD_LIBRARY_PATH} PYTHONPATH=/home/fidelis/NGCP-2024-/ws_ros2/install/px4_msgs/local/lib/python3.10/dist-packages:${PYTHONPATH} /usr/bin/cmake --build /home/fidelis/NGCP-2024-/ws_ros2/build/px4_ros_com -- -j16 -l16
