[01m[K/home/fidelis/NGCP-2024-/ws_ros2/src/px4_ros_com/src/examples/offboard/offboard_control.cpp:[m[K In member function ‘[01m[Kvoid OffboardPlane::run()[m[K’:
[01m[K/home/fidelis/NGCP-2024-/ws_ros2/src/px4_ros_com/src/examples/offboard/offboard_control.cpp:118:36:[m[K [01;31m[Kerror: [m[Kno matching function for call to ‘[01m[KOffboardPlane::publish_vehicle_command(const uint16_t&, int, int, int)[m[K’
  118 |       [01;31m[Kthis->publish_vehicle_command(VehicleCommand::VEHICLE_CMD_DO_SET_MODE, 1, 5, 3)[m[K;
      |       [01;31m[K~~~~~~~~~~~~~~~~~~~~~~~~~~~~~^~~~~~~~~~~~~~~~~~~~~~~~~~~~~~~~~~~~~~~~~~~~~~~~~~[m[K
[01m[K/home/fidelis/NGCP-2024-/ws_ros2/src/px4_ros_com/src/examples/offboard/offboard_control.cpp:68:8:[m[K [01;36m[Knote: [m[Kcandidate: ‘[01m[Kvoid OffboardPlane::publish_vehicle_command(uint16_t, float, float)[m[K’
   68 |   void [01;36m[Kpublish_vehicle_command[m[K(uint16_t command, float param1 = 0.0,float param2 = 0.0);
      |        [01;36m[K^~~~~~~~~~~~~~~~~~~~~~~[m[K
[01m[K/home/fidelis/NGCP-2024-/ws_ros2/src/px4_ros_com/src/examples/offboard/offboard_control.cpp:68:8:[m[K [01;36m[Knote: [m[K  candidate expects 3 arguments, 4 provided
[01m[K/home/fidelis/NGCP-2024-/ws_ros2/src/px4_ros_com/src/examples/offboard/offboard_control.cpp:[m[K At global scope:
[01m[K/home/fidelis/NGCP-2024-/ws_ros2/src/px4_ros_com/src/examples/offboard/offboard_control.cpp:192:110:[m[K [01;35m[Kwarning: [m[Kconverting to non-pointer type ‘[01m[Kfloat[m[K’ from NULL [[01;35m[K-Wconversion-null[m[K]
  192 | void OffboardPlane::publish_vehicle_command(uint16_t command, float param1, float param2, float param3 = NULL[01;35m[K)[m[K {
      |                                                                                                              [01;35m[K^[m[K
[01m[K/home/fidelis/NGCP-2024-/ws_ros2/src/px4_ros_com/src/examples/offboard/offboard_control.cpp:192:6:[m[K [01;31m[Kerror: [m[Kno declaration matches ‘[01m[Kvoid OffboardPlane::publish_vehicle_command(uint16_t, float, float, float)[m[K’
  192 | void [01;31m[KOffboardPlane[m[K::publish_vehicle_command(uint16_t command, float param1, float param2, float param3 = NULL) {
      |      [01;31m[K^~~~~~~~~~~~~[m[K
[01m[K/home/fidelis/NGCP-2024-/ws_ros2/src/px4_ros_com/src/examples/offboard/offboard_control.cpp:68:8:[m[K [01;36m[Knote: [m[Kcandidate is: ‘[01m[Kvoid OffboardPlane::publish_vehicle_command(uint16_t, float, float)[m[K’
   68 |   void [01;36m[Kpublish_vehicle_command[m[K(uint16_t command, float param1 = 0.0,float param2 = 0.0);
      |        [01;36m[K^~~~~~~~~~~~~~~~~~~~~~~[m[K
[01m[K/home/fidelis/NGCP-2024-/ws_ros2/src/px4_ros_com/src/examples/offboard/offboard_control.cpp:24:7:[m[K [01;36m[Knote: [m[K‘[01m[Kclass OffboardPlane[m[K’ defined here
   24 | class [01;36m[KOffboardPlane[m[K : public rclcpp::Node {
      |       [01;36m[K^~~~~~~~~~~~~[m[K
gmake[2]: *** [CMakeFiles/offboard_control.dir/build.make:76: CMakeFiles/offboard_control.dir/src/examples/offboard/offboard_control.cpp.o] Error 1
gmake[1]: *** [CMakeFiles/Makefile2:254: CMakeFiles/offboard_control.dir/all] Error 2
gmake: *** [Makefile:146: all] Error 2
