[0.008s] Invoking command in '/home/fidelis/NGCP-2024-/ws_ros2/build/px4_ros_com': AMENT_PREFIX_PATH=/home/fidelis/NGCP-2024-/ws_ros2/install/px4_msgs:${AMENT_PREFIX_PATH} CMAKE_PREFIX_PATH=/home/fidelis/NGCP-2024-/ws_ros2/install/px4_msgs:/opt/ros/humble LD_LIBRARY_PATH=/home/fidelis/NGCP-2024-/ws_ros2/install/px4_msgs/lib:${LD_LIBRARY_PATH} PYTHONPATH=/home/fidelis/NGCP-2024-/ws_ros2/install/px4_msgs/local/lib/python3.10/dist-packages:${PYTHONPATH} /usr/bin/cmake --build /home/fidelis/NGCP-2024-/ws_ros2/build/px4_ros_com -- -j16 -l16
[0.047s] [35m[1mConsolidate compiler generated dependencies of target offboard_control[0m
[0.056s] [ 75%] Built target debug_vect_advertiser
[0.056s] [ 75%] Built target vehicle_gps_position_listener
[0.056s] [ 75%] Built target sensor_combined_listener
[0.056s] [ 75%] Built target frame_transforms
[0.056s] [ 83%] Built target offboard_control_srv
[0.061s] [ 91%] Built target ament_cmake_python_symlink_px4_ros_com
[0.061s] [ 91%] [32mBuilding CXX object CMakeFiles/offboard_control.dir/src/examples/offboard/offboard_control.cpp.o[0m
[0.183s] running egg_info
[0.192s] writing px4_ros_com.egg-info/PKG-INFO
[0.192s] writing dependency_links to px4_ros_com.egg-info/dependency_links.txt
[0.193s] writing top-level names to px4_ros_com.egg-info/top_level.txt
[0.220s] reading manifest file 'px4_ros_com.egg-info/SOURCES.txt'
[0.220s] writing manifest file 'px4_ros_com.egg-info/SOURCES.txt'
[0.248s] [ 91%] Built target ament_cmake_python_build_px4_ros_com_egg
[4.892s] [01m[K/home/fidelis/NGCP-2024-/ws_ros2/src/px4_ros_com/src/examples/offboard/offboard_control.cpp:[m[K In member function ‘[01m[Kvoid OffboardPlane::run()[m[K’:
[4.892s] [01m[K/home/fidelis/NGCP-2024-/ws_ros2/src/px4_ros_com/src/examples/offboard/offboard_control.cpp:85:49:[m[K [01;35m[Kwarning: [m[Kconversion from ‘[01m[Kunsigned int[m[K’ to ‘[01m[Kuint16_t[m[K’ {aka ‘[01m[Kshort unsigned int[m[K’} changes value from ‘[01m[K100000[m[K’ to ‘[01m[K34464[m[K’ [[01;35m[K-Woverflow[m[K]
[4.892s]    85 |   this->publish_vehicle_command([01;35m[KVehicleCommand::VEHICLE_CMD_SET_GPS_GLOBAL_ORIGIN[m[K, 0.0, 0.0);
[4.892s]       |                                 [01;35m[K~~~~~~~~~~~~~~~~^~~~~~~~~~~~~~~~~~~~~~~~~~~~~~~~~[m[K
[4.892s] [01m[K/home/fidelis/NGCP-2024-/ws_ros2/src/px4_ros_com/src/examples/offboard/offboard_control.cpp:[m[K At global scope:
[4.892s] [01m[K/home/fidelis/NGCP-2024-/ws_ros2/src/px4_ros_com/src/examples/offboard/offboard_control.cpp:188:6:[m[K [01;31m[Kerror: [m[Kno declaration matches ‘[01m[Kvoid OffboardPlane::publish_vehicle_command(uint32_t, float, float)[m[K’
[4.892s]   188 | void [01;31m[KOffboardPlane[m[K::publish_vehicle_command(uint32_t command, float param1, float param2) {
[4.892s]       |      [01;31m[K^~~~~~~~~~~~~[m[K
[4.893s] [01m[K/home/fidelis/NGCP-2024-/ws_ros2/src/px4_ros_com/src/examples/offboard/offboard_control.cpp:68:8:[m[K [01;36m[Knote: [m[Kcandidate is: ‘[01m[Kvoid OffboardPlane::publish_vehicle_command(uint16_t, float, float)[m[K’
[4.893s]    68 |   void [01;36m[Kpublish_vehicle_command[m[K(uint16_t command, float param1 = 0.0,float param2 = 0.0);
[4.893s]       |        [01;36m[K^~~~~~~~~~~~~~~~~~~~~~~[m[K
[4.893s] [01m[K/home/fidelis/NGCP-2024-/ws_ros2/src/px4_ros_com/src/examples/offboard/offboard_control.cpp:24:7:[m[K [01;36m[Knote: [m[K‘[01m[Kclass OffboardPlane[m[K’ defined here
[4.893s]    24 | class [01;36m[KOffboardPlane[m[K : public rclcpp::Node {
[4.893s]       |       [01;36m[K^~~~~~~~~~~~~[m[K
[4.894s] gmake[2]: *** [CMakeFiles/offboard_control.dir/build.make:76: CMakeFiles/offboard_control.dir/src/examples/offboard/offboard_control.cpp.o] Error 1
[4.894s] gmake[1]: *** [CMakeFiles/Makefile2:254: CMakeFiles/offboard_control.dir/all] Error 2
[4.894s] gmake: *** [Makefile:146: all] Error 2
[4.897s] Invoked command in '/home/fidelis/NGCP-2024-/ws_ros2/build/px4_ros_com' returned '2': AMENT_PREFIX_PATH=/home/fidelis/NGCP-2024-/ws_ros2/install/px4_msgs:${AMENT_PREFIX_PATH} CMAKE_PREFIX_PATH=/home/fidelis/NGCP-2024-/ws_ros2/install/px4_msgs:/opt/ros/humble LD_LIBRARY_PATH=/home/fidelis/NGCP-2024-/ws_ros2/install/px4_msgs/lib:${LD_LIBRARY_PATH} PYTHONPATH=/home/fidelis/NGCP-2024-/ws_ros2/install/px4_msgs/local/lib/python3.10/dist-packages:${PYTHONPATH} /usr/bin/cmake --build /home/fidelis/NGCP-2024-/ws_ros2/build/px4_ros_com -- -j16 -l16
