[0.084s] DEBUG:colcon:Command line arguments: ['/usr/bin/colcon', 'build']
[0.084s] DEBUG:colcon:Parsed command line arguments: Namespace(log_base=None, log_level=None, verb_name='build', build_base='build', install_base='install', merge_install=False, symlink_install=False, test_result_base=None, continue_on_error=False, executor='parallel', parallel_workers=16, event_handlers=None, ignore_user_meta=False, metas=['./colcon.meta'], base_paths=['.'], packages_ignore=None, packages_ignore_regex=None, paths=None, packages_up_to=None, packages_up_to_regex=None, packages_above=None, packages_above_and_dependencies=None, packages_above_depth=None, packages_select_by_dep=None, packages_skip_by_dep=None, packages_skip_up_to=None, packages_select_build_failed=False, packages_skip_build_finished=False, packages_select_test_failures=False, packages_skip_test_passed=False, packages_select=None, packages_skip=None, packages_select_regex=None, packages_skip_regex=None, packages_start=None, packages_end=None, allow_overriding=[], cmake_args=None, cmake_target=None, cmake_target_skip_unavailable=False, cmake_clean_cache=False, cmake_clean_first=False, cmake_force_configure=False, ament_cmake_args=None, catkin_cmake_args=None, catkin_skip_building_tests=False, mixin_files=None, mixin=None, verb_parser=<colcon_mixin.mixin.mixin_argument.MixinArgumentDecorator object at 0x7930c375ab60>, verb_extension=<colcon_core.verb.build.BuildVerb object at 0x7930c3759f00>, main=<bound method BuildVerb.main of <colcon_core.verb.build.BuildVerb object at 0x7930c3759f00>>, mixin_verb=('build',))
[0.115s] Level 1:colcon.colcon_core.package_discovery:discover_packages(colcon_meta) check parameters
[0.116s] Level 1:colcon.colcon_core.package_discovery:discover_packages(recursive) check parameters
[0.116s] Level 1:colcon.colcon_core.package_discovery:discover_packages(ignore) check parameters
[0.116s] Level 1:colcon.colcon_core.package_discovery:discover_packages(path) check parameters
[0.116s] Level 1:colcon.colcon_core.package_discovery:discover_packages(colcon_meta) discover
[0.116s] Level 1:colcon.colcon_core.package_discovery:discover_packages(recursive) discover
[0.116s] INFO:colcon.colcon_core.package_discovery:Crawling recursively for packages in '/home/fidelis/NGCP-2024-/ws_ros2'
[0.116s] Level 1:colcon.colcon_core.package_identification:_identify(.) by extensions ['ignore', 'ignore_ament_install']
[0.116s] Level 1:colcon.colcon_core.package_identification:_identify(.) by extension 'ignore'
[0.116s] Level 1:colcon.colcon_core.package_identification:_identify(.) by extension 'ignore_ament_install'
[0.116s] Level 1:colcon.colcon_core.package_identification:_identify(.) by extensions ['colcon_pkg']
[0.116s] Level 1:colcon.colcon_core.package_identification:_identify(.) by extension 'colcon_pkg'
[0.116s] Level 1:colcon.colcon_core.package_identification:_identify(.) by extensions ['colcon_meta']
[0.116s] Level 1:colcon.colcon_core.package_identification:_identify(.) by extension 'colcon_meta'
[0.116s] Level 1:colcon.colcon_core.package_identification:_identify(.) by extensions ['ros']
[0.116s] Level 1:colcon.colcon_core.package_identification:_identify(.) by extension 'ros'
[0.128s] Level 1:colcon.colcon_core.package_identification:_identify(.) by extensions ['cmake', 'python']
[0.128s] Level 1:colcon.colcon_core.package_identification:_identify(.) by extension 'cmake'
[0.128s] Level 1:colcon.colcon_core.package_identification:_identify(.) by extension 'python'
[0.128s] Level 1:colcon.colcon_core.package_identification:_identify(.) by extensions ['python_setup_py']
[0.129s] Level 1:colcon.colcon_core.package_identification:_identify(.) by extension 'python_setup_py'
[0.129s] Level 1:colcon.colcon_core.package_identification:_identify(build) by extensions ['ignore', 'ignore_ament_install']
[0.129s] Level 1:colcon.colcon_core.package_identification:_identify(build) by extension 'ignore'
[0.129s] Level 1:colcon.colcon_core.package_identification:_identify(build) ignored
[0.129s] Level 1:colcon.colcon_core.package_identification:_identify(install) by extensions ['ignore', 'ignore_ament_install']
[0.129s] Level 1:colcon.colcon_core.package_identification:_identify(install) by extension 'ignore'
[0.129s] Level 1:colcon.colcon_core.package_identification:_identify(install) ignored
[0.129s] Level 1:colcon.colcon_core.package_identification:_identify(log) by extensions ['ignore', 'ignore_ament_install']
[0.129s] Level 1:colcon.colcon_core.package_identification:_identify(log) by extension 'ignore'
[0.129s] Level 1:colcon.colcon_core.package_identification:_identify(log) ignored
[0.129s] Level 1:colcon.colcon_core.package_identification:_identify(src) by extensions ['ignore', 'ignore_ament_install']
[0.129s] Level 1:colcon.colcon_core.package_identification:_identify(src) by extension 'ignore'
[0.129s] Level 1:colcon.colcon_core.package_identification:_identify(src) by extension 'ignore_ament_install'
[0.129s] Level 1:colcon.colcon_core.package_identification:_identify(src) by extensions ['colcon_pkg']
[0.129s] Level 1:colcon.colcon_core.package_identification:_identify(src) by extension 'colcon_pkg'
[0.129s] Level 1:colcon.colcon_core.package_identification:_identify(src) by extensions ['colcon_meta']
[0.129s] Level 1:colcon.colcon_core.package_identification:_identify(src) by extension 'colcon_meta'
[0.129s] Level 1:colcon.colcon_core.package_identification:_identify(src) by extensions ['ros']
[0.129s] Level 1:colcon.colcon_core.package_identification:_identify(src) by extension 'ros'
[0.130s] Level 1:colcon.colcon_core.package_identification:_identify(src) by extensions ['cmake', 'python']
[0.130s] Level 1:colcon.colcon_core.package_identification:_identify(src) by extension 'cmake'
[0.130s] Level 1:colcon.colcon_core.package_identification:_identify(src) by extension 'python'
[0.130s] Level 1:colcon.colcon_core.package_identification:_identify(src) by extensions ['python_setup_py']
[0.130s] Level 1:colcon.colcon_core.package_identification:_identify(src) by extension 'python_setup_py'
[0.130s] Level 1:colcon.colcon_core.package_identification:_identify(src/build) by extensions ['ignore', 'ignore_ament_install']
[0.130s] Level 1:colcon.colcon_core.package_identification:_identify(src/build) by extension 'ignore'
[0.130s] Level 1:colcon.colcon_core.package_identification:_identify(src/build) ignored
[0.130s] Level 1:colcon.colcon_core.package_identification:_identify(src/install) by extensions ['ignore', 'ignore_ament_install']
[0.130s] Level 1:colcon.colcon_core.package_identification:_identify(src/install) by extension 'ignore'
[0.130s] Level 1:colcon.colcon_core.package_identification:_identify(src/install) ignored
[0.130s] Level 1:colcon.colcon_core.package_identification:_identify(src/log) by extensions ['ignore', 'ignore_ament_install']
[0.130s] Level 1:colcon.colcon_core.package_identification:_identify(src/log) by extension 'ignore'
[0.130s] Level 1:colcon.colcon_core.package_identification:_identify(src/log) ignored
[0.130s] Level 1:colcon.colcon_core.package_identification:_identify(src/px4_msgs) by extensions ['ignore', 'ignore_ament_install']
[0.130s] Level 1:colcon.colcon_core.package_identification:_identify(src/px4_msgs) by extension 'ignore'
[0.130s] Level 1:colcon.colcon_core.package_identification:_identify(src/px4_msgs) by extension 'ignore_ament_install'
[0.130s] Level 1:colcon.colcon_core.package_identification:_identify(src/px4_msgs) by extensions ['colcon_pkg']
[0.130s] Level 1:colcon.colcon_core.package_identification:_identify(src/px4_msgs) by extension 'colcon_pkg'
[0.130s] Level 1:colcon.colcon_core.package_identification:_identify(src/px4_msgs) by extensions ['colcon_meta']
[0.130s] Level 1:colcon.colcon_core.package_identification:_identify(src/px4_msgs) by extension 'colcon_meta'
[0.130s] Level 1:colcon.colcon_core.package_identification:_identify(src/px4_msgs) by extensions ['ros']
[0.130s] Level 1:colcon.colcon_core.package_identification:_identify(src/px4_msgs) by extension 'ros'
[0.133s] DEBUG:colcon.colcon_core.package_identification:Package 'src/px4_msgs' with type 'ros.ament_cmake' and name 'px4_msgs'
[0.133s] Level 1:colcon.colcon_core.package_identification:_identify(src/px4_ros_com) by extensions ['ignore', 'ignore_ament_install']
[0.133s] Level 1:colcon.colcon_core.package_identification:_identify(src/px4_ros_com) by extension 'ignore'
[0.133s] Level 1:colcon.colcon_core.package_identification:_identify(src/px4_ros_com) by extension 'ignore_ament_install'
[0.133s] Level 1:colcon.colcon_core.package_identification:_identify(src/px4_ros_com) by extensions ['colcon_pkg']
[0.133s] Level 1:colcon.colcon_core.package_identification:_identify(src/px4_ros_com) by extension 'colcon_pkg'
[0.133s] Level 1:colcon.colcon_core.package_identification:_identify(src/px4_ros_com) by extensions ['colcon_meta']
[0.133s] Level 1:colcon.colcon_core.package_identification:_identify(src/px4_ros_com) by extension 'colcon_meta'
[0.133s] Level 1:colcon.colcon_core.package_identification:_identify(src/px4_ros_com) by extensions ['ros']
[0.133s] Level 1:colcon.colcon_core.package_identification:_identify(src/px4_ros_com) by extension 'ros'
[0.134s] DEBUG:colcon.colcon_core.package_identification:Package 'src/px4_ros_com' with type 'ros.ament_cmake' and name 'px4_ros_com'
[0.134s] Level 1:colcon.colcon_core.package_discovery:discover_packages(recursive) using defaults
[0.134s] Level 1:colcon.colcon_core.package_discovery:discover_packages(ignore) discover
[0.134s] Level 1:colcon.colcon_core.package_discovery:discover_packages(ignore) using defaults
[0.134s] Level 1:colcon.colcon_core.package_discovery:discover_packages(path) discover
[0.134s] Level 1:colcon.colcon_core.package_discovery:discover_packages(path) using defaults
[0.150s] Level 1:colcon.colcon_core.package_discovery:discover_packages(prefix_path) check parameters
[0.150s] Level 1:colcon.colcon_core.package_discovery:discover_packages(prefix_path) discover
[0.152s] DEBUG:colcon.colcon_installed_package_information.package_discovery:Found 270 installed packages in /opt/ros/humble
[0.153s] Level 1:colcon.colcon_core.package_discovery:discover_packages(prefix_path) using defaults
[0.178s] Level 5:colcon.colcon_core.verb:set package 'px4_msgs' build argument 'cmake_args' from command line to 'None'
[0.178s] Level 5:colcon.colcon_core.verb:set package 'px4_msgs' build argument 'cmake_target' from command line to 'None'
[0.178s] Level 5:colcon.colcon_core.verb:set package 'px4_msgs' build argument 'cmake_target_skip_unavailable' from command line to 'False'
[0.178s] Level 5:colcon.colcon_core.verb:set package 'px4_msgs' build argument 'cmake_clean_cache' from command line to 'False'
[0.178s] Level 5:colcon.colcon_core.verb:set package 'px4_msgs' build argument 'cmake_clean_first' from command line to 'False'
[0.178s] Level 5:colcon.colcon_core.verb:set package 'px4_msgs' build argument 'cmake_force_configure' from command line to 'False'
[0.178s] Level 5:colcon.colcon_core.verb:set package 'px4_msgs' build argument 'ament_cmake_args' from command line to 'None'
[0.178s] Level 5:colcon.colcon_core.verb:set package 'px4_msgs' build argument 'catkin_cmake_args' from command line to 'None'
[0.178s] Level 5:colcon.colcon_core.verb:set package 'px4_msgs' build argument 'catkin_skip_building_tests' from command line to 'False'
[0.178s] DEBUG:colcon.colcon_core.verb:Building package 'px4_msgs' with the following arguments: {'ament_cmake_args': None, 'build_base': '/home/fidelis/NGCP-2024-/ws_ros2/build/px4_msgs', 'catkin_cmake_args': None, 'catkin_skip_building_tests': False, 'cmake_args': None, 'cmake_clean_cache': False, 'cmake_clean_first': False, 'cmake_force_configure': False, 'cmake_target': None, 'cmake_target_skip_unavailable': False, 'install_base': '/home/fidelis/NGCP-2024-/ws_ros2/install/px4_msgs', 'merge_install': False, 'path': '/home/fidelis/NGCP-2024-/ws_ros2/src/px4_msgs', 'symlink_install': False, 'test_result_base': None}
[0.178s] Level 5:colcon.colcon_core.verb:set package 'px4_ros_com' build argument 'cmake_args' from command line to 'None'
[0.178s] Level 5:colcon.colcon_core.verb:set package 'px4_ros_com' build argument 'cmake_target' from command line to 'None'
[0.178s] Level 5:colcon.colcon_core.verb:set package 'px4_ros_com' build argument 'cmake_target_skip_unavailable' from command line to 'False'
[0.178s] Level 5:colcon.colcon_core.verb:set package 'px4_ros_com' build argument 'cmake_clean_cache' from command line to 'False'
[0.178s] Level 5:colcon.colcon_core.verb:set package 'px4_ros_com' build argument 'cmake_clean_first' from command line to 'False'
[0.178s] Level 5:colcon.colcon_core.verb:set package 'px4_ros_com' build argument 'cmake_force_configure' from command line to 'False'
[0.178s] Level 5:colcon.colcon_core.verb:set package 'px4_ros_com' build argument 'ament_cmake_args' from command line to 'None'
[0.178s] Level 5:colcon.colcon_core.verb:set package 'px4_ros_com' build argument 'catkin_cmake_args' from command line to 'None'
[0.178s] Level 5:colcon.colcon_core.verb:set package 'px4_ros_com' build argument 'catkin_skip_building_tests' from command line to 'False'
[0.178s] DEBUG:colcon.colcon_core.verb:Building package 'px4_ros_com' with the following arguments: {'ament_cmake_args': None, 'build_base': '/home/fidelis/NGCP-2024-/ws_ros2/build/px4_ros_com', 'catkin_cmake_args': None, 'catkin_skip_building_tests': False, 'cmake_args': None, 'cmake_clean_cache': False, 'cmake_clean_first': False, 'cmake_force_configure': False, 'cmake_target': None, 'cmake_target_skip_unavailable': False, 'install_base': '/home/fidelis/NGCP-2024-/ws_ros2/install/px4_ros_com', 'merge_install': False, 'path': '/home/fidelis/NGCP-2024-/ws_ros2/src/px4_ros_com', 'symlink_install': False, 'test_result_base': None}
[0.178s] INFO:colcon.colcon_core.executor:Executing jobs using 'parallel' executor
[0.179s] DEBUG:colcon.colcon_parallel_executor.executor.parallel:run_until_complete
[0.179s] INFO:colcon.colcon_ros.task.ament_cmake.build:Building ROS package in '/home/fidelis/NGCP-2024-/ws_ros2/src/px4_msgs' with build type 'ament_cmake'
[0.179s] INFO:colcon.colcon_cmake.task.cmake.build:Building CMake package in '/home/fidelis/NGCP-2024-/ws_ros2/src/px4_msgs'
[0.182s] INFO:colcon.colcon_core.plugin_system:Skipping extension 'colcon_core.shell.bat': Not used on non-Windows systems
[0.182s] INFO:colcon.colcon_core.shell:Skip shell extension 'powershell' for command environment: Not usable outside of PowerShell
[0.182s] DEBUG:colcon.colcon_core.shell:Skip shell extension 'dsv' for command environment
[0.193s] DEBUG:colcon.colcon_core.event_handler.log_command:Invoking command in '/home/fidelis/NGCP-2024-/ws_ros2/build/px4_msgs': CMAKE_PREFIX_PATH=/opt/ros/humble /usr/bin/cmake --build /home/fidelis/NGCP-2024-/ws_ros2/build/px4_msgs -- -j16 -l16
[1.053s] DEBUG:colcon.colcon_core.event_handler.log_command:Invoked command in '/home/fidelis/NGCP-2024-/ws_ros2/build/px4_msgs' returned '0': CMAKE_PREFIX_PATH=/opt/ros/humble /usr/bin/cmake --build /home/fidelis/NGCP-2024-/ws_ros2/build/px4_msgs -- -j16 -l16
[5.456s] DEBUG:colcon.colcon_core.event_handler.log_command:Invoking command in '/home/fidelis/NGCP-2024-/ws_ros2/build/px4_msgs': CMAKE_PREFIX_PATH=/opt/ros/humble /usr/bin/cmake --install /home/fidelis/NGCP-2024-/ws_ros2/build/px4_msgs
[5.957s] Level 1:colcon.colcon_core.environment:create_environment_scripts_only(px4_msgs)
[5.957s] DEBUG:colcon.colcon_core.event_handler.log_command:Invoked command in '/home/fidelis/NGCP-2024-/ws_ros2/build/px4_msgs' returned '0': CMAKE_PREFIX_PATH=/opt/ros/humble /usr/bin/cmake --install /home/fidelis/NGCP-2024-/ws_ros2/build/px4_msgs
[5.959s] Level 1:colcon.colcon_core.environment:checking '/home/fidelis/NGCP-2024-/ws_ros2/install/px4_msgs' for CMake module files
[5.960s] Level 1:colcon.colcon_core.environment:checking '/home/fidelis/NGCP-2024-/ws_ros2/install/px4_msgs' for CMake config files
[5.989s] Level 1:colcon.colcon_core.shell:create_environment_hook('px4_msgs', 'cmake_prefix_path')
[5.989s] INFO:colcon.colcon_core.shell:Creating environment hook '/home/fidelis/NGCP-2024-/ws_ros2/install/px4_msgs/share/px4_msgs/hook/cmake_prefix_path.ps1'
[5.990s] INFO:colcon.colcon_core.shell:Creating environment descriptor '/home/fidelis/NGCP-2024-/ws_ros2/install/px4_msgs/share/px4_msgs/hook/cmake_prefix_path.dsv'
[5.990s] INFO:colcon.colcon_core.shell:Creating environment hook '/home/fidelis/NGCP-2024-/ws_ros2/install/px4_msgs/share/px4_msgs/hook/cmake_prefix_path.sh'
[5.991s] Level 1:colcon.colcon_core.environment:checking '/home/fidelis/NGCP-2024-/ws_ros2/install/px4_msgs/lib'
[5.991s] Level 1:colcon.colcon_core.shell:create_environment_hook('px4_msgs', 'ld_library_path_lib')
[5.991s] INFO:colcon.colcon_core.shell:Creating environment hook '/home/fidelis/NGCP-2024-/ws_ros2/install/px4_msgs/share/px4_msgs/hook/ld_library_path_lib.ps1'
[5.991s] INFO:colcon.colcon_core.shell:Creating environment descriptor '/home/fidelis/NGCP-2024-/ws_ros2/install/px4_msgs/share/px4_msgs/hook/ld_library_path_lib.dsv'
[5.991s] INFO:colcon.colcon_core.shell:Creating environment hook '/home/fidelis/NGCP-2024-/ws_ros2/install/px4_msgs/share/px4_msgs/hook/ld_library_path_lib.sh'
[5.992s] Level 1:colcon.colcon_core.environment:checking '/home/fidelis/NGCP-2024-/ws_ros2/install/px4_msgs/bin'
[5.992s] Level 1:colcon.colcon_core.environment:checking '/home/fidelis/NGCP-2024-/ws_ros2/install/px4_msgs/lib/pkgconfig/px4_msgs.pc'
[5.992s] Level 1:colcon.colcon_core.environment:checking '/home/fidelis/NGCP-2024-/ws_ros2/install/px4_msgs/lib/python3.10/site-packages'
[5.992s] Level 1:colcon.colcon_core.environment:checking '/home/fidelis/NGCP-2024-/ws_ros2/install/px4_msgs/bin'
[5.992s] INFO:colcon.colcon_core.shell:Creating package script '/home/fidelis/NGCP-2024-/ws_ros2/install/px4_msgs/share/px4_msgs/package.ps1'
[5.993s] INFO:colcon.colcon_core.shell:Creating package descriptor '/home/fidelis/NGCP-2024-/ws_ros2/install/px4_msgs/share/px4_msgs/package.dsv'
[5.993s] INFO:colcon.colcon_core.shell:Creating package script '/home/fidelis/NGCP-2024-/ws_ros2/install/px4_msgs/share/px4_msgs/package.sh'
[5.993s] INFO:colcon.colcon_core.shell:Creating package script '/home/fidelis/NGCP-2024-/ws_ros2/install/px4_msgs/share/px4_msgs/package.bash'
[5.994s] INFO:colcon.colcon_core.shell:Creating package script '/home/fidelis/NGCP-2024-/ws_ros2/install/px4_msgs/share/px4_msgs/package.zsh'
[5.994s] Level 1:colcon.colcon_core.environment:create_file_with_runtime_dependencies(/home/fidelis/NGCP-2024-/ws_ros2/install/px4_msgs/share/colcon-core/packages/px4_msgs)
[10.405s] Level 1:colcon.colcon_core.environment:create_environment_scripts_only(px4_msgs)
[10.405s] Level 1:colcon.colcon_core.environment:checking '/home/fidelis/NGCP-2024-/ws_ros2/install/px4_msgs' for CMake module files
[10.406s] Level 1:colcon.colcon_core.environment:checking '/home/fidelis/NGCP-2024-/ws_ros2/install/px4_msgs' for CMake config files
[10.438s] Level 1:colcon.colcon_core.shell:create_environment_hook('px4_msgs', 'cmake_prefix_path')
[10.439s] INFO:colcon.colcon_core.shell:Creating environment hook '/home/fidelis/NGCP-2024-/ws_ros2/install/px4_msgs/share/px4_msgs/hook/cmake_prefix_path.ps1'
[10.439s] INFO:colcon.colcon_core.shell:Creating environment descriptor '/home/fidelis/NGCP-2024-/ws_ros2/install/px4_msgs/share/px4_msgs/hook/cmake_prefix_path.dsv'
[10.440s] INFO:colcon.colcon_core.shell:Creating environment hook '/home/fidelis/NGCP-2024-/ws_ros2/install/px4_msgs/share/px4_msgs/hook/cmake_prefix_path.sh'
[10.440s] Level 1:colcon.colcon_core.environment:checking '/home/fidelis/NGCP-2024-/ws_ros2/install/px4_msgs/lib'
[10.440s] Level 1:colcon.colcon_core.shell:create_environment_hook('px4_msgs', 'ld_library_path_lib')
[10.441s] INFO:colcon.colcon_core.shell:Creating environment hook '/home/fidelis/NGCP-2024-/ws_ros2/install/px4_msgs/share/px4_msgs/hook/ld_library_path_lib.ps1'
[10.441s] INFO:colcon.colcon_core.shell:Creating environment descriptor '/home/fidelis/NGCP-2024-/ws_ros2/install/px4_msgs/share/px4_msgs/hook/ld_library_path_lib.dsv'
[10.441s] INFO:colcon.colcon_core.shell:Creating environment hook '/home/fidelis/NGCP-2024-/ws_ros2/install/px4_msgs/share/px4_msgs/hook/ld_library_path_lib.sh'
[10.441s] Level 1:colcon.colcon_core.environment:checking '/home/fidelis/NGCP-2024-/ws_ros2/install/px4_msgs/bin'
[10.441s] Level 1:colcon.colcon_core.environment:checking '/home/fidelis/NGCP-2024-/ws_ros2/install/px4_msgs/lib/pkgconfig/px4_msgs.pc'
[10.442s] Level 1:colcon.colcon_core.environment:checking '/home/fidelis/NGCP-2024-/ws_ros2/install/px4_msgs/lib/python3.10/site-packages'
[10.442s] Level 1:colcon.colcon_core.environment:checking '/home/fidelis/NGCP-2024-/ws_ros2/install/px4_msgs/bin'
[10.442s] INFO:colcon.colcon_core.shell:Creating package script '/home/fidelis/NGCP-2024-/ws_ros2/install/px4_msgs/share/px4_msgs/package.ps1'
[10.442s] INFO:colcon.colcon_core.shell:Creating package descriptor '/home/fidelis/NGCP-2024-/ws_ros2/install/px4_msgs/share/px4_msgs/package.dsv'
[10.443s] INFO:colcon.colcon_core.shell:Creating package script '/home/fidelis/NGCP-2024-/ws_ros2/install/px4_msgs/share/px4_msgs/package.sh'
[10.443s] INFO:colcon.colcon_core.shell:Creating package script '/home/fidelis/NGCP-2024-/ws_ros2/install/px4_msgs/share/px4_msgs/package.bash'
[10.443s] INFO:colcon.colcon_core.shell:Creating package script '/home/fidelis/NGCP-2024-/ws_ros2/install/px4_msgs/share/px4_msgs/package.zsh'
[10.444s] Level 1:colcon.colcon_core.environment:create_file_with_runtime_dependencies(/home/fidelis/NGCP-2024-/ws_ros2/install/px4_msgs/share/colcon-core/packages/px4_msgs)
[10.444s] INFO:colcon.colcon_ros.task.ament_cmake.build:Building ROS package in '/home/fidelis/NGCP-2024-/ws_ros2/src/px4_ros_com' with build type 'ament_cmake'
[10.444s] INFO:colcon.colcon_cmake.task.cmake.build:Building CMake package in '/home/fidelis/NGCP-2024-/ws_ros2/src/px4_ros_com'
[10.445s] INFO:colcon.colcon_core.shell:Skip shell extension 'powershell' for command environment: Not usable outside of PowerShell
[10.445s] DEBUG:colcon.colcon_core.shell:Skip shell extension 'dsv' for command environment
[10.458s] DEBUG:colcon.colcon_core.event_handler.log_command:Invoking command in '/home/fidelis/NGCP-2024-/ws_ros2/build/px4_ros_com': AMENT_PREFIX_PATH=/home/fidelis/NGCP-2024-/ws_ros2/install/px4_msgs:${AMENT_PREFIX_PATH} CMAKE_PREFIX_PATH=/home/fidelis/NGCP-2024-/ws_ros2/install/px4_msgs:/opt/ros/humble LD_LIBRARY_PATH=/home/fidelis/NGCP-2024-/ws_ros2/install/px4_msgs/lib:${LD_LIBRARY_PATH} PYTHONPATH=/home/fidelis/NGCP-2024-/ws_ros2/install/px4_msgs/local/lib/python3.10/dist-packages:${PYTHONPATH} /usr/bin/cmake --build /home/fidelis/NGCP-2024-/ws_ros2/build/px4_ros_com -- -j16 -l16
[24.160s] DEBUG:colcon.colcon_core.event_handler.log_command:Invoked command in '/home/fidelis/NGCP-2024-/ws_ros2/build/px4_ros_com' returned '0': AMENT_PREFIX_PATH=/home/fidelis/NGCP-2024-/ws_ros2/install/px4_msgs:${AMENT_PREFIX_PATH} CMAKE_PREFIX_PATH=/home/fidelis/NGCP-2024-/ws_ros2/install/px4_msgs:/opt/ros/humble LD_LIBRARY_PATH=/home/fidelis/NGCP-2024-/ws_ros2/install/px4_msgs/lib:${LD_LIBRARY_PATH} PYTHONPATH=/home/fidelis/NGCP-2024-/ws_ros2/install/px4_msgs/local/lib/python3.10/dist-packages:${PYTHONPATH} /usr/bin/cmake --build /home/fidelis/NGCP-2024-/ws_ros2/build/px4_ros_com -- -j16 -l16
[24.206s] DEBUG:colcon.colcon_core.event_handler.log_command:Invoking command in '/home/fidelis/NGCP-2024-/ws_ros2/build/px4_ros_com': AMENT_PREFIX_PATH=/home/fidelis/NGCP-2024-/ws_ros2/install/px4_msgs:${AMENT_PREFIX_PATH} CMAKE_PREFIX_PATH=/home/fidelis/NGCP-2024-/ws_ros2/install/px4_msgs:/opt/ros/humble LD_LIBRARY_PATH=/home/fidelis/NGCP-2024-/ws_ros2/install/px4_msgs/lib:${LD_LIBRARY_PATH} PYTHONPATH=/home/fidelis/NGCP-2024-/ws_ros2/install/px4_msgs/local/lib/python3.10/dist-packages:${PYTHONPATH} /usr/bin/cmake --install /home/fidelis/NGCP-2024-/ws_ros2/build/px4_ros_com
[24.266s] Level 1:colcon.colcon_core.environment:create_environment_scripts_only(px4_ros_com)
[24.267s] Level 1:colcon.colcon_core.environment:checking '/home/fidelis/NGCP-2024-/ws_ros2/install/px4_ros_com' for CMake module files
[24.268s] DEBUG:colcon.colcon_core.event_handler.log_command:Invoked command in '/home/fidelis/NGCP-2024-/ws_ros2/build/px4_ros_com' returned '0': AMENT_PREFIX_PATH=/home/fidelis/NGCP-2024-/ws_ros2/install/px4_msgs:${AMENT_PREFIX_PATH} CMAKE_PREFIX_PATH=/home/fidelis/NGCP-2024-/ws_ros2/install/px4_msgs:/opt/ros/humble LD_LIBRARY_PATH=/home/fidelis/NGCP-2024-/ws_ros2/install/px4_msgs/lib:${LD_LIBRARY_PATH} PYTHONPATH=/home/fidelis/NGCP-2024-/ws_ros2/install/px4_msgs/local/lib/python3.10/dist-packages:${PYTHONPATH} /usr/bin/cmake --install /home/fidelis/NGCP-2024-/ws_ros2/build/px4_ros_com
[24.268s] Level 1:colcon.colcon_core.environment:checking '/home/fidelis/NGCP-2024-/ws_ros2/install/px4_ros_com' for CMake config files
[24.269s] Level 1:colcon.colcon_core.shell:create_environment_hook('px4_ros_com', 'cmake_prefix_path')
[24.269s] INFO:colcon.colcon_core.shell:Creating environment hook '/home/fidelis/NGCP-2024-/ws_ros2/install/px4_ros_com/share/px4_ros_com/hook/cmake_prefix_path.ps1'
[24.270s] INFO:colcon.colcon_core.shell:Creating environment descriptor '/home/fidelis/NGCP-2024-/ws_ros2/install/px4_ros_com/share/px4_ros_com/hook/cmake_prefix_path.dsv'
[24.270s] INFO:colcon.colcon_core.shell:Creating environment hook '/home/fidelis/NGCP-2024-/ws_ros2/install/px4_ros_com/share/px4_ros_com/hook/cmake_prefix_path.sh'
[24.271s] Level 1:colcon.colcon_core.environment:checking '/home/fidelis/NGCP-2024-/ws_ros2/install/px4_ros_com/lib'
[24.271s] Level 1:colcon.colcon_core.shell:create_environment_hook('px4_ros_com', 'ld_library_path_lib')
[24.271s] INFO:colcon.colcon_core.shell:Creating environment hook '/home/fidelis/NGCP-2024-/ws_ros2/install/px4_ros_com/share/px4_ros_com/hook/ld_library_path_lib.ps1'
[24.271s] INFO:colcon.colcon_core.shell:Creating environment descriptor '/home/fidelis/NGCP-2024-/ws_ros2/install/px4_ros_com/share/px4_ros_com/hook/ld_library_path_lib.dsv'
[24.271s] INFO:colcon.colcon_core.shell:Creating environment hook '/home/fidelis/NGCP-2024-/ws_ros2/install/px4_ros_com/share/px4_ros_com/hook/ld_library_path_lib.sh'
[24.272s] Level 1:colcon.colcon_core.environment:checking '/home/fidelis/NGCP-2024-/ws_ros2/install/px4_ros_com/bin'
[24.272s] Level 1:colcon.colcon_core.environment:checking '/home/fidelis/NGCP-2024-/ws_ros2/install/px4_ros_com/lib/pkgconfig/px4_ros_com.pc'
[24.272s] Level 1:colcon.colcon_core.environment:checking '/home/fidelis/NGCP-2024-/ws_ros2/install/px4_ros_com/lib/python3.10/site-packages'
[24.272s] Level 1:colcon.colcon_core.environment:checking '/home/fidelis/NGCP-2024-/ws_ros2/install/px4_ros_com/bin'
[24.272s] INFO:colcon.colcon_core.shell:Creating package script '/home/fidelis/NGCP-2024-/ws_ros2/install/px4_ros_com/share/px4_ros_com/package.ps1'
[24.272s] INFO:colcon.colcon_core.shell:Creating package descriptor '/home/fidelis/NGCP-2024-/ws_ros2/install/px4_ros_com/share/px4_ros_com/package.dsv'
[24.273s] INFO:colcon.colcon_core.shell:Creating package script '/home/fidelis/NGCP-2024-/ws_ros2/install/px4_ros_com/share/px4_ros_com/package.sh'
[24.273s] INFO:colcon.colcon_core.shell:Creating package script '/home/fidelis/NGCP-2024-/ws_ros2/install/px4_ros_com/share/px4_ros_com/package.bash'
[24.273s] INFO:colcon.colcon_core.shell:Creating package script '/home/fidelis/NGCP-2024-/ws_ros2/install/px4_ros_com/share/px4_ros_com/package.zsh'
[24.273s] Level 1:colcon.colcon_core.environment:create_file_with_runtime_dependencies(/home/fidelis/NGCP-2024-/ws_ros2/install/px4_ros_com/share/colcon-core/packages/px4_ros_com)
[24.317s] Level 1:colcon.colcon_core.environment:create_environment_scripts_only(px4_ros_com)
[24.317s] Level 1:colcon.colcon_core.environment:checking '/home/fidelis/NGCP-2024-/ws_ros2/install/px4_ros_com' for CMake module files
[24.318s] Level 1:colcon.colcon_core.environment:checking '/home/fidelis/NGCP-2024-/ws_ros2/install/px4_ros_com' for CMake config files
[24.319s] Level 1:colcon.colcon_core.shell:create_environment_hook('px4_ros_com', 'cmake_prefix_path')
[24.319s] INFO:colcon.colcon_core.shell:Creating environment hook '/home/fidelis/NGCP-2024-/ws_ros2/install/px4_ros_com/share/px4_ros_com/hook/cmake_prefix_path.ps1'
[24.319s] INFO:colcon.colcon_core.shell:Creating environment descriptor '/home/fidelis/NGCP-2024-/ws_ros2/install/px4_ros_com/share/px4_ros_com/hook/cmake_prefix_path.dsv'
[24.320s] INFO:colcon.colcon_core.shell:Creating environment hook '/home/fidelis/NGCP-2024-/ws_ros2/install/px4_ros_com/share/px4_ros_com/hook/cmake_prefix_path.sh'
[24.320s] Level 1:colcon.colcon_core.environment:checking '/home/fidelis/NGCP-2024-/ws_ros2/install/px4_ros_com/lib'
[24.320s] Level 1:colcon.colcon_core.shell:create_environment_hook('px4_ros_com', 'ld_library_path_lib')
[24.320s] INFO:colcon.colcon_core.shell:Creating environment hook '/home/fidelis/NGCP-2024-/ws_ros2/install/px4_ros_com/share/px4_ros_com/hook/ld_library_path_lib.ps1'
[24.321s] INFO:colcon.colcon_core.shell:Creating environment descriptor '/home/fidelis/NGCP-2024-/ws_ros2/install/px4_ros_com/share/px4_ros_com/hook/ld_library_path_lib.dsv'
[24.321s] INFO:colcon.colcon_core.shell:Creating environment hook '/home/fidelis/NGCP-2024-/ws_ros2/install/px4_ros_com/share/px4_ros_com/hook/ld_library_path_lib.sh'
[24.321s] Level 1:colcon.colcon_core.environment:checking '/home/fidelis/NGCP-2024-/ws_ros2/install/px4_ros_com/bin'
[24.321s] Level 1:colcon.colcon_core.environment:checking '/home/fidelis/NGCP-2024-/ws_ros2/install/px4_ros_com/lib/pkgconfig/px4_ros_com.pc'
[24.321s] Level 1:colcon.colcon_core.environment:checking '/home/fidelis/NGCP-2024-/ws_ros2/install/px4_ros_com/lib/python3.10/site-packages'
[24.322s] Level 1:colcon.colcon_core.environment:checking '/home/fidelis/NGCP-2024-/ws_ros2/install/px4_ros_com/bin'
[24.322s] INFO:colcon.colcon_core.shell:Creating package script '/home/fidelis/NGCP-2024-/ws_ros2/install/px4_ros_com/share/px4_ros_com/package.ps1'
[24.322s] INFO:colcon.colcon_core.shell:Creating package descriptor '/home/fidelis/NGCP-2024-/ws_ros2/install/px4_ros_com/share/px4_ros_com/package.dsv'
[24.323s] INFO:colcon.colcon_core.shell:Creating package script '/home/fidelis/NGCP-2024-/ws_ros2/install/px4_ros_com/share/px4_ros_com/package.sh'
[24.323s] INFO:colcon.colcon_core.shell:Creating package script '/home/fidelis/NGCP-2024-/ws_ros2/install/px4_ros_com/share/px4_ros_com/package.bash'
[24.323s] INFO:colcon.colcon_core.shell:Creating package script '/home/fidelis/NGCP-2024-/ws_ros2/install/px4_ros_com/share/px4_ros_com/package.zsh'
[24.323s] Level 1:colcon.colcon_core.environment:create_file_with_runtime_dependencies(/home/fidelis/NGCP-2024-/ws_ros2/install/px4_ros_com/share/colcon-core/packages/px4_ros_com)
[24.324s] DEBUG:colcon.colcon_parallel_executor.executor.parallel:closing loop
[24.324s] DEBUG:colcon.colcon_parallel_executor.executor.parallel:loop closed
[24.324s] DEBUG:colcon.colcon_parallel_executor.executor.parallel:run_until_complete finished with '0'
[24.324s] DEBUG:colcon.colcon_core.event_reactor:joining thread
[24.329s] INFO:colcon.colcon_core.plugin_system:Skipping extension 'colcon_notification.desktop_notification.terminal_notifier': Not used on non-Darwin systems
[24.329s] INFO:colcon.colcon_core.plugin_system:Skipping extension 'colcon_notification.desktop_notification.win32': Not used on non-Windows systems
[24.329s] INFO:colcon.colcon_notification.desktop_notification:Sending desktop notification using 'notify2'
[24.342s] DEBUG:colcon.colcon_core.event_reactor:joined thread
[24.342s] INFO:colcon.colcon_core.shell:Creating prefix script '/home/fidelis/NGCP-2024-/ws_ros2/install/local_setup.ps1'
[24.344s] INFO:colcon.colcon_core.shell:Creating prefix util module '/home/fidelis/NGCP-2024-/ws_ros2/install/_local_setup_util_ps1.py'
[24.347s] INFO:colcon.colcon_core.shell:Creating prefix chain script '/home/fidelis/NGCP-2024-/ws_ros2/install/setup.ps1'
[24.348s] INFO:colcon.colcon_core.shell:Creating prefix script '/home/fidelis/NGCP-2024-/ws_ros2/install/local_setup.sh'
[24.348s] INFO:colcon.colcon_core.shell:Creating prefix util module '/home/fidelis/NGCP-2024-/ws_ros2/install/_local_setup_util_sh.py'
[24.348s] INFO:colcon.colcon_core.shell:Creating prefix chain script '/home/fidelis/NGCP-2024-/ws_ros2/install/setup.sh'
[24.349s] INFO:colcon.colcon_core.shell:Creating prefix script '/home/fidelis/NGCP-2024-/ws_ros2/install/local_setup.bash'
[24.349s] INFO:colcon.colcon_core.shell:Creating prefix chain script '/home/fidelis/NGCP-2024-/ws_ros2/install/setup.bash'
[24.350s] INFO:colcon.colcon_core.shell:Creating prefix script '/home/fidelis/NGCP-2024-/ws_ros2/install/local_setup.zsh'
[24.350s] INFO:colcon.colcon_core.shell:Creating prefix chain script '/home/fidelis/NGCP-2024-/ws_ros2/install/setup.zsh'
