[0.091s] DEBUG:colcon:Command line arguments: ['/usr/bin/colcon', 'build']
[0.091s] DEBUG:colcon:Parsed command line arguments: Namespace(log_base=None, log_level=None, verb_name='build', build_base='build', install_base='install', merge_install=False, symlink_install=False, test_result_base=None, continue_on_error=False, executor='parallel', parallel_workers=16, event_handlers=None, ignore_user_meta=False, metas=['./colcon.meta'], base_paths=['.'], packages_ignore=None, packages_ignore_regex=None, paths=None, packages_up_to=None, packages_up_to_regex=None, packages_above=None, packages_above_and_dependencies=None, packages_above_depth=None, packages_select_by_dep=None, packages_skip_by_dep=None, packages_skip_up_to=None, packages_select_build_failed=False, packages_skip_build_finished=False, packages_select_test_failures=False, packages_skip_test_passed=False, packages_select=None, packages_skip=None, packages_select_regex=None, packages_skip_regex=None, packages_start=None, packages_end=None, allow_overriding=[], cmake_args=None, cmake_target=None, cmake_target_skip_unavailable=False, cmake_clean_cache=False, cmake_clean_first=False, cmake_force_configure=False, ament_cmake_args=None, catkin_cmake_args=None, catkin_skip_building_tests=False, mixin_files=None, mixin=None, verb_parser=<colcon_mixin.mixin.mixin_argument.MixinArgumentDecorator object at 0x75571fa56b30>, verb_extension=<colcon_core.verb.build.BuildVerb object at 0x75571fa55ed0>, main=<bound method BuildVerb.main of <colcon_core.verb.build.BuildVerb object at 0x75571fa55ed0>>, mixin_verb=('build',))
[0.122s] Level 1:colcon.colcon_core.package_discovery:discover_packages(colcon_meta) check parameters
[0.123s] Level 1:colcon.colcon_core.package_discovery:discover_packages(recursive) check parameters
[0.123s] Level 1:colcon.colcon_core.package_discovery:discover_packages(ignore) check parameters
[0.123s] Level 1:colcon.colcon_core.package_discovery:discover_packages(path) check parameters
[0.123s] Level 1:colcon.colcon_core.package_discovery:discover_packages(colcon_meta) discover
[0.123s] Level 1:colcon.colcon_core.package_discovery:discover_packages(recursive) discover
[0.123s] INFO:colcon.colcon_core.package_discovery:Crawling recursively for packages in '/home/fidelis/NGCP-2024-'
[0.123s] Level 1:colcon.colcon_core.package_identification:_identify(.) by extensions ['ignore', 'ignore_ament_install']
[0.123s] Level 1:colcon.colcon_core.package_identification:_identify(.) by extension 'ignore'
[0.123s] Level 1:colcon.colcon_core.package_identification:_identify(.) by extension 'ignore_ament_install'
[0.123s] Level 1:colcon.colcon_core.package_identification:_identify(.) by extensions ['colcon_pkg']
[0.123s] Level 1:colcon.colcon_core.package_identification:_identify(.) by extension 'colcon_pkg'
[0.123s] Level 1:colcon.colcon_core.package_identification:_identify(.) by extensions ['colcon_meta']
[0.123s] Level 1:colcon.colcon_core.package_identification:_identify(.) by extension 'colcon_meta'
[0.123s] Level 1:colcon.colcon_core.package_identification:_identify(.) by extensions ['ros']
[0.123s] Level 1:colcon.colcon_core.package_identification:_identify(.) by extension 'ros'
[0.135s] Level 1:colcon.colcon_core.package_identification:_identify(.) by extensions ['cmake', 'python']
[0.135s] Level 1:colcon.colcon_core.package_identification:_identify(.) by extension 'cmake'
[0.135s] Level 1:colcon.colcon_core.package_identification:_identify(.) by extension 'python'
[0.135s] Level 1:colcon.colcon_core.package_identification:_identify(.) by extensions ['python_setup_py']
[0.135s] Level 1:colcon.colcon_core.package_identification:_identify(.) by extension 'python_setup_py'
[0.136s] Level 1:colcon.colcon_core.package_identification:_identify(Micro-XRCE-DDS-Agent) by extensions ['ignore', 'ignore_ament_install']
[0.136s] Level 1:colcon.colcon_core.package_identification:_identify(Micro-XRCE-DDS-Agent) by extension 'ignore'
[0.136s] Level 1:colcon.colcon_core.package_identification:_identify(Micro-XRCE-DDS-Agent) by extension 'ignore_ament_install'
[0.136s] Level 1:colcon.colcon_core.package_identification:_identify(Micro-XRCE-DDS-Agent) by extensions ['colcon_pkg']
[0.136s] Level 1:colcon.colcon_core.package_identification:_identify(Micro-XRCE-DDS-Agent) by extension 'colcon_pkg'
[0.136s] Level 1:colcon.colcon_core.package_identification:_identify(Micro-XRCE-DDS-Agent) by extensions ['colcon_meta']
[0.136s] Level 1:colcon.colcon_core.package_identification:_identify(Micro-XRCE-DDS-Agent) by extension 'colcon_meta'
[0.136s] Level 1:colcon.colcon_core.package_identification:_identify(Micro-XRCE-DDS-Agent) by extensions ['ros']
[0.136s] Level 1:colcon.colcon_core.package_identification:_identify(Micro-XRCE-DDS-Agent) by extension 'ros'
[0.136s] Level 1:colcon.colcon_core.package_identification:_identify(Micro-XRCE-DDS-Agent) by extensions ['cmake', 'python']
[0.136s] Level 1:colcon.colcon_core.package_identification:_identify(Micro-XRCE-DDS-Agent) by extension 'cmake'
[0.136s] Level 1:colcon.colcon_core.package_identification:_identify(Micro-XRCE-DDS-Agent) by extension 'python'
[0.136s] Level 1:colcon.colcon_core.package_identification:_identify(Micro-XRCE-DDS-Agent) by extensions ['python_setup_py']
[0.136s] Level 1:colcon.colcon_core.package_identification:_identify(Micro-XRCE-DDS-Agent) by extension 'python_setup_py'
[0.136s] Level 1:colcon.colcon_core.package_identification:_identify(PX4-Autopilot) by extensions ['ignore', 'ignore_ament_install']
[0.136s] Level 1:colcon.colcon_core.package_identification:_identify(PX4-Autopilot) by extension 'ignore'
[0.136s] Level 1:colcon.colcon_core.package_identification:_identify(PX4-Autopilot) by extension 'ignore_ament_install'
[0.136s] Level 1:colcon.colcon_core.package_identification:_identify(PX4-Autopilot) by extensions ['colcon_pkg']
[0.136s] Level 1:colcon.colcon_core.package_identification:_identify(PX4-Autopilot) by extension 'colcon_pkg'
[0.136s] Level 1:colcon.colcon_core.package_identification:_identify(PX4-Autopilot) by extensions ['colcon_meta']
[0.136s] Level 1:colcon.colcon_core.package_identification:_identify(PX4-Autopilot) by extension 'colcon_meta'
[0.136s] Level 1:colcon.colcon_core.package_identification:_identify(PX4-Autopilot) by extensions ['ros']
[0.136s] Level 1:colcon.colcon_core.package_identification:_identify(PX4-Autopilot) by extension 'ros'
[0.136s] Level 1:colcon.colcon_core.package_identification:_identify(PX4-Autopilot) by extensions ['cmake', 'python']
[0.136s] Level 1:colcon.colcon_core.package_identification:_identify(PX4-Autopilot) by extension 'cmake'
[0.136s] Level 1:colcon.colcon_core.package_identification:_identify(PX4-Autopilot) by extension 'python'
[0.136s] Level 1:colcon.colcon_core.package_identification:_identify(PX4-Autopilot) by extensions ['python_setup_py']
[0.136s] Level 1:colcon.colcon_core.package_identification:_identify(PX4-Autopilot) by extension 'python_setup_py'
[0.137s] Level 1:colcon.colcon_core.package_identification:_identify(build) by extensions ['ignore', 'ignore_ament_install']
[0.137s] Level 1:colcon.colcon_core.package_identification:_identify(build) by extension 'ignore'
[0.137s] Level 1:colcon.colcon_core.package_identification:_identify(build) ignored
[0.137s] Level 1:colcon.colcon_core.package_identification:_identify(install) by extensions ['ignore', 'ignore_ament_install']
[0.137s] Level 1:colcon.colcon_core.package_identification:_identify(install) by extension 'ignore'
[0.137s] Level 1:colcon.colcon_core.package_identification:_identify(install) ignored
[0.137s] Level 1:colcon.colcon_core.package_identification:_identify(log) by extensions ['ignore', 'ignore_ament_install']
[0.137s] Level 1:colcon.colcon_core.package_identification:_identify(log) by extension 'ignore'
[0.137s] Level 1:colcon.colcon_core.package_identification:_identify(log) ignored
[0.137s] Level 1:colcon.colcon_core.package_identification:_identify(ws_ros2) by extensions ['ignore', 'ignore_ament_install']
[0.137s] Level 1:colcon.colcon_core.package_identification:_identify(ws_ros2) by extension 'ignore'
[0.137s] Level 1:colcon.colcon_core.package_identification:_identify(ws_ros2) by extension 'ignore_ament_install'
[0.137s] Level 1:colcon.colcon_core.package_identification:_identify(ws_ros2) by extensions ['colcon_pkg']
[0.137s] Level 1:colcon.colcon_core.package_identification:_identify(ws_ros2) by extension 'colcon_pkg'
[0.137s] Level 1:colcon.colcon_core.package_identification:_identify(ws_ros2) by extensions ['colcon_meta']
[0.137s] Level 1:colcon.colcon_core.package_identification:_identify(ws_ros2) by extension 'colcon_meta'
[0.137s] Level 1:colcon.colcon_core.package_identification:_identify(ws_ros2) by extensions ['ros']
[0.137s] Level 1:colcon.colcon_core.package_identification:_identify(ws_ros2) by extension 'ros'
[0.137s] Level 1:colcon.colcon_core.package_identification:_identify(ws_ros2) by extensions ['cmake', 'python']
[0.137s] Level 1:colcon.colcon_core.package_identification:_identify(ws_ros2) by extension 'cmake'
[0.137s] Level 1:colcon.colcon_core.package_identification:_identify(ws_ros2) by extension 'python'
[0.137s] Level 1:colcon.colcon_core.package_identification:_identify(ws_ros2) by extensions ['python_setup_py']
[0.137s] Level 1:colcon.colcon_core.package_identification:_identify(ws_ros2) by extension 'python_setup_py'
[0.138s] Level 1:colcon.colcon_core.package_identification:_identify(ws_ros2/build) by extensions ['ignore', 'ignore_ament_install']
[0.138s] Level 1:colcon.colcon_core.package_identification:_identify(ws_ros2/build) by extension 'ignore'
[0.138s] Level 1:colcon.colcon_core.package_identification:_identify(ws_ros2/build) ignored
[0.138s] Level 1:colcon.colcon_core.package_identification:_identify(ws_ros2/install) by extensions ['ignore', 'ignore_ament_install']
[0.138s] Level 1:colcon.colcon_core.package_identification:_identify(ws_ros2/install) by extension 'ignore'
[0.138s] Level 1:colcon.colcon_core.package_identification:_identify(ws_ros2/install) ignored
[0.138s] Level 1:colcon.colcon_core.package_identification:_identify(ws_ros2/log) by extensions ['ignore', 'ignore_ament_install']
[0.138s] Level 1:colcon.colcon_core.package_identification:_identify(ws_ros2/log) by extension 'ignore'
[0.138s] Level 1:colcon.colcon_core.package_identification:_identify(ws_ros2/log) ignored
[0.138s] Level 1:colcon.colcon_core.package_identification:_identify(ws_ros2/src) by extensions ['ignore', 'ignore_ament_install']
[0.138s] Level 1:colcon.colcon_core.package_identification:_identify(ws_ros2/src) by extension 'ignore'
[0.138s] Level 1:colcon.colcon_core.package_identification:_identify(ws_ros2/src) by extension 'ignore_ament_install'
[0.138s] Level 1:colcon.colcon_core.package_identification:_identify(ws_ros2/src) by extensions ['colcon_pkg']
[0.138s] Level 1:colcon.colcon_core.package_identification:_identify(ws_ros2/src) by extension 'colcon_pkg'
[0.138s] Level 1:colcon.colcon_core.package_identification:_identify(ws_ros2/src) by extensions ['colcon_meta']
[0.138s] Level 1:colcon.colcon_core.package_identification:_identify(ws_ros2/src) by extension 'colcon_meta'
[0.138s] Level 1:colcon.colcon_core.package_identification:_identify(ws_ros2/src) by extensions ['ros']
[0.138s] Level 1:colcon.colcon_core.package_identification:_identify(ws_ros2/src) by extension 'ros'
[0.138s] Level 1:colcon.colcon_core.package_identification:_identify(ws_ros2/src) by extensions ['cmake', 'python']
[0.138s] Level 1:colcon.colcon_core.package_identification:_identify(ws_ros2/src) by extension 'cmake'
[0.138s] Level 1:colcon.colcon_core.package_identification:_identify(ws_ros2/src) by extension 'python'
[0.138s] Level 1:colcon.colcon_core.package_identification:_identify(ws_ros2/src) by extensions ['python_setup_py']
[0.138s] Level 1:colcon.colcon_core.package_identification:_identify(ws_ros2/src) by extension 'python_setup_py'
[0.138s] Level 1:colcon.colcon_core.package_identification:_identify(ws_ros2/src/build) by extensions ['ignore', 'ignore_ament_install']
[0.139s] Level 1:colcon.colcon_core.package_identification:_identify(ws_ros2/src/build) by extension 'ignore'
[0.139s] Level 1:colcon.colcon_core.package_identification:_identify(ws_ros2/src/build) ignored
[0.139s] Level 1:colcon.colcon_core.package_identification:_identify(ws_ros2/src/install) by extensions ['ignore', 'ignore_ament_install']
[0.139s] Level 1:colcon.colcon_core.package_identification:_identify(ws_ros2/src/install) by extension 'ignore'
[0.139s] Level 1:colcon.colcon_core.package_identification:_identify(ws_ros2/src/install) ignored
[0.139s] Level 1:colcon.colcon_core.package_identification:_identify(ws_ros2/src/log) by extensions ['ignore', 'ignore_ament_install']
[0.139s] Level 1:colcon.colcon_core.package_identification:_identify(ws_ros2/src/log) by extension 'ignore'
[0.139s] Level 1:colcon.colcon_core.package_identification:_identify(ws_ros2/src/log) ignored
[0.139s] Level 1:colcon.colcon_core.package_identification:_identify(ws_ros2/src/px4_msgs) by extensions ['ignore', 'ignore_ament_install']
[0.139s] Level 1:colcon.colcon_core.package_identification:_identify(ws_ros2/src/px4_msgs) by extension 'ignore'
[0.139s] Level 1:colcon.colcon_core.package_identification:_identify(ws_ros2/src/px4_msgs) by extension 'ignore_ament_install'
[0.139s] Level 1:colcon.colcon_core.package_identification:_identify(ws_ros2/src/px4_msgs) by extensions ['colcon_pkg']
[0.139s] Level 1:colcon.colcon_core.package_identification:_identify(ws_ros2/src/px4_msgs) by extension 'colcon_pkg'
[0.139s] Level 1:colcon.colcon_core.package_identification:_identify(ws_ros2/src/px4_msgs) by extensions ['colcon_meta']
[0.139s] Level 1:colcon.colcon_core.package_identification:_identify(ws_ros2/src/px4_msgs) by extension 'colcon_meta'
[0.139s] Level 1:colcon.colcon_core.package_identification:_identify(ws_ros2/src/px4_msgs) by extensions ['ros']
[0.139s] Level 1:colcon.colcon_core.package_identification:_identify(ws_ros2/src/px4_msgs) by extension 'ros'
[0.141s] DEBUG:colcon.colcon_core.package_identification:Package 'ws_ros2/src/px4_msgs' with type 'ros.ament_cmake' and name 'px4_msgs'
[0.141s] Level 1:colcon.colcon_core.package_identification:_identify(ws_ros2/src/px4_ros_com) by extensions ['ignore', 'ignore_ament_install']
[0.141s] Level 1:colcon.colcon_core.package_identification:_identify(ws_ros2/src/px4_ros_com) by extension 'ignore'
[0.141s] Level 1:colcon.colcon_core.package_identification:_identify(ws_ros2/src/px4_ros_com) by extension 'ignore_ament_install'
[0.141s] Level 1:colcon.colcon_core.package_identification:_identify(ws_ros2/src/px4_ros_com) by extensions ['colcon_pkg']
[0.141s] Level 1:colcon.colcon_core.package_identification:_identify(ws_ros2/src/px4_ros_com) by extension 'colcon_pkg'
[0.141s] Level 1:colcon.colcon_core.package_identification:_identify(ws_ros2/src/px4_ros_com) by extensions ['colcon_meta']
[0.141s] Level 1:colcon.colcon_core.package_identification:_identify(ws_ros2/src/px4_ros_com) by extension 'colcon_meta'
[0.142s] Level 1:colcon.colcon_core.package_identification:_identify(ws_ros2/src/px4_ros_com) by extensions ['ros']
[0.142s] Level 1:colcon.colcon_core.package_identification:_identify(ws_ros2/src/px4_ros_com) by extension 'ros'
[0.143s] DEBUG:colcon.colcon_core.package_identification:Package 'ws_ros2/src/px4_ros_com' with type 'ros.ament_cmake' and name 'px4_ros_com'
[0.143s] Level 1:colcon.colcon_core.package_discovery:discover_packages(recursive) using defaults
[0.143s] Level 1:colcon.colcon_core.package_discovery:discover_packages(ignore) discover
[0.143s] Level 1:colcon.colcon_core.package_discovery:discover_packages(ignore) using defaults
[0.143s] Level 1:colcon.colcon_core.package_discovery:discover_packages(path) discover
[0.143s] Level 1:colcon.colcon_core.package_discovery:discover_packages(path) using defaults
[0.159s] Level 1:colcon.colcon_core.package_discovery:discover_packages(prefix_path) check parameters
[0.159s] Level 1:colcon.colcon_core.package_discovery:discover_packages(prefix_path) discover
[0.161s] DEBUG:colcon.colcon_installed_package_information.package_discovery:Found 270 installed packages in /opt/ros/humble
[0.163s] Level 1:colcon.colcon_core.package_discovery:discover_packages(prefix_path) using defaults
[0.195s] Level 5:colcon.colcon_core.verb:set package 'px4_msgs' build argument 'cmake_args' from command line to 'None'
[0.195s] Level 5:colcon.colcon_core.verb:set package 'px4_msgs' build argument 'cmake_target' from command line to 'None'
[0.195s] Level 5:colcon.colcon_core.verb:set package 'px4_msgs' build argument 'cmake_target_skip_unavailable' from command line to 'False'
[0.195s] Level 5:colcon.colcon_core.verb:set package 'px4_msgs' build argument 'cmake_clean_cache' from command line to 'False'
[0.195s] Level 5:colcon.colcon_core.verb:set package 'px4_msgs' build argument 'cmake_clean_first' from command line to 'False'
[0.195s] Level 5:colcon.colcon_core.verb:set package 'px4_msgs' build argument 'cmake_force_configure' from command line to 'False'
[0.195s] Level 5:colcon.colcon_core.verb:set package 'px4_msgs' build argument 'ament_cmake_args' from command line to 'None'
[0.195s] Level 5:colcon.colcon_core.verb:set package 'px4_msgs' build argument 'catkin_cmake_args' from command line to 'None'
[0.196s] Level 5:colcon.colcon_core.verb:set package 'px4_msgs' build argument 'catkin_skip_building_tests' from command line to 'False'
[0.196s] DEBUG:colcon.colcon_core.verb:Building package 'px4_msgs' with the following arguments: {'ament_cmake_args': None, 'build_base': '/home/fidelis/NGCP-2024-/build/px4_msgs', 'catkin_cmake_args': None, 'catkin_skip_building_tests': False, 'cmake_args': None, 'cmake_clean_cache': False, 'cmake_clean_first': False, 'cmake_force_configure': False, 'cmake_target': None, 'cmake_target_skip_unavailable': False, 'install_base': '/home/fidelis/NGCP-2024-/install/px4_msgs', 'merge_install': False, 'path': '/home/fidelis/NGCP-2024-/ws_ros2/src/px4_msgs', 'symlink_install': False, 'test_result_base': None}
[0.196s] Level 5:colcon.colcon_core.verb:set package 'px4_ros_com' build argument 'cmake_args' from command line to 'None'
[0.196s] Level 5:colcon.colcon_core.verb:set package 'px4_ros_com' build argument 'cmake_target' from command line to 'None'
[0.196s] Level 5:colcon.colcon_core.verb:set package 'px4_ros_com' build argument 'cmake_target_skip_unavailable' from command line to 'False'
[0.196s] Level 5:colcon.colcon_core.verb:set package 'px4_ros_com' build argument 'cmake_clean_cache' from command line to 'False'
[0.196s] Level 5:colcon.colcon_core.verb:set package 'px4_ros_com' build argument 'cmake_clean_first' from command line to 'False'
[0.196s] Level 5:colcon.colcon_core.verb:set package 'px4_ros_com' build argument 'cmake_force_configure' from command line to 'False'
[0.196s] Level 5:colcon.colcon_core.verb:set package 'px4_ros_com' build argument 'ament_cmake_args' from command line to 'None'
[0.196s] Level 5:colcon.colcon_core.verb:set package 'px4_ros_com' build argument 'catkin_cmake_args' from command line to 'None'
[0.196s] Level 5:colcon.colcon_core.verb:set package 'px4_ros_com' build argument 'catkin_skip_building_tests' from command line to 'False'
[0.196s] DEBUG:colcon.colcon_core.verb:Building package 'px4_ros_com' with the following arguments: {'ament_cmake_args': None, 'build_base': '/home/fidelis/NGCP-2024-/build/px4_ros_com', 'catkin_cmake_args': None, 'catkin_skip_building_tests': False, 'cmake_args': None, 'cmake_clean_cache': False, 'cmake_clean_first': False, 'cmake_force_configure': False, 'cmake_target': None, 'cmake_target_skip_unavailable': False, 'install_base': '/home/fidelis/NGCP-2024-/install/px4_ros_com', 'merge_install': False, 'path': '/home/fidelis/NGCP-2024-/ws_ros2/src/px4_ros_com', 'symlink_install': False, 'test_result_base': None}
[0.196s] INFO:colcon.colcon_core.executor:Executing jobs using 'parallel' executor
[0.197s] DEBUG:colcon.colcon_parallel_executor.executor.parallel:run_until_complete
[0.197s] INFO:colcon.colcon_ros.task.ament_cmake.build:Building ROS package in '/home/fidelis/NGCP-2024-/ws_ros2/src/px4_msgs' with build type 'ament_cmake'
[0.197s] INFO:colcon.colcon_cmake.task.cmake.build:Building CMake package in '/home/fidelis/NGCP-2024-/ws_ros2/src/px4_msgs'
[0.199s] INFO:colcon.colcon_core.plugin_system:Skipping extension 'colcon_core.shell.bat': Not used on non-Windows systems
[0.199s] INFO:colcon.colcon_core.shell:Skip shell extension 'powershell' for command environment: Not usable outside of PowerShell
[0.199s] DEBUG:colcon.colcon_core.shell:Skip shell extension 'dsv' for command environment
[0.209s] DEBUG:colcon.colcon_core.event_handler.log_command:Invoking command in '/home/fidelis/NGCP-2024-/build/px4_msgs': CMAKE_PREFIX_PATH=/opt/ros/humble /usr/bin/cmake --build /home/fidelis/NGCP-2024-/build/px4_msgs -- -j16 -l16
[1.325s] DEBUG:colcon.colcon_core.event_handler.log_command:Invoked command in '/home/fidelis/NGCP-2024-/build/px4_msgs' returned '0': CMAKE_PREFIX_PATH=/opt/ros/humble /usr/bin/cmake --build /home/fidelis/NGCP-2024-/build/px4_msgs -- -j16 -l16
[5.771s] DEBUG:colcon.colcon_core.event_handler.log_command:Invoking command in '/home/fidelis/NGCP-2024-/build/px4_msgs': CMAKE_PREFIX_PATH=/opt/ros/humble /usr/bin/cmake --install /home/fidelis/NGCP-2024-/build/px4_msgs
[6.087s] Level 1:colcon.colcon_core.environment:create_environment_scripts_only(px4_msgs)
[6.087s] DEBUG:colcon.colcon_core.event_handler.log_command:Invoked command in '/home/fidelis/NGCP-2024-/build/px4_msgs' returned '0': CMAKE_PREFIX_PATH=/opt/ros/humble /usr/bin/cmake --install /home/fidelis/NGCP-2024-/build/px4_msgs
[6.089s] Level 1:colcon.colcon_core.environment:checking '/home/fidelis/NGCP-2024-/install/px4_msgs' for CMake module files
[6.090s] Level 1:colcon.colcon_core.environment:checking '/home/fidelis/NGCP-2024-/install/px4_msgs' for CMake config files
[6.093s] Level 1:colcon.colcon_core.shell:create_environment_hook('px4_msgs', 'cmake_prefix_path')
[6.093s] INFO:colcon.colcon_core.shell:Creating environment hook '/home/fidelis/NGCP-2024-/install/px4_msgs/share/px4_msgs/hook/cmake_prefix_path.ps1'
[6.094s] INFO:colcon.colcon_core.shell:Creating environment descriptor '/home/fidelis/NGCP-2024-/install/px4_msgs/share/px4_msgs/hook/cmake_prefix_path.dsv'
[6.094s] INFO:colcon.colcon_core.shell:Creating environment hook '/home/fidelis/NGCP-2024-/install/px4_msgs/share/px4_msgs/hook/cmake_prefix_path.sh'
[6.094s] Level 1:colcon.colcon_core.environment:checking '/home/fidelis/NGCP-2024-/install/px4_msgs/lib'
[6.095s] Level 1:colcon.colcon_core.shell:create_environment_hook('px4_msgs', 'ld_library_path_lib')
[6.095s] INFO:colcon.colcon_core.shell:Creating environment hook '/home/fidelis/NGCP-2024-/install/px4_msgs/share/px4_msgs/hook/ld_library_path_lib.ps1'
[6.095s] INFO:colcon.colcon_core.shell:Creating environment descriptor '/home/fidelis/NGCP-2024-/install/px4_msgs/share/px4_msgs/hook/ld_library_path_lib.dsv'
[6.095s] INFO:colcon.colcon_core.shell:Creating environment hook '/home/fidelis/NGCP-2024-/install/px4_msgs/share/px4_msgs/hook/ld_library_path_lib.sh'
[6.095s] Level 1:colcon.colcon_core.environment:checking '/home/fidelis/NGCP-2024-/install/px4_msgs/bin'
[6.095s] Level 1:colcon.colcon_core.environment:checking '/home/fidelis/NGCP-2024-/install/px4_msgs/lib/pkgconfig/px4_msgs.pc'
[6.096s] Level 1:colcon.colcon_core.environment:checking '/home/fidelis/NGCP-2024-/install/px4_msgs/lib/python3.10/site-packages'
[6.096s] Level 1:colcon.colcon_core.environment:checking '/home/fidelis/NGCP-2024-/install/px4_msgs/bin'
[6.096s] INFO:colcon.colcon_core.shell:Creating package script '/home/fidelis/NGCP-2024-/install/px4_msgs/share/px4_msgs/package.ps1'
[6.097s] INFO:colcon.colcon_core.shell:Creating package descriptor '/home/fidelis/NGCP-2024-/install/px4_msgs/share/px4_msgs/package.dsv'
[6.097s] INFO:colcon.colcon_core.shell:Creating package script '/home/fidelis/NGCP-2024-/install/px4_msgs/share/px4_msgs/package.sh'
[6.097s] INFO:colcon.colcon_core.shell:Creating package script '/home/fidelis/NGCP-2024-/install/px4_msgs/share/px4_msgs/package.bash'
[6.098s] INFO:colcon.colcon_core.shell:Creating package script '/home/fidelis/NGCP-2024-/install/px4_msgs/share/px4_msgs/package.zsh'
[6.098s] Level 1:colcon.colcon_core.environment:create_file_with_runtime_dependencies(/home/fidelis/NGCP-2024-/install/px4_msgs/share/colcon-core/packages/px4_msgs)
[10.739s] Level 1:colcon.colcon_core.environment:create_environment_scripts_only(px4_msgs)
[10.739s] Level 1:colcon.colcon_core.environment:checking '/home/fidelis/NGCP-2024-/install/px4_msgs' for CMake module files
[10.740s] Level 1:colcon.colcon_core.environment:checking '/home/fidelis/NGCP-2024-/install/px4_msgs' for CMake config files
[10.743s] Level 1:colcon.colcon_core.shell:create_environment_hook('px4_msgs', 'cmake_prefix_path')
[10.744s] INFO:colcon.colcon_core.shell:Creating environment hook '/home/fidelis/NGCP-2024-/install/px4_msgs/share/px4_msgs/hook/cmake_prefix_path.ps1'
[10.744s] INFO:colcon.colcon_core.shell:Creating environment descriptor '/home/fidelis/NGCP-2024-/install/px4_msgs/share/px4_msgs/hook/cmake_prefix_path.dsv'
[10.744s] INFO:colcon.colcon_core.shell:Creating environment hook '/home/fidelis/NGCP-2024-/install/px4_msgs/share/px4_msgs/hook/cmake_prefix_path.sh'
[10.745s] Level 1:colcon.colcon_core.environment:checking '/home/fidelis/NGCP-2024-/install/px4_msgs/lib'
[10.745s] Level 1:colcon.colcon_core.shell:create_environment_hook('px4_msgs', 'ld_library_path_lib')
[10.745s] INFO:colcon.colcon_core.shell:Creating environment hook '/home/fidelis/NGCP-2024-/install/px4_msgs/share/px4_msgs/hook/ld_library_path_lib.ps1'
[10.745s] INFO:colcon.colcon_core.shell:Creating environment descriptor '/home/fidelis/NGCP-2024-/install/px4_msgs/share/px4_msgs/hook/ld_library_path_lib.dsv'
[10.745s] INFO:colcon.colcon_core.shell:Creating environment hook '/home/fidelis/NGCP-2024-/install/px4_msgs/share/px4_msgs/hook/ld_library_path_lib.sh'
[10.745s] Level 1:colcon.colcon_core.environment:checking '/home/fidelis/NGCP-2024-/install/px4_msgs/bin'
[10.746s] Level 1:colcon.colcon_core.environment:checking '/home/fidelis/NGCP-2024-/install/px4_msgs/lib/pkgconfig/px4_msgs.pc'
[10.746s] Level 1:colcon.colcon_core.environment:checking '/home/fidelis/NGCP-2024-/install/px4_msgs/lib/python3.10/site-packages'
[10.746s] Level 1:colcon.colcon_core.environment:checking '/home/fidelis/NGCP-2024-/install/px4_msgs/bin'
[10.746s] INFO:colcon.colcon_core.shell:Creating package script '/home/fidelis/NGCP-2024-/install/px4_msgs/share/px4_msgs/package.ps1'
[10.746s] INFO:colcon.colcon_core.shell:Creating package descriptor '/home/fidelis/NGCP-2024-/install/px4_msgs/share/px4_msgs/package.dsv'
[10.747s] INFO:colcon.colcon_core.shell:Creating package script '/home/fidelis/NGCP-2024-/install/px4_msgs/share/px4_msgs/package.sh'
[10.747s] INFO:colcon.colcon_core.shell:Creating package script '/home/fidelis/NGCP-2024-/install/px4_msgs/share/px4_msgs/package.bash'
[10.747s] INFO:colcon.colcon_core.shell:Creating package script '/home/fidelis/NGCP-2024-/install/px4_msgs/share/px4_msgs/package.zsh'
[10.747s] Level 1:colcon.colcon_core.environment:create_file_with_runtime_dependencies(/home/fidelis/NGCP-2024-/install/px4_msgs/share/colcon-core/packages/px4_msgs)
[10.747s] INFO:colcon.colcon_ros.task.ament_cmake.build:Building ROS package in '/home/fidelis/NGCP-2024-/ws_ros2/src/px4_ros_com' with build type 'ament_cmake'
[10.748s] INFO:colcon.colcon_cmake.task.cmake.build:Building CMake package in '/home/fidelis/NGCP-2024-/ws_ros2/src/px4_ros_com'
[10.748s] INFO:colcon.colcon_core.shell:Skip shell extension 'powershell' for command environment: Not usable outside of PowerShell
[10.748s] DEBUG:colcon.colcon_core.shell:Skip shell extension 'dsv' for command environment
[10.759s] DEBUG:colcon.colcon_core.event_handler.log_command:Invoking command in '/home/fidelis/NGCP-2024-/build/px4_ros_com': AMENT_PREFIX_PATH=/home/fidelis/NGCP-2024-/install/px4_msgs:${AMENT_PREFIX_PATH} CMAKE_PREFIX_PATH=/home/fidelis/NGCP-2024-/install/px4_msgs:/opt/ros/humble LD_LIBRARY_PATH=/home/fidelis/NGCP-2024-/install/px4_msgs/lib:${LD_LIBRARY_PATH} PYTHONPATH=/home/fidelis/NGCP-2024-/install/px4_msgs/local/lib/python3.10/dist-packages:${PYTHONPATH} /usr/bin/cmake --build /home/fidelis/NGCP-2024-/build/px4_ros_com -- -j16 -l16
[20.596s] DEBUG:colcon.colcon_core.event_handler.log_command:Invoked command in '/home/fidelis/NGCP-2024-/build/px4_ros_com' returned '0': AMENT_PREFIX_PATH=/home/fidelis/NGCP-2024-/install/px4_msgs:${AMENT_PREFIX_PATH} CMAKE_PREFIX_PATH=/home/fidelis/NGCP-2024-/install/px4_msgs:/opt/ros/humble LD_LIBRARY_PATH=/home/fidelis/NGCP-2024-/install/px4_msgs/lib:${LD_LIBRARY_PATH} PYTHONPATH=/home/fidelis/NGCP-2024-/install/px4_msgs/local/lib/python3.10/dist-packages:${PYTHONPATH} /usr/bin/cmake --build /home/fidelis/NGCP-2024-/build/px4_ros_com -- -j16 -l16
[20.639s] DEBUG:colcon.colcon_core.event_handler.log_command:Invoking command in '/home/fidelis/NGCP-2024-/build/px4_ros_com': AMENT_PREFIX_PATH=/home/fidelis/NGCP-2024-/install/px4_msgs:${AMENT_PREFIX_PATH} CMAKE_PREFIX_PATH=/home/fidelis/NGCP-2024-/install/px4_msgs:/opt/ros/humble LD_LIBRARY_PATH=/home/fidelis/NGCP-2024-/install/px4_msgs/lib:${LD_LIBRARY_PATH} PYTHONPATH=/home/fidelis/NGCP-2024-/install/px4_msgs/local/lib/python3.10/dist-packages:${PYTHONPATH} /usr/bin/cmake --install /home/fidelis/NGCP-2024-/build/px4_ros_com
[20.684s] Level 1:colcon.colcon_core.environment:create_environment_scripts_only(px4_ros_com)
[20.684s] Level 1:colcon.colcon_core.environment:checking '/home/fidelis/NGCP-2024-/install/px4_ros_com' for CMake module files
[20.685s] Level 1:colcon.colcon_core.environment:checking '/home/fidelis/NGCP-2024-/install/px4_ros_com' for CMake config files
[20.685s] Level 1:colcon.colcon_core.shell:create_environment_hook('px4_ros_com', 'cmake_prefix_path')
[20.686s] INFO:colcon.colcon_core.shell:Creating environment hook '/home/fidelis/NGCP-2024-/install/px4_ros_com/share/px4_ros_com/hook/cmake_prefix_path.ps1'
[20.687s] DEBUG:colcon.colcon_core.event_handler.log_command:Invoked command in '/home/fidelis/NGCP-2024-/build/px4_ros_com' returned '0': AMENT_PREFIX_PATH=/home/fidelis/NGCP-2024-/install/px4_msgs:${AMENT_PREFIX_PATH} CMAKE_PREFIX_PATH=/home/fidelis/NGCP-2024-/install/px4_msgs:/opt/ros/humble LD_LIBRARY_PATH=/home/fidelis/NGCP-2024-/install/px4_msgs/lib:${LD_LIBRARY_PATH} PYTHONPATH=/home/fidelis/NGCP-2024-/install/px4_msgs/local/lib/python3.10/dist-packages:${PYTHONPATH} /usr/bin/cmake --install /home/fidelis/NGCP-2024-/build/px4_ros_com
[20.687s] INFO:colcon.colcon_core.shell:Creating environment descriptor '/home/fidelis/NGCP-2024-/install/px4_ros_com/share/px4_ros_com/hook/cmake_prefix_path.dsv'
[20.687s] INFO:colcon.colcon_core.shell:Creating environment hook '/home/fidelis/NGCP-2024-/install/px4_ros_com/share/px4_ros_com/hook/cmake_prefix_path.sh'
[20.688s] Level 1:colcon.colcon_core.environment:checking '/home/fidelis/NGCP-2024-/install/px4_ros_com/lib'
[20.688s] Level 1:colcon.colcon_core.shell:create_environment_hook('px4_ros_com', 'ld_library_path_lib')
[20.688s] INFO:colcon.colcon_core.shell:Creating environment hook '/home/fidelis/NGCP-2024-/install/px4_ros_com/share/px4_ros_com/hook/ld_library_path_lib.ps1'
[20.688s] INFO:colcon.colcon_core.shell:Creating environment descriptor '/home/fidelis/NGCP-2024-/install/px4_ros_com/share/px4_ros_com/hook/ld_library_path_lib.dsv'
[20.688s] INFO:colcon.colcon_core.shell:Creating environment hook '/home/fidelis/NGCP-2024-/install/px4_ros_com/share/px4_ros_com/hook/ld_library_path_lib.sh'
[20.688s] Level 1:colcon.colcon_core.environment:checking '/home/fidelis/NGCP-2024-/install/px4_ros_com/bin'
[20.689s] Level 1:colcon.colcon_core.environment:checking '/home/fidelis/NGCP-2024-/install/px4_ros_com/lib/pkgconfig/px4_ros_com.pc'
[20.689s] Level 1:colcon.colcon_core.environment:checking '/home/fidelis/NGCP-2024-/install/px4_ros_com/lib/python3.10/site-packages'
[20.689s] Level 1:colcon.colcon_core.environment:checking '/home/fidelis/NGCP-2024-/install/px4_ros_com/bin'
[20.689s] INFO:colcon.colcon_core.shell:Creating package script '/home/fidelis/NGCP-2024-/install/px4_ros_com/share/px4_ros_com/package.ps1'
[20.689s] INFO:colcon.colcon_core.shell:Creating package descriptor '/home/fidelis/NGCP-2024-/install/px4_ros_com/share/px4_ros_com/package.dsv'
[20.690s] INFO:colcon.colcon_core.shell:Creating package script '/home/fidelis/NGCP-2024-/install/px4_ros_com/share/px4_ros_com/package.sh'
[20.690s] INFO:colcon.colcon_core.shell:Creating package script '/home/fidelis/NGCP-2024-/install/px4_ros_com/share/px4_ros_com/package.bash'
[20.690s] INFO:colcon.colcon_core.shell:Creating package script '/home/fidelis/NGCP-2024-/install/px4_ros_com/share/px4_ros_com/package.zsh'
[20.690s] Level 1:colcon.colcon_core.environment:create_file_with_runtime_dependencies(/home/fidelis/NGCP-2024-/install/px4_ros_com/share/colcon-core/packages/px4_ros_com)
[20.733s] Level 1:colcon.colcon_core.environment:create_environment_scripts_only(px4_ros_com)
[20.733s] Level 1:colcon.colcon_core.environment:checking '/home/fidelis/NGCP-2024-/install/px4_ros_com' for CMake module files
[20.733s] Level 1:colcon.colcon_core.environment:checking '/home/fidelis/NGCP-2024-/install/px4_ros_com' for CMake config files
[20.734s] Level 1:colcon.colcon_core.shell:create_environment_hook('px4_ros_com', 'cmake_prefix_path')
[20.734s] INFO:colcon.colcon_core.shell:Creating environment hook '/home/fidelis/NGCP-2024-/install/px4_ros_com/share/px4_ros_com/hook/cmake_prefix_path.ps1'
[20.734s] INFO:colcon.colcon_core.shell:Creating environment descriptor '/home/fidelis/NGCP-2024-/install/px4_ros_com/share/px4_ros_com/hook/cmake_prefix_path.dsv'
[20.734s] INFO:colcon.colcon_core.shell:Creating environment hook '/home/fidelis/NGCP-2024-/install/px4_ros_com/share/px4_ros_com/hook/cmake_prefix_path.sh'
[20.735s] Level 1:colcon.colcon_core.environment:checking '/home/fidelis/NGCP-2024-/install/px4_ros_com/lib'
[20.735s] Level 1:colcon.colcon_core.shell:create_environment_hook('px4_ros_com', 'ld_library_path_lib')
[20.735s] INFO:colcon.colcon_core.shell:Creating environment hook '/home/fidelis/NGCP-2024-/install/px4_ros_com/share/px4_ros_com/hook/ld_library_path_lib.ps1'
[20.735s] INFO:colcon.colcon_core.shell:Creating environment descriptor '/home/fidelis/NGCP-2024-/install/px4_ros_com/share/px4_ros_com/hook/ld_library_path_lib.dsv'
[20.735s] INFO:colcon.colcon_core.shell:Creating environment hook '/home/fidelis/NGCP-2024-/install/px4_ros_com/share/px4_ros_com/hook/ld_library_path_lib.sh'
[20.735s] Level 1:colcon.colcon_core.environment:checking '/home/fidelis/NGCP-2024-/install/px4_ros_com/bin'
[20.735s] Level 1:colcon.colcon_core.environment:checking '/home/fidelis/NGCP-2024-/install/px4_ros_com/lib/pkgconfig/px4_ros_com.pc'
[20.736s] Level 1:colcon.colcon_core.environment:checking '/home/fidelis/NGCP-2024-/install/px4_ros_com/lib/python3.10/site-packages'
[20.736s] Level 1:colcon.colcon_core.environment:checking '/home/fidelis/NGCP-2024-/install/px4_ros_com/bin'
[20.736s] INFO:colcon.colcon_core.shell:Creating package script '/home/fidelis/NGCP-2024-/install/px4_ros_com/share/px4_ros_com/package.ps1'
[20.736s] INFO:colcon.colcon_core.shell:Creating package descriptor '/home/fidelis/NGCP-2024-/install/px4_ros_com/share/px4_ros_com/package.dsv'
[20.736s] INFO:colcon.colcon_core.shell:Creating package script '/home/fidelis/NGCP-2024-/install/px4_ros_com/share/px4_ros_com/package.sh'
[20.737s] INFO:colcon.colcon_core.shell:Creating package script '/home/fidelis/NGCP-2024-/install/px4_ros_com/share/px4_ros_com/package.bash'
[20.737s] INFO:colcon.colcon_core.shell:Creating package script '/home/fidelis/NGCP-2024-/install/px4_ros_com/share/px4_ros_com/package.zsh'
[20.737s] Level 1:colcon.colcon_core.environment:create_file_with_runtime_dependencies(/home/fidelis/NGCP-2024-/install/px4_ros_com/share/colcon-core/packages/px4_ros_com)
[20.737s] DEBUG:colcon.colcon_parallel_executor.executor.parallel:closing loop
[20.738s] DEBUG:colcon.colcon_parallel_executor.executor.parallel:loop closed
[20.738s] DEBUG:colcon.colcon_parallel_executor.executor.parallel:run_until_complete finished with '0'
[20.738s] DEBUG:colcon.colcon_core.event_reactor:joining thread
[20.742s] INFO:colcon.colcon_core.plugin_system:Skipping extension 'colcon_notification.desktop_notification.terminal_notifier': Not used on non-Darwin systems
[20.742s] INFO:colcon.colcon_core.plugin_system:Skipping extension 'colcon_notification.desktop_notification.win32': Not used on non-Windows systems
[20.742s] INFO:colcon.colcon_notification.desktop_notification:Sending desktop notification using 'notify2'
[20.751s] DEBUG:colcon.colcon_core.event_reactor:joined thread
[20.751s] INFO:colcon.colcon_core.shell:Creating prefix script '/home/fidelis/NGCP-2024-/install/local_setup.ps1'
[20.752s] INFO:colcon.colcon_core.shell:Creating prefix util module '/home/fidelis/NGCP-2024-/install/_local_setup_util_ps1.py'
[20.753s] INFO:colcon.colcon_core.shell:Creating prefix chain script '/home/fidelis/NGCP-2024-/install/setup.ps1'
[20.754s] INFO:colcon.colcon_core.shell:Creating prefix script '/home/fidelis/NGCP-2024-/install/local_setup.sh'
[20.755s] INFO:colcon.colcon_core.shell:Creating prefix util module '/home/fidelis/NGCP-2024-/install/_local_setup_util_sh.py'
[20.755s] INFO:colcon.colcon_core.shell:Creating prefix chain script '/home/fidelis/NGCP-2024-/install/setup.sh'
[20.756s] INFO:colcon.colcon_core.shell:Creating prefix script '/home/fidelis/NGCP-2024-/install/local_setup.bash'
[20.756s] INFO:colcon.colcon_core.shell:Creating prefix chain script '/home/fidelis/NGCP-2024-/install/setup.bash'
[20.756s] INFO:colcon.colcon_core.shell:Creating prefix script '/home/fidelis/NGCP-2024-/install/local_setup.zsh'
[20.757s] INFO:colcon.colcon_core.shell:Creating prefix chain script '/home/fidelis/NGCP-2024-/install/setup.zsh'
