[0.008s] Invoking command in '/home/fidelis/NGCP-2024-/build/px4_ros_com': AMENT_PREFIX_PATH=/home/fidelis/NGCP-2024-/install/px4_msgs:${AMENT_PREFIX_PATH} CMAKE_PREFIX_PATH=/home/fidelis/NGCP-2024-/install/px4_msgs:/opt/ros/humble LD_LIBRARY_PATH=/home/fidelis/NGCP-2024-/install/px4_msgs/lib:${LD_LIBRARY_PATH} PYTHONPATH=/home/fidelis/NGCP-2024-/install/px4_msgs/local/lib/python3.10/dist-packages:${PYTHONPATH} /usr/bin/cmake /home/fidelis/NGCP-2024-/ws_ros2/src/px4_ros_com -DCMAKE_INSTALL_PREFIX=/home/fidelis/NGCP-2024-/install/px4_ros_com
[0.068s] -- The C compiler identification is GNU 11.4.0
[0.129s] -- The CXX compiler identification is GNU 11.4.0
[0.140s] -- Detecting C compiler ABI info
[0.206s] -- Detecting C compiler ABI info - done
[0.211s] -- Check for working C compiler: /usr/lib/ccache/cc - skipped
[0.211s] -- Detecting C compile features
[0.212s] -- Detecting C compile features - done
[0.214s] -- Detecting CXX compiler ABI info
[0.292s] -- Detecting CXX compiler ABI info - done
[0.298s] -- Check for working CXX compiler: /usr/lib/ccache/c++ - skipped
[0.298s] -- Detecting CXX compile features
[0.298s] -- Detecting CXX compile features - done
[0.301s] -- Found ament_cmake: 1.3.10 (/opt/ros/humble/share/ament_cmake/cmake)
[0.649s] -- Found Python3: /usr/bin/python3 (found version "3.10.12") found components: Interpreter 
[0.733s] -- Found builtin_interfaces: 1.2.1 (/opt/ros/humble/share/builtin_interfaces/cmake)
[0.760s] -- Found rosidl_generator_c: 3.1.5 (/opt/ros/humble/share/rosidl_generator_c/cmake)
[0.763s] -- Found rosidl_adapter: 3.1.5 (/opt/ros/humble/share/rosidl_adapter/cmake)
[0.770s] -- Found rosidl_generator_cpp: 3.1.5 (/opt/ros/humble/share/rosidl_generator_cpp/cmake)
[0.780s] -- Using all available rosidl_typesupport_c: rosidl_typesupport_fastrtps_c;rosidl_typesupport_introspection_c
[0.795s] -- Using all available rosidl_typesupport_cpp: rosidl_typesupport_fastrtps_cpp;rosidl_typesupport_introspection_cpp
[0.808s] -- Found eigen3_cmake_module: 0.1.1 (/opt/ros/humble/share/eigen3_cmake_module/cmake)
[0.819s] -- Found Eigen3: TRUE (found version "3.4.0") 
[0.820s] -- Found geometry_msgs: 4.2.4 (/opt/ros/humble/share/geometry_msgs/cmake)
[0.852s] -- Found px4_msgs: 2.0.1 (/home/fidelis/NGCP-2024-/install/px4_msgs/share/px4_msgs/cmake)
[0.864s] -- Found rclcpp: 16.0.10 (/opt/ros/humble/share/rclcpp/cmake)
[0.911s] -- Found rmw_implementation_cmake: 6.1.2 (/opt/ros/humble/share/rmw_implementation_cmake/cmake)
[0.915s] -- Found rmw_fastrtps_cpp: 6.2.7 (/opt/ros/humble/share/rmw_fastrtps_cpp/cmake)
[1.031s] -- Found OpenSSL: /usr/lib/x86_64-linux-gnu/libcrypto.so (found version "3.0.2")  
[1.065s] -- Found FastRTPS: /opt/ros/humble/include  
[1.113s] -- Using RMW implementation 'rmw_fastrtps_cpp' as default
[1.123s] -- Looking for pthread.h
[1.218s] -- Looking for pthread.h - found
[1.218s] -- Performing Test CMAKE_HAVE_LIBC_PTHREAD
[1.312s] -- Performing Test CMAKE_HAVE_LIBC_PTHREAD - Success
[1.313s] -- Found Threads: TRUE  
[1.354s] -- Found sensor_msgs: 4.2.4 (/opt/ros/humble/share/sensor_msgs/cmake)
[1.370s] -- Found rclpy: 3.3.14 (/opt/ros/humble/share/rclpy/cmake)
[1.377s] -- Found ament_lint_auto: 0.12.11 (/opt/ros/humble/share/ament_lint_auto/cmake)
[1.474s] -- Added test 'copyright' to check source files copyright and LICENSE
[1.478s] -- Added test 'cppcheck' to perform static code analysis on C / C++ code
[1.479s] -- Configured cppcheck include dirs: /home/fidelis/NGCP-2024-/ws_ros2/src/px4_ros_com/include;$<BUILD_INTERFACE:/home/fidelis/NGCP-2024-/ws_ros2/src/px4_ros_com/include/px4_ros_com>
[1.479s] -- Configured cppcheck exclude dirs and/or files: 
[1.483s] -- Added test 'cpplint' to check C / C++ code against the Google style
[1.483s] -- Configured cpplint exclude dirs and/or files: 
[1.484s] -- Added test 'flake8' to check Python code syntax and style conventions
[1.485s] -- Added test 'lint_cmake' to check CMake code style
[1.486s] -- Added test 'pep257' to check Python code against some of the docstring style conventions in PEP 257
[1.490s] -- Added test 'uncrustify' to check C / C++ code style
[1.490s] -- Configured uncrustify additional arguments: 
[1.491s] -- Added test 'xmllint' to check XML markup files
[1.493s] -- Configuring done
[1.518s] -- Generating done
[1.520s] -- Build files have been written to: /home/fidelis/NGCP-2024-/build/px4_ros_com
[1.535s] Invoked command in '/home/fidelis/NGCP-2024-/build/px4_ros_com' returned '0': AMENT_PREFIX_PATH=/home/fidelis/NGCP-2024-/install/px4_msgs:${AMENT_PREFIX_PATH} CMAKE_PREFIX_PATH=/home/fidelis/NGCP-2024-/install/px4_msgs:/opt/ros/humble LD_LIBRARY_PATH=/home/fidelis/NGCP-2024-/install/px4_msgs/lib:${LD_LIBRARY_PATH} PYTHONPATH=/home/fidelis/NGCP-2024-/install/px4_msgs/local/lib/python3.10/dist-packages:${PYTHONPATH} /usr/bin/cmake /home/fidelis/NGCP-2024-/ws_ros2/src/px4_ros_com -DCMAKE_INSTALL_PREFIX=/home/fidelis/NGCP-2024-/install/px4_ros_com
[1.537s] Invoking command in '/home/fidelis/NGCP-2024-/build/px4_ros_com': AMENT_PREFIX_PATH=/home/fidelis/NGCP-2024-/install/px4_msgs:${AMENT_PREFIX_PATH} CMAKE_PREFIX_PATH=/home/fidelis/NGCP-2024-/install/px4_msgs:/opt/ros/humble LD_LIBRARY_PATH=/home/fidelis/NGCP-2024-/install/px4_msgs/lib:${LD_LIBRARY_PATH} PYTHONPATH=/home/fidelis/NGCP-2024-/install/px4_msgs/local/lib/python3.10/dist-packages:${PYTHONPATH} /usr/bin/cmake --build /home/fidelis/NGCP-2024-/build/px4_ros_com -- -j16 -l16
[1.595s] [  8%] [32mBuilding CXX object CMakeFiles/sensor_combined_listener.dir/src/examples/listeners/sensor_combined_listener.cpp.o[0m
[1.595s] [ 16%] [32mBuilding CXX object CMakeFiles/offboard_control.dir/src/examples/offboard/offboard_control.cpp.o[0m
[1.595s] [ 25%] [32mBuilding CXX object CMakeFiles/vehicle_gps_position_listener.dir/src/examples/listeners/vehicle_gps_position_listener.cpp.o[0m
[1.595s] [ 33%] [32mBuilding CXX object CMakeFiles/debug_vect_advertiser.dir/src/examples/advertisers/debug_vect_advertiser.cpp.o[0m
[1.605s] [ 41%] [32mBuilding CXX object CMakeFiles/frame_transforms.dir/src/lib/frame_transforms.cpp.o[0m
[1.608s] [ 50%] Built target ament_cmake_python_copy_px4_ros_com
[1.608s] [ 50%] [32mBuilding CXX object CMakeFiles/offboard_control_srv.dir/src/examples/offboard/offboard_control_srv.cpp.o[0m
[1.643s] [ 58%] [32m[1mLinking CXX shared library libframe_transforms.so[0m
[1.808s] running egg_info
[1.811s] creating px4_ros_com.egg-info
[1.823s] writing px4_ros_com.egg-info/PKG-INFO
[1.823s] writing dependency_links to px4_ros_com.egg-info/dependency_links.txt
[1.823s] writing top-level names to px4_ros_com.egg-info/top_level.txt
[1.824s] writing manifest file 'px4_ros_com.egg-info/SOURCES.txt'
[1.863s] reading manifest file 'px4_ros_com.egg-info/SOURCES.txt'
[1.864s] writing manifest file 'px4_ros_com.egg-info/SOURCES.txt'
[1.925s] [ 58%] Built target ament_cmake_python_build_px4_ros_com_egg
[1.968s] [ 58%] Built target frame_transforms
[6.580s] [ 66%] [32m[1mLinking CXX executable debug_vect_advertiser[0m
[6.851s] [ 66%] Built target debug_vect_advertiser
[8.440s] [ 75%] [32m[1mLinking CXX executable offboard_control_srv[0m
[8.723s] [ 75%] Built target offboard_control_srv
[10.604s] [ 91%] [32m[1mLinking CXX executable sensor_combined_listener[0m
[10.605s] [ 91%] [32m[1mLinking CXX executable vehicle_gps_position_listener[0m
[11.047s] [ 91%] Built target vehicle_gps_position_listener
[11.059s] [ 91%] Built target sensor_combined_listener
[15.117s] [01m[K/home/fidelis/NGCP-2024-/ws_ros2/src/px4_ros_com/src/examples/offboard/offboard_control.cpp:[m[K In member function ‘[01m[Kvoid OffboardPlane::publish_trajectory_setpoint(float)[m[K’:
[15.117s] [01m[K/home/fidelis/NGCP-2024-/ws_ros2/src/px4_ros_com/src/examples/offboard/offboard_control.cpp:171:9:[m[K [01;35m[Kwarning: [m[Kunused variable ‘[01m[Kpos_n[m[K’ [[01;35m[K-Wunused-variable[m[K]
[15.117s]   171 |   float [01;35m[Kpos_n[m[K = vehicle_odometry_.position[0];
[15.117s]       |         [01;35m[K^~~~~[m[K
[15.117s] [01m[K/home/fidelis/NGCP-2024-/ws_ros2/src/px4_ros_com/src/examples/offboard/offboard_control.cpp:172:9:[m[K [01;35m[Kwarning: [m[Kunused variable ‘[01m[Kpos_e[m[K’ [[01;35m[K-Wunused-variable[m[K]
[15.117s]   172 |   float [01;35m[Kpos_e[m[K = vehicle_odometry_.position[1];
[15.117s]       |         [01;35m[K^~~~~[m[K
[15.117s] [01m[K/home/fidelis/NGCP-2024-/ws_ros2/src/px4_ros_com/src/examples/offboard/offboard_control.cpp:173:9:[m[K [01;35m[Kwarning: [m[Kunused variable ‘[01m[Kpos_d[m[K’ [[01;35m[K-Wunused-variable[m[K]
[15.118s]   173 |   float [01;35m[Kpos_d[m[K = vehicle_odometry_.position[2];
[15.118s]       |         [01;35m[K^~~~~[m[K
[15.131s] [100%] [32m[1mLinking CXX executable offboard_control[0m
[15.727s] [100%] Built target offboard_control
[15.745s] Invoked command in '/home/fidelis/NGCP-2024-/build/px4_ros_com' returned '0': AMENT_PREFIX_PATH=/home/fidelis/NGCP-2024-/install/px4_msgs:${AMENT_PREFIX_PATH} CMAKE_PREFIX_PATH=/home/fidelis/NGCP-2024-/install/px4_msgs:/opt/ros/humble LD_LIBRARY_PATH=/home/fidelis/NGCP-2024-/install/px4_msgs/lib:${LD_LIBRARY_PATH} PYTHONPATH=/home/fidelis/NGCP-2024-/install/px4_msgs/local/lib/python3.10/dist-packages:${PYTHONPATH} /usr/bin/cmake --build /home/fidelis/NGCP-2024-/build/px4_ros_com -- -j16 -l16
[15.785s] Invoking command in '/home/fidelis/NGCP-2024-/build/px4_ros_com': AMENT_PREFIX_PATH=/home/fidelis/NGCP-2024-/install/px4_msgs:${AMENT_PREFIX_PATH} CMAKE_PREFIX_PATH=/home/fidelis/NGCP-2024-/install/px4_msgs:/opt/ros/humble LD_LIBRARY_PATH=/home/fidelis/NGCP-2024-/install/px4_msgs/lib:${LD_LIBRARY_PATH} PYTHONPATH=/home/fidelis/NGCP-2024-/install/px4_msgs/local/lib/python3.10/dist-packages:${PYTHONPATH} /usr/bin/cmake --install /home/fidelis/NGCP-2024-/build/px4_ros_com
[15.794s] -- Install configuration: ""
[15.794s] -- Installing: /home/fidelis/NGCP-2024-/install/px4_ros_com/lib/px4_ros_com/sensor_combined_listener
[15.798s] -- Set runtime path of "/home/fidelis/NGCP-2024-/install/px4_ros_com/lib/px4_ros_com/sensor_combined_listener" to ""
[15.798s] -- Installing: /home/fidelis/NGCP-2024-/install/px4_ros_com/lib/px4_ros_com/vehicle_gps_position_listener
[15.801s] -- Set runtime path of "/home/fidelis/NGCP-2024-/install/px4_ros_com/lib/px4_ros_com/vehicle_gps_position_listener" to ""
[15.801s] -- Installing: /home/fidelis/NGCP-2024-/install/px4_ros_com/lib/px4_ros_com/debug_vect_advertiser
[15.803s] -- Set runtime path of "/home/fidelis/NGCP-2024-/install/px4_ros_com/lib/px4_ros_com/debug_vect_advertiser" to ""
[15.803s] -- Installing: /home/fidelis/NGCP-2024-/install/px4_ros_com/lib/px4_ros_com/offboard_control
[15.809s] -- Set runtime path of "/home/fidelis/NGCP-2024-/install/px4_ros_com/lib/px4_ros_com/offboard_control" to ""
[15.809s] -- Installing: /home/fidelis/NGCP-2024-/install/px4_ros_com/lib/px4_ros_com/offboard_control_srv
[15.811s] -- Set runtime path of "/home/fidelis/NGCP-2024-/install/px4_ros_com/lib/px4_ros_com/offboard_control_srv" to ""
[15.811s] -- Installing: /home/fidelis/NGCP-2024-/install/px4_ros_com/share/px4_ros_com/environment/library_path.sh
[15.811s] -- Installing: /home/fidelis/NGCP-2024-/install/px4_ros_com/share/px4_ros_com/environment/library_path.dsv
[15.811s] -- Installing: /home/fidelis/NGCP-2024-/install/px4_ros_com/include/px4_ros_com
[15.811s] -- Installing: /home/fidelis/NGCP-2024-/install/px4_ros_com/include/px4_ros_com/frame_transforms.h
[15.812s] -- Installing: /home/fidelis/NGCP-2024-/install/px4_ros_com/lib/libframe_transforms.so
[15.816s] -- Set runtime path of "/home/fidelis/NGCP-2024-/install/px4_ros_com/lib/libframe_transforms.so" to ""
[15.816s] -- Installing: /home/fidelis/NGCP-2024-/install/px4_ros_com/share/px4_ros_com//launch
[15.816s] -- Installing: /home/fidelis/NGCP-2024-/install/px4_ros_com/share/px4_ros_com//launch/offboard_control_launch.yaml
[15.816s] -- Installing: /home/fidelis/NGCP-2024-/install/px4_ros_com/share/px4_ros_com//launch/sensor_combined_listener.launch.py
[15.816s] -- Installing: /home/fidelis/NGCP-2024-/install/px4_ros_com/share/px4_ros_com//test
[15.816s] -- Installing: /home/fidelis/NGCP-2024-/install/px4_ros_com/share/px4_ros_com//test/test_output.py
[15.816s] -- Installing: /home/fidelis/NGCP-2024-/install/px4_ros_com/share/px4_ros_com//test/pipeline_io_test.py
[15.817s] -- Installing: /home/fidelis/NGCP-2024-/install/px4_ros_com/share/px4_ros_com//test/test_input.py
[15.817s] -- Installing: /home/fidelis/NGCP-2024-/install/px4_ros_com/share/px4_ros_com//test/__init__.py
[15.817s] -- Installing: /home/fidelis/NGCP-2024-/install/px4_ros_com/share/px4_ros_com/environment/pythonpath.sh
[15.817s] -- Installing: /home/fidelis/NGCP-2024-/install/px4_ros_com/share/px4_ros_com/environment/pythonpath.dsv
[15.817s] -- Installing: /home/fidelis/NGCP-2024-/install/px4_ros_com/local/lib/python3.10/dist-packages/px4_ros_com-0.1.0-py3.10.egg-info
[15.818s] -- Installing: /home/fidelis/NGCP-2024-/install/px4_ros_com/local/lib/python3.10/dist-packages/px4_ros_com-0.1.0-py3.10.egg-info/PKG-INFO
[15.818s] -- Installing: /home/fidelis/NGCP-2024-/install/px4_ros_com/local/lib/python3.10/dist-packages/px4_ros_com-0.1.0-py3.10.egg-info/dependency_links.txt
[15.818s] -- Installing: /home/fidelis/NGCP-2024-/install/px4_ros_com/local/lib/python3.10/dist-packages/px4_ros_com-0.1.0-py3.10.egg-info/top_level.txt
[15.818s] -- Installing: /home/fidelis/NGCP-2024-/install/px4_ros_com/local/lib/python3.10/dist-packages/px4_ros_com-0.1.0-py3.10.egg-info/SOURCES.txt
[15.818s] -- Installing: /home/fidelis/NGCP-2024-/install/px4_ros_com/local/lib/python3.10/dist-packages/px4_ros_com
[15.818s] -- Installing: /home/fidelis/NGCP-2024-/install/px4_ros_com/local/lib/python3.10/dist-packages/px4_ros_com/module_to_import.py
[15.818s] -- Installing: /home/fidelis/NGCP-2024-/install/px4_ros_com/local/lib/python3.10/dist-packages/px4_ros_com/__init__.py
[15.849s] Listing '/home/fidelis/NGCP-2024-/install/px4_ros_com/local/lib/python3.10/dist-packages/px4_ros_com'...
[15.849s] Compiling '/home/fidelis/NGCP-2024-/install/px4_ros_com/local/lib/python3.10/dist-packages/px4_ros_com/__init__.py'...
[15.849s] Compiling '/home/fidelis/NGCP-2024-/install/px4_ros_com/local/lib/python3.10/dist-packages/px4_ros_com/module_to_import.py'...
[15.856s] -- Installing: /home/fidelis/NGCP-2024-/install/px4_ros_com/lib/px4_ros_com/offboard_control.py
[15.856s] -- Installing: /home/fidelis/NGCP-2024-/install/px4_ros_com/share/ament_index/resource_index/package_run_dependencies/px4_ros_com
[15.856s] -- Installing: /home/fidelis/NGCP-2024-/install/px4_ros_com/share/ament_index/resource_index/parent_prefix_path/px4_ros_com
[15.856s] -- Installing: /home/fidelis/NGCP-2024-/install/px4_ros_com/share/px4_ros_com/environment/ament_prefix_path.sh
[15.857s] -- Installing: /home/fidelis/NGCP-2024-/install/px4_ros_com/share/px4_ros_com/environment/ament_prefix_path.dsv
[15.857s] -- Installing: /home/fidelis/NGCP-2024-/install/px4_ros_com/share/px4_ros_com/environment/path.sh
[15.857s] -- Installing: /home/fidelis/NGCP-2024-/install/px4_ros_com/share/px4_ros_com/environment/path.dsv
[15.857s] -- Installing: /home/fidelis/NGCP-2024-/install/px4_ros_com/share/px4_ros_com/local_setup.bash
[15.857s] -- Installing: /home/fidelis/NGCP-2024-/install/px4_ros_com/share/px4_ros_com/local_setup.sh
[15.857s] -- Installing: /home/fidelis/NGCP-2024-/install/px4_ros_com/share/px4_ros_com/local_setup.zsh
[15.858s] -- Installing: /home/fidelis/NGCP-2024-/install/px4_ros_com/share/px4_ros_com/local_setup.dsv
[15.858s] -- Installing: /home/fidelis/NGCP-2024-/install/px4_ros_com/share/px4_ros_com/package.dsv
[15.858s] -- Installing: /home/fidelis/NGCP-2024-/install/px4_ros_com/share/ament_index/resource_index/packages/px4_ros_com
[15.858s] -- Installing: /home/fidelis/NGCP-2024-/install/px4_ros_com/share/px4_ros_com/cmake/export_frame_transformsExport.cmake
[15.858s] -- Installing: /home/fidelis/NGCP-2024-/install/px4_ros_com/share/px4_ros_com/cmake/export_frame_transformsExport-noconfig.cmake
[15.858s] -- Installing: /home/fidelis/NGCP-2024-/install/px4_ros_com/share/px4_ros_com/cmake/ament_cmake_export_dependencies-extras.cmake
[15.859s] -- Installing: /home/fidelis/NGCP-2024-/install/px4_ros_com/share/px4_ros_com/cmake/ament_cmake_export_targets-extras.cmake
[15.859s] -- Installing: /home/fidelis/NGCP-2024-/install/px4_ros_com/share/px4_ros_com/cmake/ament_cmake_export_include_directories-extras.cmake
[15.859s] -- Installing: /home/fidelis/NGCP-2024-/install/px4_ros_com/share/px4_ros_com/cmake/ament_cmake_export_libraries-extras.cmake
[15.859s] -- Installing: /home/fidelis/NGCP-2024-/install/px4_ros_com/share/px4_ros_com/cmake/px4_ros_comConfig.cmake
[15.859s] -- Installing: /home/fidelis/NGCP-2024-/install/px4_ros_com/share/px4_ros_com/cmake/px4_ros_comConfig-version.cmake
[15.859s] -- Installing: /home/fidelis/NGCP-2024-/install/px4_ros_com/share/px4_ros_com/package.xml
[15.863s] Invoked command in '/home/fidelis/NGCP-2024-/build/px4_ros_com' returned '0': AMENT_PREFIX_PATH=/home/fidelis/NGCP-2024-/install/px4_msgs:${AMENT_PREFIX_PATH} CMAKE_PREFIX_PATH=/home/fidelis/NGCP-2024-/install/px4_msgs:/opt/ros/humble LD_LIBRARY_PATH=/home/fidelis/NGCP-2024-/install/px4_msgs/lib:${LD_LIBRARY_PATH} PYTHONPATH=/home/fidelis/NGCP-2024-/install/px4_msgs/local/lib/python3.10/dist-packages:${PYTHONPATH} /usr/bin/cmake --install /home/fidelis/NGCP-2024-/build/px4_ros_com
