[35m[1mConsolidate compiler generated dependencies of target offboard_control[0m
[ 50%] Built target vehicle_gps_position_listener
[ 50%] Built target offboard_control_srv
[ 58%] Built target debug_vect_advertiser
[ 83%] Built target sensor_combined_listener
[ 83%] Built target frame_transforms
[ 91%] Built target ament_cmake_python_symlink_px4_ros_com
[ 91%] [32mBuilding CXX object CMakeFiles/offboard_control.dir/src/examples/offboard/offboard_control.cpp.o[0m
running egg_info
writing px4_ros_com.egg-info/PKG-INFO
writing dependency_links to px4_ros_com.egg-info/dependency_links.txt
writing top-level names to px4_ros_com.egg-info/top_level.txt
reading manifest file 'px4_ros_com.egg-info/SOURCES.txt'
writing manifest file 'px4_ros_com.egg-info/SOURCES.txt'
[ 91%] Built target ament_cmake_python_build_px4_ros_com_egg
In file included from [01m[K/opt/ros/humble/include/rclcpp/rclcpp/logging.hpp:24[m[K,
                 from [01m[K/opt/ros/humble/include/rclcpp/rclcpp/client.hpp:40[m[K,
                 from [01m[K/opt/ros/humble/include/rclcpp/rclcpp/callback_group.hpp:24[m[K,
                 from [01m[K/opt/ros/humble/include/rclcpp/rclcpp/any_executable.hpp:20[m[K,
                 from [01m[K/opt/ros/humble/include/rclcpp/rclcpp/memory_strategy.hpp:25[m[K,
                 from [01m[K/opt/ros/humble/include/rclcpp/rclcpp/memory_strategies.hpp:18[m[K,
                 from [01m[K/opt/ros/humble/include/rclcpp/rclcpp/executor_options.hpp:20[m[K,
                 from [01m[K/opt/ros/humble/include/rclcpp/rclcpp/executor.hpp:37[m[K,
                 from [01m[K/opt/ros/humble/include/rclcpp/rclcpp/executors/multi_threaded_executor.hpp:25[m[K,
                 from [01m[K/opt/ros/humble/include/rclcpp/rclcpp/executors.hpp:21[m[K,
                 from [01m[K/opt/ros/humble/include/rclcpp/rclcpp/rclcpp.hpp:155[m[K,
                 from [01m[K/home/fidelis/NGCP-2024-/ws_ros2/src/px4_ros_com/src/examples/offboard/offboard_control.cpp:11[m[K:
[01m[K/home/fidelis/NGCP-2024-/ws_ros2/src/px4_ros_com/src/examples/offboard/offboard_control.cpp:[m[K In member function ‘[01m[Kvoid OffboardPlane::run()[m[K’:
[01m[K/home/fidelis/NGCP-2024-/ws_ros2/src/px4_ros_com/src/examples/offboard/offboard_control.cpp:127:39:[m[K [01;35m[Kwarning: [m[Kformat ‘[01m[K%d[m[K’ expects argument of type ‘[01m[Kint[m[K’, but argument 6 has type ‘[01m[Ksize_t[m[K’ {aka ‘[01m[Klong unsigned int[m[K’} [[01;35m[K-Wformat=[m[K]
  127 |       RCLCPP_INFO(this->get_logger(), [01;35m[K"Distance to waypoint: %f, setpoint: %d"[m[K, distance_to_waypoint, [32m[Kwaypoint_index_[m[K);
      |                                       [01;35m[K^~~~~~~~~~~~~~~~~~~~~~~~~~~~~~~~~~~~~~~~[m[K                        [32m[K~~~~~~~~~~~~~~~[m[K
      |                                                                                                       [32m[K|[m[K
      |                                                                                                       [32m[Ksize_t {aka long unsigned int}[m[K
[01m[K/home/fidelis/NGCP-2024-/ws_ros2/src/px4_ros_com/src/examples/offboard/offboard_control.cpp:127:77:[m[K [01;36m[Knote: [m[Kformat string is defined here
  127 |       RCLCPP_INFO(this->get_logger(), "Distance to waypoint: %f, setpoint: [01;36m[K%d[m[K", distance_to_waypoint, waypoint_index_);
      |                                                                            [01;36m[K~^[m[K
      |                                                                             [01;36m[K|[m[K
      |                                                                             [01;36m[Kint[m[K
      |                                                                            [32m[K%ld[m[K
[100%] [32m[1mLinking CXX executable offboard_control[0m
[100%] Built target offboard_control
-- Install configuration: ""
-- Execute custom install script
-- Up-to-date symlink: /home/fidelis/NGCP-2024-/ws_ros2/install/px4_ros_com/lib/px4_ros_com/sensor_combined_listener
-- Up-to-date symlink: /home/fidelis/NGCP-2024-/ws_ros2/install/px4_ros_com/lib/px4_ros_com/vehicle_gps_position_listener
-- Up-to-date symlink: /home/fidelis/NGCP-2024-/ws_ros2/install/px4_ros_com/lib/px4_ros_com/debug_vect_advertiser
-- Up-to-date symlink: /home/fidelis/NGCP-2024-/ws_ros2/install/px4_ros_com/lib/px4_ros_com/offboard_control
-- Up-to-date symlink: /home/fidelis/NGCP-2024-/ws_ros2/install/px4_ros_com/lib/px4_ros_com/offboard_control_srv
-- Up-to-date symlink: /home/fidelis/NGCP-2024-/ws_ros2/install/px4_ros_com/share/px4_ros_com/environment/library_path.sh
-- Up-to-date symlink: /home/fidelis/NGCP-2024-/ws_ros2/install/px4_ros_com/share/px4_ros_com/environment/library_path.dsv
-- Up-to-date symlink: /home/fidelis/NGCP-2024-/ws_ros2/install/px4_ros_com/include/px4_ros_com/frame_transforms.h
-- Up-to-date symlink: /home/fidelis/NGCP-2024-/ws_ros2/install/px4_ros_com/share/px4_ros_com//launch/offboard_control_launch.yaml
-- Up-to-date symlink: /home/fidelis/NGCP-2024-/ws_ros2/install/px4_ros_com/share/px4_ros_com//launch/sensor_combined_listener.launch.py
-- Up-to-date symlink: /home/fidelis/NGCP-2024-/ws_ros2/install/px4_ros_com/share/px4_ros_com//test/__init__.py
-- Up-to-date symlink: /home/fidelis/NGCP-2024-/ws_ros2/install/px4_ros_com/share/px4_ros_com//test/pipeline_io_test.py
-- Up-to-date symlink: /home/fidelis/NGCP-2024-/ws_ros2/install/px4_ros_com/share/px4_ros_com//test/test_input.py
-- Up-to-date symlink: /home/fidelis/NGCP-2024-/ws_ros2/install/px4_ros_com/share/px4_ros_com//test/test_output.py
-- Up-to-date symlink: /home/fidelis/NGCP-2024-/ws_ros2/install/px4_ros_com/share/px4_ros_com/environment/pythonpath.sh
-- Up-to-date symlink: /home/fidelis/NGCP-2024-/ws_ros2/install/px4_ros_com/share/px4_ros_com/environment/pythonpath.dsv
-- Up-to-date symlink: /home/fidelis/NGCP-2024-/ws_ros2/install/px4_ros_com/local/lib/python3.10/dist-packages/px4_ros_com-0.1.0-py3.10.egg-info/PKG-INFO
-- Up-to-date symlink: /home/fidelis/NGCP-2024-/ws_ros2/install/px4_ros_com/local/lib/python3.10/dist-packages/px4_ros_com-0.1.0-py3.10.egg-info/SOURCES.txt
-- Up-to-date symlink: /home/fidelis/NGCP-2024-/ws_ros2/install/px4_ros_com/local/lib/python3.10/dist-packages/px4_ros_com-0.1.0-py3.10.egg-info/dependency_links.txt
-- Up-to-date symlink: /home/fidelis/NGCP-2024-/ws_ros2/install/px4_ros_com/local/lib/python3.10/dist-packages/px4_ros_com-0.1.0-py3.10.egg-info/top_level.txt
-- Up-to-date symlink: /home/fidelis/NGCP-2024-/ws_ros2/install/px4_ros_com/local/lib/python3.10/dist-packages/px4_ros_com/__init__.py
-- Up-to-date symlink: /home/fidelis/NGCP-2024-/ws_ros2/install/px4_ros_com/local/lib/python3.10/dist-packages/px4_ros_com/module_to_import.py
-- Up-to-date symlink: /home/fidelis/NGCP-2024-/ws_ros2/install/px4_ros_com/lib/px4_ros_com/offboard_control.py
-- Up-to-date symlink: /home/fidelis/NGCP-2024-/ws_ros2/install/px4_ros_com/share/ament_index/resource_index/package_run_dependencies/px4_ros_com
-- Up-to-date symlink: /home/fidelis/NGCP-2024-/ws_ros2/install/px4_ros_com/share/ament_index/resource_index/parent_prefix_path/px4_ros_com
-- Up-to-date symlink: /home/fidelis/NGCP-2024-/ws_ros2/install/px4_ros_com/share/px4_ros_com/environment/ament_prefix_path.sh
-- Up-to-date symlink: /home/fidelis/NGCP-2024-/ws_ros2/install/px4_ros_com/share/px4_ros_com/environment/ament_prefix_path.dsv
-- Up-to-date symlink: /home/fidelis/NGCP-2024-/ws_ros2/install/px4_ros_com/share/px4_ros_com/environment/path.sh
-- Up-to-date symlink: /home/fidelis/NGCP-2024-/ws_ros2/install/px4_ros_com/share/px4_ros_com/environment/path.dsv
-- Up-to-date symlink: /home/fidelis/NGCP-2024-/ws_ros2/install/px4_ros_com/share/px4_ros_com/local_setup.bash
-- Up-to-date symlink: /home/fidelis/NGCP-2024-/ws_ros2/install/px4_ros_com/share/px4_ros_com/local_setup.sh
-- Up-to-date symlink: /home/fidelis/NGCP-2024-/ws_ros2/install/px4_ros_com/share/px4_ros_com/local_setup.zsh
-- Up-to-date symlink: /home/fidelis/NGCP-2024-/ws_ros2/install/px4_ros_com/share/px4_ros_com/local_setup.dsv
-- Symlinking: /home/fidelis/NGCP-2024-/ws_ros2/install/px4_ros_com/share/px4_ros_com/package.dsv
-- Up-to-date symlink: /home/fidelis/NGCP-2024-/ws_ros2/install/px4_ros_com/share/ament_index/resource_index/packages/px4_ros_com
-- Up-to-date symlink: /home/fidelis/NGCP-2024-/ws_ros2/install/px4_ros_com/share/px4_ros_com/cmake/ament_cmake_export_dependencies-extras.cmake
-- Up-to-date symlink: /home/fidelis/NGCP-2024-/ws_ros2/install/px4_ros_com/share/px4_ros_com/cmake/ament_cmake_export_targets-extras.cmake
-- Up-to-date symlink: /home/fidelis/NGCP-2024-/ws_ros2/install/px4_ros_com/share/px4_ros_com/cmake/ament_cmake_export_include_directories-extras.cmake
-- Up-to-date symlink: /home/fidelis/NGCP-2024-/ws_ros2/install/px4_ros_com/share/px4_ros_com/cmake/ament_cmake_export_libraries-extras.cmake
-- Up-to-date symlink: /home/fidelis/NGCP-2024-/ws_ros2/install/px4_ros_com/share/px4_ros_com/cmake/px4_ros_comConfig.cmake
-- Up-to-date symlink: /home/fidelis/NGCP-2024-/ws_ros2/install/px4_ros_com/share/px4_ros_com/cmake/px4_ros_comConfig-version.cmake
-- Up-to-date symlink: /home/fidelis/NGCP-2024-/ws_ros2/install/px4_ros_com/share/px4_ros_com/package.xml
-- Up-to-date: /home/fidelis/NGCP-2024-/ws_ros2/install/px4_ros_com/lib/libframe_transforms.so
Listing '/home/fidelis/NGCP-2024-/ws_ros2/install/px4_ros_com/local/lib/python3.10/dist-packages/px4_ros_com'...
-- Up-to-date: /home/fidelis/NGCP-2024-/ws_ros2/install/px4_ros_com/share/px4_ros_com/cmake/export_frame_transformsExport.cmake
-- Up-to-date: /home/fidelis/NGCP-2024-/ws_ros2/install/px4_ros_com/share/px4_ros_com/cmake/export_frame_transformsExport-noconfig.cmake
