[0.009s] Invoking command in '/home/fidelis/NGCP-2024-/ws_ros2/build/px4_ros_com': AMENT_PREFIX_PATH=/home/fidelis/NGCP-2024-/ws_ros2/install/px4_msgs:${AMENT_PREFIX_PATH} CMAKE_PREFIX_PATH=/home/fidelis/NGCP-2024-/ws_ros2/install/px4_msgs:/opt/ros/humble LD_LIBRARY_PATH=/home/fidelis/NGCP-2024-/ws_ros2/install/px4_msgs/lib:${LD_LIBRARY_PATH} PYTHONPATH=/home/fidelis/NGCP-2024-/ws_ros2/install/px4_msgs/local/lib/python3.10/dist-packages:${PYTHONPATH} /usr/bin/cmake --build /home/fidelis/NGCP-2024-/ws_ros2/build/px4_ros_com -- -j16 -l16
[0.051s] [35m[1mConsolidate compiler generated dependencies of target offboard_control[0m
[0.066s] [ 21%] Built target debug_vect_advertiser
[0.066s] [ 28%] Built target sensor_combined_listener
[0.067s] [ 42%] Built target read_telemetry
[0.068s] [ 57%] Built target offboard_control_srv
[0.069s] [ 57%] Built target ament_cmake_python_symlink_px4_ros_com
[0.070s] [ 64%] [32mBuilding CXX object CMakeFiles/offboard_control.dir/src/examples/offboard/offboard_control.cpp.o[0m
[0.071s] [ 92%] Built target vehicle_gps_position_listener
[0.071s] [ 92%] Built target frame_transforms
[0.204s] running egg_info
[0.213s] writing px4_ros_com.egg-info/PKG-INFO
[0.214s] writing dependency_links to px4_ros_com.egg-info/dependency_links.txt
[0.214s] writing top-level names to px4_ros_com.egg-info/top_level.txt
[0.242s] reading manifest file 'px4_ros_com.egg-info/SOURCES.txt'
[0.243s] writing manifest file 'px4_ros_com.egg-info/SOURCES.txt'
[0.277s] [ 92%] Built target ament_cmake_python_build_px4_ros_com_egg
[4.999s] [01m[K/home/fidelis/NGCP-2024-/ws_ros2/src/px4_ros_com/src/examples/offboard/offboard_control.cpp:68:46:[m[K [01;31m[Kerror: [m[K‘[01m[KOFFBOARD_LOITER_TIME[m[K’ is not a type
[4.999s]    68 |   const std::chrono::seconds loiter_duration([01;31m[KOFFBOARD_LOITER_TIME[m[K);
[4.999s]       |                                              [01;31m[K^~~~~~~~~~~~~~~~~~~~[m[K
[4.999s] [01m[K/home/fidelis/NGCP-2024-/ws_ros2/src/px4_ros_com/src/examples/offboard/offboard_control.cpp:[m[K In constructor ‘[01m[KOffboardPlane::OffboardPlane(const std::vector<std::vector<float> >&)[m[K’:
[4.999s] [01m[K/home/fidelis/NGCP-2024-/ws_ros2/src/px4_ros_com/src/examples/offboard/offboard_control.cpp:53:5:[m[K [01;31m[Kerror: [m[Kexpected ‘[01m[K,[m[K’ or ‘[01m[K;[m[K’ before ‘[01m[Ktimer_[m[K’
[4.999s]    53 |     [01;31m[Ktimer_[m[K = this->create_wall_timer(100ms, timer_callback);
[4.999s]       |     [01;31m[K^~~~~~[m[K
[4.999s] [01m[K/home/fidelis/NGCP-2024-/ws_ros2/src/px4_ros_com/src/examples/offboard/offboard_control.cpp:[m[K In member function ‘[01m[Kvoid OffboardPlane::run()[m[K’:
[4.999s] [01m[K/home/fidelis/NGCP-2024-/ws_ros2/src/px4_ros_com/src/examples/offboard/offboard_control.cpp:125:38:[m[K [01;31m[Kerror: [m[Kinvalid use of non-static member function ‘[01m[Kconst seconds OffboardPlane::loiter_duration(int)[m[K’
[5.000s]   125 |     auto remaining = [01;31m[Kloiter_duration - elapsed[m[K;
[5.000s]       |                      [01;31m[K~~~~~~~~~~~~~~~~^~~~~~~~~[m[K
[5.000s] [01m[K/home/fidelis/NGCP-2024-/ws_ros2/src/px4_ros_com/src/examples/offboard/offboard_control.cpp:68:30:[m[K [01;36m[Knote: [m[Kdeclared here
[5.000s]    68 |   const std::chrono::seconds [01;36m[Kloiter_duration[m[K(OFFBOARD_LOITER_TIME);
[5.000s]       |                              [01;36m[K^~~~~~~~~~~~~~~[m[K
[5.000s] [01m[K/home/fidelis/NGCP-2024-/ws_ros2/src/px4_ros_com/src/examples/offboard/offboard_control.cpp:129:32:[m[K [01;31m[Kerror: [m[Kinvalid use of non-static member function ‘[01m[Kconst seconds OffboardPlane::loiter_duration(int)[m[K’
[5.000s]   129 |     if([01;31m[Know - loiter_start_time > loiter_duration[m[K) {
[5.000s]       |        [01;31m[K~~~~~~~~~~~~~~~~~~~~~~~~^~~~~~~~~~~~~~~~~[m[K
[5.000s] [01m[K/home/fidelis/NGCP-2024-/ws_ros2/src/px4_ros_com/src/examples/offboard/offboard_control.cpp:68:30:[m[K [01;36m[Knote: [m[Kdeclared here
[5.000s]    68 |   const std::chrono::seconds [01;36m[Kloiter_duration[m[K(OFFBOARD_LOITER_TIME);
[5.000s]       |                              [01;36m[K^~~~~~~~~~~~~~~[m[K
[5.001s] gmake[2]: *** [CMakeFiles/offboard_control.dir/build.make:76: CMakeFiles/offboard_control.dir/src/examples/offboard/offboard_control.cpp.o] Error 1
[5.001s] gmake[1]: *** [CMakeFiles/Makefile2:256: CMakeFiles/offboard_control.dir/all] Error 2
[5.002s] gmake: *** [Makefile:146: all] Error 2
[5.005s] Invoked command in '/home/fidelis/NGCP-2024-/ws_ros2/build/px4_ros_com' returned '2': AMENT_PREFIX_PATH=/home/fidelis/NGCP-2024-/ws_ros2/install/px4_msgs:${AMENT_PREFIX_PATH} CMAKE_PREFIX_PATH=/home/fidelis/NGCP-2024-/ws_ros2/install/px4_msgs:/opt/ros/humble LD_LIBRARY_PATH=/home/fidelis/NGCP-2024-/ws_ros2/install/px4_msgs/lib:${LD_LIBRARY_PATH} PYTHONPATH=/home/fidelis/NGCP-2024-/ws_ros2/install/px4_msgs/local/lib/python3.10/dist-packages:${PYTHONPATH} /usr/bin/cmake --build /home/fidelis/NGCP-2024-/ws_ros2/build/px4_ros_com -- -j16 -l16
