[0.010s] Invoking command in '/home/fidelis/NGCP-2024-/ws_ros2/build/px4_ros_com': AMENT_PREFIX_PATH=/home/fidelis/NGCP-2024-/ws_ros2/install/px4_msgs:${AMENT_PREFIX_PATH} CMAKE_PREFIX_PATH=/home/fidelis/NGCP-2024-/ws_ros2/install/px4_msgs:/opt/ros/humble LD_LIBRARY_PATH=/home/fidelis/NGCP-2024-/ws_ros2/install/px4_msgs/lib:${LD_LIBRARY_PATH} PYTHONPATH=/home/fidelis/NGCP-2024-/ws_ros2/install/px4_msgs/local/lib/python3.10/dist-packages:${PYTHONPATH} /usr/bin/cmake --build /home/fidelis/NGCP-2024-/ws_ros2/build/px4_ros_com -- -j16 -l16
[0.063s] [35m[1mConsolidate compiler generated dependencies of target offboard_control[0m
[0.078s] [ 33%] Built target sensor_combined_listener
[0.078s] [ 33%] Built target debug_vect_advertiser
[0.078s] [ 50%] Built target frame_transforms
[0.083s] [ 83%] [32mBuilding CXX object CMakeFiles/offboard_control.dir/src/examples/offboard/offboard_control.cpp.o[0m
[0.083s] [ 91%] Built target vehicle_gps_position_listener
[0.083s] [ 91%] Built target offboard_control_srv
[0.087s] [ 91%] Built target ament_cmake_python_symlink_px4_ros_com
[0.268s] running egg_info
[0.281s] writing px4_ros_com.egg-info/PKG-INFO
[0.282s] writing dependency_links to px4_ros_com.egg-info/dependency_links.txt
[0.282s] writing top-level names to px4_ros_com.egg-info/top_level.txt
[0.321s] reading manifest file 'px4_ros_com.egg-info/SOURCES.txt'
[0.322s] writing manifest file 'px4_ros_com.egg-info/SOURCES.txt'
[0.374s] [ 91%] Built target ament_cmake_python_build_px4_ros_com_egg
[6.794s] [01m[K/home/fidelis/NGCP-2024-/ws_ros2/src/px4_ros_com/src/examples/offboard/offboard_control.cpp:[m[K In member function ‘[01m[Kvoid OffboardPlane::loiter_here(float, float, float, int)[m[K’:
[6.794s] [01m[K/home/fidelis/NGCP-2024-/ws_ros2/src/px4_ros_com/src/examples/offboard/offboard_control.cpp:157:38:[m[K [01;31m[Kerror: [m[Kno matching function for call to ‘[01m[KOffboardPlane::publish_trajectory_setpoint(float&, float&, float&, int)[m[K’
[6.794s]   157 |     [01;31m[Kthis->publish_trajectory_setpoint(x_i, y_i, z, 1)[m[K;
[6.794s]       |     [01;31m[K~~~~~~~~~~~~~~~~~~~~~~~~~~~~~~~~~^~~~~~~~~~~~~~~~[m[K
[6.795s] [01m[K/home/fidelis/NGCP-2024-/ws_ros2/src/px4_ros_com/src/examples/offboard/offboard_control.cpp:74:8:[m[K [01;36m[Knote: [m[Kcandidate: ‘[01m[Kvoid OffboardPlane::publish_trajectory_setpoint(float, float, float)[m[K’
[6.795s]    74 |   void [01;36m[Kpublish_trajectory_setpoint[m[K(float x, float y, float z);
[6.795s]       |        [01;36m[K^~~~~~~~~~~~~~~~~~~~~~~~~~~[m[K
[6.795s] [01m[K/home/fidelis/NGCP-2024-/ws_ros2/src/px4_ros_com/src/examples/offboard/offboard_control.cpp:74:8:[m[K [01;36m[Knote: [m[K  candidate expects 3 arguments, 4 provided
[6.796s] gmake[2]: *** [CMakeFiles/offboard_control.dir/build.make:76: CMakeFiles/offboard_control.dir/src/examples/offboard/offboard_control.cpp.o] Error 1
[6.796s] gmake[1]: *** [CMakeFiles/Makefile2:254: CMakeFiles/offboard_control.dir/all] Error 2
[6.797s] gmake: *** [Makefile:146: all] Error 2
[6.799s] Invoked command in '/home/fidelis/NGCP-2024-/ws_ros2/build/px4_ros_com' returned '2': AMENT_PREFIX_PATH=/home/fidelis/NGCP-2024-/ws_ros2/install/px4_msgs:${AMENT_PREFIX_PATH} CMAKE_PREFIX_PATH=/home/fidelis/NGCP-2024-/ws_ros2/install/px4_msgs:/opt/ros/humble LD_LIBRARY_PATH=/home/fidelis/NGCP-2024-/ws_ros2/install/px4_msgs/lib:${LD_LIBRARY_PATH} PYTHONPATH=/home/fidelis/NGCP-2024-/ws_ros2/install/px4_msgs/local/lib/python3.10/dist-packages:${PYTHONPATH} /usr/bin/cmake --build /home/fidelis/NGCP-2024-/ws_ros2/build/px4_ros_com -- -j16 -l16
