[0.009s] Invoking command in '/home/fidelis/NGCP-2024-/ws_ros2/build/px4_ros_com': AMENT_PREFIX_PATH=/home/fidelis/NGCP-2024-/ws_ros2/install/px4_msgs:${AMENT_PREFIX_PATH} CMAKE_PREFIX_PATH=/home/fidelis/NGCP-2024-/ws_ros2/install/px4_msgs:/opt/ros/humble LD_LIBRARY_PATH=/home/fidelis/NGCP-2024-/ws_ros2/install/px4_msgs/lib:${LD_LIBRARY_PATH} PYTHONPATH=/home/fidelis/NGCP-2024-/ws_ros2/install/px4_msgs/local/lib/python3.10/dist-packages:${PYTHONPATH} /usr/bin/cmake --build /home/fidelis/NGCP-2024-/ws_ros2/build/px4_ros_com -- -j16 -l16
[0.052s] [35m[1mConsolidate compiler generated dependencies of target offboard_control[0m
[0.064s] [ 33%] Built target debug_vect_advertiser
[0.064s] [ 33%] Built target sensor_combined_listener
[0.064s] [ 50%] Built target frame_transforms
[0.064s] [ 66%] Built target vehicle_gps_position_listener
[0.064s] [ 83%] Built target offboard_control_srv
[0.068s] [ 91%] Built target ament_cmake_python_symlink_px4_ros_com
[0.068s] [ 91%] [32mBuilding CXX object CMakeFiles/offboard_control.dir/src/examples/offboard/offboard_control.cpp.o[0m
[0.195s] running egg_info
[0.204s] writing px4_ros_com.egg-info/PKG-INFO
[0.204s] writing dependency_links to px4_ros_com.egg-info/dependency_links.txt
[0.204s] writing top-level names to px4_ros_com.egg-info/top_level.txt
[0.235s] reading manifest file 'px4_ros_com.egg-info/SOURCES.txt'
[0.235s] writing manifest file 'px4_ros_com.egg-info/SOURCES.txt'
[0.267s] [ 91%] Built target ament_cmake_python_build_px4_ros_com_egg
[4.980s] [01m[K/home/fidelis/NGCP-2024-/ws_ros2/src/px4_ros_com/src/examples/offboard/offboard_control.cpp:[m[K In member function ‘[01m[Kvoid OffboardPlane::run()[m[K’:
[4.981s] [01m[K/home/fidelis/NGCP-2024-/ws_ros2/src/px4_ros_com/src/examples/offboard/offboard_control.cpp:123:87:[m[K [01;31m[Kerror: [m[Kexpected ‘[01m[K;[m[K’ before ‘[01m[Kwaypoint_index_[m[K’
[4.981s]   123 |         this->publish_vehicle_command(VehicleCommand::VEHICLE_CMD_NAV_LOITER_TURNS, 5)
[4.981s]       |                                                                                       [01;31m[K^[m[K
[4.981s]       |                                                                                       [32m[K;[m[K
[4.981s]   124 |         [32m[Kwaypoint_index_[m[K++;
[4.981s]       |         [32m[K~~~~~~~~~~~~~~~[m[K                                                                
[4.982s] gmake[2]: *** [CMakeFiles/offboard_control.dir/build.make:76: CMakeFiles/offboard_control.dir/src/examples/offboard/offboard_control.cpp.o] Error 1
[4.983s] gmake[1]: *** [CMakeFiles/Makefile2:254: CMakeFiles/offboard_control.dir/all] Error 2
[4.983s] gmake: *** [Makefile:146: all] Error 2
[4.986s] Invoked command in '/home/fidelis/NGCP-2024-/ws_ros2/build/px4_ros_com' returned '2': AMENT_PREFIX_PATH=/home/fidelis/NGCP-2024-/ws_ros2/install/px4_msgs:${AMENT_PREFIX_PATH} CMAKE_PREFIX_PATH=/home/fidelis/NGCP-2024-/ws_ros2/install/px4_msgs:/opt/ros/humble LD_LIBRARY_PATH=/home/fidelis/NGCP-2024-/ws_ros2/install/px4_msgs/lib:${LD_LIBRARY_PATH} PYTHONPATH=/home/fidelis/NGCP-2024-/ws_ros2/install/px4_msgs/local/lib/python3.10/dist-packages:${PYTHONPATH} /usr/bin/cmake --build /home/fidelis/NGCP-2024-/ws_ros2/build/px4_ros_com -- -j16 -l16
