[0.007s] Invoking command in '/home/fidelis/ws_offboard_control/src/build/px4_ros_com': AMENT_PREFIX_PATH=/home/fidelis/ws_offboard_control/src/install/px4_msgs:${AMENT_PREFIX_PATH} CMAKE_PREFIX_PATH=/home/fidelis/ws_offboard_control/src/install/px4_msgs:/opt/ros/humble LD_LIBRARY_PATH=/home/fidelis/ws_offboard_control/src/install/px4_msgs/lib:${LD_LIBRARY_PATH} PYTHONPATH=/home/fidelis/ws_offboard_control/src/install/px4_msgs/local/lib/python3.10/dist-packages:${PYTHONPATH} /usr/bin/cmake /home/fidelis/ws_offboard_control/src/px4_ros_com -DCMAKE_INSTALL_PREFIX=/home/fidelis/ws_offboard_control/src/install/px4_ros_com
[0.055s] -- The C compiler identification is GNU 11.4.0
[0.101s] -- The CXX compiler identification is GNU 11.4.0
[0.109s] -- Detecting C compiler ABI info
[0.164s] -- Detecting C compiler ABI info - done
[0.168s] -- Check for working C compiler: /usr/lib/ccache/cc - skipped
[0.168s] -- Detecting C compile features
[0.168s] -- Detecting C compile features - done
[0.170s] -- Detecting CXX compiler ABI info
[0.228s] -- Detecting CXX compiler ABI info - done
[0.233s] -- Check for working CXX compiler: /usr/lib/ccache/c++ - skipped
[0.233s] -- Detecting CXX compile features
[0.234s] -- Detecting CXX compile features - done
[0.235s] -- Found ament_cmake: 1.3.10 (/opt/ros/humble/share/ament_cmake/cmake)
[0.468s] -- Found Python3: /usr/bin/python3 (found version "3.10.12") found components: Interpreter 
[0.523s] -- Found builtin_interfaces: 1.2.1 (/opt/ros/humble/share/builtin_interfaces/cmake)
[0.543s] -- Found rosidl_generator_c: 3.1.5 (/opt/ros/humble/share/rosidl_generator_c/cmake)
[0.546s] -- Found rosidl_adapter: 3.1.5 (/opt/ros/humble/share/rosidl_adapter/cmake)
[0.551s] -- Found rosidl_generator_cpp: 3.1.5 (/opt/ros/humble/share/rosidl_generator_cpp/cmake)
[0.559s] -- Using all available rosidl_typesupport_c: rosidl_typesupport_fastrtps_c;rosidl_typesupport_introspection_c
[0.567s] -- Using all available rosidl_typesupport_cpp: rosidl_typesupport_fastrtps_cpp;rosidl_typesupport_introspection_cpp
[0.575s] -- Found eigen3_cmake_module: 0.1.1 (/opt/ros/humble/share/eigen3_cmake_module/cmake)
[0.582s] -- Found Eigen3: TRUE (found version "3.4.0") 
[0.583s] -- Found geometry_msgs: 4.2.4 (/opt/ros/humble/share/geometry_msgs/cmake)
[0.605s] -- Found px4_msgs: 2.0.1 (/home/fidelis/ws_offboard_control/src/install/px4_msgs/share/px4_msgs/cmake)
[0.613s] -- Found rclcpp: 16.0.10 (/opt/ros/humble/share/rclcpp/cmake)
[0.645s] -- Found rmw_implementation_cmake: 6.1.2 (/opt/ros/humble/share/rmw_implementation_cmake/cmake)
[0.647s] -- Found rmw_fastrtps_cpp: 6.2.7 (/opt/ros/humble/share/rmw_fastrtps_cpp/cmake)
[0.730s] -- Found OpenSSL: /usr/lib/x86_64-linux-gnu/libcrypto.so (found version "3.0.2")  
[0.753s] -- Found FastRTPS: /opt/ros/humble/include  
[0.784s] -- Using RMW implementation 'rmw_fastrtps_cpp' as default
[0.791s] -- Looking for pthread.h
[0.872s] -- Looking for pthread.h - found
[0.873s] -- Performing Test CMAKE_HAVE_LIBC_PTHREAD
[0.954s] -- Performing Test CMAKE_HAVE_LIBC_PTHREAD - Success
[0.955s] -- Found Threads: TRUE  
[0.983s] -- Found sensor_msgs: 4.2.4 (/opt/ros/humble/share/sensor_msgs/cmake)
[0.995s] -- Found rclpy: 3.3.14 (/opt/ros/humble/share/rclpy/cmake)
[0.999s] -- Found ament_lint_auto: 0.12.11 (/opt/ros/humble/share/ament_lint_auto/cmake)
[1.075s] -- Added test 'copyright' to check source files copyright and LICENSE
[1.079s] -- Added test 'cppcheck' to perform static code analysis on C / C++ code
[1.079s] -- Configured cppcheck include dirs: /home/fidelis/ws_offboard_control/src/px4_ros_com/include;$<BUILD_INTERFACE:/home/fidelis/ws_offboard_control/src/px4_ros_com/include/px4_ros_com>
[1.079s] -- Configured cppcheck exclude dirs and/or files: 
[1.083s] -- Added test 'cpplint' to check C / C++ code against the Google style
[1.083s] -- Configured cpplint exclude dirs and/or files: 
[1.084s] -- Added test 'flake8' to check Python code syntax and style conventions
[1.085s] -- Added test 'lint_cmake' to check CMake code style
[1.085s] -- Added test 'pep257' to check Python code against some of the docstring style conventions in PEP 257
[1.089s] -- Added test 'uncrustify' to check C / C++ code style
[1.089s] -- Configured uncrustify additional arguments: 
[1.089s] -- Added test 'xmllint' to check XML markup files
[1.091s] -- Configuring done
[1.108s] -- Generating done
[1.110s] -- Build files have been written to: /home/fidelis/ws_offboard_control/src/build/px4_ros_com
[1.119s] Invoked command in '/home/fidelis/ws_offboard_control/src/build/px4_ros_com' returned '0': AMENT_PREFIX_PATH=/home/fidelis/ws_offboard_control/src/install/px4_msgs:${AMENT_PREFIX_PATH} CMAKE_PREFIX_PATH=/home/fidelis/ws_offboard_control/src/install/px4_msgs:/opt/ros/humble LD_LIBRARY_PATH=/home/fidelis/ws_offboard_control/src/install/px4_msgs/lib:${LD_LIBRARY_PATH} PYTHONPATH=/home/fidelis/ws_offboard_control/src/install/px4_msgs/local/lib/python3.10/dist-packages:${PYTHONPATH} /usr/bin/cmake /home/fidelis/ws_offboard_control/src/px4_ros_com -DCMAKE_INSTALL_PREFIX=/home/fidelis/ws_offboard_control/src/install/px4_ros_com
[1.121s] Invoking command in '/home/fidelis/ws_offboard_control/src/build/px4_ros_com': AMENT_PREFIX_PATH=/home/fidelis/ws_offboard_control/src/install/px4_msgs:${AMENT_PREFIX_PATH} CMAKE_PREFIX_PATH=/home/fidelis/ws_offboard_control/src/install/px4_msgs:/opt/ros/humble LD_LIBRARY_PATH=/home/fidelis/ws_offboard_control/src/install/px4_msgs/lib:${LD_LIBRARY_PATH} PYTHONPATH=/home/fidelis/ws_offboard_control/src/install/px4_msgs/local/lib/python3.10/dist-packages:${PYTHONPATH} /usr/bin/cmake --build /home/fidelis/ws_offboard_control/src/build/px4_ros_com -- -j16 -l16
[1.164s] [ 41%] [32mBuilding CXX object CMakeFiles/offboard_control.dir/src/examples/offboard/offboard_control.cpp.o[0m
[1.164s] [ 41%] [32mBuilding CXX object CMakeFiles/frame_transforms.dir/src/lib/frame_transforms.cpp.o[0m
[1.164s] [ 41%] [32mBuilding CXX object CMakeFiles/debug_vect_advertiser.dir/src/examples/advertisers/debug_vect_advertiser.cpp.o[0m
[1.164s] [ 41%] [32mBuilding CXX object CMakeFiles/sensor_combined_listener.dir/src/examples/listeners/sensor_combined_listener.cpp.o[0m
[1.164s] [ 41%] [32mBuilding CXX object CMakeFiles/vehicle_gps_position_listener.dir/src/examples/listeners/vehicle_gps_position_listener.cpp.o[0m
[1.164s] [ 50%] [32mBuilding CXX object CMakeFiles/offboard_control_srv.dir/src/examples/offboard/offboard_control_srv.cpp.o[0m
[1.170s] [ 50%] Built target ament_cmake_python_copy_px4_ros_com
[1.226s] [ 58%] [32m[1mLinking CXX shared library libframe_transforms.so[0m
[1.295s] running egg_info
[1.295s] creating px4_ros_com.egg-info
[1.303s] writing px4_ros_com.egg-info/PKG-INFO
[1.304s] writing dependency_links to px4_ros_com.egg-info/dependency_links.txt
[1.304s] writing top-level names to px4_ros_com.egg-info/top_level.txt
[1.304s] writing manifest file 'px4_ros_com.egg-info/SOURCES.txt'
[1.333s] reading manifest file 'px4_ros_com.egg-info/SOURCES.txt'
[1.334s] writing manifest file 'px4_ros_com.egg-info/SOURCES.txt'
[1.357s] [ 58%] Built target ament_cmake_python_build_px4_ros_com_egg
[1.428s] [ 58%] Built target frame_transforms
[4.385s] [ 66%] [32m[1mLinking CXX executable debug_vect_advertiser[0m
[4.542s] [ 66%] Built target debug_vect_advertiser
[4.945s] [ 75%] [32m[1mLinking CXX executable offboard_control[0m
[5.113s] [ 75%] Built target offboard_control
[5.593s] [ 83%] [32m[1mLinking CXX executable offboard_control_srv[0m
[5.767s] [ 83%] Built target offboard_control_srv
[7.075s] [ 91%] [32m[1mLinking CXX executable vehicle_gps_position_listener[0m
[7.143s] [100%] [32m[1mLinking CXX executable sensor_combined_listener[0m
[7.321s] [100%] Built target vehicle_gps_position_listener
[7.389s] [100%] Built target sensor_combined_listener
[7.400s] Invoked command in '/home/fidelis/ws_offboard_control/src/build/px4_ros_com' returned '0': AMENT_PREFIX_PATH=/home/fidelis/ws_offboard_control/src/install/px4_msgs:${AMENT_PREFIX_PATH} CMAKE_PREFIX_PATH=/home/fidelis/ws_offboard_control/src/install/px4_msgs:/opt/ros/humble LD_LIBRARY_PATH=/home/fidelis/ws_offboard_control/src/install/px4_msgs/lib:${LD_LIBRARY_PATH} PYTHONPATH=/home/fidelis/ws_offboard_control/src/install/px4_msgs/local/lib/python3.10/dist-packages:${PYTHONPATH} /usr/bin/cmake --build /home/fidelis/ws_offboard_control/src/build/px4_ros_com -- -j16 -l16
[7.442s] Invoking command in '/home/fidelis/ws_offboard_control/src/build/px4_ros_com': AMENT_PREFIX_PATH=/home/fidelis/ws_offboard_control/src/install/px4_msgs:${AMENT_PREFIX_PATH} CMAKE_PREFIX_PATH=/home/fidelis/ws_offboard_control/src/install/px4_msgs:/opt/ros/humble LD_LIBRARY_PATH=/home/fidelis/ws_offboard_control/src/install/px4_msgs/lib:${LD_LIBRARY_PATH} PYTHONPATH=/home/fidelis/ws_offboard_control/src/install/px4_msgs/local/lib/python3.10/dist-packages:${PYTHONPATH} /usr/bin/cmake --install /home/fidelis/ws_offboard_control/src/build/px4_ros_com
[7.447s] -- Install configuration: ""
[7.448s] -- Installing: /home/fidelis/ws_offboard_control/src/install/px4_ros_com/lib/px4_ros_com/sensor_combined_listener
[7.451s] -- Set runtime path of "/home/fidelis/ws_offboard_control/src/install/px4_ros_com/lib/px4_ros_com/sensor_combined_listener" to ""
[7.451s] -- Installing: /home/fidelis/ws_offboard_control/src/install/px4_ros_com/lib/px4_ros_com/vehicle_gps_position_listener
[7.454s] -- Set runtime path of "/home/fidelis/ws_offboard_control/src/install/px4_ros_com/lib/px4_ros_com/vehicle_gps_position_listener" to ""
[7.454s] -- Installing: /home/fidelis/ws_offboard_control/src/install/px4_ros_com/lib/px4_ros_com/debug_vect_advertiser
[7.454s] -- Set runtime path of "/home/fidelis/ws_offboard_control/src/install/px4_ros_com/lib/px4_ros_com/debug_vect_advertiser" to ""
[7.455s] -- Installing: /home/fidelis/ws_offboard_control/src/install/px4_ros_com/lib/px4_ros_com/offboard_control
[7.456s] -- Set runtime path of "/home/fidelis/ws_offboard_control/src/install/px4_ros_com/lib/px4_ros_com/offboard_control" to ""
[7.456s] -- Installing: /home/fidelis/ws_offboard_control/src/install/px4_ros_com/lib/px4_ros_com/offboard_control_srv
[7.457s] -- Set runtime path of "/home/fidelis/ws_offboard_control/src/install/px4_ros_com/lib/px4_ros_com/offboard_control_srv" to ""
[7.458s] -- Installing: /home/fidelis/ws_offboard_control/src/install/px4_ros_com/share/px4_ros_com/environment/library_path.sh
[7.458s] -- Installing: /home/fidelis/ws_offboard_control/src/install/px4_ros_com/share/px4_ros_com/environment/library_path.dsv
[7.458s] -- Installing: /home/fidelis/ws_offboard_control/src/install/px4_ros_com/include/px4_ros_com
[7.458s] -- Installing: /home/fidelis/ws_offboard_control/src/install/px4_ros_com/include/px4_ros_com/frame_transforms.h
[7.458s] -- Installing: /home/fidelis/ws_offboard_control/src/install/px4_ros_com/lib/libframe_transforms.so
[7.461s] -- Set runtime path of "/home/fidelis/ws_offboard_control/src/install/px4_ros_com/lib/libframe_transforms.so" to ""
[7.462s] -- Installing: /home/fidelis/ws_offboard_control/src/install/px4_ros_com/share/px4_ros_com//launch
[7.462s] -- Installing: /home/fidelis/ws_offboard_control/src/install/px4_ros_com/share/px4_ros_com//launch/offboard_control_launch.yaml
[7.462s] -- Installing: /home/fidelis/ws_offboard_control/src/install/px4_ros_com/share/px4_ros_com//launch/sensor_combined_listener.launch.py
[7.462s] -- Installing: /home/fidelis/ws_offboard_control/src/install/px4_ros_com/share/px4_ros_com//test
[7.462s] -- Installing: /home/fidelis/ws_offboard_control/src/install/px4_ros_com/share/px4_ros_com//test/test_output.py
[7.462s] -- Installing: /home/fidelis/ws_offboard_control/src/install/px4_ros_com/share/px4_ros_com//test/pipeline_io_test.py
[7.462s] -- Installing: /home/fidelis/ws_offboard_control/src/install/px4_ros_com/share/px4_ros_com//test/test_input.py
[7.462s] -- Installing: /home/fidelis/ws_offboard_control/src/install/px4_ros_com/share/px4_ros_com//test/__init__.py
[7.462s] -- Installing: /home/fidelis/ws_offboard_control/src/install/px4_ros_com/share/px4_ros_com/environment/pythonpath.sh
[7.462s] -- Installing: /home/fidelis/ws_offboard_control/src/install/px4_ros_com/share/px4_ros_com/environment/pythonpath.dsv
[7.462s] -- Installing: /home/fidelis/ws_offboard_control/src/install/px4_ros_com/local/lib/python3.10/dist-packages/px4_ros_com-0.1.0-py3.10.egg-info
[7.462s] -- Installing: /home/fidelis/ws_offboard_control/src/install/px4_ros_com/local/lib/python3.10/dist-packages/px4_ros_com-0.1.0-py3.10.egg-info/PKG-INFO
[7.463s] -- Installing: /home/fidelis/ws_offboard_control/src/install/px4_ros_com/local/lib/python3.10/dist-packages/px4_ros_com-0.1.0-py3.10.egg-info/dependency_links.txt
[7.463s] -- Installing: /home/fidelis/ws_offboard_control/src/install/px4_ros_com/local/lib/python3.10/dist-packages/px4_ros_com-0.1.0-py3.10.egg-info/top_level.txt
[7.463s] -- Installing: /home/fidelis/ws_offboard_control/src/install/px4_ros_com/local/lib/python3.10/dist-packages/px4_ros_com-0.1.0-py3.10.egg-info/SOURCES.txt
[7.463s] -- Installing: /home/fidelis/ws_offboard_control/src/install/px4_ros_com/local/lib/python3.10/dist-packages/px4_ros_com
[7.463s] -- Installing: /home/fidelis/ws_offboard_control/src/install/px4_ros_com/local/lib/python3.10/dist-packages/px4_ros_com/module_to_import.py
[7.463s] -- Installing: /home/fidelis/ws_offboard_control/src/install/px4_ros_com/local/lib/python3.10/dist-packages/px4_ros_com/__init__.py
[7.486s] Listing '/home/fidelis/ws_offboard_control/src/install/px4_ros_com/local/lib/python3.10/dist-packages/px4_ros_com'...
[7.486s] Compiling '/home/fidelis/ws_offboard_control/src/install/px4_ros_com/local/lib/python3.10/dist-packages/px4_ros_com/__init__.py'...
[7.487s] Compiling '/home/fidelis/ws_offboard_control/src/install/px4_ros_com/local/lib/python3.10/dist-packages/px4_ros_com/module_to_import.py'...
[7.489s] -- Installing: /home/fidelis/ws_offboard_control/src/install/px4_ros_com/lib/px4_ros_com/offboard_control.py
[7.490s] -- Installing: /home/fidelis/ws_offboard_control/src/install/px4_ros_com/share/ament_index/resource_index/package_run_dependencies/px4_ros_com
[7.490s] -- Installing: /home/fidelis/ws_offboard_control/src/install/px4_ros_com/share/ament_index/resource_index/parent_prefix_path/px4_ros_com
[7.490s] -- Installing: /home/fidelis/ws_offboard_control/src/install/px4_ros_com/share/px4_ros_com/environment/ament_prefix_path.sh
[7.490s] -- Installing: /home/fidelis/ws_offboard_control/src/install/px4_ros_com/share/px4_ros_com/environment/ament_prefix_path.dsv
[7.490s] -- Installing: /home/fidelis/ws_offboard_control/src/install/px4_ros_com/share/px4_ros_com/environment/path.sh
[7.490s] -- Installing: /home/fidelis/ws_offboard_control/src/install/px4_ros_com/share/px4_ros_com/environment/path.dsv
[7.491s] -- Installing: /home/fidelis/ws_offboard_control/src/install/px4_ros_com/share/px4_ros_com/local_setup.bash
[7.491s] -- Installing: /home/fidelis/ws_offboard_control/src/install/px4_ros_com/share/px4_ros_com/local_setup.sh
[7.491s] -- Installing: /home/fidelis/ws_offboard_control/src/install/px4_ros_com/share/px4_ros_com/local_setup.zsh
[7.491s] -- Installing: /home/fidelis/ws_offboard_control/src/install/px4_ros_com/share/px4_ros_com/local_setup.dsv
[7.491s] -- Installing: /home/fidelis/ws_offboard_control/src/install/px4_ros_com/share/px4_ros_com/package.dsv
[7.491s] -- Installing: /home/fidelis/ws_offboard_control/src/install/px4_ros_com/share/ament_index/resource_index/packages/px4_ros_com
[7.491s] -- Installing: /home/fidelis/ws_offboard_control/src/install/px4_ros_com/share/px4_ros_com/cmake/export_frame_transformsExport.cmake
[7.491s] -- Installing: /home/fidelis/ws_offboard_control/src/install/px4_ros_com/share/px4_ros_com/cmake/export_frame_transformsExport-noconfig.cmake
[7.491s] -- Installing: /home/fidelis/ws_offboard_control/src/install/px4_ros_com/share/px4_ros_com/cmake/ament_cmake_export_dependencies-extras.cmake
[7.491s] -- Installing: /home/fidelis/ws_offboard_control/src/install/px4_ros_com/share/px4_ros_com/cmake/ament_cmake_export_targets-extras.cmake
[7.492s] -- Installing: /home/fidelis/ws_offboard_control/src/install/px4_ros_com/share/px4_ros_com/cmake/ament_cmake_export_include_directories-extras.cmake
[7.492s] -- Installing: /home/fidelis/ws_offboard_control/src/install/px4_ros_com/share/px4_ros_com/cmake/ament_cmake_export_libraries-extras.cmake
[7.492s] -- Installing: /home/fidelis/ws_offboard_control/src/install/px4_ros_com/share/px4_ros_com/cmake/px4_ros_comConfig.cmake
[7.492s] -- Installing: /home/fidelis/ws_offboard_control/src/install/px4_ros_com/share/px4_ros_com/cmake/px4_ros_comConfig-version.cmake
[7.492s] -- Installing: /home/fidelis/ws_offboard_control/src/install/px4_ros_com/share/px4_ros_com/package.xml
[7.494s] Invoked command in '/home/fidelis/ws_offboard_control/src/build/px4_ros_com' returned '0': AMENT_PREFIX_PATH=/home/fidelis/ws_offboard_control/src/install/px4_msgs:${AMENT_PREFIX_PATH} CMAKE_PREFIX_PATH=/home/fidelis/ws_offboard_control/src/install/px4_msgs:/opt/ros/humble LD_LIBRARY_PATH=/home/fidelis/ws_offboard_control/src/install/px4_msgs/lib:${LD_LIBRARY_PATH} PYTHONPATH=/home/fidelis/ws_offboard_control/src/install/px4_msgs/local/lib/python3.10/dist-packages:${PYTHONPATH} /usr/bin/cmake --install /home/fidelis/ws_offboard_control/src/build/px4_ros_com
