[0.009s] Invoking command in '/home/fidelis/NGCP-2024-/ws_ros2/build/px4_ros_com': AMENT_PREFIX_PATH=/home/fidelis/NGCP-2024-/ws_ros2/install/px4_msgs:${AMENT_PREFIX_PATH} CMAKE_PREFIX_PATH=/home/fidelis/NGCP-2024-/ws_ros2/install/px4_msgs:/opt/ros/humble LD_LIBRARY_PATH=/home/fidelis/NGCP-2024-/ws_ros2/install/px4_msgs/lib:${LD_LIBRARY_PATH} PYTHONPATH=/home/fidelis/NGCP-2024-/ws_ros2/install/px4_msgs/local/lib/python3.10/dist-packages:${PYTHONPATH} /usr/bin/cmake --build /home/fidelis/NGCP-2024-/ws_ros2/build/px4_ros_com -- -j16 -l16
[0.051s] [35m[1mConsolidate compiler generated dependencies of target offboard_control[0m
[0.063s] [ 41%] Built target frame_transforms
[0.063s] [ 50%] Built target sensor_combined_listener
[0.063s] [ 50%] Built target vehicle_gps_position_listener
[0.063s] [ 83%] Built target debug_vect_advertiser
[0.063s] [ 83%] Built target offboard_control_srv
[0.068s] [ 91%] Built target ament_cmake_python_symlink_px4_ros_com
[0.068s] [ 91%] [32mBuilding CXX object CMakeFiles/offboard_control.dir/src/examples/offboard/offboard_control.cpp.o[0m
[0.214s] running egg_info
[0.224s] writing px4_ros_com.egg-info/PKG-INFO
[0.225s] writing dependency_links to px4_ros_com.egg-info/dependency_links.txt
[0.225s] writing top-level names to px4_ros_com.egg-info/top_level.txt
[0.254s] reading manifest file 'px4_ros_com.egg-info/SOURCES.txt'
[0.255s] writing manifest file 'px4_ros_com.egg-info/SOURCES.txt'
[0.290s] [ 91%] Built target ament_cmake_python_build_px4_ros_com_egg
[5.015s] [01m[K/home/fidelis/NGCP-2024-/ws_ros2/src/px4_ros_com/src/examples/offboard/offboard_control.cpp:[m[K In member function ‘[01m[Kvoid OffboardPlane::publish_trajectory_setpoint(float, float, float)[m[K’:
[5.015s] [01m[K/home/fidelis/NGCP-2024-/ws_ros2/src/px4_ros_com/src/examples/offboard/offboard_control.cpp:202:3:[m[K [01;31m[Kerror: [m[K‘[01m[Kyaw[m[K’ was not declared in this scope
[5.015s]   202 |   [01;31m[Kyaw[m[K = atan2(local_waypoints_[waypoint_index_][1], local_waypoints_[waypoint_index_][0]);
[5.015s]       |   [01;31m[K^~~[m[K
[5.016s] gmake[2]: *** [CMakeFiles/offboard_control.dir/build.make:76: CMakeFiles/offboard_control.dir/src/examples/offboard/offboard_control.cpp.o] Error 1
[5.016s] gmake[1]: *** [CMakeFiles/Makefile2:254: CMakeFiles/offboard_control.dir/all] Error 2
[5.017s] gmake: *** [Makefile:146: all] Error 2
[5.019s] Invoked command in '/home/fidelis/NGCP-2024-/ws_ros2/build/px4_ros_com' returned '2': AMENT_PREFIX_PATH=/home/fidelis/NGCP-2024-/ws_ros2/install/px4_msgs:${AMENT_PREFIX_PATH} CMAKE_PREFIX_PATH=/home/fidelis/NGCP-2024-/ws_ros2/install/px4_msgs:/opt/ros/humble LD_LIBRARY_PATH=/home/fidelis/NGCP-2024-/ws_ros2/install/px4_msgs/lib:${LD_LIBRARY_PATH} PYTHONPATH=/home/fidelis/NGCP-2024-/ws_ros2/install/px4_msgs/local/lib/python3.10/dist-packages:${PYTHONPATH} /usr/bin/cmake --build /home/fidelis/NGCP-2024-/ws_ros2/build/px4_ros_com -- -j16 -l16
