[01m[K/home/fidelis/NGCP-2024-/ws_ros2/src/px4_ros_com/src/examples/offboard/offboard_control.cpp:224:6:[m[K [01;31m[Kerror: [m[K‘[01m[KOffboardControl[m[K’ has not been declared
  224 | void [01;31m[KOffboardControl[m[K::publish_waypoint(double x, double y, double z, double yaw)
      |      [01;31m[K^~~~~~~~~~~~~~~[m[K
[01m[K/home/fidelis/NGCP-2024-/ws_ros2/src/px4_ros_com/src/examples/offboard/offboard_control.cpp:[m[K In function ‘[01m[Kvoid publish_waypoint(double, double, double, double)[m[K’:
[01m[K/home/fidelis/NGCP-2024-/ws_ros2/src/px4_ros_com/src/examples/offboard/offboard_control.cpp:227:21:[m[K [01;31m[Kerror: [m[K‘[01m[Kget_clock[m[K’ was not declared in this scope
  227 |     msg.timestamp = [01;31m[Kget_clock[m[K()->now().nanoseconds() / 1000; // time in microseconds
      |                     [01;31m[K^~~~~~~~~[m[K
[01m[K/home/fidelis/NGCP-2024-/ws_ros2/src/px4_ros_com/src/examples/offboard/offboard_control.cpp:230:58:[m[K [01;31m[Kerror: [m[K‘[01m[KTYPE_WAYPOINT[m[K’ is not a member of ‘[01m[Kpx4_msgs::msg::VehicleTrajectoryWaypoint[m[K’ {aka ‘[01m[Kpx4_msgs::msg::VehicleTrajectoryWaypoint_<std::allocator<void> >[m[K’}
  230 |     msg.type = px4_msgs::msg::VehicleTrajectoryWaypoint::[01;31m[KTYPE_WAYPOINT[m[K;
      |                                                          [01;31m[K^~~~~~~~~~~~~[m[K
[01m[K/home/fidelis/NGCP-2024-/ws_ros2/src/px4_ros_com/src/examples/offboard/offboard_control.cpp:231:9:[m[K [01;31m[Kerror: [m[K‘[01m[Kusing VehicleTrajectoryWaypoint = struct px4_msgs::msg::VehicleTrajectoryWaypoint_<std::allocator<void> >[m[K’ {aka ‘[01m[Kstruct px4_msgs::msg::VehicleTrajectoryWaypoint_<std::allocator<void> >[m[K’} has no member named ‘[01m[Kpoint_valid[m[K’
  231 |     msg.[01;31m[Kpoint_valid[m[K[0] = true;
      |         [01;31m[K^~~~~~~~~~~[m[K
[01m[K/home/fidelis/NGCP-2024-/ws_ros2/src/px4_ros_com/src/examples/offboard/offboard_control.cpp:232:9:[m[K [01;31m[Kerror: [m[K‘[01m[Kusing VehicleTrajectoryWaypoint = struct px4_msgs::msg::VehicleTrajectoryWaypoint_<std::allocator<void> >[m[K’ {aka ‘[01m[Kstruct px4_msgs::msg::VehicleTrajectoryWaypoint_<std::allocator<void> >[m[K’} has no member named ‘[01m[Ktime_horizon[m[K’
  232 |     msg.[01;31m[Ktime_horizon[m[K = 10.0f; // how far ahead the waypoint is considered valid
      |         [01;31m[K^~~~~~~~~~~~[m[K
[01m[K/home/fidelis/NGCP-2024-/ws_ros2/src/px4_ros_com/src/examples/offboard/offboard_control.cpp:240:22:[m[K [01;31m[Kerror: [m[K‘[01m[Kstd::array<px4_msgs::msg::TrajectoryWaypoint_<std::allocator<void> >, 5>::value_type[m[K’ {aka ‘[01m[Kstruct px4_msgs::msg::TrajectoryWaypoint_<std::allocator<void> >[m[K’} has no member named ‘[01m[Kacceptance_radius[m[K’
  240 |     msg.waypoints[0].[01;31m[Kacceptance_radius[m[K = 5.0f; // meters
      |                      [01;31m[K^~~~~~~~~~~~~~~~~[m[K
In file included from [01m[K/usr/include/c++/11/cmath:45[m[K,
                 from [01m[K/home/fidelis/NGCP-2024-/ws_ros2/src/px4_ros_com/src/examples/offboard/offboard_control.cpp:4[m[K:
[01m[K/home/fidelis/NGCP-2024-/ws_ros2/src/px4_ros_com/src/examples/offboard/offboard_control.cpp:241:33:[m[K [01;31m[Kerror: [m[Kno match for ‘[01m[Koperator=[m[K’ (operand types are ‘[01m[Kpx4_msgs::msg::TrajectoryWaypoint_<std::allocator<void> >::_velocity_type[m[K’ {aka ‘[01m[Kstd::array<float, 3>[m[K’} and ‘[01m[Kfloat[m[K’)
  241 |     msg.waypoints[0].velocity = [01;31m[KNAN[m[K; // let PX4 compute
      |                                 [01;31m[K^~~[m[K
In file included from [01m[K/usr/include/c++/11/tuple:39[m[K,
                 from [01m[K/usr/include/c++/11/functional:54[m[K,
                 from [01m[K/usr/include/c++/11/pstl/glue_algorithm_defs.h:13[m[K,
                 from [01m[K/usr/include/c++/11/algorithm:74[m[K,
                 from [01m[K/home/fidelis/NGCP-2024-/ws_ros2/install/px4_msgs/include/px4_msgs/px4_msgs/msg/detail/offboard_control_mode__struct.hpp:8[m[K,
                 from [01m[K/home/fidelis/NGCP-2024-/ws_ros2/install/px4_msgs/include/px4_msgs/px4_msgs/msg/offboard_control_mode.hpp:7[m[K,
                 from [01m[K/home/fidelis/NGCP-2024-/ws_ros2/src/px4_ros_com/src/examples/offboard/offboard_control.cpp:5[m[K:
[01m[K/usr/include/c++/11/array:95:12:[m[K [01;36m[Knote: [m[Kcandidate: ‘[01m[Kconstexpr std::array<float, 3>& std::array<float, 3>::operator=(const std::array<float, 3>&)[m[K’
   95 |     struct [01;36m[Karray[m[K
      |            [01;36m[K^~~~~[m[K
[01m[K/usr/include/c++/11/array:95:12:[m[K [01;36m[Knote: [m[K  no known conversion for argument 1 from ‘[01m[Kfloat[m[K’ to ‘[01m[Kconst std::array<float, 3>&[m[K’
[01m[K/usr/include/c++/11/array:95:12:[m[K [01;36m[Knote: [m[Kcandidate: ‘[01m[Kconstexpr std::array<float, 3>& std::array<float, 3>::operator=(std::array<float, 3>&&)[m[K’
[01m[K/usr/include/c++/11/array:95:12:[m[K [01;36m[Knote: [m[K  no known conversion for argument 1 from ‘[01m[Kfloat[m[K’ to ‘[01m[Kstd::array<float, 3>&&[m[K’
[01m[K/home/fidelis/NGCP-2024-/ws_ros2/src/px4_ros_com/src/examples/offboard/offboard_control.cpp:242:64:[m[K [01;31m[Kerror: [m[K‘[01m[KWAYPOINT_TYPE_POSITION[m[K’ is not a member of ‘[01m[Kpx4_msgs::msg::TrajectoryWaypoint[m[K’ {aka ‘[01m[Kpx4_msgs::msg::TrajectoryWaypoint_<std::allocator<void> >[m[K’}
  242 |     msg.waypoints[0].type = px4_msgs::msg::TrajectoryWaypoint::[01;31m[KWAYPOINT_TYPE_POSITION[m[K;
      |                                                                [01;31m[K^~~~~~~~~~~~~~~~~~~~~~[m[K
[01m[K/home/fidelis/NGCP-2024-/ws_ros2/src/px4_ros_com/src/examples/offboard/offboard_control.cpp:244:9:[m[K [01;31m[Kerror: [m[K‘[01m[Kusing VehicleTrajectoryWaypoint = struct px4_msgs::msg::VehicleTrajectoryWaypoint_<std::allocator<void> >[m[K’ {aka ‘[01m[Kstruct px4_msgs::msg::VehicleTrajectoryWaypoint_<std::allocator<void> >[m[K’} has no member named ‘[01m[Knum_points[m[K’
  244 |     msg.[01;31m[Knum_points[m[K = 1;
      |         [01;31m[K^~~~~~~~~~[m[K
[01m[K/home/fidelis/NGCP-2024-/ws_ros2/src/px4_ros_com/src/examples/offboard/offboard_control.cpp:246:5:[m[K [01;31m[Kerror: [m[K‘[01m[Kvehicle_trajectory_waypoint_publisher_[m[K’ was not declared in this scope
  246 |     [01;31m[Kvehicle_trajectory_waypoint_publisher_[m[K->publish(msg);
      |     [01;31m[K^~~~~~~~~~~~~~~~~~~~~~~~~~~~~~~~~~~~~~[m[K
gmake[2]: *** [CMakeFiles/offboard_control.dir/build.make:76: CMakeFiles/offboard_control.dir/src/examples/offboard/offboard_control.cpp.o] Error 1
gmake[1]: *** [CMakeFiles/Makefile2:254: CMakeFiles/offboard_control.dir/all] Error 2
gmake: *** [Makefile:146: all] Error 2
