[0.007s] Invoking command in '/home/fidelis/ws_offboard_control/build/px4_ros_com': CMAKE_PREFIX_PATH=/home/fidelis/ws_offboard_control/install/px4_msgs:/home/fidelis/ws_offboard_control/install/px4_ros_com:/opt/ros/humble LD_LIBRARY_PATH=/home/fidelis/ws_offboard_control/install/px4_msgs/lib:/home/fidelis/ws_offboard_control/install/px4_ros_com/lib:/opt/ros/humble/opt/rviz_ogre_vendor/lib:/opt/ros/humble/lib/x86_64-linux-gnu:/opt/ros/humble/lib /usr/bin/cmake --build /home/fidelis/ws_offboard_control/build/px4_ros_com -- -j16 -l16
[0.056s] [35m[1mConsolidate compiler generated dependencies of target offboard_control[0m
[0.067s] [ 16%] Built target frame_transforms
[0.069s] [ 16%] Built target ament_cmake_python_copy_px4_ros_com
[0.069s] [ 41%] [32mBuilding CXX object CMakeFiles/offboard_control.dir/src/examples/offboard/offboard_control.cpp.o[0m
[0.069s] [ 41%] Built target vehicle_gps_position_listener
[0.070s] [ 58%] Built target debug_vect_advertiser
[0.070s] [ 83%] Built target offboard_control_srv
[0.070s] [ 91%] Built target sensor_combined_listener
[0.191s] running egg_info
[0.198s] writing px4_ros_com.egg-info/PKG-INFO
[0.198s] writing dependency_links to px4_ros_com.egg-info/dependency_links.txt
[0.199s] writing top-level names to px4_ros_com.egg-info/top_level.txt
[0.221s] reading manifest file 'px4_ros_com.egg-info/SOURCES.txt'
[0.222s] writing manifest file 'px4_ros_com.egg-info/SOURCES.txt'
[0.246s] [ 91%] Built target ament_cmake_python_build_px4_ros_com_egg
[8.729s] [01m[K/home/fidelis/ws_offboard_control/src/px4_ros_com/src/examples/offboard/offboard_control.cpp:[m[K In member function ‘[01m[Kvoid OffboardPlane::run()[m[K’:
[8.729s] [01m[K/home/fidelis/ws_offboard_control/src/px4_ros_com/src/examples/offboard/offboard_control.cpp:84:49:[m[K [01;35m[Kwarning: [m[Kconversion from ‘[01m[Kunsigned int[m[K’ to ‘[01m[Kuint16_t[m[K’ {aka ‘[01m[Kshort unsigned int[m[K’} changes value from ‘[01m[K100000[m[K’ to ‘[01m[K34464[m[K’ [[01;35m[K-Woverflow[m[K]
[8.729s]    84 |   this->publish_vehicle_command([01;35m[KVehicleCommand::VEHICLE_CMD_SET_GPS_GLOBAL_ORIGIN[m[K, 0.0, 0.0);
[8.729s]       |                                 [01;35m[K~~~~~~~~~~~~~~~~^~~~~~~~~~~~~~~~~~~~~~~~~~~~~~~~~[m[K
[8.729s] [01m[K/home/fidelis/ws_offboard_control/src/px4_ros_com/src/examples/offboard/offboard_control.cpp:115:31:[m[K [01;35m[Kwarning: [m[Kcomparison of integer expressions of different signedness: ‘[01m[Kint[m[K’ and ‘[01m[Kstd::vector<std::vector<float> >::size_type[m[K’ {aka ‘[01m[Klong unsigned int[m[K’} [[01;35m[K-Wsign-compare[m[K]
[8.730s]   115 |       if ([01;35m[Kwaypoint_index_ + 1 == local_waypoints_.size()[m[K) {
[8.730s]       |           [01;35m[K~~~~~~~~~~~~~~~~~~~~^~~~~~~~~~~~~~~~~~~~~~~~~~[m[K
[8.740s] [100%] [32m[1mLinking CXX executable offboard_control[0m
[9.126s] [100%] Built target offboard_control
[9.136s] Invoked command in '/home/fidelis/ws_offboard_control/build/px4_ros_com' returned '0': CMAKE_PREFIX_PATH=/home/fidelis/ws_offboard_control/install/px4_msgs:/home/fidelis/ws_offboard_control/install/px4_ros_com:/opt/ros/humble LD_LIBRARY_PATH=/home/fidelis/ws_offboard_control/install/px4_msgs/lib:/home/fidelis/ws_offboard_control/install/px4_ros_com/lib:/opt/ros/humble/opt/rviz_ogre_vendor/lib:/opt/ros/humble/lib/x86_64-linux-gnu:/opt/ros/humble/lib /usr/bin/cmake --build /home/fidelis/ws_offboard_control/build/px4_ros_com -- -j16 -l16
[9.183s] Invoking command in '/home/fidelis/ws_offboard_control/build/px4_ros_com': CMAKE_PREFIX_PATH=/home/fidelis/ws_offboard_control/install/px4_msgs:/home/fidelis/ws_offboard_control/install/px4_ros_com:/opt/ros/humble LD_LIBRARY_PATH=/home/fidelis/ws_offboard_control/install/px4_msgs/lib:/home/fidelis/ws_offboard_control/install/px4_ros_com/lib:/opt/ros/humble/opt/rviz_ogre_vendor/lib:/opt/ros/humble/lib/x86_64-linux-gnu:/opt/ros/humble/lib /usr/bin/cmake --install /home/fidelis/ws_offboard_control/build/px4_ros_com
[9.191s] -- Install configuration: ""
[9.191s] -- Up-to-date: /home/fidelis/ws_offboard_control/install/px4_ros_com/lib/px4_ros_com/sensor_combined_listener
[9.192s] -- Up-to-date: /home/fidelis/ws_offboard_control/install/px4_ros_com/lib/px4_ros_com/vehicle_gps_position_listener
[9.192s] -- Up-to-date: /home/fidelis/ws_offboard_control/install/px4_ros_com/lib/px4_ros_com/debug_vect_advertiser
[9.193s] -- Installing: /home/fidelis/ws_offboard_control/install/px4_ros_com/lib/px4_ros_com/offboard_control
[9.198s] -- Set runtime path of "/home/fidelis/ws_offboard_control/install/px4_ros_com/lib/px4_ros_com/offboard_control" to ""
[9.198s] -- Up-to-date: /home/fidelis/ws_offboard_control/install/px4_ros_com/lib/px4_ros_com/offboard_control_srv
[9.198s] -- Up-to-date: /home/fidelis/ws_offboard_control/install/px4_ros_com/share/px4_ros_com/environment/library_path.sh
[9.199s] -- Up-to-date: /home/fidelis/ws_offboard_control/install/px4_ros_com/share/px4_ros_com/environment/library_path.dsv
[9.199s] -- Up-to-date: /home/fidelis/ws_offboard_control/install/px4_ros_com/include/px4_ros_com
[9.199s] -- Up-to-date: /home/fidelis/ws_offboard_control/install/px4_ros_com/include/px4_ros_com/frame_transforms.h
[9.199s] -- Up-to-date: /home/fidelis/ws_offboard_control/install/px4_ros_com/lib/libframe_transforms.so
[9.199s] -- Up-to-date: /home/fidelis/ws_offboard_control/install/px4_ros_com/share/px4_ros_com//launch
[9.199s] -- Up-to-date: /home/fidelis/ws_offboard_control/install/px4_ros_com/share/px4_ros_com//launch/offboard_control_launch.yaml
[9.199s] -- Up-to-date: /home/fidelis/ws_offboard_control/install/px4_ros_com/share/px4_ros_com//launch/sensor_combined_listener.launch.py
[9.199s] -- Up-to-date: /home/fidelis/ws_offboard_control/install/px4_ros_com/share/px4_ros_com//test
[9.199s] -- Up-to-date: /home/fidelis/ws_offboard_control/install/px4_ros_com/share/px4_ros_com//test/test_output.py
[9.200s] -- Up-to-date: /home/fidelis/ws_offboard_control/install/px4_ros_com/share/px4_ros_com//test/pipeline_io_test.py
[9.200s] -- Up-to-date: /home/fidelis/ws_offboard_control/install/px4_ros_com/share/px4_ros_com//test/test_input.py
[9.200s] -- Up-to-date: /home/fidelis/ws_offboard_control/install/px4_ros_com/share/px4_ros_com//test/__init__.py
[9.200s] -- Up-to-date: /home/fidelis/ws_offboard_control/install/px4_ros_com/share/px4_ros_com/environment/pythonpath.sh
[9.200s] -- Up-to-date: /home/fidelis/ws_offboard_control/install/px4_ros_com/share/px4_ros_com/environment/pythonpath.dsv
[9.200s] -- Up-to-date: /home/fidelis/ws_offboard_control/install/px4_ros_com/local/lib/python3.10/dist-packages/px4_ros_com-0.1.0-py3.10.egg-info
[9.200s] -- Installing: /home/fidelis/ws_offboard_control/install/px4_ros_com/local/lib/python3.10/dist-packages/px4_ros_com-0.1.0-py3.10.egg-info/PKG-INFO
[9.200s] -- Installing: /home/fidelis/ws_offboard_control/install/px4_ros_com/local/lib/python3.10/dist-packages/px4_ros_com-0.1.0-py3.10.egg-info/dependency_links.txt
[9.200s] -- Installing: /home/fidelis/ws_offboard_control/install/px4_ros_com/local/lib/python3.10/dist-packages/px4_ros_com-0.1.0-py3.10.egg-info/top_level.txt
[9.200s] -- Installing: /home/fidelis/ws_offboard_control/install/px4_ros_com/local/lib/python3.10/dist-packages/px4_ros_com-0.1.0-py3.10.egg-info/SOURCES.txt
[9.200s] -- Up-to-date: /home/fidelis/ws_offboard_control/install/px4_ros_com/local/lib/python3.10/dist-packages/px4_ros_com
[9.200s] -- Up-to-date: /home/fidelis/ws_offboard_control/install/px4_ros_com/local/lib/python3.10/dist-packages/px4_ros_com/module_to_import.py
[9.200s] -- Up-to-date: /home/fidelis/ws_offboard_control/install/px4_ros_com/local/lib/python3.10/dist-packages/px4_ros_com/__init__.py
[9.221s] Listing '/home/fidelis/ws_offboard_control/install/px4_ros_com/local/lib/python3.10/dist-packages/px4_ros_com'...
[9.224s] -- Installing: /home/fidelis/ws_offboard_control/install/px4_ros_com/lib/px4_ros_com/offboard_control.py
[9.224s] -- Up-to-date: /home/fidelis/ws_offboard_control/install/px4_ros_com/share/ament_index/resource_index/package_run_dependencies/px4_ros_com
[9.224s] -- Up-to-date: /home/fidelis/ws_offboard_control/install/px4_ros_com/share/ament_index/resource_index/parent_prefix_path/px4_ros_com
[9.224s] -- Up-to-date: /home/fidelis/ws_offboard_control/install/px4_ros_com/share/px4_ros_com/environment/ament_prefix_path.sh
[9.224s] -- Up-to-date: /home/fidelis/ws_offboard_control/install/px4_ros_com/share/px4_ros_com/environment/ament_prefix_path.dsv
[9.224s] -- Up-to-date: /home/fidelis/ws_offboard_control/install/px4_ros_com/share/px4_ros_com/environment/path.sh
[9.224s] -- Up-to-date: /home/fidelis/ws_offboard_control/install/px4_ros_com/share/px4_ros_com/environment/path.dsv
[9.224s] -- Up-to-date: /home/fidelis/ws_offboard_control/install/px4_ros_com/share/px4_ros_com/local_setup.bash
[9.224s] -- Up-to-date: /home/fidelis/ws_offboard_control/install/px4_ros_com/share/px4_ros_com/local_setup.sh
[9.224s] -- Up-to-date: /home/fidelis/ws_offboard_control/install/px4_ros_com/share/px4_ros_com/local_setup.zsh
[9.224s] -- Up-to-date: /home/fidelis/ws_offboard_control/install/px4_ros_com/share/px4_ros_com/local_setup.dsv
[9.224s] -- Installing: /home/fidelis/ws_offboard_control/install/px4_ros_com/share/px4_ros_com/package.dsv
[9.224s] -- Up-to-date: /home/fidelis/ws_offboard_control/install/px4_ros_com/share/ament_index/resource_index/packages/px4_ros_com
[9.225s] -- Up-to-date: /home/fidelis/ws_offboard_control/install/px4_ros_com/share/px4_ros_com/cmake/export_frame_transformsExport.cmake
[9.225s] -- Up-to-date: /home/fidelis/ws_offboard_control/install/px4_ros_com/share/px4_ros_com/cmake/export_frame_transformsExport-noconfig.cmake
[9.225s] -- Up-to-date: /home/fidelis/ws_offboard_control/install/px4_ros_com/share/px4_ros_com/cmake/ament_cmake_export_dependencies-extras.cmake
[9.225s] -- Up-to-date: /home/fidelis/ws_offboard_control/install/px4_ros_com/share/px4_ros_com/cmake/ament_cmake_export_targets-extras.cmake
[9.225s] -- Up-to-date: /home/fidelis/ws_offboard_control/install/px4_ros_com/share/px4_ros_com/cmake/ament_cmake_export_include_directories-extras.cmake
[9.225s] -- Up-to-date: /home/fidelis/ws_offboard_control/install/px4_ros_com/share/px4_ros_com/cmake/ament_cmake_export_libraries-extras.cmake
[9.225s] -- Up-to-date: /home/fidelis/ws_offboard_control/install/px4_ros_com/share/px4_ros_com/cmake/px4_ros_comConfig.cmake
[9.225s] -- Up-to-date: /home/fidelis/ws_offboard_control/install/px4_ros_com/share/px4_ros_com/cmake/px4_ros_comConfig-version.cmake
[9.225s] -- Up-to-date: /home/fidelis/ws_offboard_control/install/px4_ros_com/share/px4_ros_com/package.xml
[9.228s] Invoked command in '/home/fidelis/ws_offboard_control/build/px4_ros_com' returned '0': CMAKE_PREFIX_PATH=/home/fidelis/ws_offboard_control/install/px4_msgs:/home/fidelis/ws_offboard_control/install/px4_ros_com:/opt/ros/humble LD_LIBRARY_PATH=/home/fidelis/ws_offboard_control/install/px4_msgs/lib:/home/fidelis/ws_offboard_control/install/px4_ros_com/lib:/opt/ros/humble/opt/rviz_ogre_vendor/lib:/opt/ros/humble/lib/x86_64-linux-gnu:/opt/ros/humble/lib /usr/bin/cmake --install /home/fidelis/ws_offboard_control/build/px4_ros_com
